simple	07-Jan-2023 17:35:30	Build Artemis - Artemis E2E (Cypress - Docker- Flaky) - flaky-history-build-705 - Cypress E2E flake detection #5 (ARTEMIS-AECF101-DA-5) started building on agent ls1Agent-l-14.ase.in.tum.de, bamboo version: 8.2.5
simple	07-Jan-2023 17:35:30	Remote agent on host ls1Agent-l-14.ase.in.tum.de
simple	07-Jan-2023 17:35:30	Build working directory is /opt/bambooagent/bamboo-agent-home/xml-data/build-dir/ARTEMIS-AECF101-DA
simple	07-Jan-2023 17:35:30	Executing build Artemis - Artemis E2E (Cypress - Docker- Flaky) - flaky-history-build-705 - Cypress E2E flake detection #5 (ARTEMIS-AECF101-DA-5)
simple	07-Jan-2023 17:35:30	Running pre-build action: Build Log Labeller Pre Build Action
simple	07-Jan-2023 17:35:30	Running pre-build action: VCS Version Collector
command	07-Jan-2023 17:35:31	Substituting password variable: ${bamboo.GitHubSecret}
command	07-Jan-2023 17:35:31	Substituting variable: ${bamboo.shortJobName} with Cypress E2E flake detection
command	07-Jan-2023 17:35:31	Substituting variable: ${bamboo.buildResultsUrl} with https://bamboo.ase.in.tum.de/browse/ARTEMIS-AECF101-DA-5
command	07-Jan-2023 17:35:31	Substituting variable: ${bamboo.repository.revision.number} with 348c90a8ab567ecca0a08818c1f587169236e3ce
simple	07-Jan-2023 17:35:31	Starting task 'Github: Set build to pending' of type 'com.atlassian.bamboo.plugins.scripttask:task.builder.script'
command	07-Jan-2023 17:35:31	Beginning to execute external process for build 'Artemis - Artemis E2E (Cypress - Docker- Flaky) - flaky-history-build-705 - Cypress E2E flake detection #5 (ARTEMIS-AECF101-DA-5)'\n ... running command line: \n/opt/bambooagent/bamboo-agent-home/temp/ARTEMIS-AECF101-DA-5-ScriptBuildTask-887408807899794895.sh\n ... in: /opt/bambooagent/bamboo-agent-home/xml-data/build-dir/ARTEMIS-AECF101-DA\n
error	07-Jan-2023 17:35:31	  % Total    % Received % Xferd  Average Speed   Time    Time     Time  Current
error	07-Jan-2023 17:35:31	                                 Dload  Upload   Total   Spent    Left  Speed
error	07-Jan-2023 17:35:31	
error	07-Jan-2023 17:35:31	  0     0    0     0    0     0      0      0 --:--:-- --:--:-- --:--:--     0
error	07-Jan-2023 17:35:31	100  1745  100  1574  100   171   3521    382 --:--:-- --:--:-- --:--:--  3903
simple	07-Jan-2023 17:35:31	Finished task 'Github: Set build to pending' with result: Success
simple	07-Jan-2023 17:35:31	Starting task 'Source Code Checkout' of type 'com.atlassian.bamboo.plugins.vcs:task.vcs.checkout'
simple	07-Jan-2023 17:35:31	Checking out into /opt/bambooagent/bamboo-agent-home/xml-data/build-dir/ARTEMIS-AECF101-DA
simple	07-Jan-2023 17:35:31	Updating source code to revision: 348c90a8ab567ecca0a08818c1f587169236e3ce
simple	07-Jan-2023 17:35:31	Creating local git repository in '/opt/bambooagent/bamboo-agent-home/xml-data/build-dir/ARTEMIS-AECF101-DA/.git'.
simple	07-Jan-2023 17:35:31	Initialized empty Git repository in /opt/bambooagent/bamboo-agent-home/xml-data/build-dir/ARTEMIS-AECF101-DA/.git/
simple	07-Jan-2023 17:35:31	Fetching 'refs/heads/flaky-history/build-705' from 'https://github.com/ls1intum/Artemis.git'. Will try to do a shallow fetch.
simple	07-Jan-2023 17:35:39	From https://github.com/ls1intum/Artemis
simple	07-Jan-2023 17:35:39	 * [new branch]      flaky-history/build-705 -> flaky-history/build-705
simple	07-Jan-2023 17:35:39	Checking out revision 348c90a8ab567ecca0a08818c1f587169236e3ce.
simple	07-Jan-2023 17:35:40	Switched to branch 'flaky-history/build-705'
simple	07-Jan-2023 17:35:40	Updated source code to revision: 348c90a8ab567ecca0a08818c1f587169236e3ce
simple	07-Jan-2023 17:35:40	Finished task 'Source Code Checkout' with result: Success
simple	07-Jan-2023 17:35:40	Starting task 'Download Artemis Executable' of type 'com.atlassian.bamboo.plugins.bamboo-artifact-downloader-plugin:artifactdownloadertask'
simple	07-Jan-2023 17:35:40	Preparing to download plan result ARTEMIS-WEBAPP4760-1 artifact: Non required shared artifact: [war], pattern: [*.war] anchored at: [build/libs]
simple	07-Jan-2023 17:35:50	Artifact [war] downloaded successfully in 10.21 s to working directory
simple	07-Jan-2023 17:35:50	Finished task 'Download Artemis Executable' with result: Success
command	07-Jan-2023 17:35:50	Substituting variable: ${bamboo.artemis_admin_username} with artemis-cypress-admin
command	07-Jan-2023 17:35:50	Substituting password variable: ${bamboo.artemis_admin_password}
command	07-Jan-2023 17:35:50	Substituting variable: ${bamboo.cypress_username_template} with artemis_test_user_USERID
command	07-Jan-2023 17:35:50	Substituting password variable: ${bamboo.cypress_password_template}
command	07-Jan-2023 17:35:50	Substituting variable: ${bamboo.planKey} with ARTEMIS-AECF101
command	07-Jan-2023 17:35:50	Substituting password variable: ${bamboo.BAMBOO_PERSONAL_SECRET}
command	07-Jan-2023 17:35:50	Substituting password variable: ${bamboo.ARTEMIS_CONTINUOUS_INTEGRATION_ARTEMIS_AUTHENTICATION_TOKEN_VALUE_SECRET}
command	07-Jan-2023 17:35:50	Substituting password variable: ${bamboo.ARTEMIS_CONTINUOUS_INTEGRATION_TOKEN_SECRET}
command	07-Jan-2023 17:35:50	Substituting variable: ${bamboo.GH_REGISTRY_TOKEN} with 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
simple	07-Jan-2023 17:35:50	Starting task 'Deploy Artemis and run Cypress tests' of type 'com.atlassian.bamboo.plugins.scripttask:task.builder.script'
command	07-Jan-2023 17:35:50	Beginning to execute external process for build 'Artemis - Artemis E2E (Cypress - Docker- Flaky) - flaky-history-build-705 - Cypress E2E flake detection #5 (ARTEMIS-AECF101-DA-5)'\n ... running command line: \n/opt/bambooagent/bamboo-agent-home/temp/ARTEMIS-AECF101-DA-5-ScriptBuildTask-9188204547827691207.sh\n ... in: /opt/bambooagent/bamboo-agent-home/xml-data/build-dir/ARTEMIS-AECF101-DA\n
error	07-Jan-2023 17:36:14	From https://github.com/ls1intum/Artemis
error	07-Jan-2023 17:36:14	 * [new branch]      3486-better-names-for-weight-bonus-multiplier-bonus-points -> origin/3486-better-names-for-weight-bonus-multiplier-bonus-points
error	07-Jan-2023 17:36:14	 * [new branch]      New-filter-and-LDAP-feature-on-user-administration-view -> origin/New-filter-and-LDAP-feature-on-user-administration-view
error	07-Jan-2023 17:36:14	 * [new branch]      add-build-agent-to-atlassian -> origin/add-build-agent-to-atlassian
error	07-Jan-2023 17:36:14	 * [new branch]      basic-git-server-resource -> origin/basic-git-server-resource
error	07-Jan-2023 17:36:14	 * [new branch]      bugfix/complaint/align_text_boxes -> origin/bugfix/complaint/align_text_boxes
error	07-Jan-2023 17:36:14	 * [new branch]      bugfix/conversation-migration-fixes -> origin/bugfix/conversation-migration-fixes
error	07-Jan-2023 17:36:14	 * [new branch]      bugfix/course-management-overview -> origin/bugfix/course-management-overview
error	07-Jan-2023 17:36:14	 * [new branch]      bugfix/course-scores    -> origin/bugfix/course-scores
error	07-Jan-2023 17:36:14	 * [new branch]      bugfix/creating-example-results -> origin/bugfix/creating-example-results
error	07-Jan-2023 17:36:14	 * [new branch]      bugfix/default-branch   -> origin/bugfix/default-branch
error	07-Jan-2023 17:36:14	 * [new branch]      bugfix/different-npm-version -> origin/bugfix/different-npm-version
error	07-Jan-2023 17:36:14	 * [new branch]      bugfix/dockerfile-swiftlint -> origin/bugfix/dockerfile-swiftlint
error	07-Jan-2023 17:36:14	 * [new branch]      bugfix/emojis-not-matching-darkmode -> origin/bugfix/emojis-not-matching-darkmode
error	07-Jan-2023 17:36:14	 * [new branch]      bugfix/exercise-assessment-exam-legend -> origin/bugfix/exercise-assessment-exam-legend
error	07-Jan-2023 17:36:14	 * [new branch]      bugfix/exercise-dashboard -> origin/bugfix/exercise-dashboard
error	07-Jan-2023 17:36:14	 * [new branch]      bugfix/fix-example-test-submission -> origin/bugfix/fix-example-test-submission
error	07-Jan-2023 17:36:14	 * [new branch]      bugfix/fix-guided-tutorial-step -> origin/bugfix/fix-guided-tutorial-step
error	07-Jan-2023 17:36:14	 * [new branch]      bugfix/fix-hanging-test-student-exams -> origin/bugfix/fix-hanging-test-student-exams
error	07-Jan-2023 17:36:14	 * [new branch]      bugfix/fix-programming-exercise-timeline-styling-overflow -> origin/bugfix/fix-programming-exercise-timeline-styling-overflow
error	07-Jan-2023 17:36:14	 * [new branch]      bugfix/fix-referenced-feedback-for-code -> origin/bugfix/fix-referenced-feedback-for-code
error	07-Jan-2023 17:36:14	 * [new branch]      bugfix/header-points    -> origin/bugfix/header-points
error	07-Jan-2023 17:36:14	 * [new branch]      bugfix/hibernate-validation -> origin/bugfix/hibernate-validation
error	07-Jan-2023 17:36:14	 * [new branch]      bugfix/hide-email-address -> origin/bugfix/hide-email-address
error	07-Jan-2023 17:36:14	 * [new branch]      bugfix/inconsistent-delete-dialog-lecture-units -> origin/bugfix/inconsistent-delete-dialog-lecture-units
error	07-Jan-2023 17:36:14	 * [new branch]      bugfix/iphone/notification-sidebar -> origin/bugfix/iphone/notification-sidebar
error	07-Jan-2023 17:36:14	 * [new branch]      bugfix/jenkins-user-management/various-issues -> origin/bugfix/jenkins-user-management/various-issues
error	07-Jan-2023 17:36:14	 * [new branch]      bugfix/k6-programming-simulation -> origin/bugfix/k6-programming-simulation
error	07-Jan-2023 17:36:14	 * [new branch]      bugfix/k6-quiz-tests    -> origin/bugfix/k6-quiz-tests
error	07-Jan-2023 17:36:14	 * [new branch]      bugfix/k6-sca           -> origin/bugfix/k6-sca
error	07-Jan-2023 17:36:14	 * [new branch]      bugfix/k6-tests         -> origin/bugfix/k6-tests
error	07-Jan-2023 17:36:14	 * [new branch]      bugfix/localize-ngx-datatable -> origin/bugfix/localize-ngx-datatable
error	07-Jan-2023 17:36:14	 * [new branch]      bugfix/login-css-test   -> origin/bugfix/login-css-test
error	07-Jan-2023 17:36:14	 * [new branch]      bugfix/notification-white-space -> origin/bugfix/notification-white-space
error	07-Jan-2023 17:36:14	 * [new branch]      bugfix/participation-table-spacing -> origin/bugfix/participation-table-spacing
error	07-Jan-2023 17:36:14	 * [new branch]      bugfix/performance-monitoring -> origin/bugfix/performance-monitoring
error	07-Jan-2023 17:36:14	 * [new branch]      bugfix/plagiarism-ui    -> origin/bugfix/plagiarism-ui
error	07-Jan-2023 17:36:14	 * [new branch]      bugfix/plagiarism/disregard-test-runs -> origin/bugfix/plagiarism/disregard-test-runs
error	07-Jan-2023 17:36:14	 * [new branch]      bugfix/programming-exercises/fix-task-with-zero-tests -> origin/bugfix/programming-exercises/fix-task-with-zero-tests
error	07-Jan-2023 17:36:14	 * [new branch]      bugfix/programming-exercises/read-permissions -> origin/bugfix/programming-exercises/read-permissions
error	07-Jan-2023 17:36:14	 * [new branch]      bugfix/quiz/add-missing-translations -> origin/bugfix/quiz/add-missing-translations
error	07-Jan-2023 17:36:14	 * [new branch]      bugfix/quiz/added-batch-edit -> origin/bugfix/quiz/added-batch-edit
error	07-Jan-2023 17:36:14	 * [new branch]      bugfix/quiz/remove-release-date-for-exam-exercises -> origin/bugfix/quiz/remove-release-date-for-exam-exercises
error	07-Jan-2023 17:36:14	 * [new branch]      bugfix/set-min-test-execution-date-in-exam-mode -> origin/bugfix/set-min-test-execution-date-in-exam-mode
error	07-Jan-2023 17:36:14	 * [new branch]      bugfix/structured-grading-instructions/edit-instructions-after-assessment -> origin/bugfix/structured-grading-instructions/edit-instructions-after-assessment
error	07-Jan-2023 17:36:14	 * [new branch]      bugfix/student-exam-instructor-rights -> origin/bugfix/student-exam-instructor-rights
error	07-Jan-2023 17:36:14	 * [new branch]      bugfix/team-add-students -> origin/bugfix/team-add-students
error	07-Jan-2023 17:36:14	 * [new branch]      bugfix/teams-add-students -> origin/bugfix/teams-add-students
error	07-Jan-2023 17:36:14	 * [new branch]      bugfix/tutor-complaint-handling -> origin/bugfix/tutor-complaint-handling
error	07-Jan-2023 17:36:14	 * [new branch]      bugfix/tutorial-group-issues-jan-2023 -> origin/bugfix/tutorial-group-issues-jan-2023
error	07-Jan-2023 17:36:14	 * [new branch]      bugfix/webpack-reload   -> origin/bugfix/webpack-reload
error	07-Jan-2023 17:36:14	 * [new branch]      bugfix/websocket        -> origin/bugfix/websocket
error	07-Jan-2023 17:36:14	 * [new branch]      chore-chartjs-update-2  -> origin/chore-chartjs-update-2
error	07-Jan-2023 17:36:14	 * [new branch]      chore-improve-client-test-programming-update-component -> origin/chore-improve-client-test-programming-update-component
error	07-Jan-2023 17:36:14	 * [new branch]      chore/adapt-security    -> origin/chore/adapt-security
error	07-Jan-2023 17:36:14	 * [new branch]      chore/change-websocket-path -> origin/chore/change-websocket-path
error	07-Jan-2023 17:36:14	 * [new branch]      chore/client-test-ci    -> origin/chore/client-test-ci
error	07-Jan-2023 17:36:14	 * [new branch]      chore/datetime-migration -> origin/chore/datetime-migration
error	07-Jan-2023 17:36:14	 * [new branch]      chore/db-util-prefix    -> origin/chore/db-util-prefix
error	07-Jan-2023 17:36:14	 * [new branch]      chore/dependencies-july27 -> origin/chore/dependencies-july27
error	07-Jan-2023 17:36:14	 * [new branch]      chore/duplication-branch-check -> origin/chore/duplication-branch-check
error	07-Jan-2023 17:36:14	 * [new branch]      chore/enhancement/metis-filter-sens -> origin/chore/enhancement/metis-filter-sens
error	07-Jan-2023 17:36:14	 * [new branch]      chore/exercise-has-ended -> origin/chore/exercise-has-ended
error	07-Jan-2023 17:36:14	 * [new branch]      chore/exercise-import   -> origin/chore/exercise-import
error	07-Jan-2023 17:36:14	 * [new branch]      chore/exercises/remove-participation-status -> origin/chore/exercises/remove-participation-status
error	07-Jan-2023 17:36:14	 * [new branch]      chore/jhipster-7.1.0    -> origin/chore/jhipster-7.1.0
error	07-Jan-2023 17:36:14	 * [new branch]      chore/orphan-delete-service -> origin/chore/orphan-delete-service
error	07-Jan-2023 17:36:14	 * [new branch]      chore/postgres-fixes    -> origin/chore/postgres-fixes
error	07-Jan-2023 17:36:14	 * [new branch]      chore/refactor-tutor-complaint-side -> origin/chore/refactor-tutor-complaint-side
error	07-Jan-2023 17:36:14	 * [new branch]      chore/replace-wrong-icon-text-usages -> origin/chore/replace-wrong-icon-text-usages
error	07-Jan-2023 17:36:14	 * [new branch]      chore/spring-boot-3     -> origin/chore/spring-boot-3
error	07-Jan-2023 17:36:14	 * [new branch]      chore/spring-boot-3-hibernate -> origin/chore/spring-boot-3-hibernate
error	07-Jan-2023 17:36:14	 * [new branch]      chore/spring-profile-constants -> origin/chore/spring-profile-constants
error	07-Jan-2023 17:36:14	 * [new branch]      chore/teardown-client-tests -> origin/chore/teardown-client-tests
error	07-Jan-2023 17:36:14	 * [new branch]      chore/test-speedups     -> origin/chore/test-speedups
error	07-Jan-2023 17:36:14	 * [new branch]      chore/test/improve-jenkins-user-management-coverage -> origin/chore/test/improve-jenkins-user-management-coverage
error	07-Jan-2023 17:36:14	 * [new branch]      chore/test/k6-modeling-exercise-logs -> origin/chore/test/k6-modeling-exercise-logs
error	07-Jan-2023 17:36:14	 * [new branch]      chore/tests/increase-gitlab-coverage -> origin/chore/tests/increase-gitlab-coverage
error	07-Jan-2023 17:36:14	 * [new branch]      chore/update-client-tests -> origin/chore/update-client-tests
error	07-Jan-2023 17:36:14	 * [new branch]      chore/update-dependencies-august4 -> origin/chore/update-dependencies-august4
error	07-Jan-2023 17:36:14	 * [new branch]      chore/update-test-build-online-editor-fix -> origin/chore/update-test-build-online-editor-fix
error	07-Jan-2023 17:36:14	 * [new branch]      ci/add-action-db-team-auto-assign -> origin/ci/add-action-db-team-auto-assign
error	07-Jan-2023 17:36:14	 * [new branch]      client/darkmode         -> origin/client/darkmode
error	07-Jan-2023 17:36:14	 * [new branch]      communication/private_messages -> origin/communication/private_messages
error	07-Jan-2023 17:36:14	 * [new branch]      database/migrate_feedback_reference_to_feedback_id_of_text_blocks -> origin/database/migrate_feedback_reference_to_feedback_id_of_text_blocks
error	07-Jan-2023 17:36:14	 * [new branch]      database/migration-merge -> origin/database/migration-merge
error	07-Jan-2023 17:36:14	 * [new branch]      decoupling/lecture      -> origin/decoupling/lecture
error	07-Jan-2023 17:36:14	 * [new branch]      decoupling/quiz         -> origin/decoupling/quiz
error	07-Jan-2023 17:36:14	 * [new branch]      develop                 -> origin/develop
error	07-Jan-2023 17:36:14	 * [new branch]      develop-achievements    -> origin/develop-achievements
error	07-Jan-2023 17:36:14	 * [new branch]      develop-deployment-wg   -> origin/develop-deployment-wg
error	07-Jan-2023 17:36:14	 * [new branch]      develop-gitlab-ci       -> origin/develop-gitlab-ci
error	07-Jan-2023 17:36:14	 * [new branch]      develop-microservices   -> origin/develop-microservices
error	07-Jan-2023 17:36:14	 * [new branch]      development/add-git-commit-header -> origin/development/add-git-commit-header
error	07-Jan-2023 17:36:14	 * [new branch]      development/add-sphinx-gradle-plugin -> origin/development/add-sphinx-gradle-plugin
error	07-Jan-2023 17:36:14	 * [new branch]      development/charts/bugfix/fix-active-students-line-charts -> origin/development/charts/bugfix/fix-active-students-line-charts
error	07-Jan-2023 17:36:14	 * [new branch]      development/danger-js   -> origin/development/danger-js
error	07-Jan-2023 17:36:14	 * [new branch]      development/tests/programming-exercise-instruction-analysis -> origin/development/tests/programming-exercise-instruction-analysis
error	07-Jan-2023 17:36:14	 * [new branch]      discussion/reference_lectures -> origin/discussion/reference_lectures
error	07-Jan-2023 17:36:14	 * [new branch]      docker-compose-restructuring -> origin/docker-compose-restructuring
error	07-Jan-2023 17:36:14	 * [new branch]      docs/extend-ux-docs     -> origin/docs/extend-ux-docs
error	07-Jan-2023 17:36:14	 * [new branch]      documentation/textual   -> origin/documentation/textual
error	07-Jan-2023 17:36:14	 * [new branch]      draft/simple-user-mgmt-filter -> origin/draft/simple-user-mgmt-filter
error	07-Jan-2023 17:36:14	 * [new branch]      enhancement/FileServer/use-path-instead-of-string -> origin/enhancement/FileServer/use-path-instead-of-string
error	07-Jan-2023 17:36:14	 * [new branch]      enhancement/client/improve-displayed-buttons-consistency -> origin/enhancement/client/improve-displayed-buttons-consistency
error	07-Jan-2023 17:36:14	 * [new branch]      enhancement/course-management/exercises-list -> origin/enhancement/course-management/exercises-list
error	07-Jan-2023 17:36:14	 * [new branch]      enhancement/exam-live-statistics/adapt-subscriptions -> origin/enhancement/exam-live-statistics/adapt-subscriptions
error	07-Jan-2023 17:36:14	 * [new branch]      enhancement/exam-routes-improvements -> origin/enhancement/exam-routes-improvements
error	07-Jan-2023 17:36:14	 * [new branch]      enhancement/exam/fix-exercise-selection -> origin/enhancement/exam/fix-exercise-selection
error	07-Jan-2023 17:36:14	 * [new branch]      enhancement/hestia-smaller-improvements -> origin/enhancement/hestia-smaller-improvements
error	07-Jan-2023 17:36:14	 * [new branch]      enhancement/pe-log-removal-gradle -> origin/enhancement/pe-log-removal-gradle
error	07-Jan-2023 17:36:14	 * [new branch]      enhancement/programming-exercise-details/aux-click-for-buildplan-links -> origin/enhancement/programming-exercise-details/aux-click-for-buildplan-links
error	07-Jan-2023 17:36:14	 * [new branch]      enhancement/programming-exercises/always-access-submissions -> origin/enhancement/programming-exercises/always-access-submissions
error	07-Jan-2023 17:36:14	 * [new branch]      enhancement/programming-exercises/switch-tutorial-to-intellij -> origin/enhancement/programming-exercises/switch-tutorial-to-intellij
error	07-Jan-2023 17:36:14	 * [new branch]      enhancement/publish-build-plan -> origin/enhancement/publish-build-plan
error	07-Jan-2023 17:36:14	 * [new branch]      enhancement/result-string-missing-result -> origin/enhancement/result-string-missing-result
error	07-Jan-2023 17:36:14	 * [new branch]      enhancement/slow-test-removal -> origin/enhancement/slow-test-removal
error	07-Jan-2023 17:36:14	 * [new branch]      enhancement/slow-tests-fix-2 -> origin/enhancement/slow-tests-fix-2
error	07-Jan-2023 17:36:14	 * [new branch]      enhancement/spring-configuration-cleanup -> origin/enhancement/spring-configuration-cleanup
error	07-Jan-2023 17:36:14	 * [new branch]      enhancement/statistic-page-css-fixes -> origin/enhancement/statistic-page-css-fixes
error	07-Jan-2023 17:36:14	 * [new branch]      enhancement/statistics-performance-improvements -> origin/enhancement/statistics-performance-improvements
error	07-Jan-2023 17:36:14	 * [new branch]      enhancement/structured-grading-criteria/display-infinity-for-undefined-usage-count-move-scss -> origin/enhancement/structured-grading-criteria/display-infinity-for-undefined-usage-count-move-scss
error	07-Jan-2023 17:36:14	 * [new branch]      enhancement/ui-bonus-grading-key -> origin/enhancement/ui-bonus-grading-key
error	07-Jan-2023 17:36:14	 * [new branch]      enhancement/user        -> origin/enhancement/user
error	07-Jan-2023 17:36:14	 * [new branch]      enhancement/user-role/extending-editor-access-rights -> origin/enhancement/user-role/extending-editor-access-rights
error	07-Jan-2023 17:36:14	 * [new branch]      exp-branch              -> origin/exp-branch
error	07-Jan-2023 17:36:14	 * [new branch]      feature/add-access-complaint-button-for-submissions-page -> origin/feature/add-access-complaint-button-for-submissions-page
error	07-Jan-2023 17:36:14	 * [new branch]      feature/add-api-versioning -> origin/feature/add-api-versioning
error	07-Jan-2023 17:36:14	 * [new branch]      feature/add-authorization-test-2 -> origin/feature/add-authorization-test-2
error	07-Jan-2023 17:36:14	 * [new branch]      feature/basic-lecture-unit-interaction -> origin/feature/basic-lecture-unit-interaction
error	07-Jan-2023 17:36:14	 * [new branch]      feature/course-archive-second-iteration -> origin/feature/course-archive-second-iteration
error	07-Jan-2023 17:36:14	 * [new branch]      feature/course-discussion-overview-page/pagination-and-server-side-filtering-2 -> origin/feature/course-discussion-overview-page/pagination-and-server-side-filtering-2
error	07-Jan-2023 17:36:14	 * [new branch]      feature/cypress-with-nginx-and-test-certificate -> origin/feature/cypress-with-nginx-and-test-certificate
error	07-Jan-2023 17:36:14	 * [new branch]      feature/delete-assessments -> origin/feature/delete-assessments
error	07-Jan-2023 17:36:14	 * [new branch]      feature/deployment/monitoring -> origin/feature/deployment/monitoring
error	07-Jan-2023 17:36:14	 * [new branch]      feature/disable-override-assessment-button-when-no-change -> origin/feature/disable-override-assessment-button-when-no-change
error	07-Jan-2023 17:36:14	 * [new branch]      feature/docker-java-non-root -> origin/feature/docker-java-non-root
error	07-Jan-2023 17:36:14	 * [new branch]      feature/documentation-links -> origin/feature/documentation-links
error	07-Jan-2023 17:36:14	 * [new branch]      feature/e2e-test/add-cypress-support -> origin/feature/e2e-test/add-cypress-support
error	07-Jan-2023 17:36:14	 * [new branch]      feature/e2e-test/add-selenium-support -> origin/feature/e2e-test/add-selenium-support
error	07-Jan-2023 17:36:14	 * [new branch]      feature/exam-live-statistics/database -> origin/feature/exam-live-statistics/database
error	07-Jan-2023 17:36:14	 * [new branch]      feature/exam-live-statistics/timeline -> origin/feature/exam-live-statistics/timeline
error	07-Jan-2023 17:36:14	 * [new branch]      feature/exam/file-upload-exercises -> origin/feature/exam/file-upload-exercises
error	07-Jan-2023 17:36:14	 * [new branch]      feature/exam/refactor-next-exam-component -> origin/feature/exam/refactor-next-exam-component
error	07-Jan-2023 17:36:14	 * [new branch]      feature/exercise-import-course-exam-filter -> origin/feature/exercise-import-course-exam-filter
error	07-Jan-2023 17:36:14	 * [new branch]      feature/export-cluster-hierarchy -> origin/feature/export-cluster-hierarchy
error	07-Jan-2023 17:36:14	 * [new branch]      feature/export-results-with-test-case-info -> origin/feature/export-results-with-test-case-info
error	07-Jan-2023 17:36:14	 * [new branch]      feature/flaky-test-detection -> origin/feature/flaky-test-detection
error	07-Jan-2023 17:36:14	 * [new branch]      feature/gitlab-lrz      -> origin/feature/gitlab-lrz
error	07-Jan-2023 17:36:14	 * [new branch]      feature/hazelcast-multicast -> origin/feature/hazelcast-multicast
error	07-Jan-2023 17:36:14	 * [new branch]      feature/jenkins/docker-flags -> origin/feature/jenkins/docker-flags
error	07-Jan-2023 17:36:14	 * [new branch]      feature/kubernetes-deployment -> origin/feature/kubernetes-deployment
error	07-Jan-2023 17:36:14	 * [new branch]      feature/leaderboards/student-leaderboard -> origin/feature/leaderboards/student-leaderboard
error	07-Jan-2023 17:36:14	 * [new branch]      feature/learning-goal-progress -> origin/feature/learning-goal-progress
error	07-Jan-2023 17:36:14	 * [new branch]      feature/learning-goal-redesign -> origin/feature/learning-goal-redesign
error	07-Jan-2023 17:36:14	 * [new branch]      feature/limit-docker-resources-via-config -> origin/feature/limit-docker-resources-via-config
error	07-Jan-2023 17:36:14	 * [new branch]      feature/local-git-service -> origin/feature/local-git-service
error	07-Jan-2023 17:36:14	 * [new branch]      feature/messages-page/ui-improvements -> origin/feature/messages-page/ui-improvements
error	07-Jan-2023 17:36:14	 * [new branch]      feature/metrics-exercises-exams -> origin/feature/metrics-exercises-exams
error	07-Jan-2023 17:36:14	 * [new branch]      feature/new-instructor-buttons-student-exam-detail-page -> origin/feature/new-instructor-buttons-student-exam-detail-page
error	07-Jan-2023 17:36:14	 * [new branch]      feature/new-score-calculation-mathod -> origin/feature/new-score-calculation-mathod
error	07-Jan-2023 17:36:14	 * [new branch]      feature/online-editor/open-student-submission-in-online-editor -> origin/feature/online-editor/open-student-submission-in-online-editor
error	07-Jan-2023 17:36:14	 * [new branch]      feature/plagiarism-management-and-notifications -> origin/feature/plagiarism-management-and-notifications
error	07-Jan-2023 17:36:14	 * [new branch]      feature/plagiarism-reduce-data-load -> origin/feature/plagiarism-reduce-data-load
error	07-Jan-2023 17:36:14	 * [new branch]      feature/plagiarism/auditing-and-exam -> origin/feature/plagiarism/auditing-and-exam
error	07-Jan-2023 17:36:14	 * [new branch]      feature/plagiarism/rework-data-model -> origin/feature/plagiarism/rework-data-model
error	07-Jan-2023 17:36:14	 * [new branch]      feature/process-lecture-file-units -> origin/feature/process-lecture-file-units
error	07-Jan-2023 17:36:14	 * [new branch]      feature/programing-exercises/bamboo-add-custom-feedback-support -> origin/feature/programing-exercises/bamboo-add-custom-feedback-support
error	07-Jan-2023 17:36:14	 * [new branch]      feature/programming-assessment/inline-feedback-in-code-editor -> origin/feature/programming-assessment/inline-feedback-in-code-editor
error	07-Jan-2023 17:36:14	 * [new branch]      feature/programming-exercise/submission-policies -> origin/feature/programming-exercise/submission-policies
error	07-Jan-2023 17:36:14	 * [new branch]      feature/prorgramming-exercise-wizard-mode -> origin/feature/prorgramming-exercise-wizard-mode
error	07-Jan-2023 17:36:14	 * [new branch]      feature/quiz/short-answer-number-spot -> origin/feature/quiz/short-answer-number-spot
error	07-Jan-2023 17:36:14	 * [new branch]      feature/sca-import      -> origin/feature/sca-import
error	07-Jan-2023 17:36:14	 * [new branch]      feature/service-decoupling -> origin/feature/service-decoupling
error	07-Jan-2023 17:36:14	 * [new branch]      feature/student-link-buttons -> origin/feature/student-link-buttons
error	07-Jan-2023 17:36:14	 * [new branch]      feature/teamCreationByStudents -> origin/feature/teamCreationByStudents
error	07-Jan-2023 17:36:14	 * [new branch]      feature/transformation-modeling-exercise -> origin/feature/transformation-modeling-exercise
error	07-Jan-2023 17:36:14	 * [new branch]      feature/traverse-cluster-tree-for-feedback -> origin/feature/traverse-cluster-tree-for-feedback
error	07-Jan-2023 17:36:14	 * [new branch]      feature/update-jhipster-7 -> origin/feature/update-jhipster-7
error	07-Jan-2023 17:36:14	 * [new branch]      feature/visual-multiple-choice-editor -> origin/feature/visual-multiple-choice-editor
error	07-Jan-2023 17:36:14	 * [new branch]      fix/footer-mobile       -> origin/fix/footer-mobile
error	07-Jan-2023 17:36:14	 * [new branch]      fix/footer-space        -> origin/fix/footer-space
error	07-Jan-2023 17:36:14	 * [new branch]      fix/temporarily-disable-some-tests -> origin/fix/temporarily-disable-some-tests
error	07-Jan-2023 17:36:14	 * [new branch]      fix/test/cypress/user-selection -> origin/fix/test/cypress/user-selection
error	07-Jan-2023 17:36:14	 * [new branch]      flaky-history/build-668 -> origin/flaky-history/build-668
error	07-Jan-2023 17:36:14	 * [new branch]      flaky-history/build-689 -> origin/flaky-history/build-689
error	07-Jan-2023 17:36:14	 * [new branch]      flaky-history/build-705 -> origin/flaky-history/build-705
error	07-Jan-2023 17:36:14	 * [new branch]      flaky-history/build-710 -> origin/flaky-history/build-710
error	07-Jan-2023 17:36:14	 * [new branch]      guided-tutorial         -> origin/guided-tutorial
error	07-Jan-2023 17:36:14	 * [new branch]      hest                    -> origin/hest
error	07-Jan-2023 17:36:14	 * [new branch]      hotfix/jenkins-docs-push-token-workaround -> origin/hotfix/jenkins-docs-push-token-workaround
error	07-Jan-2023 17:36:14	 * [new branch]      improvement/add-copy-button-to-lti-configuration -> origin/improvement/add-copy-button-to-lti-configuration
error	07-Jan-2023 17:36:14	 * [new branch]      improvement/course-exericses-grace-period -> origin/improvement/course-exericses-grace-period
error	07-Jan-2023 17:36:14	 * [new branch]      improvement/programming-exercises/hide-student-information-for-TAs -> origin/improvement/programming-exercises/hide-student-information-for-TAs
error	07-Jan-2023 17:36:14	 * [new branch]      improvement/programming-exercises/improve-feedback-preview-for-python-exercises -> origin/improvement/programming-exercises/improve-feedback-preview-for-python-exercises
error	07-Jan-2023 17:36:14	 * [new branch]      improvement/remove-lti-user-id -> origin/improvement/remove-lti-user-id
error	07-Jan-2023 17:36:14	 * [new branch]      jhipster_upgrade        -> origin/jhipster_upgrade
error	07-Jan-2023 17:36:14	 * [new branch]      main                    -> origin/main
error	07-Jan-2023 17:36:14	 * [new branch]      manyToOne_to_manyToMany_textBlock_textCluster_relationship -> origin/manyToOne_to_manyToMany_textBlock_textCluster_relationship
error	07-Jan-2023 17:36:14	 * [new branch]      microservices/remove-lecture-microservice-features-from-artemis -> origin/microservices/remove-lecture-microservice-features-from-artemis
error	07-Jan-2023 17:36:14	 * [new branch]      microservices/remove-moved-lecture-features-from-artemis -> origin/microservices/remove-moved-lecture-features-from-artemis
error	07-Jan-2023 17:36:14	 * [new branch]      microservices/user-management-service-remove-from-artemis -> origin/microservices/user-management-service-remove-from-artemis
error	07-Jan-2023 17:36:14	 * [new branch]      migrate_feedback_reference_to_textblock_feedback_id -> origin/migrate_feedback_reference_to_textblock_feedback_id
error	07-Jan-2023 17:36:14	 * [new branch]      origin/sentry/nan-when-computing-score -> origin/origin/sentry/nan-when-computing-score
error	07-Jan-2023 17:36:14	 * [new branch]      pat-testing             -> origin/pat-testing
error	07-Jan-2023 17:36:14	 * [new branch]      plagiarism-management-backup -> origin/plagiarism-management-backup
error	07-Jan-2023 17:36:14	 * [new branch]      plagiarism/plagiarism-case-data-model -> origin/plagiarism/plagiarism-case-data-model
error	07-Jan-2023 17:36:14	 * [new branch]      refactor/5741-move-course-score-calculation-to-the-server -> origin/refactor/5741-move-course-score-calculation-to-the-server
error	07-Jan-2023 17:36:14	 * [new branch]      refactor/feedback-view  -> origin/refactor/feedback-view
error	07-Jan-2023 17:36:14	 * [new branch]      refactor/improve-fileupload-assessment-resource -> origin/refactor/improve-fileupload-assessment-resource
error	07-Jan-2023 17:36:14	 * [new branch]      refactor/improve-fileupload-submission-resource -> origin/refactor/improve-fileupload-submission-resource
error	07-Jan-2023 17:36:14	 * [new branch]      refactor/max-compassScore-to-max-points -> origin/refactor/max-compassScore-to-max-points
error	07-Jan-2023 17:36:14	 * [new branch]      refactor/programming-exercise-grading-service -> origin/refactor/programming-exercise-grading-service
error	07-Jan-2023 17:36:14	 * [new branch]      refactor/programming-exercises/repository-service -> origin/refactor/programming-exercises/repository-service
error	07-Jan-2023 17:36:14	 * [new branch]      refactor/submissions-dashboards-to-one-dashboard -> origin/refactor/submissions-dashboards-to-one-dashboard
error	07-Jan-2023 17:36:14	 * [new branch]      releases/5.12.x         -> origin/releases/5.12.x
error	07-Jan-2023 17:36:14	 * [new branch]      send_existing_text_block_to_athene -> origin/send_existing_text_block_to_athene
error	07-Jan-2023 17:36:14	 * [new branch]      test-cypress-update     -> origin/test-cypress-update
error	07-Jan-2023 17:36:14	 * [new branch]      test/cypress/add-edit-exam-tests -> origin/test/cypress/add-edit-exam-tests
error	07-Jan-2023 17:36:14	 * [new branch]      test/cypress/add-exam-participation-tests -> origin/test/cypress/add-exam-participation-tests
error	07-Jan-2023 17:36:14	 * [new branch]      test/cypress/add-file-upload-exercise-tests -> origin/test/cypress/add-file-upload-exercise-tests
error	07-Jan-2023 17:36:14	 * [new branch]      test/cypress/add-manage-exam-exercise-tests -> origin/test/cypress/add-manage-exam-exercise-tests
error	07-Jan-2023 17:36:14	 * [new branch]      test/cypress/add-manage-exam-tests -> origin/test/cypress/add-manage-exam-tests
error	07-Jan-2023 17:36:14	 * [new branch]      test/cypress/edit-exercise-group -> origin/test/cypress/edit-exercise-group
error	07-Jan-2023 17:36:14	 * [new branch]      test/cypress/manage-exam-exercise-tests -> origin/test/cypress/manage-exam-exercise-tests
error	07-Jan-2023 17:36:14	 * [new branch]      test/cypress/test-flakiness -> origin/test/cypress/test-flakiness
error	07-Jan-2023 17:36:14	 * [new branch]      test/fix-exam-p-c-leak  -> origin/test/fix-exam-p-c-leak
error	07-Jan-2023 17:36:14	 * [new branch]      test/improve-coverage/example-modeling-submission-component -> origin/test/improve-coverage/example-modeling-submission-component
error	07-Jan-2023 17:36:14	 * [new branch]      test/test-ci            -> origin/test/test-ci
error	07-Jan-2023 17:36:14	 * [new branch]      test/test-runtime       -> origin/test/test-runtime
error	07-Jan-2023 17:36:14	 * [new branch]      test_s1                 -> origin/test_s1
error	07-Jan-2023 17:36:14	 * [new branch]      testing-session-exam-mode-20220728 -> origin/testing-session-exam-mode-20220728
error	07-Jan-2023 17:36:14	 * [new branch]      testing/apollon-scaling-fix -> origin/testing/apollon-scaling-fix
error	07-Jan-2023 17:36:14	 * [new branch]      testing/exam-live-statistics/decentralized -> origin/testing/exam-live-statistics/decentralized
error	07-Jan-2023 17:36:14	 * [new branch]      tests/file-upload-and-guided-tour-improvements -> origin/tests/file-upload-and-guided-tour-improvements
error	07-Jan-2023 17:36:14	 * [new branch]      tests/file-upload-exercise-assessment-dashboard-tests -> origin/tests/file-upload-exercise-assessment-dashboard-tests
error	07-Jan-2023 17:36:14	 * [new branch]      tests/modeling-assessment-integration-test-fix -> origin/tests/modeling-assessment-integration-test-fix
error	07-Jan-2023 17:36:14	 * [new branch]      tests/team-student-search-component -> origin/tests/team-student-search-component
error	07-Jan-2023 17:36:14	 * [new branch]      update-c-template       -> origin/update-c-template
error	07-Jan-2023 17:36:14	 * [new branch]      update-docker-compose-file -> origin/update-docker-compose-file
error	07-Jan-2023 17:36:14	 * [new branch]      update-docker-compose-with-yml-values -> origin/update-docker-compose-with-yml-values
error	07-Jan-2023 17:36:14	 * [new branch]      update-test-build       -> origin/update-test-build
error	07-Jan-2023 17:36:14	 * [new tag]         5.12.4                  -> 5.12.4
error	07-Jan-2023 17:36:14	 * [new tag]         5.12.9                  -> 5.12.9
error	07-Jan-2023 17:36:14	 * [new tag]         5.4.1                   -> 5.4.1
error	07-Jan-2023 17:36:14	 * [new tag]             4.0.4                   -> 4.0.4
error	07-Jan-2023 17:36:14	 * [new tag]             4.0.5                   -> 4.0.5
error	07-Jan-2023 17:36:14	 * [new tag]             4.0.6                   -> 4.0.6
error	07-Jan-2023 17:36:14	 * [new tag]             4.1.0                   -> 4.1.0
error	07-Jan-2023 17:36:14	 * [new tag]             4.1.1                   -> 4.1.1
error	07-Jan-2023 17:36:14	 * [new tag]             4.1.2                   -> 4.1.2
error	07-Jan-2023 17:36:14	 * [new tag]             4.1.3                   -> 4.1.3
error	07-Jan-2023 17:36:14	 * [new tag]             4.10.0                  -> 4.10.0
error	07-Jan-2023 17:36:14	 * [new tag]             4.10.1                  -> 4.10.1
error	07-Jan-2023 17:36:14	 * [new tag]             4.10.2                  -> 4.10.2
error	07-Jan-2023 17:36:14	 * [new tag]             4.10.3                  -> 4.10.3
error	07-Jan-2023 17:36:14	 * [new tag]             4.10.4                  -> 4.10.4
error	07-Jan-2023 17:36:14	 * [new tag]             4.10.5                  -> 4.10.5
error	07-Jan-2023 17:36:14	 * [new tag]             4.10.6                  -> 4.10.6
error	07-Jan-2023 17:36:14	 * [new tag]             4.11.0                  -> 4.11.0
error	07-Jan-2023 17:36:14	 * [new tag]             4.11.1                  -> 4.11.1
error	07-Jan-2023 17:36:14	 * [new tag]             4.11.2                  -> 4.11.2
error	07-Jan-2023 17:36:14	 * [new tag]             4.11.3                  -> 4.11.3
error	07-Jan-2023 17:36:14	 * [new tag]             4.11.4                  -> 4.11.4
error	07-Jan-2023 17:36:14	 * [new tag]             4.11.5                  -> 4.11.5
error	07-Jan-2023 17:36:14	 * [new tag]             4.11.6                  -> 4.11.6
error	07-Jan-2023 17:36:14	 * [new tag]             4.11.8                  -> 4.11.8
error	07-Jan-2023 17:36:14	 * [new tag]             4.11.9                  -> 4.11.9
error	07-Jan-2023 17:36:14	 * [new tag]             4.12.0                  -> 4.12.0
error	07-Jan-2023 17:36:14	 * [new tag]             4.12.1                  -> 4.12.1
error	07-Jan-2023 17:36:14	 * [new tag]             4.12.2                  -> 4.12.2
error	07-Jan-2023 17:36:14	 * [new tag]             4.12.3                  -> 4.12.3
error	07-Jan-2023 17:36:14	 * [new tag]             4.12.4                  -> 4.12.4
error	07-Jan-2023 17:36:14	 * [new tag]             4.12.5                  -> 4.12.5
error	07-Jan-2023 17:36:14	 * [new tag]             4.2.0                   -> 4.2.0
error	07-Jan-2023 17:36:14	 * [new tag]             4.2.1                   -> 4.2.1
error	07-Jan-2023 17:36:14	 * [new tag]             4.2.10                  -> 4.2.10
error	07-Jan-2023 17:36:14	 * [new tag]             4.2.11                  -> 4.2.11
error	07-Jan-2023 17:36:14	 * [new tag]             4.2.12                  -> 4.2.12
error	07-Jan-2023 17:36:14	 * [new tag]             4.2.2                   -> 4.2.2
error	07-Jan-2023 17:36:14	 * [new tag]             4.2.3                   -> 4.2.3
error	07-Jan-2023 17:36:14	 * [new tag]             4.2.4                   -> 4.2.4
error	07-Jan-2023 17:36:14	 * [new tag]             4.2.5                   -> 4.2.5
error	07-Jan-2023 17:36:14	 * [new tag]             4.2.6                   -> 4.2.6
error	07-Jan-2023 17:36:14	 * [new tag]             4.2.7                   -> 4.2.7
error	07-Jan-2023 17:36:14	 * [new tag]             4.2.8                   -> 4.2.8
error	07-Jan-2023 17:36:14	 * [new tag]             4.2.9                   -> 4.2.9
error	07-Jan-2023 17:36:14	 * [new tag]             4.3.0                   -> 4.3.0
error	07-Jan-2023 17:36:14	 * [new tag]             4.3.1                   -> 4.3.1
error	07-Jan-2023 17:36:14	 * [new tag]             4.3.10                  -> 4.3.10
error	07-Jan-2023 17:36:14	 * [new tag]             4.3.2                   -> 4.3.2
error	07-Jan-2023 17:36:14	 * [new tag]             4.3.3                   -> 4.3.3
error	07-Jan-2023 17:36:14	 * [new tag]             4.3.4                   -> 4.3.4
error	07-Jan-2023 17:36:14	 * [new tag]             4.3.5                   -> 4.3.5
error	07-Jan-2023 17:36:14	 * [new tag]             4.3.6                   -> 4.3.6
error	07-Jan-2023 17:36:14	 * [new tag]             4.3.7                   -> 4.3.7
error	07-Jan-2023 17:36:14	 * [new tag]             4.3.8                   -> 4.3.8
error	07-Jan-2023 17:36:14	 * [new tag]             4.3.9                   -> 4.3.9
error	07-Jan-2023 17:36:14	 * [new tag]             4.4.0                   -> 4.4.0
error	07-Jan-2023 17:36:14	 * [new tag]             4.4.1                   -> 4.4.1
error	07-Jan-2023 17:36:14	 * [new tag]             4.4.2                   -> 4.4.2
error	07-Jan-2023 17:36:14	 * [new tag]             4.4.3                   -> 4.4.3
error	07-Jan-2023 17:36:14	 * [new tag]             4.4.4                   -> 4.4.4
error	07-Jan-2023 17:36:14	 * [new tag]             4.4.5                   -> 4.4.5
error	07-Jan-2023 17:36:14	 * [new tag]             4.4.6                   -> 4.4.6
error	07-Jan-2023 17:36:14	 * [new tag]             4.5.0                   -> 4.5.0
error	07-Jan-2023 17:36:14	 * [new tag]             4.5.1                   -> 4.5.1
error	07-Jan-2023 17:36:14	 * [new tag]             4.5.2                   -> 4.5.2
error	07-Jan-2023 17:36:14	 * [new tag]             4.6.0                   -> 4.6.0
error	07-Jan-2023 17:36:14	 * [new tag]             4.6.1                   -> 4.6.1
error	07-Jan-2023 17:36:14	 * [new tag]             4.6.2                   -> 4.6.2
error	07-Jan-2023 17:36:14	 * [new tag]             4.6.3                   -> 4.6.3
error	07-Jan-2023 17:36:14	 * [new tag]             4.6.4                   -> 4.6.4
error	07-Jan-2023 17:36:14	 * [new tag]             4.7.0                   -> 4.7.0
error	07-Jan-2023 17:36:14	 * [new tag]             4.7.1                   -> 4.7.1
error	07-Jan-2023 17:36:14	 * [new tag]             4.7.2                   -> 4.7.2
error	07-Jan-2023 17:36:14	 * [new tag]             4.7.3                   -> 4.7.3
error	07-Jan-2023 17:36:14	 * [new tag]             4.7.4                   -> 4.7.4
error	07-Jan-2023 17:36:14	 * [new tag]             4.7.5                   -> 4.7.5
error	07-Jan-2023 17:36:14	 * [new tag]             4.7.6                   -> 4.7.6
error	07-Jan-2023 17:36:14	 * [new tag]             4.8.0                   -> 4.8.0
error	07-Jan-2023 17:36:14	 * [new tag]             4.8.1                   -> 4.8.1
error	07-Jan-2023 17:36:14	 * [new tag]             4.8.2                   -> 4.8.2
error	07-Jan-2023 17:36:14	 * [new tag]             4.8.3                   -> 4.8.3
error	07-Jan-2023 17:36:14	 * [new tag]             4.8.4                   -> 4.8.4
error	07-Jan-2023 17:36:14	 * [new tag]             4.8.5                   -> 4.8.5
error	07-Jan-2023 17:36:14	 * [new tag]             4.8.6                   -> 4.8.6
error	07-Jan-2023 17:36:14	 * [new tag]             4.9.0                   -> 4.9.0
error	07-Jan-2023 17:36:14	 * [new tag]             4.9.1                   -> 4.9.1
error	07-Jan-2023 17:36:14	 * [new tag]             4.9.2                   -> 4.9.2
error	07-Jan-2023 17:36:14	 * [new tag]             4.9.3                   -> 4.9.3
error	07-Jan-2023 17:36:14	 * [new tag]             4.9.4                   -> 4.9.4
error	07-Jan-2023 17:36:14	 * [new tag]             4.9.5                   -> 4.9.5
error	07-Jan-2023 17:36:14	 * [new tag]             4.9.6                   -> 4.9.6
error	07-Jan-2023 17:36:14	 * [new tag]             5.0.0                   -> 5.0.0
error	07-Jan-2023 17:36:14	 * [new tag]             5.0.0.rc1               -> 5.0.0.rc1
error	07-Jan-2023 17:36:14	 * [new tag]             5.0.0.rc2               -> 5.0.0.rc2
error	07-Jan-2023 17:36:14	 * [new tag]             5.0.1                   -> 5.0.1
error	07-Jan-2023 17:36:14	 * [new tag]             5.0.2                   -> 5.0.2
error	07-Jan-2023 17:36:14	 * [new tag]             5.0.3                   -> 5.0.3
error	07-Jan-2023 17:36:14	 * [new tag]             5.0.4                   -> 5.0.4
error	07-Jan-2023 17:36:14	 * [new tag]             5.0.5                   -> 5.0.5
error	07-Jan-2023 17:36:14	 * [new tag]             5.0.6                   -> 5.0.6
error	07-Jan-2023 17:36:14	 * [new tag]             5.0.7                   -> 5.0.7
error	07-Jan-2023 17:36:14	 * [new tag]             5.0.8                   -> 5.0.8
error	07-Jan-2023 17:36:14	 * [new tag]             5.0.9                   -> 5.0.9
error	07-Jan-2023 17:36:14	 * [new tag]             5.1.0                   -> 5.1.0
error	07-Jan-2023 17:36:14	 * [new tag]             5.1.1                   -> 5.1.1
error	07-Jan-2023 17:36:14	 * [new tag]             5.1.2                   -> 5.1.2
error	07-Jan-2023 17:36:14	 * [new tag]             5.1.3                   -> 5.1.3
error	07-Jan-2023 17:36:14	 * [new tag]             5.1.4                   -> 5.1.4
error	07-Jan-2023 17:36:14	 * [new tag]             5.1.5                   -> 5.1.5
error	07-Jan-2023 17:36:14	 * [new tag]             5.1.6                   -> 5.1.6
error	07-Jan-2023 17:36:14	 * [new tag]             5.10.0                  -> 5.10.0
error	07-Jan-2023 17:36:14	 * [new tag]             5.10.1                  -> 5.10.1
error	07-Jan-2023 17:36:14	 * [new tag]             5.10.2                  -> 5.10.2
error	07-Jan-2023 17:36:14	 * [new tag]             5.11.0                  -> 5.11.0
error	07-Jan-2023 17:36:14	 * [new tag]             5.11.1                  -> 5.11.1
error	07-Jan-2023 17:36:14	 * [new tag]             5.11.2                  -> 5.11.2
error	07-Jan-2023 17:36:14	 * [new tag]             5.11.3                  -> 5.11.3
error	07-Jan-2023 17:36:14	 * [new tag]             5.11.4                  -> 5.11.4
error	07-Jan-2023 17:36:14	 * [new tag]             5.12.0                  -> 5.12.0
error	07-Jan-2023 17:36:14	 * [new tag]             5.12.1                  -> 5.12.1
error	07-Jan-2023 17:36:14	 * [new tag]             5.12.2                  -> 5.12.2
error	07-Jan-2023 17:36:14	 * [new tag]             5.12.3                  -> 5.12.3
error	07-Jan-2023 17:36:14	 * [new tag]             5.12.5                  -> 5.12.5
error	07-Jan-2023 17:36:14	 * [new tag]             5.12.6                  -> 5.12.6
error	07-Jan-2023 17:36:14	 * [new tag]             5.12.7                  -> 5.12.7
error	07-Jan-2023 17:36:14	 * [new tag]             5.12.8                  -> 5.12.8
error	07-Jan-2023 17:36:14	 * [new tag]             5.2.0                   -> 5.2.0
error	07-Jan-2023 17:36:14	 * [new tag]             5.2.1                   -> 5.2.1
error	07-Jan-2023 17:36:14	 * [new tag]             5.2.2                   -> 5.2.2
error	07-Jan-2023 17:36:14	 * [new tag]             5.2.3                   -> 5.2.3
error	07-Jan-2023 17:36:14	 * [new tag]             5.2.4                   -> 5.2.4
error	07-Jan-2023 17:36:14	 * [new tag]             5.2.5                   -> 5.2.5
error	07-Jan-2023 17:36:14	 * [new tag]             5.2.6                   -> 5.2.6
error	07-Jan-2023 17:36:14	 * [new tag]             5.2.7                   -> 5.2.7
error	07-Jan-2023 17:36:14	 * [new tag]             5.3.0                   -> 5.3.0
error	07-Jan-2023 17:36:14	 * [new tag]             5.3.1                   -> 5.3.1
error	07-Jan-2023 17:36:14	 * [new tag]             5.3.2                   -> 5.3.2
error	07-Jan-2023 17:36:14	 * [new tag]             5.3.3                   -> 5.3.3
error	07-Jan-2023 17:36:14	 * [new tag]             5.3.4                   -> 5.3.4
error	07-Jan-2023 17:36:14	 * [new tag]             5.3.5                   -> 5.3.5
error	07-Jan-2023 17:36:14	 * [new tag]             5.4.0                   -> 5.4.0
error	07-Jan-2023 17:36:14	 * [new tag]             5.4.2                   -> 5.4.2
error	07-Jan-2023 17:36:14	 * [new tag]             5.4.3                   -> 5.4.3
error	07-Jan-2023 17:36:14	 * [new tag]             5.4.4                   -> 5.4.4
error	07-Jan-2023 17:36:14	 * [new tag]             5.5.0                   -> 5.5.0
error	07-Jan-2023 17:36:14	 * [new tag]             5.5.1                   -> 5.5.1
error	07-Jan-2023 17:36:14	 * [new tag]             5.5.2                   -> 5.5.2
error	07-Jan-2023 17:36:14	 * [new tag]             5.5.3                   -> 5.5.3
error	07-Jan-2023 17:36:14	 * [new tag]             5.5.4                   -> 5.5.4
error	07-Jan-2023 17:36:14	 * [new tag]             5.5.5                   -> 5.5.5
error	07-Jan-2023 17:36:14	 * [new tag]             5.6.0                   -> 5.6.0
error	07-Jan-2023 17:36:14	 * [new tag]             5.6.1                   -> 5.6.1
error	07-Jan-2023 17:36:14	 * [new tag]             5.7.0                   -> 5.7.0
error	07-Jan-2023 17:36:14	 * [new tag]             5.7.1                   -> 5.7.1
error	07-Jan-2023 17:36:14	 * [new tag]             5.7.2                   -> 5.7.2
error	07-Jan-2023 17:36:14	 * [new tag]             5.7.3                   -> 5.7.3
error	07-Jan-2023 17:36:14	 * [new tag]             5.7.4                   -> 5.7.4
error	07-Jan-2023 17:36:14	 * [new tag]             5.7.5                   -> 5.7.5
error	07-Jan-2023 17:36:14	 * [new tag]             5.8.0                   -> 5.8.0
error	07-Jan-2023 17:36:14	 * [new tag]             5.8.1                   -> 5.8.1
error	07-Jan-2023 17:36:14	 * [new tag]             5.8.2                   -> 5.8.2
error	07-Jan-2023 17:36:14	 * [new tag]             5.8.3                   -> 5.8.3
error	07-Jan-2023 17:36:14	 * [new tag]             5.8.4                   -> 5.8.4
error	07-Jan-2023 17:36:14	 * [new tag]             5.8.5                   -> 5.8.5
error	07-Jan-2023 17:36:14	 * [new tag]             5.8.6                   -> 5.8.6
error	07-Jan-2023 17:36:14	 * [new tag]             5.8.7                   -> 5.8.7
error	07-Jan-2023 17:36:14	 * [new tag]             5.9.0                   -> 5.9.0
error	07-Jan-2023 17:36:14	 * [new tag]             5.9.1                   -> 5.9.1
error	07-Jan-2023 17:36:14	 * [new tag]             5.9.2                   -> 5.9.2
error	07-Jan-2023 17:36:14	 * [new tag]             5.9.3                   -> 5.9.3
error	07-Jan-2023 17:36:14	 * [new tag]             5.9.4                   -> 5.9.4
error	07-Jan-2023 17:36:14	 * [new tag]             5.9.5                   -> 5.9.5
error	07-Jan-2023 17:36:14	 * [new tag]             5.9.6                   -> 5.9.6
error	07-Jan-2023 17:36:14	 * [new tag]             5.9.7                   -> 5.9.7
error	07-Jan-2023 17:36:14	 * [new tag]             5.9.8                   -> 5.9.8
error	07-Jan-2023 17:36:17	There is no tracking information for the current branch.
error	07-Jan-2023 17:36:17	Please specify which branch you want to merge with.
error	07-Jan-2023 17:36:17	See git-pull(1) for details.
error	07-Jan-2023 17:36:17	
error	07-Jan-2023 17:36:17	    git pull <remote> <branch>
error	07-Jan-2023 17:36:17	
error	07-Jan-2023 17:36:17	If you wish to set tracking information for this branch you can do so with:
error	07-Jan-2023 17:36:17	
error	07-Jan-2023 17:36:17	    git branch --set-upstream-to=origin/<branch> flaky-history/build-705
error	07-Jan-2023 17:36:17	
build	07-Jan-2023 17:36:22	Sending build context to Docker daemon  603.1MB
build	07-Jan-2023 17:36:22	
build	07-Jan-2023 17:36:22	Step 1/23 : FROM eclipse-temurin:17-jre
build	07-Jan-2023 17:36:23	17-jre: Pulling from library/eclipse-temurin
build	07-Jan-2023 17:36:23	6e3729cf69e0: Already exists
build	07-Jan-2023 17:36:23	4d8d923227d8: Already exists
build	07-Jan-2023 17:36:23	5834fb29a8c0: Pulling fs layer
build	07-Jan-2023 17:36:23	2dc10fb88481: Pulling fs layer
build	07-Jan-2023 17:36:23	2dc10fb88481: Verifying Checksum
build	07-Jan-2023 17:36:23	2dc10fb88481: Download complete
build	07-Jan-2023 17:36:24	5834fb29a8c0: Verifying Checksum
build	07-Jan-2023 17:36:24	5834fb29a8c0: Download complete
build	07-Jan-2023 17:36:24	5834fb29a8c0: Pull complete
build	07-Jan-2023 17:36:25	2dc10fb88481: Pull complete
build	07-Jan-2023 17:36:25	Digest: sha256:19d077d343984437dc80c354bd0e53d2d65ca86e00694bddc444a87b64be3386
build	07-Jan-2023 17:36:25	Status: Downloaded newer image for eclipse-temurin:17-jre
build	07-Jan-2023 17:36:25	 ---> 5e2265f6166a
build	07-Jan-2023 17:36:25	Step 2/23 : ENV SPRING_OUTPUT_ANSI_ENABLED=ALWAYS     JHIPSTER_SLEEP=0     JAVA_OPTS=""
build	07-Jan-2023 17:36:25	 ---> Running in a7d710b3dd7c
build	07-Jan-2023 17:36:25	Removing intermediate container a7d710b3dd7c
build	07-Jan-2023 17:36:25	 ---> 2d04d8e001b3
build	07-Jan-2023 17:36:25	Step 3/23 : ENV spring.profiles.active ""
build	07-Jan-2023 17:36:25	 ---> Running in b92a8119e59a
build	07-Jan-2023 17:36:25	Removing intermediate container b92a8119e59a
build	07-Jan-2023 17:36:25	 ---> 0d9db0b15063
build	07-Jan-2023 17:36:25	Step 4/23 : RUN echo "Installing needed dependencies"   && apt-get update && apt-get install -y --no-install-recommends locales graphviz wget   && apt-get clean   && rm -rf /var/lib/apt/lists/*
build	07-Jan-2023 17:36:25	 ---> Running in 721f430ce060
build	07-Jan-2023 17:36:26	Installing needed dependencies
build	07-Jan-2023 17:36:26	Get:1 http://security.ubuntu.com/ubuntu jammy-security InRelease [110 kB]
build	07-Jan-2023 17:36:26	Get:2 http://archive.ubuntu.com/ubuntu jammy InRelease [270 kB]
build	07-Jan-2023 17:36:26	Get:3 http://security.ubuntu.com/ubuntu jammy-security/multiverse amd64 Packages [4,732 B]
build	07-Jan-2023 17:36:26	Get:4 http://security.ubuntu.com/ubuntu jammy-security/main amd64 Packages [689 kB]
build	07-Jan-2023 17:36:26	Get:5 http://security.ubuntu.com/ubuntu jammy-security/universe amd64 Packages [786 kB]
build	07-Jan-2023 17:36:26	Get:6 http://security.ubuntu.com/ubuntu jammy-security/restricted amd64 Packages [615 kB]
build	07-Jan-2023 17:36:27	Get:7 http://archive.ubuntu.com/ubuntu jammy-updates InRelease [114 kB]
build	07-Jan-2023 17:36:27	Get:8 http://archive.ubuntu.com/ubuntu jammy-backports InRelease [99.8 kB]
build	07-Jan-2023 17:36:27	Get:9 http://archive.ubuntu.com/ubuntu jammy/multiverse amd64 Packages [266 kB]
build	07-Jan-2023 17:36:27	Get:10 http://archive.ubuntu.com/ubuntu jammy/main amd64 Packages [1,792 kB]
build	07-Jan-2023 17:36:27	Get:11 http://archive.ubuntu.com/ubuntu jammy/restricted amd64 Packages [164 kB]
build	07-Jan-2023 17:36:27	Get:12 http://archive.ubuntu.com/ubuntu jammy/universe amd64 Packages [17.5 MB]
build	07-Jan-2023 17:36:28	Get:13 http://archive.ubuntu.com/ubuntu jammy-updates/main amd64 Packages [1,000 kB]
build	07-Jan-2023 17:36:28	Get:14 http://archive.ubuntu.com/ubuntu jammy-updates/multiverse amd64 Packages [9,007 B]
build	07-Jan-2023 17:36:28	Get:15 http://archive.ubuntu.com/ubuntu jammy-updates/restricted amd64 Packages [663 kB]
build	07-Jan-2023 17:36:28	Get:16 http://archive.ubuntu.com/ubuntu jammy-updates/universe amd64 Packages [987 kB]
build	07-Jan-2023 17:36:28	Get:17 http://archive.ubuntu.com/ubuntu jammy-backports/universe amd64 Packages [7,286 B]
build	07-Jan-2023 17:36:28	Get:18 http://archive.ubuntu.com/ubuntu jammy-backports/main amd64 Packages [3,520 B]
build	07-Jan-2023 17:36:29	Fetched 25.1 MB in 3s (8,901 kB/s)
build	07-Jan-2023 17:36:29	Reading package lists...
build	07-Jan-2023 17:36:30	Reading package lists...
build	07-Jan-2023 17:36:30	Building dependency tree...
build	07-Jan-2023 17:36:30	Reading state information...
build	07-Jan-2023 17:36:31	wget is already the newest version (1.21.2-2ubuntu1).
build	07-Jan-2023 17:36:31	locales is already the newest version (2.35-0ubuntu3.1).
build	07-Jan-2023 17:36:31	The following additional packages will be installed:
build	07-Jan-2023 17:36:31	  libann0 libbsd0 libcairo2 libcdt5 libcgraph6 libdatrie1 libdeflate0
build	07-Jan-2023 17:36:31	  libfribidi0 libgd3 libglib2.0-0 libgraphite2-3 libgts-0.7-5 libgvc6 libgvpr2
build	07-Jan-2023 17:36:31	  libharfbuzz0b libice6 libjbig0 libjpeg-turbo8 libjpeg8 liblab-gamut1
build	07-Jan-2023 17:36:31	  libltdl7 libmd0 libpango-1.0-0 libpangocairo-1.0-0 libpangoft2-1.0-0
build	07-Jan-2023 17:36:31	  libpathplan4 libpixman-1-0 libsm6 libthai-data libthai0 libtiff5 libwebp7
build	07-Jan-2023 17:36:31	  libx11-6 libx11-data libxau6 libxaw7 libxcb-render0 libxcb-shm0 libxcb1
build	07-Jan-2023 17:36:31	  libxdmcp6 libxext6 libxmu6 libxpm4 libxrender1 libxt6 x11-common
build	07-Jan-2023 17:36:31	Suggested packages:
build	07-Jan-2023 17:36:31	  gsfonts graphviz-doc libgd-tools
build	07-Jan-2023 17:36:31	Recommended packages:
build	07-Jan-2023 17:36:31	  fonts-liberation libglib2.0-data shared-mime-info xdg-user-dirs libgts-bin
build	07-Jan-2023 17:36:31	The following NEW packages will be installed:
build	07-Jan-2023 17:36:31	  graphviz libann0 libbsd0 libcairo2 libcdt5 libcgraph6 libdatrie1 libdeflate0
build	07-Jan-2023 17:36:31	  libfribidi0 libgd3 libglib2.0-0 libgraphite2-3 libgts-0.7-5 libgvc6 libgvpr2
build	07-Jan-2023 17:36:31	  libharfbuzz0b libice6 libjbig0 libjpeg-turbo8 libjpeg8 liblab-gamut1
build	07-Jan-2023 17:36:31	  libltdl7 libmd0 libpango-1.0-0 libpangocairo-1.0-0 libpangoft2-1.0-0
build	07-Jan-2023 17:36:31	  libpathplan4 libpixman-1-0 libsm6 libthai-data libthai0 libtiff5 libwebp7
build	07-Jan-2023 17:36:31	  libx11-6 libx11-data libxau6 libxaw7 libxcb-render0 libxcb-shm0 libxcb1
build	07-Jan-2023 17:36:31	  libxdmcp6 libxext6 libxmu6 libxpm4 libxrender1 libxt6 x11-common
build	07-Jan-2023 17:36:31	0 upgraded, 47 newly installed, 0 to remove and 5 not upgraded.
build	07-Jan-2023 17:36:31	Need to get 9,464 kB of archives.
build	07-Jan-2023 17:36:31	After this operation, 25.8 MB of additional disk space will be used.
build	07-Jan-2023 17:36:31	Get:1 http://archive.ubuntu.com/ubuntu jammy/main amd64 libmd0 amd64 1.0.4-1build1 [23.0 kB]
build	07-Jan-2023 17:36:31	Get:2 http://archive.ubuntu.com/ubuntu jammy/main amd64 libbsd0 amd64 0.11.5-1 [44.8 kB]
build	07-Jan-2023 17:36:31	Get:3 http://archive.ubuntu.com/ubuntu jammy-updates/main amd64 libfribidi0 amd64 1.0.8-2ubuntu3.1 [26.1 kB]
build	07-Jan-2023 17:36:31	Get:4 http://archive.ubuntu.com/ubuntu jammy-updates/main amd64 libglib2.0-0 amd64 2.72.4-0ubuntu1 [1,461 kB]
build	07-Jan-2023 17:36:31	Get:5 http://archive.ubuntu.com/ubuntu jammy/main amd64 libxau6 amd64 1:1.0.9-1build5 [7,634 B]
build	07-Jan-2023 17:36:31	Get:6 http://archive.ubuntu.com/ubuntu jammy/main amd64 libxdmcp6 amd64 1:1.1.3-0ubuntu5 [10.9 kB]
build	07-Jan-2023 17:36:31	Get:7 http://archive.ubuntu.com/ubuntu jammy/main amd64 libxcb1 amd64 1.14-3ubuntu3 [49.0 kB]
build	07-Jan-2023 17:36:31	Get:8 http://archive.ubuntu.com/ubuntu jammy/main amd64 libx11-data all 2:1.7.5-1 [119 kB]
build	07-Jan-2023 17:36:31	Get:9 http://archive.ubuntu.com/ubuntu jammy/main amd64 libx11-6 amd64 2:1.7.5-1 [666 kB]
build	07-Jan-2023 17:36:31	Get:10 http://archive.ubuntu.com/ubuntu jammy/main amd64 libxext6 amd64 2:1.3.4-1build1 [31.8 kB]
build	07-Jan-2023 17:36:31	Get:11 http://archive.ubuntu.com/ubuntu jammy/universe amd64 libann0 amd64 1.1.2+doc-7build1 [26.0 kB]
build	07-Jan-2023 17:36:31	Get:12 http://archive.ubuntu.com/ubuntu jammy/universe amd64 libcdt5 amd64 2.42.2-6 [21.1 kB]
build	07-Jan-2023 17:36:31	Get:13 http://archive.ubuntu.com/ubuntu jammy/universe amd64 libcgraph6 amd64 2.42.2-6 [45.8 kB]
build	07-Jan-2023 17:36:31	Get:14 http://archive.ubuntu.com/ubuntu jammy/main amd64 libjpeg-turbo8 amd64 2.1.2-0ubuntu1 [134 kB]
build	07-Jan-2023 17:36:31	Get:15 http://archive.ubuntu.com/ubuntu jammy/main amd64 libjpeg8 amd64 8c-2ubuntu10 [2,264 B]
build	07-Jan-2023 17:36:31	Get:16 http://archive.ubuntu.com/ubuntu jammy/main amd64 libdeflate0 amd64 1.10-2 [70.9 kB]
build	07-Jan-2023 17:36:31	Get:17 http://archive.ubuntu.com/ubuntu jammy-updates/main amd64 libjbig0 amd64 2.1-3.1ubuntu0.22.04.1 [29.2 kB]
build	07-Jan-2023 17:36:31	Get:18 http://archive.ubuntu.com/ubuntu jammy/main amd64 libwebp7 amd64 1.2.2-2 [206 kB]
build	07-Jan-2023 17:36:31	Get:19 http://archive.ubuntu.com/ubuntu jammy-updates/main amd64 libtiff5 amd64 4.3.0-6ubuntu0.3 [183 kB]
build	07-Jan-2023 17:36:31	Get:20 http://archive.ubuntu.com/ubuntu jammy/main amd64 libxpm4 amd64 1:3.5.12-1build2 [36.2 kB]
build	07-Jan-2023 17:36:31	Get:21 http://archive.ubuntu.com/ubuntu jammy/main amd64 libgd3 amd64 2.3.0-2ubuntu2 [129 kB]
build	07-Jan-2023 17:36:31	Get:22 http://archive.ubuntu.com/ubuntu jammy/universe amd64 libgts-0.7-5 amd64 0.7.6+darcs121130-5 [164 kB]
build	07-Jan-2023 17:36:31	Get:23 http://archive.ubuntu.com/ubuntu jammy-updates/main amd64 libpixman-1-0 amd64 0.40.0-1ubuntu0.22.04.1 [264 kB]
build	07-Jan-2023 17:36:31	Get:24 http://archive.ubuntu.com/ubuntu jammy/main amd64 libxcb-render0 amd64 1.14-3ubuntu3 [16.4 kB]
build	07-Jan-2023 17:36:31	Get:25 http://archive.ubuntu.com/ubuntu jammy/main amd64 libxcb-shm0 amd64 1.14-3ubuntu3 [5,780 B]
build	07-Jan-2023 17:36:31	Get:26 http://archive.ubuntu.com/ubuntu jammy/main amd64 libxrender1 amd64 1:0.9.10-1build4 [19.7 kB]
build	07-Jan-2023 17:36:31	Get:27 http://archive.ubuntu.com/ubuntu jammy/main amd64 libcairo2 amd64 1.16.0-5ubuntu2 [628 kB]
build	07-Jan-2023 17:36:31	Get:28 http://archive.ubuntu.com/ubuntu jammy/main amd64 libltdl7 amd64 2.4.6-15build2 [39.6 kB]
build	07-Jan-2023 17:36:31	Get:29 http://archive.ubuntu.com/ubuntu jammy/main amd64 libgraphite2-3 amd64 1.3.14-1build2 [71.3 kB]
build	07-Jan-2023 17:36:31	Get:30 http://archive.ubuntu.com/ubuntu jammy-updates/main amd64 libharfbuzz0b amd64 2.7.4-1ubuntu3.1 [352 kB]
build	07-Jan-2023 17:36:31	Get:31 http://archive.ubuntu.com/ubuntu jammy/main amd64 libthai-data all 0.1.29-1build1 [162 kB]
build	07-Jan-2023 17:36:31	Get:32 http://archive.ubuntu.com/ubuntu jammy/main amd64 libdatrie1 amd64 0.2.13-2 [19.9 kB]
build	07-Jan-2023 17:36:31	Get:33 http://archive.ubuntu.com/ubuntu jammy/main amd64 libthai0 amd64 0.1.29-1build1 [19.2 kB]
build	07-Jan-2023 17:36:31	Get:34 http://archive.ubuntu.com/ubuntu jammy/main amd64 libpango-1.0-0 amd64 1.50.6+ds-2 [230 kB]
build	07-Jan-2023 17:36:31	Get:35 http://archive.ubuntu.com/ubuntu jammy/main amd64 libpangoft2-1.0-0 amd64 1.50.6+ds-2 [53.9 kB]
build	07-Jan-2023 17:36:31	Get:36 http://archive.ubuntu.com/ubuntu jammy/main amd64 libpangocairo-1.0-0 amd64 1.50.6+ds-2 [39.8 kB]
build	07-Jan-2023 17:36:31	Get:37 http://archive.ubuntu.com/ubuntu jammy/universe amd64 libpathplan4 amd64 2.42.2-6 [23.5 kB]
build	07-Jan-2023 17:36:31	Get:38 http://archive.ubuntu.com/ubuntu jammy/universe amd64 libgvc6 amd64 2.42.2-6 [726 kB]
build	07-Jan-2023 17:36:31	Get:39 http://archive.ubuntu.com/ubuntu jammy/universe amd64 libgvpr2 amd64 2.42.2-6 [191 kB]
build	07-Jan-2023 17:36:31	Get:40 http://archive.ubuntu.com/ubuntu jammy/universe amd64 liblab-gamut1 amd64 2.42.2-6 [1,964 kB]
build	07-Jan-2023 17:36:31	Get:41 http://archive.ubuntu.com/ubuntu jammy/main amd64 x11-common all 1:7.7+23ubuntu2 [23.4 kB]
build	07-Jan-2023 17:36:31	Get:42 http://archive.ubuntu.com/ubuntu jammy/main amd64 libice6 amd64 2:1.0.10-1build2 [42.6 kB]
build	07-Jan-2023 17:36:31	Get:43 http://archive.ubuntu.com/ubuntu jammy/main amd64 libsm6 amd64 2:1.2.3-1build2 [16.7 kB]
build	07-Jan-2023 17:36:31	Get:44 http://archive.ubuntu.com/ubuntu jammy/main amd64 libxt6 amd64 1:1.2.1-1 [177 kB]
build	07-Jan-2023 17:36:31	Get:45 http://archive.ubuntu.com/ubuntu jammy/main amd64 libxmu6 amd64 2:1.1.3-3 [49.6 kB]
build	07-Jan-2023 17:36:31	Get:46 http://archive.ubuntu.com/ubuntu jammy/main amd64 libxaw7 amd64 2:1.0.14-1 [191 kB]
build	07-Jan-2023 17:36:31	Get:47 http://archive.ubuntu.com/ubuntu jammy/universe amd64 graphviz amd64 2.42.2-6 [650 kB]
build	07-Jan-2023 17:36:31	[91mdebconf: delaying package configuration, since apt-utils is not installed
build	07-Jan-2023 17:36:31	[0mFetched 9,464 kB in 0s (22.1 MB/s)
build	07-Jan-2023 17:36:31	Selecting previously unselected package libmd0:amd64.
build	07-Jan-2023 17:36:31	(Reading database ... 
build	07-Jan-2023 17:36:31	(Reading database ... 5%
build	07-Jan-2023 17:36:31	(Reading database ... 10%
build	07-Jan-2023 17:36:31	(Reading database ... 15%
build	07-Jan-2023 17:36:31	(Reading database ... 20%
build	07-Jan-2023 17:36:31	(Reading database ... 25%
build	07-Jan-2023 17:36:31	(Reading database ... 30%
build	07-Jan-2023 17:36:31	(Reading database ... 35%
build	07-Jan-2023 17:36:31	(Reading database ... 40%
build	07-Jan-2023 17:36:31	(Reading database ... 45%
build	07-Jan-2023 17:36:31	(Reading database ... 50%
build	07-Jan-2023 17:36:31	(Reading database ... 55%
build	07-Jan-2023 17:36:31	(Reading database ... 60%
build	07-Jan-2023 17:36:31	(Reading database ... 65%
build	07-Jan-2023 17:36:31	(Reading database ... 70%
build	07-Jan-2023 17:36:31	(Reading database ... 75%
build	07-Jan-2023 17:36:31	(Reading database ... 80%
build	07-Jan-2023 17:36:31	(Reading database ... 85%
build	07-Jan-2023 17:36:31	(Reading database ... 90%
build	07-Jan-2023 17:36:31	(Reading database ... 95%
build	07-Jan-2023 17:36:32	(Reading database ... 100%
build	07-Jan-2023 17:36:32	(Reading database ... 7916 files and directories currently installed.)
build	07-Jan-2023 17:36:32	Preparing to unpack .../00-libmd0_1.0.4-1build1_amd64.deb ...
build	07-Jan-2023 17:36:32	Unpacking libmd0:amd64 (1.0.4-1build1) ...
build	07-Jan-2023 17:36:32	Selecting previously unselected package libbsd0:amd64.
build	07-Jan-2023 17:36:32	Preparing to unpack .../01-libbsd0_0.11.5-1_amd64.deb ...
build	07-Jan-2023 17:36:32	Unpacking libbsd0:amd64 (0.11.5-1) ...
build	07-Jan-2023 17:36:32	Selecting previously unselected package libfribidi0:amd64.
build	07-Jan-2023 17:36:32	Preparing to unpack .../02-libfribidi0_1.0.8-2ubuntu3.1_amd64.deb ...
build	07-Jan-2023 17:36:32	Unpacking libfribidi0:amd64 (1.0.8-2ubuntu3.1) ...
build	07-Jan-2023 17:36:32	Selecting previously unselected package libglib2.0-0:amd64.
build	07-Jan-2023 17:36:32	Preparing to unpack .../03-libglib2.0-0_2.72.4-0ubuntu1_amd64.deb ...
build	07-Jan-2023 17:36:32	Unpacking libglib2.0-0:amd64 (2.72.4-0ubuntu1) ...
build	07-Jan-2023 17:36:32	Selecting previously unselected package libxau6:amd64.
build	07-Jan-2023 17:36:32	Preparing to unpack .../04-libxau6_1%3a1.0.9-1build5_amd64.deb ...
build	07-Jan-2023 17:36:32	Unpacking libxau6:amd64 (1:1.0.9-1build5) ...
build	07-Jan-2023 17:36:32	Selecting previously unselected package libxdmcp6:amd64.
build	07-Jan-2023 17:36:32	Preparing to unpack .../05-libxdmcp6_1%3a1.1.3-0ubuntu5_amd64.deb ...
build	07-Jan-2023 17:36:32	Unpacking libxdmcp6:amd64 (1:1.1.3-0ubuntu5) ...
build	07-Jan-2023 17:36:32	Selecting previously unselected package libxcb1:amd64.
build	07-Jan-2023 17:36:32	Preparing to unpack .../06-libxcb1_1.14-3ubuntu3_amd64.deb ...
build	07-Jan-2023 17:36:32	Unpacking libxcb1:amd64 (1.14-3ubuntu3) ...
build	07-Jan-2023 17:36:32	Selecting previously unselected package libx11-data.
build	07-Jan-2023 17:36:32	Preparing to unpack .../07-libx11-data_2%3a1.7.5-1_all.deb ...
build	07-Jan-2023 17:36:32	Unpacking libx11-data (2:1.7.5-1) ...
build	07-Jan-2023 17:36:32	Selecting previously unselected package libx11-6:amd64.
build	07-Jan-2023 17:36:32	Preparing to unpack .../08-libx11-6_2%3a1.7.5-1_amd64.deb ...
build	07-Jan-2023 17:36:32	Unpacking libx11-6:amd64 (2:1.7.5-1) ...
build	07-Jan-2023 17:36:32	Selecting previously unselected package libxext6:amd64.
build	07-Jan-2023 17:36:32	Preparing to unpack .../09-libxext6_2%3a1.3.4-1build1_amd64.deb ...
build	07-Jan-2023 17:36:32	Unpacking libxext6:amd64 (2:1.3.4-1build1) ...
build	07-Jan-2023 17:36:32	Selecting previously unselected package libann0.
build	07-Jan-2023 17:36:32	Preparing to unpack .../10-libann0_1.1.2+doc-7build1_amd64.deb ...
build	07-Jan-2023 17:36:32	Unpacking libann0 (1.1.2+doc-7build1) ...
build	07-Jan-2023 17:36:32	Selecting previously unselected package libcdt5:amd64.
build	07-Jan-2023 17:36:32	Preparing to unpack .../11-libcdt5_2.42.2-6_amd64.deb ...
build	07-Jan-2023 17:36:32	Unpacking libcdt5:amd64 (2.42.2-6) ...
build	07-Jan-2023 17:36:32	Selecting previously unselected package libcgraph6:amd64.
build	07-Jan-2023 17:36:32	Preparing to unpack .../12-libcgraph6_2.42.2-6_amd64.deb ...
build	07-Jan-2023 17:36:32	Unpacking libcgraph6:amd64 (2.42.2-6) ...
build	07-Jan-2023 17:36:32	Selecting previously unselected package libjpeg-turbo8:amd64.
build	07-Jan-2023 17:36:32	Preparing to unpack .../13-libjpeg-turbo8_2.1.2-0ubuntu1_amd64.deb ...
build	07-Jan-2023 17:36:32	Unpacking libjpeg-turbo8:amd64 (2.1.2-0ubuntu1) ...
build	07-Jan-2023 17:36:32	Selecting previously unselected package libjpeg8:amd64.
build	07-Jan-2023 17:36:32	Preparing to unpack .../14-libjpeg8_8c-2ubuntu10_amd64.deb ...
build	07-Jan-2023 17:36:32	Unpacking libjpeg8:amd64 (8c-2ubuntu10) ...
build	07-Jan-2023 17:36:32	Selecting previously unselected package libdeflate0:amd64.
build	07-Jan-2023 17:36:32	Preparing to unpack .../15-libdeflate0_1.10-2_amd64.deb ...
build	07-Jan-2023 17:36:32	Unpacking libdeflate0:amd64 (1.10-2) ...
build	07-Jan-2023 17:36:32	Selecting previously unselected package libjbig0:amd64.
build	07-Jan-2023 17:36:32	Preparing to unpack .../16-libjbig0_2.1-3.1ubuntu0.22.04.1_amd64.deb ...
build	07-Jan-2023 17:36:32	Unpacking libjbig0:amd64 (2.1-3.1ubuntu0.22.04.1) ...
build	07-Jan-2023 17:36:32	Selecting previously unselected package libwebp7:amd64.
build	07-Jan-2023 17:36:32	Preparing to unpack .../17-libwebp7_1.2.2-2_amd64.deb ...
build	07-Jan-2023 17:36:32	Unpacking libwebp7:amd64 (1.2.2-2) ...
build	07-Jan-2023 17:36:32	Selecting previously unselected package libtiff5:amd64.
build	07-Jan-2023 17:36:32	Preparing to unpack .../18-libtiff5_4.3.0-6ubuntu0.3_amd64.deb ...
build	07-Jan-2023 17:36:32	Unpacking libtiff5:amd64 (4.3.0-6ubuntu0.3) ...
build	07-Jan-2023 17:36:32	Selecting previously unselected package libxpm4:amd64.
build	07-Jan-2023 17:36:32	Preparing to unpack .../19-libxpm4_1%3a3.5.12-1build2_amd64.deb ...
build	07-Jan-2023 17:36:32	Unpacking libxpm4:amd64 (1:3.5.12-1build2) ...
build	07-Jan-2023 17:36:32	Selecting previously unselected package libgd3:amd64.
build	07-Jan-2023 17:36:32	Preparing to unpack .../20-libgd3_2.3.0-2ubuntu2_amd64.deb ...
build	07-Jan-2023 17:36:32	Unpacking libgd3:amd64 (2.3.0-2ubuntu2) ...
build	07-Jan-2023 17:36:32	Selecting previously unselected package libgts-0.7-5:amd64.
build	07-Jan-2023 17:36:32	Preparing to unpack .../21-libgts-0.7-5_0.7.6+darcs121130-5_amd64.deb ...
build	07-Jan-2023 17:36:32	Unpacking libgts-0.7-5:amd64 (0.7.6+darcs121130-5) ...
build	07-Jan-2023 17:36:32	Selecting previously unselected package libpixman-1-0:amd64.
build	07-Jan-2023 17:36:32	Preparing to unpack .../22-libpixman-1-0_0.40.0-1ubuntu0.22.04.1_amd64.deb ...
build	07-Jan-2023 17:36:32	Unpacking libpixman-1-0:amd64 (0.40.0-1ubuntu0.22.04.1) ...
build	07-Jan-2023 17:36:32	Selecting previously unselected package libxcb-render0:amd64.
build	07-Jan-2023 17:36:32	Preparing to unpack .../23-libxcb-render0_1.14-3ubuntu3_amd64.deb ...
build	07-Jan-2023 17:36:32	Unpacking libxcb-render0:amd64 (1.14-3ubuntu3) ...
build	07-Jan-2023 17:36:32	Selecting previously unselected package libxcb-shm0:amd64.
build	07-Jan-2023 17:36:32	Preparing to unpack .../24-libxcb-shm0_1.14-3ubuntu3_amd64.deb ...
build	07-Jan-2023 17:36:32	Unpacking libxcb-shm0:amd64 (1.14-3ubuntu3) ...
build	07-Jan-2023 17:36:32	Selecting previously unselected package libxrender1:amd64.
build	07-Jan-2023 17:36:32	Preparing to unpack .../25-libxrender1_1%3a0.9.10-1build4_amd64.deb ...
build	07-Jan-2023 17:36:32	Unpacking libxrender1:amd64 (1:0.9.10-1build4) ...
build	07-Jan-2023 17:36:32	Selecting previously unselected package libcairo2:amd64.
build	07-Jan-2023 17:36:32	Preparing to unpack .../26-libcairo2_1.16.0-5ubuntu2_amd64.deb ...
build	07-Jan-2023 17:36:32	Unpacking libcairo2:amd64 (1.16.0-5ubuntu2) ...
build	07-Jan-2023 17:36:32	Selecting previously unselected package libltdl7:amd64.
build	07-Jan-2023 17:36:32	Preparing to unpack .../27-libltdl7_2.4.6-15build2_amd64.deb ...
build	07-Jan-2023 17:36:32	Unpacking libltdl7:amd64 (2.4.6-15build2) ...
build	07-Jan-2023 17:36:32	Selecting previously unselected package libgraphite2-3:amd64.
build	07-Jan-2023 17:36:32	Preparing to unpack .../28-libgraphite2-3_1.3.14-1build2_amd64.deb ...
build	07-Jan-2023 17:36:32	Unpacking libgraphite2-3:amd64 (1.3.14-1build2) ...
build	07-Jan-2023 17:36:32	Selecting previously unselected package libharfbuzz0b:amd64.
build	07-Jan-2023 17:36:32	Preparing to unpack .../29-libharfbuzz0b_2.7.4-1ubuntu3.1_amd64.deb ...
build	07-Jan-2023 17:36:32	Unpacking libharfbuzz0b:amd64 (2.7.4-1ubuntu3.1) ...
build	07-Jan-2023 17:36:33	Selecting previously unselected package libthai-data.
build	07-Jan-2023 17:36:33	Preparing to unpack .../30-libthai-data_0.1.29-1build1_all.deb ...
build	07-Jan-2023 17:36:33	Unpacking libthai-data (0.1.29-1build1) ...
build	07-Jan-2023 17:36:33	Selecting previously unselected package libdatrie1:amd64.
build	07-Jan-2023 17:36:33	Preparing to unpack .../31-libdatrie1_0.2.13-2_amd64.deb ...
build	07-Jan-2023 17:36:33	Unpacking libdatrie1:amd64 (0.2.13-2) ...
build	07-Jan-2023 17:36:33	Selecting previously unselected package libthai0:amd64.
build	07-Jan-2023 17:36:33	Preparing to unpack .../32-libthai0_0.1.29-1build1_amd64.deb ...
build	07-Jan-2023 17:36:33	Unpacking libthai0:amd64 (0.1.29-1build1) ...
build	07-Jan-2023 17:36:33	Selecting previously unselected package libpango-1.0-0:amd64.
build	07-Jan-2023 17:36:33	Preparing to unpack .../33-libpango-1.0-0_1.50.6+ds-2_amd64.deb ...
build	07-Jan-2023 17:36:33	Unpacking libpango-1.0-0:amd64 (1.50.6+ds-2) ...
build	07-Jan-2023 17:36:33	Selecting previously unselected package libpangoft2-1.0-0:amd64.
build	07-Jan-2023 17:36:33	Preparing to unpack .../34-libpangoft2-1.0-0_1.50.6+ds-2_amd64.deb ...
build	07-Jan-2023 17:36:33	Unpacking libpangoft2-1.0-0:amd64 (1.50.6+ds-2) ...
build	07-Jan-2023 17:36:33	Selecting previously unselected package libpangocairo-1.0-0:amd64.
build	07-Jan-2023 17:36:33	Preparing to unpack .../35-libpangocairo-1.0-0_1.50.6+ds-2_amd64.deb ...
build	07-Jan-2023 17:36:33	Unpacking libpangocairo-1.0-0:amd64 (1.50.6+ds-2) ...
build	07-Jan-2023 17:36:33	Selecting previously unselected package libpathplan4:amd64.
build	07-Jan-2023 17:36:33	Preparing to unpack .../36-libpathplan4_2.42.2-6_amd64.deb ...
build	07-Jan-2023 17:36:33	Unpacking libpathplan4:amd64 (2.42.2-6) ...
build	07-Jan-2023 17:36:33	Selecting previously unselected package libgvc6.
build	07-Jan-2023 17:36:33	Preparing to unpack .../37-libgvc6_2.42.2-6_amd64.deb ...
build	07-Jan-2023 17:36:33	Unpacking libgvc6 (2.42.2-6) ...
build	07-Jan-2023 17:36:33	Selecting previously unselected package libgvpr2:amd64.
build	07-Jan-2023 17:36:33	Preparing to unpack .../38-libgvpr2_2.42.2-6_amd64.deb ...
build	07-Jan-2023 17:36:33	Unpacking libgvpr2:amd64 (2.42.2-6) ...
build	07-Jan-2023 17:36:33	Selecting previously unselected package liblab-gamut1:amd64.
build	07-Jan-2023 17:36:33	Preparing to unpack .../39-liblab-gamut1_2.42.2-6_amd64.deb ...
build	07-Jan-2023 17:36:33	Unpacking liblab-gamut1:amd64 (2.42.2-6) ...
build	07-Jan-2023 17:36:33	Selecting previously unselected package x11-common.
build	07-Jan-2023 17:36:33	Preparing to unpack .../40-x11-common_1%3a7.7+23ubuntu2_all.deb ...
build	07-Jan-2023 17:36:33	Unpacking x11-common (1:7.7+23ubuntu2) ...
build	07-Jan-2023 17:36:33	Selecting previously unselected package libice6:amd64.
build	07-Jan-2023 17:36:33	Preparing to unpack .../41-libice6_2%3a1.0.10-1build2_amd64.deb ...
build	07-Jan-2023 17:36:33	Unpacking libice6:amd64 (2:1.0.10-1build2) ...
build	07-Jan-2023 17:36:33	Selecting previously unselected package libsm6:amd64.
build	07-Jan-2023 17:36:33	Preparing to unpack .../42-libsm6_2%3a1.2.3-1build2_amd64.deb ...
build	07-Jan-2023 17:36:33	Unpacking libsm6:amd64 (2:1.2.3-1build2) ...
build	07-Jan-2023 17:36:33	Selecting previously unselected package libxt6:amd64.
build	07-Jan-2023 17:36:33	Preparing to unpack .../43-libxt6_1%3a1.2.1-1_amd64.deb ...
build	07-Jan-2023 17:36:33	Unpacking libxt6:amd64 (1:1.2.1-1) ...
build	07-Jan-2023 17:36:33	Selecting previously unselected package libxmu6:amd64.
build	07-Jan-2023 17:36:33	Preparing to unpack .../44-libxmu6_2%3a1.1.3-3_amd64.deb ...
build	07-Jan-2023 17:36:33	Unpacking libxmu6:amd64 (2:1.1.3-3) ...
build	07-Jan-2023 17:36:33	Selecting previously unselected package libxaw7:amd64.
build	07-Jan-2023 17:36:33	Preparing to unpack .../45-libxaw7_2%3a1.0.14-1_amd64.deb ...
build	07-Jan-2023 17:36:33	Unpacking libxaw7:amd64 (2:1.0.14-1) ...
build	07-Jan-2023 17:36:33	Selecting previously unselected package graphviz.
build	07-Jan-2023 17:36:33	Preparing to unpack .../46-graphviz_2.42.2-6_amd64.deb ...
build	07-Jan-2023 17:36:33	Unpacking graphviz (2.42.2-6) ...
build	07-Jan-2023 17:36:33	Setting up libgraphite2-3:amd64 (1.3.14-1build2) ...
build	07-Jan-2023 17:36:33	Setting up libpixman-1-0:amd64 (0.40.0-1ubuntu0.22.04.1) ...
build	07-Jan-2023 17:36:33	Setting up libxau6:amd64 (1:1.0.9-1build5) ...
build	07-Jan-2023 17:36:33	Setting up libdatrie1:amd64 (0.2.13-2) ...
build	07-Jan-2023 17:36:33	Setting up libglib2.0-0:amd64 (2.72.4-0ubuntu1) ...
build	07-Jan-2023 17:36:33	No schema files found: doing nothing.
build	07-Jan-2023 17:36:33	Setting up liblab-gamut1:amd64 (2.42.2-6) ...
build	07-Jan-2023 17:36:33	Setting up x11-common (1:7.7+23ubuntu2) ...
build	07-Jan-2023 17:36:33	debconf: unable to initialize frontend: Dialog
build	07-Jan-2023 17:36:33	debconf: (TERM is not set, so the dialog frontend is not usable.)
build	07-Jan-2023 17:36:33	debconf: falling back to frontend: Readline
build	07-Jan-2023 17:36:33	debconf: unable to initialize frontend: Readline
build	07-Jan-2023 17:36:33	debconf: (Can't locate Term/ReadLine.pm in @INC (you may need to install the Term::ReadLine module) (@INC contains: /etc/perl /usr/local/lib/x86_64-linux-gnu/perl/5.34.0 /usr/local/share/perl/5.34.0 /usr/lib/x86_64-linux-gnu/perl5/5.34 /usr/share/perl5 /usr/lib/x86_64-linux-gnu/perl-base /usr/lib/x86_64-linux-gnu/perl/5.34 /usr/share/perl/5.34 /usr/local/lib/site_perl) at /usr/share/perl5/Debconf/FrontEnd/Readline.pm line 7.)
build	07-Jan-2023 17:36:33	debconf: falling back to frontend: Teletype
build	07-Jan-2023 17:36:33	invoke-rc.d: could not determine current runlevel
build	07-Jan-2023 17:36:33	invoke-rc.d: policy-rc.d denied execution of start.
build	07-Jan-2023 17:36:33	Setting up libdeflate0:amd64 (1.10-2) ...
build	07-Jan-2023 17:36:33	Setting up libjbig0:amd64 (2.1-3.1ubuntu0.22.04.1) ...
build	07-Jan-2023 17:36:33	Setting up libgts-0.7-5:amd64 (0.7.6+darcs121130-5) ...
build	07-Jan-2023 17:36:33	Setting up libx11-data (2:1.7.5-1) ...
build	07-Jan-2023 17:36:33	Setting up libpathplan4:amd64 (2.42.2-6) ...
build	07-Jan-2023 17:36:33	Setting up libann0 (1.1.2+doc-7build1) ...
build	07-Jan-2023 17:36:33	Setting up libfribidi0:amd64 (1.0.8-2ubuntu3.1) ...
build	07-Jan-2023 17:36:33	Setting up libjpeg-turbo8:amd64 (2.1.2-0ubuntu1) ...
build	07-Jan-2023 17:36:33	Setting up libltdl7:amd64 (2.4.6-15build2) ...
build	07-Jan-2023 17:36:33	Setting up libwebp7:amd64 (1.2.2-2) ...
build	07-Jan-2023 17:36:33	Setting up libmd0:amd64 (1.0.4-1build1) ...
build	07-Jan-2023 17:36:33	Setting up libharfbuzz0b:amd64 (2.7.4-1ubuntu3.1) ...
build	07-Jan-2023 17:36:33	Setting up libthai-data (0.1.29-1build1) ...
build	07-Jan-2023 17:36:33	Setting up libcdt5:amd64 (2.42.2-6) ...
build	07-Jan-2023 17:36:33	Setting up libcgraph6:amd64 (2.42.2-6) ...
build	07-Jan-2023 17:36:33	Setting up libbsd0:amd64 (0.11.5-1) ...
build	07-Jan-2023 17:36:33	Setting up libjpeg8:amd64 (8c-2ubuntu10) ...
build	07-Jan-2023 17:36:33	Setting up libice6:amd64 (2:1.0.10-1build2) ...
build	07-Jan-2023 17:36:33	Setting up libxdmcp6:amd64 (1:1.1.3-0ubuntu5) ...
build	07-Jan-2023 17:36:33	Setting up libxcb1:amd64 (1.14-3ubuntu3) ...
build	07-Jan-2023 17:36:33	Setting up libxcb-render0:amd64 (1.14-3ubuntu3) ...
build	07-Jan-2023 17:36:33	Setting up libxcb-shm0:amd64 (1.14-3ubuntu3) ...
build	07-Jan-2023 17:36:33	Setting up libthai0:amd64 (0.1.29-1build1) ...
build	07-Jan-2023 17:36:33	Setting up libgvpr2:amd64 (2.42.2-6) ...
build	07-Jan-2023 17:36:33	Setting up libx11-6:amd64 (2:1.7.5-1) ...
build	07-Jan-2023 17:36:33	Setting up libtiff5:amd64 (4.3.0-6ubuntu0.3) ...
build	07-Jan-2023 17:36:33	Setting up libsm6:amd64 (2:1.2.3-1build2) ...
build	07-Jan-2023 17:36:33	Setting up libxpm4:amd64 (1:3.5.12-1build2) ...
build	07-Jan-2023 17:36:33	Setting up libxrender1:amd64 (1:0.9.10-1build4) ...
build	07-Jan-2023 17:36:33	Setting up libpango-1.0-0:amd64 (1.50.6+ds-2) ...
build	07-Jan-2023 17:36:33	Setting up libxext6:amd64 (2:1.3.4-1build1) ...
build	07-Jan-2023 17:36:33	Setting up libcairo2:amd64 (1.16.0-5ubuntu2) ...
build	07-Jan-2023 17:36:33	Setting up libgd3:amd64 (2.3.0-2ubuntu2) ...
build	07-Jan-2023 17:36:33	Setting up libxt6:amd64 (1:1.2.1-1) ...
build	07-Jan-2023 17:36:33	Setting up libpangoft2-1.0-0:amd64 (1.50.6+ds-2) ...
build	07-Jan-2023 17:36:34	Setting up libpangocairo-1.0-0:amd64 (1.50.6+ds-2) ...
build	07-Jan-2023 17:36:34	Setting up libxmu6:amd64 (2:1.1.3-3) ...
build	07-Jan-2023 17:36:34	Setting up libxaw7:amd64 (2:1.0.14-1) ...
build	07-Jan-2023 17:36:34	Setting up libgvc6 (2.42.2-6) ...
build	07-Jan-2023 17:36:34	Setting up graphviz (2.42.2-6) ...
build	07-Jan-2023 17:36:34	Processing triggers for libc-bin (2.35-0ubuntu3.1) ...
build	07-Jan-2023 17:36:34	Removing intermediate container 721f430ce060
build	07-Jan-2023 17:36:34	 ---> 01385554ca21
build	07-Jan-2023 17:36:34	Step 5/23 : RUN echo "Fixing locales"   && sed -i -e 's/# en_US.UTF-8 UTF-8/en_US.UTF-8 UTF-8/' /etc/locale.gen   && locale-gen
build	07-Jan-2023 17:36:34	 ---> Running in 3e15ddefad1f
build	07-Jan-2023 17:36:35	Fixing locales
build	07-Jan-2023 17:36:35	Generating locales (this might take a while)...
build	07-Jan-2023 17:36:36	  en_US.UTF-8... done
build	07-Jan-2023 17:36:36	Generation complete.
build	07-Jan-2023 17:36:37	Removing intermediate container 3e15ddefad1f
build	07-Jan-2023 17:36:37	 ---> f112430d6cf4
build	07-Jan-2023 17:36:37	Step 6/23 : ENV LC_ALL en_US.UTF-8
build	07-Jan-2023 17:36:37	 ---> Running in 09bc6d4b361e
build	07-Jan-2023 17:36:37	Removing intermediate container 09bc6d4b361e
build	07-Jan-2023 17:36:37	 ---> 9f2c35e4d68c
build	07-Jan-2023 17:36:37	Step 7/23 : ENV LANG en_US.UTF-8
build	07-Jan-2023 17:36:37	 ---> Running in dd2545ae5ab6
build	07-Jan-2023 17:36:37	Removing intermediate container dd2545ae5ab6
build	07-Jan-2023 17:36:37	 ---> aa68265b2f00
build	07-Jan-2023 17:36:37	Step 8/23 : ENV LANGUAGE en_US.UTF-8
build	07-Jan-2023 17:36:37	 ---> Running in d2a45bbb103b
build	07-Jan-2023 17:36:37	Removing intermediate container d2a45bbb103b
build	07-Jan-2023 17:36:37	 ---> 553088e34c2a
build	07-Jan-2023 17:36:37	Step 9/23 : ARG GOSU_VERSION=1.12
build	07-Jan-2023 17:36:37	 ---> Running in 1edb099f1fee
build	07-Jan-2023 17:36:37	Removing intermediate container 1edb099f1fee
build	07-Jan-2023 17:36:37	 ---> 58153d038d65
build	07-Jan-2023 17:36:37	Step 10/23 : RUN echo "Installing gosu (needed for bootstrap.sh)"   && dpkgArch="$(dpkg --print-architecture | awk -F- '{ print $NF }')"   && wget -O /usr/local/bin/gosu "https://github.com/tianon/gosu/releases/download/$GOSU_VERSION/gosu-$dpkgArch"   && chmod +x /usr/local/bin/gosu   && gosu nobody true
build	07-Jan-2023 17:36:37	 ---> Running in 65589924c199
build	07-Jan-2023 17:36:37	Installing gosu (needed for bootstrap.sh)
build	07-Jan-2023 17:36:37	[91m--2023-01-07 16:36:37--  https://github.com/tianon/gosu/releases/download/1.12/gosu-amd64
build	07-Jan-2023 17:36:37	[0m[91mResolving github.com (github.com)... [0m[91m140.82.121.4
build	07-Jan-2023 17:36:37	Connecting to github.com (github.com)|140.82.121.4|:443... [0m[91mconnected.
build	07-Jan-2023 17:36:37	[0m[91mHTTP request sent, awaiting response... [0m[91m302 Found
build	07-Jan-2023 17:36:37	Location: https://objects.githubusercontent.com/github-production-release-asset-2e65be/19708981/93269500-7f72-11ea-94c5-37b92917e2b5?X-Amz-Algorithm=AWS4-HMAC-SHA256&X-Amz-Credential=AKIAIWNJYAX4CSVEH53A%2F20230107%2Fus-east-1%2Fs3%2Faws4_request&X-Amz-Date=20230107T163637Z&X-Amz-Expires=300&X-Amz-Signature=5bd0bdca83551451e57aea8bd75e83b90ae14aa91c47fa6faa762eef91b86da9&X-Amz-SignedHeaders=host&actor_id=0&key_id=0&repo_id=19708981&response-content-disposition=attachment%3B%20filename%3Dgosu-amd64&response-content-type=application%2Foctet-stream [following]
build	07-Jan-2023 17:36:37	--2023-01-07 16:36:37--  https://objects.githubusercontent.com/github-production-release-asset-2e65be/19708981/93269500-7f72-11ea-94c5-37b92917e2b5?X-Amz-Algorithm=AWS4-HMAC-SHA256&X-Amz-Credential=AKIAIWNJYAX4CSVEH53A%2F20230107%2Fus-east-1%2Fs3%2Faws4_request&X-Amz-Date=20230107T163637Z&X-Amz-Expires=300&X-Amz-Signature=5bd0bdca83551451e57aea8bd75e83b90ae14aa91c47fa6faa762eef91b86da9&X-Amz-SignedHeaders=host&actor_id=0&key_id=0&repo_id=19708981&response-content-disposition=attachment%3B%20filename%3Dgosu-amd64&response-content-type=application%2Foctet-stream
build	07-Jan-2023 17:36:37	Resolving objects.githubusercontent.com (objects.githubusercontent.com)... [0m[91m185.199.111.133, 185.199.110.133, 185.199.108.133, ...
build	07-Jan-2023 17:36:37	Connecting to objects.githubusercontent.com (objects.githubusercontent.com)|185.199.111.133|:443... [0m[91mconnected.
build	07-Jan-2023 17:36:38	[0m[91mHTTP request sent, awaiting response... [0m[91m200 OK
build	07-Jan-2023 17:36:38	[0m[91mLength: 2404352 (2.3M) [application/octet-stream]
build	07-Jan-2023 17:36:38	[0m[91mSaving to: /usr/local/bin/gosu
build	07-Jan-2023 17:36:38	[0m[91m
build	07-Jan-2023 17:36:38	     0K ........[0m[91m.. ....[0m[91m...... ..[0m[91m........[0m[91m ........[0m[91m.. .[0m[91m.........  2% 5.28M 0s
build	07-Jan-2023 17:36:38	    50K .[0m[91m......... .[0m[91m.[0m[91m........ ........[0m[91m.. .......... ....[0m[91m......  4% 5.47M 0s
build	07-Jan-2023 17:36:38	   100K ..........[0m[91m .......... ......[0m[91m.... .......... ..[0m[91m........  6% 27.2M 0s
build	07-Jan-2023 17:36:38	   150K ........[0m[91m.. .......... ....[0m[91m...... ..........[0m[91m ..........  8% 31.1M 0s
build	07-Jan-2023 17:36:38	   200K .......... .......... ..[0m[91m........ ........[0m[91m.. .......... 10% 8.83M 0s
build	07-Jan-2023 17:36:38	   250K .......... ..........[0m[91m .......... ......[0m[91m.... .......... 12% 57.8M 0s
build	07-Jan-2023 17:36:38	   300K .......... .......... .......... ....[0m[91m...... .......... 14% 55.7M 0s[0m[91m
build	07-Jan-2023 17:36:38	   350K .......... ......[0m[91m.... .......... .......... ........[0m[91m.. 17% 44.2M 0s
build	07-Jan-2023 17:36:38	   400K .......... ....[0m[91m...... .......... .......... .......... 19% 66.7M 0s
build	07-Jan-2023 17:36:38	   450K .......... ..[0m[91m........ ........[0m[91m.. .......... .......... 21% 11.4M 0s
build	07-Jan-2023 17:36:38	   500K .......... .......... ......[0m[91m.... .......... ..[0m[91m........ 23% 48.1M 0s
build	07-Jan-2023 17:36:38	   550K .......... .......... .......... .......... .......... 25%  227M 0s
build	07-Jan-2023 17:36:38	   600K ......[0m[91m.... .......... .......... .......... .......... 27% 51.9M 0s
build	07-Jan-2023 17:36:38	   650K .......... ..........[0m[91m .......... .......... .......... 29%  142M 0s
build	07-Jan-2023 17:36:38	   700K .......... ........[0m[91m.. .......... .......... .......... 31% 52.4M 0s
build	07-Jan-2023 17:36:38	   750K .......... .......... .......... .......... .......... 34%  104M 0s
build	07-Jan-2023 17:36:38	   800K .......... .......... .......... .......... ......[0m[91m.... 36%  116M 0s
build	07-Jan-2023 17:36:38	   850K .......... .......... .......... .......... .......... 38%  124M 0s
build	07-Jan-2023 17:36:38	   900K .......... .......... .......... ..[0m[91m........ .......... 40% 43.2M 0s
build	07-Jan-2023 17:36:38	   950K .......... .......... ..........[0m[91m .......... .......... 42% 17.8M 0s
build	07-Jan-2023 17:36:38	  1000K .......... .......... .......... .......... .......... 44%  126M 0s
build	07-Jan-2023 17:36:38	  1050K .......... .......... .......... .......... .......... 46%  276M 0s
build	07-Jan-2023 17:36:38	  1100K ........[0m[91m.. ....[0m[91m...... ..........[0m[91m .[0m[91m......... .......... 48% 46.0M 0s
build	07-Jan-2023 17:36:38	  1150K .......... .......... .......... .......... .......... 51%  213M 0s
build	07-Jan-2023 17:36:38	  1200K .......... .......... .......... .......... .......... 53%  117M 0s
build	07-Jan-2023 17:36:38	  1250K .......... .......... .......... .......... .......... 55%  160M 0s
build	07-Jan-2023 17:36:38	  1300K .......... .......... .......... .......... .......... 57%  289M 0s
build	07-Jan-2023 17:36:38	  1350K .......... .......... .......... .......... .......... 59%  227M 0s
build	07-Jan-2023 17:36:38	  1400K .......... .......... .....[0m[91m..... .......... .......... 61%  141M 0s
build	07-Jan-2023 17:36:38	  1450K .......... .......... .......... .........[0m[91m. .......... 63%  116M 0s
build	07-Jan-2023 17:36:38	  1500K .......... .......... .......... .......... .......... 66%  177M 0s
build	07-Jan-2023 17:36:38	  1550K .......... .......... .......... .......... .......... 68%  123M 0s
build	07-Jan-2023 17:36:38	  1600K .......... .......... .......... .......... .......... 70%  145M 0s
build	07-Jan-2023 17:36:38	  1650K .......... .......... .......... .......... .......... 72%  104M 0s
build	07-Jan-2023 17:36:38	  1700K .......... .......... .......... .......... .......... 74%  228M 0s
build	07-Jan-2023 17:36:38	  1750K .......... .......... .......... .......... .......... 76%  179M 0s
build	07-Jan-2023 17:36:38	  1800K .......... .......... .......... .......... .......... 78%  166M 0s
build	07-Jan-2023 17:36:38	  1850K .......... .......... .......... .......... .......... 80%  147M 0s
build	07-Jan-2023 17:36:38	  1900K .......... .......... .......... .......... .......... 83%  210M 0s
build	07-Jan-2023 17:36:38	  1950K .......... .......... .......... .......... .[0m[91m......... 85% 22.9M 0s
build	07-Jan-2023 17:36:38	  2000K .......... .......... .......... .......... .......... 87%  114M 0s
build	07-Jan-2023 17:36:38	  2050K .......... .......... .......... .......... .......... 89%  126M 0s
build	07-Jan-2023 17:36:38	  2100K .......... .......... .......... .......... .......... 91%  222M 0s
build	07-Jan-2023 17:36:38	  2150K .......... .......... .......... .......... .......... 93%  161M 0s
build	07-Jan-2023 17:36:38	  2200K .......... .......... .......... .......... .......... 95%  150M 0s
build	07-Jan-2023 17:36:38	  2250K .......... .......... .......... .......... .......... 97%  219M 0s
build	07-Jan-2023 17:36:38	  2300K .......... .......... .......... .......... ........  100%  195M=0.05s
build	07-Jan-2023 17:36:38	
build	07-Jan-2023 17:36:38	2023-01-07 16:36:38 (42.2 MB/s) - /usr/local/bin/gosu saved [2404352/2404352]
build	07-Jan-2023 17:36:38	
build	07-Jan-2023 17:36:38	[0mRemoving intermediate container 65589924c199
build	07-Jan-2023 17:36:38	 ---> 5d8891288028
build	07-Jan-2023 17:36:38	Step 11/23 : WORKDIR /defaults/artemis
build	07-Jan-2023 17:36:38	 ---> Running in 8e9471c50b8a
build	07-Jan-2023 17:36:38	Removing intermediate container 8e9471c50b8a
build	07-Jan-2023 17:36:38	 ---> 7aa35fac9553
build	07-Jan-2023 17:36:38	Step 12/23 : COPY src/main/resources/config/application*.yml ./
build	07-Jan-2023 17:36:39	 ---> f07f82882da9
build	07-Jan-2023 17:36:39	Step 13/23 : WORKDIR /opt/artemis
build	07-Jan-2023 17:36:39	 ---> Running in 953f27a10800
build	07-Jan-2023 17:36:39	Removing intermediate container 953f27a10800
build	07-Jan-2023 17:36:39	 ---> 7fe8c7b78be6
build	07-Jan-2023 17:36:39	Step 14/23 : ARG WAR_PATH=build/libs
build	07-Jan-2023 17:36:39	 ---> Running in f121fdaf976b
build	07-Jan-2023 17:36:39	Removing intermediate container f121fdaf976b
build	07-Jan-2023 17:36:39	 ---> 284dd4d864bc
build	07-Jan-2023 17:36:39	Step 15/23 : COPY $WAR_PATH/*.war Artemis.war
build	07-Jan-2023 17:36:41	 ---> e2f72af1056f
build	07-Jan-2023 17:36:41	Step 16/23 : COPY bootstrap.sh /bootstrap.sh
build	07-Jan-2023 17:36:41	 ---> 67ffca823b5a
build	07-Jan-2023 17:36:41	Step 17/23 : RUN chmod +x /bootstrap.sh   && useradd -ms /bin/bash artemis
build	07-Jan-2023 17:36:41	 ---> Running in 79a207cfbfe3
build	07-Jan-2023 17:36:42	Removing intermediate container 79a207cfbfe3
build	07-Jan-2023 17:36:42	 ---> eb638bbb4b5c
build	07-Jan-2023 17:36:42	Step 18/23 : RUN mkdir -p /opt/artemis/config /opt/artemis/data /opt/artemis/public/content
build	07-Jan-2023 17:36:42	 ---> Running in 904f71a9fff6
build	07-Jan-2023 17:36:42	Removing intermediate container 904f71a9fff6
build	07-Jan-2023 17:36:42	 ---> 32eb11e8f42d
build	07-Jan-2023 17:36:42	Step 19/23 : VOLUME ["/opt/artemis/config"]
build	07-Jan-2023 17:36:42	 ---> Running in 4696480ef5c4
build	07-Jan-2023 17:36:42	Removing intermediate container 4696480ef5c4
build	07-Jan-2023 17:36:42	 ---> 8779d9b2b34d
build	07-Jan-2023 17:36:42	Step 20/23 : VOLUME ["/opt/artemis/data"]
build	07-Jan-2023 17:36:42	 ---> Running in 093fd12c708c
build	07-Jan-2023 17:36:42	Removing intermediate container 093fd12c708c
build	07-Jan-2023 17:36:42	 ---> b59251add654
build	07-Jan-2023 17:36:42	Step 21/23 : VOLUME ["/opt/artemis/public/content"]
build	07-Jan-2023 17:36:42	 ---> Running in 7043d5bd877f
build	07-Jan-2023 17:36:42	Removing intermediate container 7043d5bd877f
build	07-Jan-2023 17:36:42	 ---> 5ff5ff0dcfaa
build	07-Jan-2023 17:36:42	Step 22/23 : EXPOSE 8080
build	07-Jan-2023 17:36:42	 ---> Running in 7a1bb951c922
build	07-Jan-2023 17:36:42	Removing intermediate container 7a1bb951c922
build	07-Jan-2023 17:36:42	 ---> 4de26d5e22e3
build	07-Jan-2023 17:36:42	Step 23/23 : ENTRYPOINT ["/bin/bash", "/bootstrap.sh"]
build	07-Jan-2023 17:36:42	 ---> Running in 70ee01f7ee3e
build	07-Jan-2023 17:36:43	Removing intermediate container 70ee01f7ee3e
build	07-Jan-2023 17:36:43	 ---> b0969c1e4e0d
build	07-Jan-2023 17:36:43	Successfully built b0969c1e4e0d
build	07-Jan-2023 17:36:43	Successfully tagged artemis:coverage-latest
error	07-Jan-2023 17:36:43	Pulling artemis-mysql   ... 
error	07-Jan-2023 17:36:43	Pulling artemis-app     ... 
error	07-Jan-2023 17:36:43	Pulling artemis-cypress ... 
error	07-Jan-2023 17:36:43	[2A[2K
error	07-Jan-2023 17:36:43	Pulling artemis-app     ... [32mdone[0m
error	07-Jan-2023 17:36:45	[2B[3A[2K
error	07-Jan-2023 17:36:45	Pulling artemis-mysql   ... pulling from library/mysql
error	07-Jan-2023 17:36:45	[3B[3A[2K
error	07-Jan-2023 17:36:45	Pulling artemis-mysql   ... digest: sha256:3d7ae561cf6095f6ac...
error	07-Jan-2023 17:36:45	[3B[3A[2K
error	07-Jan-2023 17:36:45	Pulling artemis-mysql   ... status: image is up to date for m...
error	07-Jan-2023 17:36:45	[3B[3A[2K
error	07-Jan-2023 17:36:45	Pulling artemis-mysql   ... [32mdone[0m
error	07-Jan-2023 17:36:46	[3B[1A[2K
error	07-Jan-2023 17:36:46	Pulling artemis-cypress ... pulling from cypress/browsers
error	07-Jan-2023 17:36:46	[1B[1A[2K
error	07-Jan-2023 17:36:46	Pulling artemis-cypress ... pulling fs layer
error	07-Jan-2023 17:36:46	[1B[1A[2K
error	07-Jan-2023 17:36:46	Pulling artemis-cypress ... pulling fs layer
error	07-Jan-2023 17:36:46	[1B[1A[2K
error	07-Jan-2023 17:36:46	Pulling artemis-cypress ... pulling fs layer
error	07-Jan-2023 17:36:46	[1B[1A[2K
error	07-Jan-2023 17:36:46	Pulling artemis-cypress ... pulling fs layer
error	07-Jan-2023 17:36:46	[1B[1A[2K
error	07-Jan-2023 17:36:46	Pulling artemis-cypress ... pulling fs layer
error	07-Jan-2023 17:36:46	[1B[1A[2K
error	07-Jan-2023 17:36:46	Pulling artemis-cypress ... pulling fs layer
error	07-Jan-2023 17:36:46	[1B[1A[2K
error	07-Jan-2023 17:36:46	Pulling artemis-cypress ... pulling fs layer
error	07-Jan-2023 17:36:46	[1B[1A[2K
error	07-Jan-2023 17:36:46	Pulling artemis-cypress ... pulling fs layer
error	07-Jan-2023 17:36:46	[1B[1A[2K
error	07-Jan-2023 17:36:46	Pulling artemis-cypress ... pulling fs layer
error	07-Jan-2023 17:36:46	[1B[1A[2K
error	07-Jan-2023 17:36:46	Pulling artemis-cypress ... pulling fs layer
error	07-Jan-2023 17:36:46	[1B[1A[2K
error	07-Jan-2023 17:36:46	Pulling artemis-cypress ... pulling fs layer
error	07-Jan-2023 17:36:46	[1B[1A[2K
error	07-Jan-2023 17:36:46	Pulling artemis-cypress ... pulling fs layer
error	07-Jan-2023 17:36:46	[1B[1A[2K
error	07-Jan-2023 17:36:46	Pulling artemis-cypress ... pulling fs layer
error	07-Jan-2023 17:36:46	[1B[1A[2K
error	07-Jan-2023 17:36:46	Pulling artemis-cypress ... pulling fs layer
error	07-Jan-2023 17:36:46	[1B[1A[2K
error	07-Jan-2023 17:36:46	Pulling artemis-cypress ... pulling fs layer
error	07-Jan-2023 17:36:46	[1B[1A[2K
error	07-Jan-2023 17:36:46	Pulling artemis-cypress ... waiting
error	07-Jan-2023 17:36:46	[1B[1A[2K
error	07-Jan-2023 17:36:46	Pulling artemis-cypress ... waiting
error	07-Jan-2023 17:36:46	[1B[1A[2K
error	07-Jan-2023 17:36:46	Pulling artemis-cypress ... waiting
error	07-Jan-2023 17:36:46	[1B[1A[2K
error	07-Jan-2023 17:36:46	Pulling artemis-cypress ... waiting
error	07-Jan-2023 17:36:46	[1B[1A[2K
error	07-Jan-2023 17:36:46	Pulling artemis-cypress ... waiting
error	07-Jan-2023 17:36:46	[1B[1A[2K
error	07-Jan-2023 17:36:46	Pulling artemis-cypress ... waiting
error	07-Jan-2023 17:36:46	[1B[1A[2K
error	07-Jan-2023 17:36:46	Pulling artemis-cypress ... waiting
error	07-Jan-2023 17:36:46	[1B[1A[2K
error	07-Jan-2023 17:36:46	Pulling artemis-cypress ... waiting
error	07-Jan-2023 17:36:46	[1B[1A[2K
error	07-Jan-2023 17:36:46	Pulling artemis-cypress ... waiting
error	07-Jan-2023 17:36:46	[1B[1A[2K
error	07-Jan-2023 17:36:46	Pulling artemis-cypress ... waiting
error	07-Jan-2023 17:36:46	[1B[1A[2K
error	07-Jan-2023 17:36:46	Pulling artemis-cypress ... waiting
error	07-Jan-2023 17:36:46	[1B[1A[2K
error	07-Jan-2023 17:36:46	Pulling artemis-cypress ... waiting
error	07-Jan-2023 17:36:46	[1B[1A[2K
error	07-Jan-2023 17:36:46	Pulling artemis-cypress ... downloading (81.0%)
error	07-Jan-2023 17:36:46	[1B[1A[2K
error	07-Jan-2023 17:36:46	Pulling artemis-cypress ... downloading (100.0%)
error	07-Jan-2023 17:36:46	[1B[1A[2K
error	07-Jan-2023 17:36:46	Pulling artemis-cypress ... verifying checksum
error	07-Jan-2023 17:36:46	[1B[1A[2K
error	07-Jan-2023 17:36:46	Pulling artemis-cypress ... download complete
error	07-Jan-2023 17:36:46	[1B[1A[2K
error	07-Jan-2023 17:36:46	Pulling artemis-cypress ... downloading (1.0%)
error	07-Jan-2023 17:36:46	[1B[1A[2K
error	07-Jan-2023 17:36:46	Pulling artemis-cypress ... downloading (1.0%)
error	07-Jan-2023 17:36:46	[1B[1A[2K
error	07-Jan-2023 17:36:46	Pulling artemis-cypress ... downloading (1.2%)
error	07-Jan-2023 17:36:46	[1B[1A[2K
error	07-Jan-2023 17:36:46	Pulling artemis-cypress ... verifying checksum
error	07-Jan-2023 17:36:46	[1B[1A[2K
error	07-Jan-2023 17:36:46	Pulling artemis-cypress ... download complete
error	07-Jan-2023 17:36:46	[1B[1A[2K
error	07-Jan-2023 17:36:46	Pulling artemis-cypress ... downloading (53.3%)
error	07-Jan-2023 17:36:46	[1B[1A[2K
error	07-Jan-2023 17:36:46	Pulling artemis-cypress ... downloading (19.5%)
error	07-Jan-2023 17:36:46	[1B[1A[2K
error	07-Jan-2023 17:36:46	Pulling artemis-cypress ... downloading (100.0%)
error	07-Jan-2023 17:36:46	[1B[1A[2K
error	07-Jan-2023 17:36:46	Pulling artemis-cypress ... verifying checksum
error	07-Jan-2023 17:36:46	[1B[1A[2K
error	07-Jan-2023 17:36:46	Pulling artemis-cypress ... download complete
error	07-Jan-2023 17:36:46	[1B[1A[2K
error	07-Jan-2023 17:36:46	Pulling artemis-cypress ... download complete
error	07-Jan-2023 17:36:46	[1B[1A[2K
error	07-Jan-2023 17:36:46	Pulling artemis-cypress ... downloading (52.4%)
error	07-Jan-2023 17:36:46	[1B[1A[2K
error	07-Jan-2023 17:36:46	Pulling artemis-cypress ... downloading (0.3%)
error	07-Jan-2023 17:36:46	[1B[1A[2K
error	07-Jan-2023 17:36:46	Pulling artemis-cypress ... extracting (1.0%)
error	07-Jan-2023 17:36:46	[1B[1A[2K
error	07-Jan-2023 17:36:46	Pulling artemis-cypress ... downloading (1.3%)
error	07-Jan-2023 17:36:46	[1B[1A[2K
error	07-Jan-2023 17:36:46	Pulling artemis-cypress ... downloading (81.2%)
error	07-Jan-2023 17:36:46	[1B[1A[2K
error	07-Jan-2023 17:36:46	Pulling artemis-cypress ... verifying checksum
error	07-Jan-2023 17:36:46	[1B[1A[2K
error	07-Jan-2023 17:36:46	Pulling artemis-cypress ... download complete
error	07-Jan-2023 17:36:46	[1B[1A[2K
error	07-Jan-2023 17:36:46	Pulling artemis-cypress ... downloading (6.8%)
error	07-Jan-2023 17:36:46	[1B[1A[2K
error	07-Jan-2023 17:36:46	Pulling artemis-cypress ... extracting (11.5%)
error	07-Jan-2023 17:36:46	[1B[1A[2K
error	07-Jan-2023 17:36:46	Pulling artemis-cypress ... verifying checksum
error	07-Jan-2023 17:36:46	[1B[1A[2K
error	07-Jan-2023 17:36:46	Pulling artemis-cypress ... download complete
error	07-Jan-2023 17:36:46	[1B[1A[2K
error	07-Jan-2023 17:36:46	Pulling artemis-cypress ... download complete
error	07-Jan-2023 17:36:46	[1B[1A[2K
error	07-Jan-2023 17:36:46	Pulling artemis-cypress ... downloading (14.7%)
error	07-Jan-2023 17:36:46	[1B[1A[2K
error	07-Jan-2023 17:36:46	Pulling artemis-cypress ... download complete
error	07-Jan-2023 17:36:46	[1B[1A[2K
error	07-Jan-2023 17:36:46	Pulling artemis-cypress ... extracting (27.2%)
error	07-Jan-2023 17:36:46	[1B[1A[2K
error	07-Jan-2023 17:36:46	Pulling artemis-cypress ... download complete
error	07-Jan-2023 17:36:47	[1B[1A[2K
error	07-Jan-2023 17:36:47	Pulling artemis-cypress ... downloading (6.3%)
error	07-Jan-2023 17:36:47	[1B[1A[2K
error	07-Jan-2023 17:36:47	Pulling artemis-cypress ... downloading (100.0%)
error	07-Jan-2023 17:36:47	[1B[1A[2K
error	07-Jan-2023 17:36:47	Pulling artemis-cypress ... verifying checksum
error	07-Jan-2023 17:36:47	[1B[1A[2K
error	07-Jan-2023 17:36:47	Pulling artemis-cypress ... download complete
error	07-Jan-2023 17:36:47	[1B[1A[2K
error	07-Jan-2023 17:36:47	Pulling artemis-cypress ... downloading (0.6%)
error	07-Jan-2023 17:36:47	[1B[1A[2K
error	07-Jan-2023 17:36:47	Pulling artemis-cypress ... downloading (21.7%)
error	07-Jan-2023 17:36:47	[1B[1A[2K
error	07-Jan-2023 17:36:47	Pulling artemis-cypress ... extracting (39.7%)
error	07-Jan-2023 17:36:47	[1B[1A[2K
error	07-Jan-2023 17:36:47	Pulling artemis-cypress ... downloading (0.4%)
error	07-Jan-2023 17:36:47	[1B[1A[2K
error	07-Jan-2023 17:36:47	Pulling artemis-cypress ... downloading (9.8%)
error	07-Jan-2023 17:36:47	[1B[1A[2K
error	07-Jan-2023 17:36:47	Pulling artemis-cypress ... downloading (29.1%)
error	07-Jan-2023 17:36:47	[1B[1A[2K
error	07-Jan-2023 17:36:47	Pulling artemis-cypress ... extracting (49.1%)
error	07-Jan-2023 17:36:47	[1B[1A[2K
error	07-Jan-2023 17:36:47	Pulling artemis-cypress ... downloading (8.7%)
error	07-Jan-2023 17:36:47	[1B[1A[2K
error	07-Jan-2023 17:36:47	Pulling artemis-cypress ... downloading (20.1%)
error	07-Jan-2023 17:36:47	[1B[1A[2K
error	07-Jan-2023 17:36:47	Pulling artemis-cypress ... downloading (34.6%)
error	07-Jan-2023 17:36:47	[1B[1A[2K
error	07-Jan-2023 17:36:47	Pulling artemis-cypress ... extracting (55.4%)
error	07-Jan-2023 17:36:47	[1B[1A[2K
error	07-Jan-2023 17:36:47	Pulling artemis-cypress ... downloading (17.0%)
error	07-Jan-2023 17:36:47	[1B[1A[2K
error	07-Jan-2023 17:36:47	Pulling artemis-cypress ... downloading (30.5%)
error	07-Jan-2023 17:36:47	[1B[1A[2K
error	07-Jan-2023 17:36:47	Pulling artemis-cypress ... downloading (40.8%)
error	07-Jan-2023 17:36:47	[1B[1A[2K
error	07-Jan-2023 17:36:47	Pulling artemis-cypress ... extracting (68.9%)
error	07-Jan-2023 17:36:47	[1B[1A[2K
error	07-Jan-2023 17:36:47	Pulling artemis-cypress ... downloading (27.8%)
error	07-Jan-2023 17:36:47	[1B[1A[2K
error	07-Jan-2023 17:36:47	Pulling artemis-cypress ... downloading (36.8%)
error	07-Jan-2023 17:36:47	[1B[1A[2K
error	07-Jan-2023 17:36:47	Pulling artemis-cypress ... downloading (48.4%)
error	07-Jan-2023 17:36:47	[1B[1A[2K
error	07-Jan-2023 17:36:47	Pulling artemis-cypress ... extracting (82.5%)
error	07-Jan-2023 17:36:47	[1B[1A[2K
error	07-Jan-2023 17:36:47	Pulling artemis-cypress ... downloading (39.0%)
error	07-Jan-2023 17:36:47	[1B[1A[2K
error	07-Jan-2023 17:36:47	Pulling artemis-cypress ... downloading (46.0%)
error	07-Jan-2023 17:36:47	[1B[1A[2K
error	07-Jan-2023 17:36:47	Pulling artemis-cypress ... downloading (55.8%)
error	07-Jan-2023 17:36:47	[1B[1A[2K
error	07-Jan-2023 17:36:47	Pulling artemis-cypress ... extracting (90.9%)
error	07-Jan-2023 17:36:47	[1B[1A[2K
error	07-Jan-2023 17:36:47	Pulling artemis-cypress ... downloading (49.8%)
error	07-Jan-2023 17:36:47	[1B[1A[2K
error	07-Jan-2023 17:36:47	Pulling artemis-cypress ... downloading (58.1%)
error	07-Jan-2023 17:36:47	[1B[1A[2K
error	07-Jan-2023 17:36:47	Pulling artemis-cypress ... downloading (62.8%)
error	07-Jan-2023 17:36:47	[1B[1A[2K
error	07-Jan-2023 17:36:47	Pulling artemis-cypress ... downloading (59.4%)
error	07-Jan-2023 17:36:47	[1B[1A[2K
error	07-Jan-2023 17:36:47	Pulling artemis-cypress ... downloading (69.6%)
error	07-Jan-2023 17:36:47	[1B[1A[2K
error	07-Jan-2023 17:36:47	Pulling artemis-cypress ... downloading (68.4%)
error	07-Jan-2023 17:36:47	[1B[1A[2K
error	07-Jan-2023 17:36:47	Pulling artemis-cypress ... extracting (95.1%)
error	07-Jan-2023 17:36:47	[1B[1A[2K
error	07-Jan-2023 17:36:47	Pulling artemis-cypress ... downloading (71.0%)
error	07-Jan-2023 17:36:47	[1B[1A[2K
error	07-Jan-2023 17:36:47	Pulling artemis-cypress ... downloading (82.2%)
error	07-Jan-2023 17:36:47	[1B[1A[2K
error	07-Jan-2023 17:36:47	Pulling artemis-cypress ... downloading (78.0%)
error	07-Jan-2023 17:36:47	[1B[1A[2K
error	07-Jan-2023 17:36:47	Pulling artemis-cypress ... downloading (82.2%)
error	07-Jan-2023 17:36:47	[1B[1A[2K
error	07-Jan-2023 17:36:47	Pulling artemis-cypress ... extracting (97.2%)
error	07-Jan-2023 17:36:47	[1B[1A[2K
error	07-Jan-2023 17:36:47	Pulling artemis-cypress ... verifying checksum
error	07-Jan-2023 17:36:47	[1B[1A[2K
error	07-Jan-2023 17:36:47	Pulling artemis-cypress ... download complete
error	07-Jan-2023 17:36:47	[1B[1A[2K
error	07-Jan-2023 17:36:47	Pulling artemis-cypress ... downloading (85.4%)
error	07-Jan-2023 17:36:48	[1B[1A[2K
error	07-Jan-2023 17:36:48	Pulling artemis-cypress ... downloading (0.6%)
error	07-Jan-2023 17:36:48	[1B[1A[2K
error	07-Jan-2023 17:36:48	Pulling artemis-cypress ... downloading (95.1%)
error	07-Jan-2023 17:36:48	[1B[1A[2K
error	07-Jan-2023 17:36:48	Pulling artemis-cypress ... extracting (100.0%)
error	07-Jan-2023 17:36:48	[1B[1A[2K
error	07-Jan-2023 17:36:48	Pulling artemis-cypress ... download complete
error	07-Jan-2023 17:36:48	[1B[1A[2K
error	07-Jan-2023 17:36:48	Pulling artemis-cypress ... downloading (93.7%)
error	07-Jan-2023 17:36:48	[1B[1A[2K
error	07-Jan-2023 17:36:48	Pulling artemis-cypress ... downloading (100.0%)
error	07-Jan-2023 17:36:48	[1B[1A[2K
error	07-Jan-2023 17:36:48	Pulling artemis-cypress ... verifying checksum
error	07-Jan-2023 17:36:48	[1B[1A[2K
error	07-Jan-2023 17:36:48	Pulling artemis-cypress ... download complete
error	07-Jan-2023 17:36:48	[1B[1A[2K
error	07-Jan-2023 17:36:48	Pulling artemis-cypress ... pull complete
error	07-Jan-2023 17:36:48	[1B[1A[2K
error	07-Jan-2023 17:36:48	Pulling artemis-cypress ... downloading (19.4%)
error	07-Jan-2023 17:36:48	[1B[1A[2K
error	07-Jan-2023 17:36:48	Pulling artemis-cypress ... extracting (100.0%)
error	07-Jan-2023 17:36:48	[1B[1A[2K
error	07-Jan-2023 17:36:48	Pulling artemis-cypress ... extracting (100.0%)
error	07-Jan-2023 17:36:48	[1B[1A[2K
error	07-Jan-2023 17:36:48	Pulling artemis-cypress ... verifying checksum
error	07-Jan-2023 17:36:48	[1B[1A[2K
error	07-Jan-2023 17:36:48	Pulling artemis-cypress ... download complete
error	07-Jan-2023 17:36:48	[1B[1A[2K
error	07-Jan-2023 17:36:48	Pulling artemis-cypress ... pull complete
error	07-Jan-2023 17:36:48	[1B[1A[2K
error	07-Jan-2023 17:36:48	Pulling artemis-cypress ... downloading (38.9%)
error	07-Jan-2023 17:36:48	[1B[1A[2K
error	07-Jan-2023 17:36:48	Pulling artemis-cypress ... extracting (1.1%)
error	07-Jan-2023 17:36:48	[1B[1A[2K
error	07-Jan-2023 17:36:48	Pulling artemis-cypress ... downloading (57.7%)
error	07-Jan-2023 17:36:48	[1B[1A[2K
error	07-Jan-2023 17:36:48	Pulling artemis-cypress ... extracting (13.8%)
error	07-Jan-2023 17:36:48	[1B[1A[2K
error	07-Jan-2023 17:36:48	Pulling artemis-cypress ... downloading (74.8%)
error	07-Jan-2023 17:36:48	[1B[1A[2K
error	07-Jan-2023 17:36:48	Pulling artemis-cypress ... extracting (26.6%)
error	07-Jan-2023 17:36:48	[1B[1A[2K
error	07-Jan-2023 17:36:48	Pulling artemis-cypress ... downloading (91.8%)
error	07-Jan-2023 17:36:48	[1B[1A[2K
error	07-Jan-2023 17:36:48	Pulling artemis-cypress ... extracting (37.2%)
error	07-Jan-2023 17:36:48	[1B[1A[2K
error	07-Jan-2023 17:36:48	Pulling artemis-cypress ... verifying checksum
error	07-Jan-2023 17:36:48	[1B[1A[2K
error	07-Jan-2023 17:36:48	Pulling artemis-cypress ... download complete
error	07-Jan-2023 17:36:48	[1B[1A[2K
error	07-Jan-2023 17:36:48	Pulling artemis-cypress ... extracting (54.2%)
error	07-Jan-2023 17:36:48	[1B[1A[2K
error	07-Jan-2023 17:36:48	Pulling artemis-cypress ... extracting (68.0%)
error	07-Jan-2023 17:36:48	[1B[1A[2K
error	07-Jan-2023 17:36:48	Pulling artemis-cypress ... extracting (74.4%)
error	07-Jan-2023 17:36:49	[1B[1A[2K
error	07-Jan-2023 17:36:49	Pulling artemis-cypress ... extracting (77.6%)
error	07-Jan-2023 17:36:49	[1B[1A[2K
error	07-Jan-2023 17:36:49	Pulling artemis-cypress ... extracting (81.8%)
error	07-Jan-2023 17:36:49	[1B[1A[2K
error	07-Jan-2023 17:36:49	Pulling artemis-cypress ... extracting (86.1%)
error	07-Jan-2023 17:36:49	[1B[1A[2K
error	07-Jan-2023 17:36:49	Pulling artemis-cypress ... extracting (90.3%)
error	07-Jan-2023 17:36:49	[1B[1A[2K
error	07-Jan-2023 17:36:49	Pulling artemis-cypress ... extracting (93.5%)
error	07-Jan-2023 17:36:49	[1B[1A[2K
error	07-Jan-2023 17:36:49	Pulling artemis-cypress ... extracting (96.7%)
error	07-Jan-2023 17:36:49	[1B[1A[2K
error	07-Jan-2023 17:36:49	Pulling artemis-cypress ... extracting (99.9%)
error	07-Jan-2023 17:36:49	[1B[1A[2K
error	07-Jan-2023 17:36:49	Pulling artemis-cypress ... extracting (100.0%)
error	07-Jan-2023 17:36:49	[1B[1A[2K
error	07-Jan-2023 17:36:49	Pulling artemis-cypress ... pull complete
error	07-Jan-2023 17:36:49	[1B[1A[2K
error	07-Jan-2023 17:36:49	Pulling artemis-cypress ... extracting (1.2%)
error	07-Jan-2023 17:36:49	[1B[1A[2K
error	07-Jan-2023 17:36:49	Pulling artemis-cypress ... extracting (100.0%)
error	07-Jan-2023 17:36:49	[1B[1A[2K
error	07-Jan-2023 17:36:49	Pulling artemis-cypress ... pull complete
error	07-Jan-2023 17:36:49	[1B[1A[2K
error	07-Jan-2023 17:36:49	Pulling artemis-cypress ... extracting (100.0%)
error	07-Jan-2023 17:36:49	[1B[1A[2K
error	07-Jan-2023 17:36:49	Pulling artemis-cypress ... extracting (100.0%)
error	07-Jan-2023 17:36:49	[1B[1A[2K
error	07-Jan-2023 17:36:49	Pulling artemis-cypress ... pull complete
error	07-Jan-2023 17:36:49	[1B[1A[2K
error	07-Jan-2023 17:36:49	Pulling artemis-cypress ... extracting (0.3%)
error	07-Jan-2023 17:36:50	[1B[1A[2K
error	07-Jan-2023 17:36:50	Pulling artemis-cypress ... extracting (2.4%)
error	07-Jan-2023 17:36:50	[1B[1A[2K
error	07-Jan-2023 17:36:50	Pulling artemis-cypress ... extracting (5.7%)
error	07-Jan-2023 17:36:50	[1B[1A[2K
error	07-Jan-2023 17:36:50	Pulling artemis-cypress ... extracting (6.7%)
error	07-Jan-2023 17:36:50	[1B[1A[2K
error	07-Jan-2023 17:36:50	Pulling artemis-cypress ... extracting (7.6%)
error	07-Jan-2023 17:36:50	[1B[1A[2K
error	07-Jan-2023 17:36:50	Pulling artemis-cypress ... extracting (9.2%)
error	07-Jan-2023 17:36:50	[1B[1A[2K
error	07-Jan-2023 17:36:50	Pulling artemis-cypress ... extracting (10.5%)
error	07-Jan-2023 17:36:50	[1B[1A[2K
error	07-Jan-2023 17:36:50	Pulling artemis-cypress ... extracting (14.0%)
error	07-Jan-2023 17:36:50	[1B[1A[2K
error	07-Jan-2023 17:36:50	Pulling artemis-cypress ... extracting (17.3%)
error	07-Jan-2023 17:36:50	[1B[1A[2K
error	07-Jan-2023 17:36:50	Pulling artemis-cypress ... extracting (20.0%)
error	07-Jan-2023 17:36:51	[1B[1A[2K
error	07-Jan-2023 17:36:51	Pulling artemis-cypress ... extracting (23.5%)
error	07-Jan-2023 17:36:51	[1B[1A[2K
error	07-Jan-2023 17:36:51	Pulling artemis-cypress ... extracting (26.7%)
error	07-Jan-2023 17:36:51	[1B[1A[2K
error	07-Jan-2023 17:36:51	Pulling artemis-cypress ... extracting (28.6%)
error	07-Jan-2023 17:36:51	[1B[1A[2K
error	07-Jan-2023 17:36:51	Pulling artemis-cypress ... extracting (30.5%)
error	07-Jan-2023 17:36:51	[1B[1A[2K
error	07-Jan-2023 17:36:51	Pulling artemis-cypress ... extracting (32.9%)
error	07-Jan-2023 17:36:51	[1B[1A[2K
error	07-Jan-2023 17:36:51	Pulling artemis-cypress ... extracting (35.3%)
error	07-Jan-2023 17:36:51	[1B[1A[2K
error	07-Jan-2023 17:36:51	Pulling artemis-cypress ... extracting (38.3%)
error	07-Jan-2023 17:36:51	[1B[1A[2K
error	07-Jan-2023 17:36:51	Pulling artemis-cypress ... extracting (40.5%)
error	07-Jan-2023 17:36:51	[1B[1A[2K
error	07-Jan-2023 17:36:51	Pulling artemis-cypress ... extracting (43.7%)
error	07-Jan-2023 17:36:52	[1B[1A[2K
error	07-Jan-2023 17:36:52	Pulling artemis-cypress ... extracting (46.9%)
error	07-Jan-2023 17:36:52	[1B[1A[2K
error	07-Jan-2023 17:36:52	Pulling artemis-cypress ... extracting (49.1%)
error	07-Jan-2023 17:36:52	[1B[1A[2K
error	07-Jan-2023 17:36:52	Pulling artemis-cypress ... extracting (52.3%)
error	07-Jan-2023 17:36:52	[1B[1A[2K
error	07-Jan-2023 17:36:52	Pulling artemis-cypress ... extracting (56.1%)
error	07-Jan-2023 17:36:52	[1B[1A[2K
error	07-Jan-2023 17:36:52	Pulling artemis-cypress ... extracting (57.7%)
error	07-Jan-2023 17:36:52	[1B[1A[2K
error	07-Jan-2023 17:36:52	Pulling artemis-cypress ... extracting (59.1%)
error	07-Jan-2023 17:36:52	[1B[1A[2K
error	07-Jan-2023 17:36:52	Pulling artemis-cypress ... extracting (59.6%)
error	07-Jan-2023 17:36:52	[1B[1A[2K
error	07-Jan-2023 17:36:52	Pulling artemis-cypress ... extracting (62.9%)
error	07-Jan-2023 17:36:52	[1B[1A[2K
error	07-Jan-2023 17:36:52	Pulling artemis-cypress ... extracting (68.0%)
error	07-Jan-2023 17:36:52	[1B[1A[2K
error	07-Jan-2023 17:36:52	Pulling artemis-cypress ... extracting (72.3%)
error	07-Jan-2023 17:36:53	[1B[1A[2K
error	07-Jan-2023 17:36:53	Pulling artemis-cypress ... extracting (75.8%)
error	07-Jan-2023 17:36:53	[1B[1A[2K
error	07-Jan-2023 17:36:53	Pulling artemis-cypress ... extracting (79.3%)
error	07-Jan-2023 17:36:53	[1B[1A[2K
error	07-Jan-2023 17:36:53	Pulling artemis-cypress ... extracting (85.0%)
error	07-Jan-2023 17:36:53	[1B[1A[2K
error	07-Jan-2023 17:36:53	Pulling artemis-cypress ... extracting (88.8%)
error	07-Jan-2023 17:36:53	[1B[1A[2K
error	07-Jan-2023 17:36:53	Pulling artemis-cypress ... extracting (91.2%)
error	07-Jan-2023 17:36:53	[1B[1A[2K
error	07-Jan-2023 17:36:53	Pulling artemis-cypress ... extracting (92.0%)
error	07-Jan-2023 17:36:53	[1B[1A[2K
error	07-Jan-2023 17:36:53	Pulling artemis-cypress ... extracting (94.1%)
error	07-Jan-2023 17:36:53	[1B[1A[2K
error	07-Jan-2023 17:36:53	Pulling artemis-cypress ... extracting (95.8%)
error	07-Jan-2023 17:36:54	[1B[1A[2K
error	07-Jan-2023 17:36:54	Pulling artemis-cypress ... extracting (96.6%)
error	07-Jan-2023 17:36:54	[1B[1A[2K
error	07-Jan-2023 17:36:54	Pulling artemis-cypress ... extracting (97.1%)
error	07-Jan-2023 17:36:54	[1B[1A[2K
error	07-Jan-2023 17:36:54	Pulling artemis-cypress ... extracting (98.2%)
error	07-Jan-2023 17:36:54	[1B[1A[2K
error	07-Jan-2023 17:36:54	Pulling artemis-cypress ... extracting (99.3%)
error	07-Jan-2023 17:36:54	[1B[1A[2K
error	07-Jan-2023 17:36:54	Pulling artemis-cypress ... extracting (100.0%)
error	07-Jan-2023 17:36:54	[1B[1A[2K
error	07-Jan-2023 17:36:54	Pulling artemis-cypress ... pull complete
error	07-Jan-2023 17:36:54	[1B[1A[2K
error	07-Jan-2023 17:36:54	Pulling artemis-cypress ... extracting (1.7%)
error	07-Jan-2023 17:36:54	[1B[1A[2K
error	07-Jan-2023 17:36:54	Pulling artemis-cypress ... extracting (80.5%)
error	07-Jan-2023 17:36:55	[1B[1A[2K
error	07-Jan-2023 17:36:55	Pulling artemis-cypress ... extracting (100.0%)
error	07-Jan-2023 17:36:55	[1B[1A[2K
error	07-Jan-2023 17:36:55	Pulling artemis-cypress ... pull complete
error	07-Jan-2023 17:36:55	[1B[1A[2K
error	07-Jan-2023 17:36:55	Pulling artemis-cypress ... extracting (100.0%)
error	07-Jan-2023 17:36:55	[1B[1A[2K
error	07-Jan-2023 17:36:55	Pulling artemis-cypress ... extracting (100.0%)
error	07-Jan-2023 17:36:55	[1B[1A[2K
error	07-Jan-2023 17:36:55	Pulling artemis-cypress ... pull complete
error	07-Jan-2023 17:36:55	[1B[1A[2K
error	07-Jan-2023 17:36:55	Pulling artemis-cypress ... extracting (100.0%)
error	07-Jan-2023 17:36:55	[1B[1A[2K
error	07-Jan-2023 17:36:55	Pulling artemis-cypress ... extracting (100.0%)
error	07-Jan-2023 17:36:55	[1B[1A[2K
error	07-Jan-2023 17:36:55	Pulling artemis-cypress ... pull complete
error	07-Jan-2023 17:36:55	[1B[1A[2K
error	07-Jan-2023 17:36:55	Pulling artemis-cypress ... extracting (100.0%)
error	07-Jan-2023 17:36:55	[1B[1A[2K
error	07-Jan-2023 17:36:55	Pulling artemis-cypress ... extracting (100.0%)
error	07-Jan-2023 17:36:55	[1B[1A[2K
error	07-Jan-2023 17:36:55	Pulling artemis-cypress ... pull complete
error	07-Jan-2023 17:36:55	[1B[1A[2K
error	07-Jan-2023 17:36:55	Pulling artemis-cypress ... extracting (0.6%)
error	07-Jan-2023 17:36:55	[1B[1A[2K
error	07-Jan-2023 17:36:55	Pulling artemis-cypress ... extracting (7.7%)
error	07-Jan-2023 17:36:55	[1B[1A[2K
error	07-Jan-2023 17:36:55	Pulling artemis-cypress ... extracting (16.6%)
error	07-Jan-2023 17:36:55	[1B[1A[2K
error	07-Jan-2023 17:36:55	Pulling artemis-cypress ... extracting (23.7%)
error	07-Jan-2023 17:36:55	[1B[1A[2K
error	07-Jan-2023 17:36:55	Pulling artemis-cypress ... extracting (31.4%)
error	07-Jan-2023 17:36:55	[1B[1A[2K
error	07-Jan-2023 17:36:55	Pulling artemis-cypress ... extracting (38.5%)
error	07-Jan-2023 17:36:55	[1B[1A[2K
error	07-Jan-2023 17:36:55	Pulling artemis-cypress ... extracting (45.6%)
error	07-Jan-2023 17:36:55	[1B[1A[2K
error	07-Jan-2023 17:36:55	Pulling artemis-cypress ... extracting (53.3%)
error	07-Jan-2023 17:36:56	[1B[1A[2K
error	07-Jan-2023 17:36:56	Pulling artemis-cypress ... extracting (63.4%)
error	07-Jan-2023 17:36:56	[1B[1A[2K
error	07-Jan-2023 17:36:56	Pulling artemis-cypress ... extracting (68.1%)
error	07-Jan-2023 17:36:56	[1B[1A[2K
error	07-Jan-2023 17:36:56	Pulling artemis-cypress ... extracting (74.1%)
error	07-Jan-2023 17:36:56	[1B[1A[2K
error	07-Jan-2023 17:36:56	Pulling artemis-cypress ... extracting (77.6%)
error	07-Jan-2023 17:36:56	[1B[1A[2K
error	07-Jan-2023 17:36:56	Pulling artemis-cypress ... extracting (83.0%)
error	07-Jan-2023 17:36:56	[1B[1A[2K
error	07-Jan-2023 17:36:56	Pulling artemis-cypress ... extracting (85.3%)
error	07-Jan-2023 17:36:56	[1B[1A[2K
error	07-Jan-2023 17:36:56	Pulling artemis-cypress ... extracting (87.1%)
error	07-Jan-2023 17:36:56	[1B[1A[2K
error	07-Jan-2023 17:36:56	Pulling artemis-cypress ... extracting (90.7%)
error	07-Jan-2023 17:36:57	[1B[1A[2K
error	07-Jan-2023 17:36:57	Pulling artemis-cypress ... extracting (93.6%)
error	07-Jan-2023 17:36:57	[1B[1A[2K
error	07-Jan-2023 17:36:57	Pulling artemis-cypress ... extracting (97.8%)
error	07-Jan-2023 17:36:57	[1B[1A[2K
error	07-Jan-2023 17:36:57	Pulling artemis-cypress ... extracting (100.0%)
error	07-Jan-2023 17:36:57	[1B[1A[2K
error	07-Jan-2023 17:36:57	Pulling artemis-cypress ... pull complete
error	07-Jan-2023 17:36:57	[1B[1A[2K
error	07-Jan-2023 17:36:57	Pulling artemis-cypress ... extracting (61.2%)
error	07-Jan-2023 17:36:57	[1B[1A[2K
error	07-Jan-2023 17:36:57	Pulling artemis-cypress ... extracting (100.0%)
error	07-Jan-2023 17:36:57	[1B[1A[2K
error	07-Jan-2023 17:36:57	Pulling artemis-cypress ... pull complete
error	07-Jan-2023 17:36:57	[1B[1A[2K
error	07-Jan-2023 17:36:57	Pulling artemis-cypress ... extracting (0.4%)
error	07-Jan-2023 17:36:57	[1B[1A[2K
error	07-Jan-2023 17:36:57	Pulling artemis-cypress ... extracting (6.8%)
error	07-Jan-2023 17:36:57	[1B[1A[2K
error	07-Jan-2023 17:36:57	Pulling artemis-cypress ... extracting (12.0%)
error	07-Jan-2023 17:36:57	[1B[1A[2K
error	07-Jan-2023 17:36:57	Pulling artemis-cypress ... extracting (18.8%)
error	07-Jan-2023 17:36:57	[1B[1A[2K
error	07-Jan-2023 17:36:57	Pulling artemis-cypress ... extracting (25.2%)
error	07-Jan-2023 17:36:58	[1B[1A[2K
error	07-Jan-2023 17:36:58	Pulling artemis-cypress ... extracting (32.5%)
error	07-Jan-2023 17:36:58	[1B[1A[2K
error	07-Jan-2023 17:36:58	Pulling artemis-cypress ... extracting (38.5%)
error	07-Jan-2023 17:36:58	[1B[1A[2K
error	07-Jan-2023 17:36:58	Pulling artemis-cypress ... extracting (44.1%)
error	07-Jan-2023 17:36:58	[1B[1A[2K
error	07-Jan-2023 17:36:58	Pulling artemis-cypress ... extracting (50.0%)
error	07-Jan-2023 17:36:58	[1B[1A[2K
error	07-Jan-2023 17:36:58	Pulling artemis-cypress ... extracting (56.0%)
error	07-Jan-2023 17:36:58	[1B[1A[2K
error	07-Jan-2023 17:36:58	Pulling artemis-cypress ... extracting (62.5%)
error	07-Jan-2023 17:36:58	[1B[1A[2K
error	07-Jan-2023 17:36:58	Pulling artemis-cypress ... extracting (69.3%)
error	07-Jan-2023 17:36:58	[1B[1A[2K
error	07-Jan-2023 17:36:58	Pulling artemis-cypress ... extracting (74.4%)
error	07-Jan-2023 17:36:58	[1B[1A[2K
error	07-Jan-2023 17:36:58	Pulling artemis-cypress ... extracting (78.7%)
error	07-Jan-2023 17:36:58	[1B[1A[2K
error	07-Jan-2023 17:36:58	Pulling artemis-cypress ... extracting (83.4%)
error	07-Jan-2023 17:36:59	[1B[1A[2K
error	07-Jan-2023 17:36:59	Pulling artemis-cypress ... extracting (87.7%)
error	07-Jan-2023 17:36:59	[1B[1A[2K
error	07-Jan-2023 17:36:59	Pulling artemis-cypress ... extracting (91.1%)
error	07-Jan-2023 17:36:59	[1B[1A[2K
error	07-Jan-2023 17:36:59	Pulling artemis-cypress ... extracting (96.2%)
error	07-Jan-2023 17:36:59	[1B[1A[2K
error	07-Jan-2023 17:36:59	Pulling artemis-cypress ... extracting (100.0%)
error	07-Jan-2023 17:36:59	[1B[1A[2K
error	07-Jan-2023 17:36:59	Pulling artemis-cypress ... pull complete
error	07-Jan-2023 17:36:59	[1B[1A[2K
error	07-Jan-2023 17:36:59	Pulling artemis-cypress ... extracting (0.6%)
error	07-Jan-2023 17:36:59	[1B[1A[2K
error	07-Jan-2023 17:36:59	Pulling artemis-cypress ... extracting (6.9%)
error	07-Jan-2023 17:36:59	[1B[1A[2K
error	07-Jan-2023 17:36:59	Pulling artemis-cypress ... extracting (11.3%)
error	07-Jan-2023 17:36:59	[1B[1A[2K
error	07-Jan-2023 17:36:59	Pulling artemis-cypress ... extracting (18.2%)
error	07-Jan-2023 17:36:59	[1B[1A[2K
error	07-Jan-2023 17:36:59	Pulling artemis-cypress ... extracting (25.0%)
error	07-Jan-2023 17:36:59	[1B[1A[2K
error	07-Jan-2023 17:36:59	Pulling artemis-cypress ... extracting (32.6%)
error	07-Jan-2023 17:37:00	[1B[1A[2K
error	07-Jan-2023 17:37:00	Pulling artemis-cypress ... extracting (42.0%)
error	07-Jan-2023 17:37:00	[1B[1A[2K
error	07-Jan-2023 17:37:00	Pulling artemis-cypress ... extracting (48.8%)
error	07-Jan-2023 17:37:00	[1B[1A[2K
error	07-Jan-2023 17:37:00	Pulling artemis-cypress ... extracting (57.0%)
error	07-Jan-2023 17:37:00	[1B[1A[2K
error	07-Jan-2023 17:37:00	Pulling artemis-cypress ... extracting (65.1%)
error	07-Jan-2023 17:37:00	[1B[1A[2K
error	07-Jan-2023 17:37:00	Pulling artemis-cypress ... extracting (70.8%)
error	07-Jan-2023 17:37:00	[1B[1A[2K
error	07-Jan-2023 17:37:00	Pulling artemis-cypress ... extracting (77.0%)
error	07-Jan-2023 17:37:00	[1B[1A[2K
error	07-Jan-2023 17:37:00	Pulling artemis-cypress ... extracting (84.5%)
error	07-Jan-2023 17:37:00	[1B[1A[2K
error	07-Jan-2023 17:37:00	Pulling artemis-cypress ... extracting (89.5%)
error	07-Jan-2023 17:37:00	[1B[1A[2K
error	07-Jan-2023 17:37:00	Pulling artemis-cypress ... extracting (95.8%)
error	07-Jan-2023 17:37:00	[1B[1A[2K
error	07-Jan-2023 17:37:00	Pulling artemis-cypress ... extracting (100.0%)
error	07-Jan-2023 17:37:01	[1B[1A[2K
error	07-Jan-2023 17:37:01	Pulling artemis-cypress ... pull complete
error	07-Jan-2023 17:37:01	[1B[1A[2K
error	07-Jan-2023 17:37:01	Pulling artemis-cypress ... extracting (100.0%)
error	07-Jan-2023 17:37:01	[1B[1A[2K
error	07-Jan-2023 17:37:01	Pulling artemis-cypress ... extracting (100.0%)
error	07-Jan-2023 17:37:01	[1B[1A[2K
error	07-Jan-2023 17:37:01	Pulling artemis-cypress ... pull complete
error	07-Jan-2023 17:37:01	[1B[1A[2K
error	07-Jan-2023 17:37:01	Pulling artemis-cypress ... digest: sha256:b47b4ebaab7cd2de0d...
error	07-Jan-2023 17:37:01	[1B[1A[2K
error	07-Jan-2023 17:37:01	Pulling artemis-cypress ... status: downloaded newer image fo...
error	07-Jan-2023 17:37:01	[1B[1A[2K
error	07-Jan-2023 17:37:01	Pulling artemis-cypress ... [32mdone[0m
error	07-Jan-2023 17:37:01	[1Bartemis-mysql uses an image, skipping
error	07-Jan-2023 17:37:01	Building artemis-app
build	07-Jan-2023 17:37:10	Step 1/4 : FROM artemis:coverage-latest
build	07-Jan-2023 17:37:10	 ---> b0969c1e4e0d
build	07-Jan-2023 17:37:10	Step 2/4 : RUN echo "Installing needed dependencies"   && apt-get update && apt-get install -y --no-install-recommends unzip   && apt-get clean   && rm -rf /var/lib/apt/lists/*
build	07-Jan-2023 17:37:10	 ---> Running in e8e1257b7b73
build	07-Jan-2023 17:37:10	Installing needed dependencies
build	07-Jan-2023 17:37:10	Get:1 http://archive.ubuntu.com/ubuntu jammy InRelease [270 kB]
build	07-Jan-2023 17:37:10	Get:2 http://archive.ubuntu.com/ubuntu jammy-updates InRelease [114 kB]
build	07-Jan-2023 17:37:10	Get:3 http://security.ubuntu.com/ubuntu jammy-security InRelease [110 kB]
build	07-Jan-2023 17:37:10	Get:4 http://archive.ubuntu.com/ubuntu jammy-backports InRelease [99.8 kB]
build	07-Jan-2023 17:37:10	Get:5 http://archive.ubuntu.com/ubuntu jammy/multiverse amd64 Packages [266 kB]
build	07-Jan-2023 17:37:10	Get:6 http://archive.ubuntu.com/ubuntu jammy/main amd64 Packages [1,792 kB]
build	07-Jan-2023 17:37:11	Get:7 http://archive.ubuntu.com/ubuntu jammy/restricted amd64 Packages [164 kB]
build	07-Jan-2023 17:37:11	Get:8 http://archive.ubuntu.com/ubuntu jammy/universe amd64 Packages [17.5 MB]
build	07-Jan-2023 17:37:11	Get:9 http://archive.ubuntu.com/ubuntu jammy-updates/universe amd64 Packages [987 kB]
build	07-Jan-2023 17:37:11	Get:10 http://archive.ubuntu.com/ubuntu jammy-updates/restricted amd64 Packages [663 kB]
build	07-Jan-2023 17:37:11	Get:11 http://archive.ubuntu.com/ubuntu jammy-updates/main amd64 Packages [1,000 kB]
build	07-Jan-2023 17:37:11	Get:12 http://archive.ubuntu.com/ubuntu jammy-updates/multiverse amd64 Packages [9,007 B]
build	07-Jan-2023 17:37:11	Get:13 http://archive.ubuntu.com/ubuntu jammy-backports/universe amd64 Packages [7,286 B]
build	07-Jan-2023 17:37:11	Get:14 http://archive.ubuntu.com/ubuntu jammy-backports/main amd64 Packages [3,520 B]
build	07-Jan-2023 17:37:11	Get:15 http://security.ubuntu.com/ubuntu jammy-security/main amd64 Packages [689 kB]
build	07-Jan-2023 17:37:11	Get:16 http://security.ubuntu.com/ubuntu jammy-security/multiverse amd64 Packages [4,732 B]
build	07-Jan-2023 17:37:11	Get:17 http://security.ubuntu.com/ubuntu jammy-security/restricted amd64 Packages [615 kB]
build	07-Jan-2023 17:37:11	Get:18 http://security.ubuntu.com/ubuntu jammy-security/universe amd64 Packages [786 kB]
build	07-Jan-2023 17:37:12	Fetched 25.1 MB in 2s (16.3 MB/s)
build	07-Jan-2023 17:37:12	Reading package lists...
build	07-Jan-2023 17:37:13	Reading package lists...
build	07-Jan-2023 17:37:14	Building dependency tree...
build	07-Jan-2023 17:37:14	Reading state information...
build	07-Jan-2023 17:37:14	Suggested packages:
build	07-Jan-2023 17:37:14	  zip
build	07-Jan-2023 17:37:14	The following NEW packages will be installed:
build	07-Jan-2023 17:37:14	  unzip
build	07-Jan-2023 17:37:14	0 upgraded, 1 newly installed, 0 to remove and 5 not upgraded.
build	07-Jan-2023 17:37:14	Need to get 174 kB of archives.
build	07-Jan-2023 17:37:14	After this operation, 385 kB of additional disk space will be used.
build	07-Jan-2023 17:37:14	Get:1 http://archive.ubuntu.com/ubuntu jammy-updates/main amd64 unzip amd64 6.0-26ubuntu3.1 [174 kB]
build	07-Jan-2023 17:37:15	[91mdebconf: delaying package configuration, since apt-utils is not installed
build	07-Jan-2023 17:37:15	[0mFetched 174 kB in 1s (311 kB/s)
build	07-Jan-2023 17:37:15	Selecting previously unselected package unzip.
build	07-Jan-2023 17:37:15	(Reading database ... 
build	07-Jan-2023 17:37:15	(Reading database ... 5%
build	07-Jan-2023 17:37:15	(Reading database ... 10%
build	07-Jan-2023 17:37:15	(Reading database ... 15%
build	07-Jan-2023 17:37:15	(Reading database ... 20%
build	07-Jan-2023 17:37:15	(Reading database ... 25%
build	07-Jan-2023 17:37:15	(Reading database ... 30%
build	07-Jan-2023 17:37:15	(Reading database ... 35%
build	07-Jan-2023 17:37:15	(Reading database ... 40%
build	07-Jan-2023 17:37:15	(Reading database ... 45%
build	07-Jan-2023 17:37:15	(Reading database ... 50%
build	07-Jan-2023 17:37:15	(Reading database ... 55%
build	07-Jan-2023 17:37:15	(Reading database ... 60%
build	07-Jan-2023 17:37:15	(Reading database ... 65%
build	07-Jan-2023 17:37:15	(Reading database ... 70%
build	07-Jan-2023 17:37:15	(Reading database ... 75%
build	07-Jan-2023 17:37:15	(Reading database ... 80%
build	07-Jan-2023 17:37:15	(Reading database ... 85%
build	07-Jan-2023 17:37:15	(Reading database ... 90%
build	07-Jan-2023 17:37:15	(Reading database ... 95%
build	07-Jan-2023 17:37:15	(Reading database ... 100%
build	07-Jan-2023 17:37:15	(Reading database ... 8590 files and directories currently installed.)
build	07-Jan-2023 17:37:15	Preparing to unpack .../unzip_6.0-26ubuntu3.1_amd64.deb ...
build	07-Jan-2023 17:37:15	Unpacking unzip (6.0-26ubuntu3.1) ...
build	07-Jan-2023 17:37:15	Setting up unzip (6.0-26ubuntu3.1) ...
build	07-Jan-2023 17:37:15	Removing intermediate container e8e1257b7b73
build	07-Jan-2023 17:37:15	 ---> e74aae05588e
build	07-Jan-2023 17:37:15	Step 3/4 : COPY src/main/docker/cypress/bootstrap-coverage.sh /bootstrap.sh
build	07-Jan-2023 17:37:15	 ---> a6c4579db54d
build	07-Jan-2023 17:37:15	Step 4/4 : RUN chmod +x /bootstrap.sh
build	07-Jan-2023 17:37:15	 ---> Running in ba45e2409e14
build	07-Jan-2023 17:37:16	Removing intermediate container ba45e2409e14
build	07-Jan-2023 17:37:16	 ---> 5aee9125c9e8
build	07-Jan-2023 17:37:16	
build	07-Jan-2023 17:37:16	Successfully built 5aee9125c9e8
build	07-Jan-2023 17:37:16	Successfully tagged cypress_artemis-app:latest
error	07-Jan-2023 17:37:16	Building artemis-cypress
build	07-Jan-2023 17:37:16	Step 1/3 : ARG CYPRESS_BROWSER=node18.6.0-chrome105-ff104
build	07-Jan-2023 17:37:16	Step 2/3 : FROM cypress/browsers:${CYPRESS_BROWSER}
build	07-Jan-2023 17:37:16	 ---> f72e0260bf9d
build	07-Jan-2023 17:37:16	Step 3/3 : RUN export DEBIAN_FRONTEND=noninteractive &&     apt update &&         apt -y install openjdk-17-jdk
build	07-Jan-2023 17:37:16	 ---> Running in 8f068d6afbfe
build	07-Jan-2023 17:37:16	[91m
build	07-Jan-2023 17:37:16	WARNING: apt does not have a stable CLI interface. Use with caution in scripts.
build	07-Jan-2023 17:37:16	
build	07-Jan-2023 17:37:16	[0mGet:1 http://deb.debian.org/debian bullseye InRelease [116 kB]
build	07-Jan-2023 17:37:16	Get:2 http://deb.debian.org/debian-security bullseye-security InRelease [48.4 kB]
build	07-Jan-2023 17:37:16	Get:3 http://deb.debian.org/debian bullseye-updates InRelease [44.1 kB]
build	07-Jan-2023 17:37:16	Get:4 https://dl.google.com/linux/chrome/deb stable InRelease [1811 B]
build	07-Jan-2023 17:37:16	Get:5 http://deb.debian.org/debian bullseye/main amd64 Packages [8183 kB]
build	07-Jan-2023 17:37:17	Get:6 http://deb.debian.org/debian-security bullseye-security/main amd64 Packages [210 kB]
build	07-Jan-2023 17:37:17	Get:7 http://deb.debian.org/debian bullseye-updates/main amd64 Packages [14.6 kB]
build	07-Jan-2023 17:37:17	Get:8 https://dl.google.com/linux/chrome/deb stable/main amd64 Packages [1094 B]
build	07-Jan-2023 17:37:18	Fetched 8619 kB in 1s (6990 kB/s)
build	07-Jan-2023 17:37:18	Reading package lists...
build	07-Jan-2023 17:37:18	Building dependency tree...
build	07-Jan-2023 17:37:18	Reading state information...
build	07-Jan-2023 17:37:18	15 packages can be upgraded. Run 'apt list --upgradable' to see them.
build	07-Jan-2023 17:37:18	[91m
build	07-Jan-2023 17:37:18	WARNING: apt does not have a stable CLI interface. Use with caution in scripts.
build	07-Jan-2023 17:37:18	
build	07-Jan-2023 17:37:19	[0mReading package lists...
build	07-Jan-2023 17:37:19	Building dependency tree...
build	07-Jan-2023 17:37:19	Reading state information...
build	07-Jan-2023 17:37:19	The following additional packages will be installed:
build	07-Jan-2023 17:37:19	  ca-certificates-java fonts-dejavu-extra java-common libatk-wrapper-java
build	07-Jan-2023 17:37:19	  libatk-wrapper-java-jni libgif7 libice-dev libpcsclite1
build	07-Jan-2023 17:37:19	  libpthread-stubs0-dev libsm-dev libx11-dev libxau-dev libxcb1-dev
build	07-Jan-2023 17:37:19	  libxdmcp-dev libxt-dev openjdk-17-jdk-headless openjdk-17-jre
build	07-Jan-2023 17:37:19	  openjdk-17-jre-headless x11proto-dev xorg-sgml-doctools xtrans-dev
build	07-Jan-2023 17:37:19	Suggested packages:
build	07-Jan-2023 17:37:19	  default-jre libice-doc pcscd libsm-doc libx11-doc libxcb-doc libxt-doc
build	07-Jan-2023 17:37:19	  openjdk-17-demo openjdk-17-source visualvm libnss-mdns fonts-ipafont-gothic
build	07-Jan-2023 17:37:19	  fonts-ipafont-mincho fonts-indic
build	07-Jan-2023 17:37:19	The following NEW packages will be installed:
build	07-Jan-2023 17:37:19	  ca-certificates-java fonts-dejavu-extra java-common libatk-wrapper-java
build	07-Jan-2023 17:37:19	  libatk-wrapper-java-jni libgif7 libice-dev libpcsclite1
build	07-Jan-2023 17:37:19	  libpthread-stubs0-dev libsm-dev libx11-dev libxau-dev libxcb1-dev
build	07-Jan-2023 17:37:19	  libxdmcp-dev libxt-dev openjdk-17-jdk openjdk-17-jdk-headless openjdk-17-jre
build	07-Jan-2023 17:37:19	  openjdk-17-jre-headless x11proto-dev xorg-sgml-doctools xtrans-dev
build	07-Jan-2023 17:37:19	0 upgraded, 22 newly installed, 0 to remove and 15 not upgraded.
build	07-Jan-2023 17:37:19	Need to get 283 MB of archives.
build	07-Jan-2023 17:37:19	After this operation, 452 MB of additional disk space will be used.
build	07-Jan-2023 17:37:19	Get:1 http://deb.debian.org/debian bullseye/main amd64 java-common all 0.72 [14.5 kB]
build	07-Jan-2023 17:37:19	Get:2 http://deb.debian.org/debian bullseye/main amd64 libpcsclite1 amd64 1.9.1-1 [60.2 kB]
build	07-Jan-2023 17:37:19	Get:3 http://deb.debian.org/debian bullseye/main amd64 openjdk-17-jre-headless amd64 17.0.4+8-1~deb11u1 [43.5 MB]
build	07-Jan-2023 17:37:20	Get:4 http://deb.debian.org/debian bullseye/main amd64 ca-certificates-java all 20190909 [15.7 kB]
build	07-Jan-2023 17:37:20	Get:5 http://deb.debian.org/debian bullseye/main amd64 fonts-dejavu-extra all 2.37-2 [2070 kB]
build	07-Jan-2023 17:37:20	Get:6 http://deb.debian.org/debian bullseye/main amd64 libatk-wrapper-java all 0.38.0-2+deb11u1 [64.7 kB]
build	07-Jan-2023 17:37:20	Get:7 http://deb.debian.org/debian bullseye/main amd64 libatk-wrapper-java-jni amd64 0.38.0-2+deb11u1 [56.2 kB]
build	07-Jan-2023 17:37:20	Get:8 http://deb.debian.org/debian bullseye/main amd64 libgif7 amd64 5.1.9-2 [45.1 kB]
build	07-Jan-2023 17:37:20	Get:9 http://deb.debian.org/debian bullseye/main amd64 xorg-sgml-doctools all 1:1.11-1.1 [22.1 kB]
build	07-Jan-2023 17:37:20	Get:10 http://deb.debian.org/debian bullseye/main amd64 x11proto-dev all 2020.1-1 [594 kB]
build	07-Jan-2023 17:37:20	Get:11 http://deb.debian.org/debian bullseye/main amd64 libice-dev amd64 2:1.0.10-1 [67.1 kB]
build	07-Jan-2023 17:37:20	Get:12 http://deb.debian.org/debian bullseye/main amd64 libpthread-stubs0-dev amd64 0.4-1 [5344 B]
build	07-Jan-2023 17:37:20	Get:13 http://deb.debian.org/debian bullseye/main amd64 libsm-dev amd64 2:1.2.3-1 [38.0 kB]
build	07-Jan-2023 17:37:20	Get:14 http://deb.debian.org/debian bullseye/main amd64 libxau-dev amd64 1:1.0.9-1 [22.9 kB]
build	07-Jan-2023 17:37:20	Get:15 http://deb.debian.org/debian bullseye/main amd64 libxdmcp-dev amd64 1:1.1.2-3 [42.2 kB]
build	07-Jan-2023 17:37:20	Get:16 http://deb.debian.org/debian bullseye/main amd64 xtrans-dev all 1.4.0-1 [98.7 kB]
build	07-Jan-2023 17:37:20	Get:17 http://deb.debian.org/debian bullseye/main amd64 libxcb1-dev amd64 1.14-3 [176 kB]
build	07-Jan-2023 17:37:20	Get:18 http://deb.debian.org/debian bullseye/main amd64 libx11-dev amd64 2:1.7.2-1 [841 kB]
build	07-Jan-2023 17:37:20	Get:19 http://deb.debian.org/debian bullseye/main amd64 libxt-dev amd64 1:1.2.0-1 [407 kB]
build	07-Jan-2023 17:37:20	Get:20 http://deb.debian.org/debian bullseye/main amd64 openjdk-17-jre amd64 17.0.4+8-1~deb11u1 [167 kB]
build	07-Jan-2023 17:37:20	Get:21 http://deb.debian.org/debian bullseye/main amd64 openjdk-17-jdk-headless amd64 17.0.4+8-1~deb11u1 [234 MB]
build	07-Jan-2023 17:37:21	Get:22 http://deb.debian.org/debian bullseye/main amd64 openjdk-17-jdk amd64 17.0.4+8-1~deb11u1 [10.5 kB]
build	07-Jan-2023 17:37:21	[91mdebconf: delaying package configuration, since apt-utils is not installed
build	07-Jan-2023 17:37:22	[0mFetched 283 MB in 2s (137 MB/s)
build	07-Jan-2023 17:37:22	Selecting previously unselected package java-common.
build	07-Jan-2023 17:37:22	(Reading database ... 
build	07-Jan-2023 17:37:22	(Reading database ... 5%
build	07-Jan-2023 17:37:22	(Reading database ... 10%
build	07-Jan-2023 17:37:22	(Reading database ... 15%
build	07-Jan-2023 17:37:22	(Reading database ... 20%
build	07-Jan-2023 17:37:22	(Reading database ... 25%
build	07-Jan-2023 17:37:22	(Reading database ... 30%
build	07-Jan-2023 17:37:22	(Reading database ... 35%
build	07-Jan-2023 17:37:22	(Reading database ... 40%
build	07-Jan-2023 17:37:22	(Reading database ... 45%
build	07-Jan-2023 17:37:22	(Reading database ... 50%
build	07-Jan-2023 17:37:22	(Reading database ... 55%
build	07-Jan-2023 17:37:22	(Reading database ... 60%
build	07-Jan-2023 17:37:22	(Reading database ... 65%
build	07-Jan-2023 17:37:22	(Reading database ... 70%
build	07-Jan-2023 17:37:22	(Reading database ... 75%
build	07-Jan-2023 17:37:22	(Reading database ... 80%
build	07-Jan-2023 17:37:22	(Reading database ... 85%
build	07-Jan-2023 17:37:22	(Reading database ... 90%
build	07-Jan-2023 17:37:22	(Reading database ... 95%
build	07-Jan-2023 17:37:22	(Reading database ... 100%
build	07-Jan-2023 17:37:22	(Reading database ... 26897 files and directories currently installed.)
build	07-Jan-2023 17:37:22	Preparing to unpack .../00-java-common_0.72_all.deb ...
build	07-Jan-2023 17:37:22	Unpacking java-common (0.72) ...
build	07-Jan-2023 17:37:22	Selecting previously unselected package libpcsclite1:amd64.
build	07-Jan-2023 17:37:22	Preparing to unpack .../01-libpcsclite1_1.9.1-1_amd64.deb ...
build	07-Jan-2023 17:37:22	Unpacking libpcsclite1:amd64 (1.9.1-1) ...
build	07-Jan-2023 17:37:22	Selecting previously unselected package openjdk-17-jre-headless:amd64.
build	07-Jan-2023 17:37:22	Preparing to unpack .../02-openjdk-17-jre-headless_17.0.4+8-1~deb11u1_amd64.deb ...
build	07-Jan-2023 17:37:22	Unpacking openjdk-17-jre-headless:amd64 (17.0.4+8-1~deb11u1) ...
build	07-Jan-2023 17:37:25	Selecting previously unselected package ca-certificates-java.
build	07-Jan-2023 17:37:25	Preparing to unpack .../03-ca-certificates-java_20190909_all.deb ...
build	07-Jan-2023 17:37:25	Unpacking ca-certificates-java (20190909) ...
build	07-Jan-2023 17:37:25	Selecting previously unselected package fonts-dejavu-extra.
build	07-Jan-2023 17:37:25	Preparing to unpack .../04-fonts-dejavu-extra_2.37-2_all.deb ...
build	07-Jan-2023 17:37:25	Unpacking fonts-dejavu-extra (2.37-2) ...
build	07-Jan-2023 17:37:25	Selecting previously unselected package libatk-wrapper-java.
build	07-Jan-2023 17:37:25	Preparing to unpack .../05-libatk-wrapper-java_0.38.0-2+deb11u1_all.deb ...
build	07-Jan-2023 17:37:25	Unpacking libatk-wrapper-java (0.38.0-2+deb11u1) ...
build	07-Jan-2023 17:37:25	Selecting previously unselected package libatk-wrapper-java-jni:amd64.
build	07-Jan-2023 17:37:25	Preparing to unpack .../06-libatk-wrapper-java-jni_0.38.0-2+deb11u1_amd64.deb ...
build	07-Jan-2023 17:37:25	Unpacking libatk-wrapper-java-jni:amd64 (0.38.0-2+deb11u1) ...
build	07-Jan-2023 17:37:25	Selecting previously unselected package libgif7:amd64.
build	07-Jan-2023 17:37:25	Preparing to unpack .../07-libgif7_5.1.9-2_amd64.deb ...
build	07-Jan-2023 17:37:25	Unpacking libgif7:amd64 (5.1.9-2) ...
build	07-Jan-2023 17:37:25	Selecting previously unselected package xorg-sgml-doctools.
build	07-Jan-2023 17:37:25	Preparing to unpack .../08-xorg-sgml-doctools_1%3a1.11-1.1_all.deb ...
build	07-Jan-2023 17:37:25	Unpacking xorg-sgml-doctools (1:1.11-1.1) ...
build	07-Jan-2023 17:37:26	Selecting previously unselected package x11proto-dev.
build	07-Jan-2023 17:37:26	Preparing to unpack .../09-x11proto-dev_2020.1-1_all.deb ...
build	07-Jan-2023 17:37:26	Unpacking x11proto-dev (2020.1-1) ...
build	07-Jan-2023 17:37:26	Selecting previously unselected package libice-dev:amd64.
build	07-Jan-2023 17:37:26	Preparing to unpack .../10-libice-dev_2%3a1.0.10-1_amd64.deb ...
build	07-Jan-2023 17:37:26	Unpacking libice-dev:amd64 (2:1.0.10-1) ...
build	07-Jan-2023 17:37:26	Selecting previously unselected package libpthread-stubs0-dev:amd64.
build	07-Jan-2023 17:37:26	Preparing to unpack .../11-libpthread-stubs0-dev_0.4-1_amd64.deb ...
build	07-Jan-2023 17:37:26	Unpacking libpthread-stubs0-dev:amd64 (0.4-1) ...
build	07-Jan-2023 17:37:26	Selecting previously unselected package libsm-dev:amd64.
build	07-Jan-2023 17:37:26	Preparing to unpack .../12-libsm-dev_2%3a1.2.3-1_amd64.deb ...
build	07-Jan-2023 17:37:26	Unpacking libsm-dev:amd64 (2:1.2.3-1) ...
build	07-Jan-2023 17:37:26	Selecting previously unselected package libxau-dev:amd64.
build	07-Jan-2023 17:37:26	Preparing to unpack .../13-libxau-dev_1%3a1.0.9-1_amd64.deb ...
build	07-Jan-2023 17:37:26	Unpacking libxau-dev:amd64 (1:1.0.9-1) ...
build	07-Jan-2023 17:37:26	Selecting previously unselected package libxdmcp-dev:amd64.
build	07-Jan-2023 17:37:26	Preparing to unpack .../14-libxdmcp-dev_1%3a1.1.2-3_amd64.deb ...
build	07-Jan-2023 17:37:26	Unpacking libxdmcp-dev:amd64 (1:1.1.2-3) ...
build	07-Jan-2023 17:37:26	Selecting previously unselected package xtrans-dev.
build	07-Jan-2023 17:37:26	Preparing to unpack .../15-xtrans-dev_1.4.0-1_all.deb ...
build	07-Jan-2023 17:37:26	Unpacking xtrans-dev (1.4.0-1) ...
build	07-Jan-2023 17:37:26	Selecting previously unselected package libxcb1-dev:amd64.
build	07-Jan-2023 17:37:26	Preparing to unpack .../16-libxcb1-dev_1.14-3_amd64.deb ...
build	07-Jan-2023 17:37:26	Unpacking libxcb1-dev:amd64 (1.14-3) ...
build	07-Jan-2023 17:37:26	Selecting previously unselected package libx11-dev:amd64.
build	07-Jan-2023 17:37:26	Preparing to unpack .../17-libx11-dev_2%3a1.7.2-1_amd64.deb ...
build	07-Jan-2023 17:37:26	Unpacking libx11-dev:amd64 (2:1.7.2-1) ...
build	07-Jan-2023 17:37:26	Selecting previously unselected package libxt-dev:amd64.
build	07-Jan-2023 17:37:26	Preparing to unpack .../18-libxt-dev_1%3a1.2.0-1_amd64.deb ...
build	07-Jan-2023 17:37:26	Unpacking libxt-dev:amd64 (1:1.2.0-1) ...
build	07-Jan-2023 17:37:26	Selecting previously unselected package openjdk-17-jre:amd64.
build	07-Jan-2023 17:37:26	Preparing to unpack .../19-openjdk-17-jre_17.0.4+8-1~deb11u1_amd64.deb ...
build	07-Jan-2023 17:37:26	Unpacking openjdk-17-jre:amd64 (17.0.4+8-1~deb11u1) ...
build	07-Jan-2023 17:37:26	Selecting previously unselected package openjdk-17-jdk-headless:amd64.
build	07-Jan-2023 17:37:26	Preparing to unpack .../20-openjdk-17-jdk-headless_17.0.4+8-1~deb11u1_amd64.deb ...
build	07-Jan-2023 17:37:26	Unpacking openjdk-17-jdk-headless:amd64 (17.0.4+8-1~deb11u1) ...
build	07-Jan-2023 17:37:34	Selecting previously unselected package openjdk-17-jdk:amd64.
build	07-Jan-2023 17:37:34	Preparing to unpack .../21-openjdk-17-jdk_17.0.4+8-1~deb11u1_amd64.deb ...
build	07-Jan-2023 17:37:34	Unpacking openjdk-17-jdk:amd64 (17.0.4+8-1~deb11u1) ...
build	07-Jan-2023 17:37:34	Setting up java-common (0.72) ...
build	07-Jan-2023 17:37:34	Setting up libpthread-stubs0-dev:amd64 (0.4-1) ...
build	07-Jan-2023 17:37:34	Setting up xtrans-dev (1.4.0-1) ...
build	07-Jan-2023 17:37:34	Setting up libpcsclite1:amd64 (1.9.1-1) ...
build	07-Jan-2023 17:37:34	Setting up libgif7:amd64 (5.1.9-2) ...
build	07-Jan-2023 17:37:34	Setting up fonts-dejavu-extra (2.37-2) ...
build	07-Jan-2023 17:37:34	Setting up xorg-sgml-doctools (1:1.11-1.1) ...
build	07-Jan-2023 17:37:34	Setting up libatk-wrapper-java (0.38.0-2+deb11u1) ...
build	07-Jan-2023 17:37:34	Setting up x11proto-dev (2020.1-1) ...
build	07-Jan-2023 17:37:34	Setting up libxau-dev:amd64 (1:1.0.9-1) ...
build	07-Jan-2023 17:37:34	Setting up libice-dev:amd64 (2:1.0.10-1) ...
build	07-Jan-2023 17:37:34	Setting up libsm-dev:amd64 (2:1.2.3-1) ...
build	07-Jan-2023 17:37:34	Setting up libatk-wrapper-java-jni:amd64 (0.38.0-2+deb11u1) ...
build	07-Jan-2023 17:37:34	Setting up libxdmcp-dev:amd64 (1:1.1.2-3) ...
build	07-Jan-2023 17:37:34	Setting up libxcb1-dev:amd64 (1.14-3) ...
build	07-Jan-2023 17:37:34	Setting up libx11-dev:amd64 (2:1.7.2-1) ...
build	07-Jan-2023 17:37:34	Setting up libxt-dev:amd64 (1:1.2.0-1) ...
build	07-Jan-2023 17:37:34	Setting up ca-certificates-java (20190909) ...
build	07-Jan-2023 17:37:34	head: cannot open '/etc/ssl/certs/java/cacerts' for reading: No such file or directory
build	07-Jan-2023 17:37:34	Adding debian:certSIGN_Root_CA_G2.pem
build	07-Jan-2023 17:37:34	Adding debian:D-TRUST_Root_Class_3_CA_2_2009.pem
build	07-Jan-2023 17:37:34	Adding debian:IdenTrust_Commercial_Root_CA_1.pem
build	07-Jan-2023 17:37:34	Adding debian:Network_Solutions_Certificate_Authority.pem
build	07-Jan-2023 17:37:34	Adding debian:Global_Chambersign_Root_-_2008.pem
build	07-Jan-2023 17:37:34	Adding debian:T-TeleSec_GlobalRoot_Class_3.pem
build	07-Jan-2023 17:37:34	Adding debian:DigiCert_Global_Root_G3.pem
build	07-Jan-2023 17:37:34	Adding debian:Security_Communication_RootCA2.pem
build	07-Jan-2023 17:37:34	Adding debian:GDCA_TrustAUTH_R5_ROOT.pem
build	07-Jan-2023 17:37:34	Adding debian:SSL.com_Root_Certification_Authority_RSA.pem
build	07-Jan-2023 17:37:34	Adding debian:COMODO_Certification_Authority.pem
build	07-Jan-2023 17:37:34	Adding debian:T-TeleSec_GlobalRoot_Class_2.pem
build	07-Jan-2023 17:37:34	Adding debian:Autoridad_de_Certificacion_Firmaprofesional_CIF_A62634068.pem
build	07-Jan-2023 17:37:34	Adding debian:Certigna.pem
build	07-Jan-2023 17:37:34	Adding debian:OISTE_WISeKey_Global_Root_GB_CA.pem
build	07-Jan-2023 17:37:34	Adding debian:GlobalSign_Root_CA_-_R3.pem
build	07-Jan-2023 17:37:34	Adding debian:GlobalSign_ECC_Root_CA_-_R5.pem
build	07-Jan-2023 17:37:34	Adding debian:IdenTrust_Public_Sector_Root_CA_1.pem
build	07-Jan-2023 17:37:34	Adding debian:NetLock_Arany_=Class_Gold=_Ftanstvny.pem
build	07-Jan-2023 17:37:34	Adding debian:Entrust.net_Premium_2048_Secure_Server_CA.pem
build	07-Jan-2023 17:37:34	Adding debian:DigiCert_Global_Root_G2.pem
build	07-Jan-2023 17:37:34	Adding debian:Chambers_of_Commerce_Root_-_2008.pem
build	07-Jan-2023 17:37:34	Adding debian:Trustwave_Global_ECC_P384_Certification_Authority.pem
build	07-Jan-2023 17:37:34	Adding debian:QuoVadis_Root_CA.pem
build	07-Jan-2023 17:37:34	Adding debian:Comodo_AAA_Services_root.pem
build	07-Jan-2023 17:37:34	Adding debian:DigiCert_Trusted_Root_G4.pem
build	07-Jan-2023 17:37:34	Adding debian:SwissSign_Silver_CA_-_G2.pem
build	07-Jan-2023 17:37:34	Adding debian:TeliaSonera_Root_CA_v1.pem
build	07-Jan-2023 17:37:34	Adding debian:Amazon_Root_CA_4.pem
build	07-Jan-2023 17:37:34	Adding debian:Hongkong_Post_Root_CA_1.pem
build	07-Jan-2023 17:37:34	Adding debian:QuoVadis_Root_CA_3.pem
build	07-Jan-2023 17:37:34	Adding debian:certSIGN_ROOT_CA.pem
build	07-Jan-2023 17:37:34	Adding debian:Entrust_Root_Certification_Authority_-_G4.pem
build	07-Jan-2023 17:37:34	Adding debian:USERTrust_ECC_Certification_Authority.pem
build	07-Jan-2023 17:37:34	Adding debian:DigiCert_Global_Root_CA.pem
build	07-Jan-2023 17:37:34	Adding debian:emSign_Root_CA_-_G1.pem
build	07-Jan-2023 17:37:34	Adding debian:Izenpe.com.pem
build	07-Jan-2023 17:37:34	Adding debian:GTS_Root_R3.pem
build	07-Jan-2023 17:37:34	Adding debian:ACCVRAIZ1.pem
build	07-Jan-2023 17:37:34	Adding debian:Secure_Global_CA.pem
build	07-Jan-2023 17:37:34	Adding debian:TrustCor_RootCert_CA-2.pem
build	07-Jan-2023 17:37:34	Adding debian:SSL.com_EV_Root_Certification_Authority_ECC.pem
build	07-Jan-2023 17:37:34	Adding debian:COMODO_ECC_Certification_Authority.pem
build	07-Jan-2023 17:37:34	Adding debian:SwissSign_Gold_CA_-_G2.pem
build	07-Jan-2023 17:37:34	Adding debian:Trustwave_Global_Certification_Authority.pem
build	07-Jan-2023 17:37:34	Adding debian:Microsec_e-Szigno_Root_CA_2009.pem
build	07-Jan-2023 17:37:34	Adding debian:GTS_Root_R2.pem
build	07-Jan-2023 17:37:34	Adding debian:SSL.com_EV_Root_Certification_Authority_RSA_R2.pem
build	07-Jan-2023 17:37:34	Adding debian:DigiCert_Assured_ID_Root_CA.pem
build	07-Jan-2023 17:37:34	Adding debian:GlobalSign_ECC_Root_CA_-_R4.pem
build	07-Jan-2023 17:37:34	Adding debian:Cybertrust_Global_Root.pem
build	07-Jan-2023 17:37:34	Adding debian:DigiCert_Assured_ID_Root_G3.pem
build	07-Jan-2023 17:37:34	Adding debian:Buypass_Class_3_Root_CA.pem
build	07-Jan-2023 17:37:34	Adding debian:QuoVadis_Root_CA_1_G3.pem
build	07-Jan-2023 17:37:34	Adding debian:emSign_Root_CA_-_C1.pem
build	07-Jan-2023 17:37:34	Adding debian:Certum_Trusted_Network_CA_2.pem
build	07-Jan-2023 17:37:34	Adding debian:Amazon_Root_CA_3.pem
build	07-Jan-2023 17:37:34	Adding debian:Starfield_Services_Root_Certificate_Authority_-_G2.pem
build	07-Jan-2023 17:37:34	Adding debian:SZAFIR_ROOT_CA2.pem
build	07-Jan-2023 17:37:34	Adding debian:Entrust_Root_Certification_Authority.pem
build	07-Jan-2023 17:37:34	Adding debian:Microsoft_ECC_Root_Certificate_Authority_2017.pem
build	07-Jan-2023 17:37:34	Adding debian:GlobalSign_Root_CA_-_R2.pem
build	07-Jan-2023 17:37:34	Adding debian:SecureTrust_CA.pem
build	07-Jan-2023 17:37:34	Adding debian:Buypass_Class_2_Root_CA.pem
build	07-Jan-2023 17:37:34	Adding debian:AffirmTrust_Commercial.pem
build	07-Jan-2023 17:37:34	Adding debian:Certum_Trusted_Network_CA.pem
build	07-Jan-2023 17:37:34	Adding debian:TrustCor_ECA-1.pem
build	07-Jan-2023 17:37:34	Adding debian:Amazon_Root_CA_1.pem
build	07-Jan-2023 17:37:34	Adding debian:Starfield_Class_2_CA.pem
build	07-Jan-2023 17:37:34	Adding debian:QuoVadis_Root_CA_2_G3.pem
build	07-Jan-2023 17:37:34	Adding debian:emSign_ECC_Root_CA_-_C3.pem
build	07-Jan-2023 17:37:34	Adding debian:Hellenic_Academic_and_Research_Institutions_RootCA_2011.pem
build	07-Jan-2023 17:37:34	Adding debian:NAVER_Global_Root_Certification_Authority.pem
build	07-Jan-2023 17:37:34	Adding debian:TUBITAK_Kamu_SM_SSL_Kok_Sertifikasi_-_Surum_1.pem
build	07-Jan-2023 17:37:34	Adding debian:AffirmTrust_Networking.pem
build	07-Jan-2023 17:37:34	Adding debian:Trustwave_Global_ECC_P256_Certification_Authority.pem
build	07-Jan-2023 17:37:34	Adding debian:e-Szigno_Root_CA_2017.pem
build	07-Jan-2023 17:37:34	Adding debian:TrustCor_RootCert_CA-1.pem
build	07-Jan-2023 17:37:34	Adding debian:UCA_Global_G2_Root.pem
build	07-Jan-2023 17:37:34	Adding debian:Certigna_Root_CA.pem
build	07-Jan-2023 17:37:34	Adding debian:Entrust_Root_Certification_Authority_-_G2.pem
build	07-Jan-2023 17:37:34	Adding debian:GTS_Root_R4.pem
build	07-Jan-2023 17:37:34	Adding debian:TWCA_Root_Certification_Authority.pem
build	07-Jan-2023 17:37:34	Adding debian:UCA_Extended_Validation_Root.pem
build	07-Jan-2023 17:37:34	Adding debian:CFCA_EV_ROOT.pem
build	07-Jan-2023 17:37:34	Adding debian:ISRG_Root_X1.pem
build	07-Jan-2023 17:37:34	Adding debian:Actalis_Authentication_Root_CA.pem
build	07-Jan-2023 17:37:34	Adding debian:Starfield_Root_Certificate_Authority_-_G2.pem
build	07-Jan-2023 17:37:35	Adding debian:XRamp_Global_CA_Root.pem
build	07-Jan-2023 17:37:35	Adding debian:GlobalSign_Root_CA_-_R6.pem
build	07-Jan-2023 17:37:35	Adding debian:Staat_der_Nederlanden_EV_Root_CA.pem
build	07-Jan-2023 17:37:35	Adding debian:Amazon_Root_CA_2.pem
build	07-Jan-2023 17:37:35	Adding debian:SecureSign_RootCA11.pem
build	07-Jan-2023 17:37:35	Adding debian:Hongkong_Post_Root_CA_3.pem
build	07-Jan-2023 17:37:35	Adding debian:VeriSign_Universal_Root_Certification_Authority.pem
build	07-Jan-2023 17:37:35	Adding debian:D-TRUST_Root_Class_3_CA_2_EV_2009.pem
build	07-Jan-2023 17:37:35	Adding debian:Hellenic_Academic_and_Research_Institutions_ECC_RootCA_2015.pem
build	07-Jan-2023 17:37:35	Adding debian:Go_Daddy_Class_2_CA.pem
build	07-Jan-2023 17:37:35	Adding debian:ePKI_Root_Certification_Authority.pem
build	07-Jan-2023 17:37:35	Adding debian:Sonera_Class_2_Root_CA.pem
build	07-Jan-2023 17:37:35	Adding debian:AffirmTrust_Premium_ECC.pem
build	07-Jan-2023 17:37:35	Adding debian:DigiCert_High_Assurance_EV_Root_CA.pem
build	07-Jan-2023 17:37:35	Adding debian:QuoVadis_Root_CA_2.pem
build	07-Jan-2023 17:37:35	Adding debian:Security_Communication_Root_CA.pem
build	07-Jan-2023 17:37:35	Adding debian:AC_RAIZ_FNMT-RCM.pem
build	07-Jan-2023 17:37:35	Adding debian:USERTrust_RSA_Certification_Authority.pem
build	07-Jan-2023 17:37:35	Adding debian:TWCA_Global_Root_CA.pem
build	07-Jan-2023 17:37:35	Adding debian:Staat_der_Nederlanden_Root_CA_-_G3.pem
build	07-Jan-2023 17:37:35	Adding debian:SSL.com_Root_Certification_Authority_ECC.pem
build	07-Jan-2023 17:37:35	Adding debian:Atos_TrustedRoot_2011.pem
build	07-Jan-2023 17:37:35	Adding debian:EC-ACC.pem
build	07-Jan-2023 17:37:35	Adding debian:CA_Disig_Root_R2.pem
build	07-Jan-2023 17:37:35	Adding debian:COMODO_RSA_Certification_Authority.pem
build	07-Jan-2023 17:37:35	Adding debian:Trustis_FPS_Root_CA.pem
build	07-Jan-2023 17:37:35	Adding debian:E-Tugra_Certification_Authority.pem
build	07-Jan-2023 17:37:35	Adding debian:Go_Daddy_Root_Certificate_Authority_-_G2.pem
build	07-Jan-2023 17:37:35	Adding debian:Microsoft_RSA_Root_Certificate_Authority_2017.pem
build	07-Jan-2023 17:37:35	Adding debian:DigiCert_Assured_ID_Root_G2.pem
build	07-Jan-2023 17:37:35	Adding debian:emSign_ECC_Root_CA_-_G3.pem
build	07-Jan-2023 17:37:35	Adding debian:QuoVadis_Root_CA_3_G3.pem
build	07-Jan-2023 17:37:35	Adding debian:GlobalSign_Root_CA.pem
build	07-Jan-2023 17:37:35	Adding debian:OISTE_WISeKey_Global_Root_GC_CA.pem
build	07-Jan-2023 17:37:35	Adding debian:Entrust_Root_Certification_Authority_-_EC1.pem
build	07-Jan-2023 17:37:35	Adding debian:Baltimore_CyberTrust_Root.pem
build	07-Jan-2023 17:37:35	Adding debian:GTS_Root_R1.pem
build	07-Jan-2023 17:37:35	Adding debian:AffirmTrust_Premium.pem
build	07-Jan-2023 17:37:35	Adding debian:GeoTrust_Primary_Certification_Authority_-_G2.pem
build	07-Jan-2023 17:37:35	Adding debian:DST_Root_CA_X3.pem
build	07-Jan-2023 17:37:35	Adding debian:Hellenic_Academic_and_Research_Institutions_RootCA_2015.pem
build	07-Jan-2023 17:37:35	done.
build	07-Jan-2023 17:37:35	Processing triggers for fontconfig (2.13.1-4.2) ...
build	07-Jan-2023 17:37:35	Processing triggers for hicolor-icon-theme (0.17-2) ...
build	07-Jan-2023 17:37:35	Processing triggers for libc-bin (2.31-13+deb11u5) ...
build	07-Jan-2023 17:37:35	Processing triggers for ca-certificates (20210119) ...
build	07-Jan-2023 17:37:35	Updating certificates in /etc/ssl/certs...
build	07-Jan-2023 17:37:35	0 added, 0 removed; done.
build	07-Jan-2023 17:37:35	Running hooks in /etc/ca-certificates/update.d...
build	07-Jan-2023 17:37:35	
build	07-Jan-2023 17:37:35	/etc/ca-certificates/update.d/jks-keystore: 82: java: not found
build	07-Jan-2023 17:37:35	E: /etc/ca-certificates/update.d/jks-keystore exited with code 1.
build	07-Jan-2023 17:37:35	done.
build	07-Jan-2023 17:37:35	Setting up openjdk-17-jre-headless:amd64 (17.0.4+8-1~deb11u1) ...
build	07-Jan-2023 17:37:35	update-alternatives: using /usr/lib/jvm/java-17-openjdk-amd64/bin/java to provide /usr/bin/java (java) in auto mode
build	07-Jan-2023 17:37:35	update-alternatives: using /usr/lib/jvm/java-17-openjdk-amd64/bin/jpackage to provide /usr/bin/jpackage (jpackage) in auto mode
build	07-Jan-2023 17:37:35	update-alternatives: using /usr/lib/jvm/java-17-openjdk-amd64/bin/keytool to provide /usr/bin/keytool (keytool) in auto mode
build	07-Jan-2023 17:37:35	update-alternatives: using /usr/lib/jvm/java-17-openjdk-amd64/bin/rmiregistry to provide /usr/bin/rmiregistry (rmiregistry) in auto mode
build	07-Jan-2023 17:37:35	update-alternatives: using /usr/lib/jvm/java-17-openjdk-amd64/lib/jexec to provide /usr/bin/jexec (jexec) in auto mode
build	07-Jan-2023 17:37:35	Setting up openjdk-17-jre:amd64 (17.0.4+8-1~deb11u1) ...
build	07-Jan-2023 17:37:35	Setting up openjdk-17-jdk-headless:amd64 (17.0.4+8-1~deb11u1) ...
build	07-Jan-2023 17:37:35	update-alternatives: using /usr/lib/jvm/java-17-openjdk-amd64/bin/jar to provide /usr/bin/jar (jar) in auto mode
build	07-Jan-2023 17:37:35	update-alternatives: using /usr/lib/jvm/java-17-openjdk-amd64/bin/jarsigner to provide /usr/bin/jarsigner (jarsigner) in auto mode
build	07-Jan-2023 17:37:35	update-alternatives: using /usr/lib/jvm/java-17-openjdk-amd64/bin/javac to provide /usr/bin/javac (javac) in auto mode
build	07-Jan-2023 17:37:35	update-alternatives: using /usr/lib/jvm/java-17-openjdk-amd64/bin/javadoc to provide /usr/bin/javadoc (javadoc) in auto mode
build	07-Jan-2023 17:37:35	update-alternatives: using /usr/lib/jvm/java-17-openjdk-amd64/bin/javap to provide /usr/bin/javap (javap) in auto mode
build	07-Jan-2023 17:37:35	update-alternatives: using /usr/lib/jvm/java-17-openjdk-amd64/bin/jcmd to provide /usr/bin/jcmd (jcmd) in auto mode
build	07-Jan-2023 17:37:35	update-alternatives: using /usr/lib/jvm/java-17-openjdk-amd64/bin/jdb to provide /usr/bin/jdb (jdb) in auto mode
build	07-Jan-2023 17:37:35	update-alternatives: using /usr/lib/jvm/java-17-openjdk-amd64/bin/jdeprscan to provide /usr/bin/jdeprscan (jdeprscan) in auto mode
build	07-Jan-2023 17:37:35	update-alternatives: using /usr/lib/jvm/java-17-openjdk-amd64/bin/jdeps to provide /usr/bin/jdeps (jdeps) in auto mode
build	07-Jan-2023 17:37:35	update-alternatives: using /usr/lib/jvm/java-17-openjdk-amd64/bin/jfr to provide /usr/bin/jfr (jfr) in auto mode
build	07-Jan-2023 17:37:35	update-alternatives: using /usr/lib/jvm/java-17-openjdk-amd64/bin/jimage to provide /usr/bin/jimage (jimage) in auto mode
build	07-Jan-2023 17:37:35	update-alternatives: using /usr/lib/jvm/java-17-openjdk-amd64/bin/jinfo to provide /usr/bin/jinfo (jinfo) in auto mode
build	07-Jan-2023 17:37:35	update-alternatives: using /usr/lib/jvm/java-17-openjdk-amd64/bin/jlink to provide /usr/bin/jlink (jlink) in auto mode
build	07-Jan-2023 17:37:35	update-alternatives: using /usr/lib/jvm/java-17-openjdk-amd64/bin/jmap to provide /usr/bin/jmap (jmap) in auto mode
build	07-Jan-2023 17:37:35	update-alternatives: using /usr/lib/jvm/java-17-openjdk-amd64/bin/jmod to provide /usr/bin/jmod (jmod) in auto mode
build	07-Jan-2023 17:37:35	update-alternatives: using /usr/lib/jvm/java-17-openjdk-amd64/bin/jps to provide /usr/bin/jps (jps) in auto mode
build	07-Jan-2023 17:37:35	update-alternatives: using /usr/lib/jvm/java-17-openjdk-amd64/bin/jrunscript to provide /usr/bin/jrunscript (jrunscript) in auto mode
build	07-Jan-2023 17:37:35	update-alternatives: using /usr/lib/jvm/java-17-openjdk-amd64/bin/jshell to provide /usr/bin/jshell (jshell) in auto mode
build	07-Jan-2023 17:37:35	update-alternatives: using /usr/lib/jvm/java-17-openjdk-amd64/bin/jstack to provide /usr/bin/jstack (jstack) in auto mode
build	07-Jan-2023 17:37:35	update-alternatives: using /usr/lib/jvm/java-17-openjdk-amd64/bin/jstat to provide /usr/bin/jstat (jstat) in auto mode
build	07-Jan-2023 17:37:35	update-alternatives: using /usr/lib/jvm/java-17-openjdk-amd64/bin/jstatd to provide /usr/bin/jstatd (jstatd) in auto mode
build	07-Jan-2023 17:37:35	update-alternatives: using /usr/lib/jvm/java-17-openjdk-amd64/bin/serialver to provide /usr/bin/serialver (serialver) in auto mode
build	07-Jan-2023 17:37:35	update-alternatives: using /usr/lib/jvm/java-17-openjdk-amd64/bin/jhsdb to provide /usr/bin/jhsdb (jhsdb) in auto mode
build	07-Jan-2023 17:37:35	Setting up openjdk-17-jdk:amd64 (17.0.4+8-1~deb11u1) ...
build	07-Jan-2023 17:37:35	update-alternatives: using /usr/lib/jvm/java-17-openjdk-amd64/bin/jconsole to provide /usr/bin/jconsole (jconsole) in auto mode
build	07-Jan-2023 17:37:39	Removing intermediate container 8f068d6afbfe
build	07-Jan-2023 17:37:39	 ---> d0912ae45cf0
build	07-Jan-2023 17:37:39	
build	07-Jan-2023 17:37:39	Successfully built d0912ae45cf0
build	07-Jan-2023 17:37:39	Successfully tagged cypress/browsers:node18.6.0-chrome105-ff104
error	07-Jan-2023 17:37:40	using --exit-code-from implies --abort-on-container-exit
error	07-Jan-2023 17:37:40	Starting cypress_artemis-mysql_1 ... 
error	07-Jan-2023 17:37:40	[1A[2K
error	07-Jan-2023 17:37:40	Starting cypress_artemis-mysql_1 ... [32mdone[0m
error	07-Jan-2023 17:37:42	[1BRecreating cypress_artemis-app_1 ... 
error	07-Jan-2023 17:37:43	[1A[2K
error	07-Jan-2023 17:37:43	Recreating cypress_artemis-app_1 ... [32mdone[0m
error	07-Jan-2023 17:37:43	[1BRecreating cypress_artemis-cypress_1 ... 
error	07-Jan-2023 17:37:44	[1A[2K
error	07-Jan-2023 17:37:44	Recreating cypress_artemis-cypress_1 ... [32mdone[0m
build	07-Jan-2023 17:37:44	Attaching to cypress_artemis-mysql_1, cypress_artemis-app_1, cypress_artemis-cypress_1
build	07-Jan-2023 17:37:44	[36martemis-app_1      |[0m Config is not empty .. not copying default configs ..
build	07-Jan-2023 17:37:44	[36martemis-app_1      |[0m Archive:  Artemis.war
build	07-Jan-2023 17:37:44	[36martemis-app_1      |[0m  extracting: ./WEB-INF/lib/org.jacoco.agent-0.8.8.jar  
build	07-Jan-2023 17:37:44	[36martemis-app_1      |[0m Archive:  WEB-INF/lib/org.jacoco.agent-0.8.8.jar
build	07-Jan-2023 17:37:44	[36martemis-app_1      |[0m   inflating: jacocoagent.jar         
build	07-Jan-2023 17:37:44	[36martemis-app_1      |[0m Starting application...
build	07-Jan-2023 17:37:44	[36martemis-app_1      |[0m Picked up _JAVA_OPTIONS: -Xmx5120m -Xms2560m
build	07-Jan-2023 17:37:44	[32martemis-mysql_1    |[0m 2023-01-07 16:37:40+00:00 [Note] [Entrypoint]: Entrypoint script for MySQL Server 8.0.31-1.el8 started.
build	07-Jan-2023 17:37:44	[32martemis-mysql_1    |[0m 2023-01-07 16:37:40+00:00 [Note] [Entrypoint]: Switching to dedicated user 'mysql'
build	07-Jan-2023 17:37:44	[32martemis-mysql_1    |[0m 2023-01-07 16:37:40+00:00 [Note] [Entrypoint]: Entrypoint script for MySQL Server 8.0.31-1.el8 started.
build	07-Jan-2023 17:37:44	[32martemis-mysql_1    |[0m '/var/lib/mysql/mysql.sock' -> '/var/run/mysqld/mysqld.sock'
build	07-Jan-2023 17:37:44	[32martemis-mysql_1    |[0m 2023-01-07T16:37:41.455052Z 0 [Warning] [MY-011068] [Server] The syntax '--skip-host-cache' is deprecated and will be removed in a future release. Please use SET GLOBAL host_cache_size=0 instead.
build	07-Jan-2023 17:37:44	[32martemis-mysql_1    |[0m 2023-01-07T16:37:41.455085Z 0 [Warning] [MY-011068] [Server] The syntax '--ssl=off' is deprecated and will be removed in a future release. Please use --tls-version='' instead.
build	07-Jan-2023 17:37:44	[32martemis-mysql_1    |[0m 2023-01-07T16:37:41.459241Z 0 [System] [MY-010116] [Server] /usr/sbin/mysqld (mysqld 8.0.31) starting as process 1
build	07-Jan-2023 17:37:44	[32martemis-mysql_1    |[0m 2023-01-07T16:37:41.470766Z 1 [System] [MY-013576] [InnoDB] InnoDB initialization has started.
build	07-Jan-2023 17:37:44	[32martemis-mysql_1    |[0m 2023-01-07T16:37:41.717765Z 1 [System] [MY-013577] [InnoDB] InnoDB initialization has ended.
build	07-Jan-2023 17:37:44	[32martemis-mysql_1    |[0m 2023-01-07T16:37:42.020488Z 0 [Warning] [MY-011810] [Server] Insecure configuration for --pid-file: Location '/var/run/mysqld' in the path is accessible to all OS users. Consider choosing a different directory.
build	07-Jan-2023 17:37:44	[32martemis-mysql_1    |[0m 2023-01-07T16:37:42.052919Z 0 [Warning] [MY-011302] [Server] Plugin mysqlx reported: 'Failed at SSL configuration: "SSL context is not usable without certificate and private key"'
build	07-Jan-2023 17:37:44	[32martemis-mysql_1    |[0m 2023-01-07T16:37:42.053182Z 0 [System] [MY-010931] [Server] /usr/sbin/mysqld: ready for connections. Version: '8.0.31'  socket: '/var/run/mysqld/mysqld.sock'  port: 3306  MySQL Community Server - GPL.
build	07-Jan-2023 17:37:44	[32martemis-mysql_1    |[0m 2023-01-07T16:37:42.053147Z 0 [System] [MY-011323] [Server] X Plugin ready for connections. Bind-address: '::' port: 33060, socket: /var/run/mysqld/mysqlx.sock
build	07-Jan-2023 17:37:45	[33martemis-cypress_1  |[0m npm WARN EBADENGINE Unsupported engine {
build	07-Jan-2023 17:37:45	[33martemis-cypress_1  |[0m npm WARN EBADENGINE   package: '@heddendorp/coverage-git-compare@1.3.3',
build	07-Jan-2023 17:37:45	[33martemis-cypress_1  |[0m npm WARN EBADENGINE   required: { node: '^18.12.1' },
build	07-Jan-2023 17:37:45	[33martemis-cypress_1  |[0m npm WARN EBADENGINE   current: { node: 'v18.12.0', npm: '8.19.2' }
build	07-Jan-2023 17:37:45	[33martemis-cypress_1  |[0m npm WARN EBADENGINE }
build	07-Jan-2023 17:37:47	[36martemis-app_1      |[0m 
build	07-Jan-2023 17:37:47	[36martemis-app_1      |[0m   [31m   [34m   [31m
build	07-Jan-2023 17:37:47	[36martemis-app_1      |[0m   [31m[34m [31m
build	07-Jan-2023 17:37:47	[36martemis-app_1      |[0m   [31m[34m        [31m
build	07-Jan-2023 17:37:47	[36martemis-app_1      |[0m   [31m[34m        [31m
build	07-Jan-2023 17:37:47	[36martemis-app_1      |[0m   [31m    [34m        [31m
build	07-Jan-2023 17:37:47	[36martemis-app_1      |[0m   [31m    [34m           [31m
build	07-Jan-2023 17:37:47	[36martemis-app_1      |[0m 
build	07-Jan-2023 17:37:47	[36martemis-app_1      |[0m [30m:: Interactive Learning with Individual Feedback ::
build	07-Jan-2023 17:37:47	[36martemis-app_1      |[0m 
build	07-Jan-2023 17:37:47	[36martemis-app_1      |[0m [30m:: Powered by Spring Boot 2.7.5 ::
build	07-Jan-2023 17:37:47	[36martemis-app_1      |[0m 
build	07-Jan-2023 17:37:47	[36martemis-app_1      |[0m [2m2023-01-07 16:37:47.567[0;39m [32m INFO[0;39m [35m1[0;39m [2m---[0;39m [2m[           main][0;39m [36mde.tum.in.www1.artemis.ArtemisApp       [0;39m [2m:[0;39m Starting ArtemisApp v6.0.0 using Java 17.0.5 on 89bba92c03d3 with PID 1 (/opt/artemis/Artemis.war started by artemis in /opt/artemis)
build	07-Jan-2023 17:37:47	[36martemis-app_1      |[0m [2m2023-01-07 16:37:47.582[0;39m [32m INFO[0;39m [35m1[0;39m [2m---[0;39m [2m[           main][0;39m [36mde.tum.in.www1.artemis.ArtemisApp       [0;39m [2m:[0;39m The following 5 profiles are active: "prod", "bamboo", "bitbucket", "jira", "artemis"
build	07-Jan-2023 17:37:50	[33martemis-cypress_1  |[0m npm WARN deprecated mkdirp@0.5.1: Legacy versions of mkdirp are no longer supported. Please update to mkdirp 1.x. (Note that the API surface has changed to use Promises in 1.x.)
build	07-Jan-2023 17:38:01	[36martemis-app_1      |[0m [2m2023-01-07 16:38:01.283[0;39m [32m INFO[0;39m [35m1[0;39m [2m---[0;39m [2m[           main][0;39m [36md.t.i.www1.artemis.config.WebConfigurer [0;39m [2m:[0;39m Web application configuration, using profiles: prod
build	07-Jan-2023 17:38:01	[36martemis-app_1      |[0m [2m2023-01-07 16:38:01.285[0;39m [32m INFO[0;39m [35m1[0;39m [2m---[0;39m [2m[           main][0;39m [36md.t.i.www1.artemis.config.WebConfigurer [0;39m [2m:[0;39m Web application fully configured
build	07-Jan-2023 17:38:02	[36martemis-app_1      |[0m [2m2023-01-07 16:38:02.039[0;39m [32m INFO[0;39m [35m1[0;39m [2m---[0;39m [2m[           main][0;39m [36md.t.i.w.a.config.LiquibaseConfiguration [0;39m [2m:[0;39m The previous version was 6.0.0
build	07-Jan-2023 17:38:02	[36martemis-app_1      |[0m [2m2023-01-07 16:38:02.040[0;39m [32m INFO[0;39m [35m1[0;39m [2m---[0;39m [2m[           main][0;39m [36md.t.i.w.a.config.LiquibaseConfiguration [0;39m [2m:[0;39m Liquibase is enabled
build	07-Jan-2023 17:38:02	[36martemis-app_1      |[0m [2m2023-01-07 16:38:02.618[0;39m [32m INFO[0;39m [35m1[0;39m [2m---[0;39m [2m[           main][0;39m [36mliquibase.lockservice                   [0;39m [2m:[0;39m Successfully acquired change log lock
build	07-Jan-2023 17:38:05	[36martemis-app_1      |[0m [2m2023-01-07 16:38:05.401[0;39m [32m INFO[0;39m [35m1[0;39m [2m---[0;39m [2m[           main][0;39m [36mliquibase.changelog                     [0;39m [2m:[0;39m Reading from Artemis.DATABASECHANGELOG
build	07-Jan-2023 17:38:06	[36martemis-app_1      |[0m [2m2023-01-07 16:38:06.176[0;39m [33m WARN[0;39m [35m1[0;39m [2m---[0;39m [2m[           main][0;39m [36mliquibase.changelog                     [0;39m [2m:[0;39m Due to mysql SQL limitations, setNullable will lose primary key/autoincrement/not null/comment settings explicitly redefined in the change. Use <sql> or <modifySql> to re-specify all configuration if this is the case
build	07-Jan-2023 17:38:06	[36martemis-app_1      |[0m [2m2023-01-07 16:38:06.177[0;39m [33m WARN[0;39m [35m1[0;39m [2m---[0;39m [2m[           main][0;39m [36mliquibase.changelog                     [0;39m [2m:[0;39m Due to mysql SQL limitations, modifyDataType will lose primary key/autoincrement/not null/comment settings explicitly redefined in the change. Use <sql> or <modifySql> to re-specify all configuration if this is the case
build	07-Jan-2023 17:38:06	[36martemis-app_1      |[0m [2m2023-01-07 16:38:06.177[0;39m [33m WARN[0;39m [35m1[0;39m [2m---[0;39m [2m[           main][0;39m [36mliquibase.changelog                     [0;39m [2m:[0;39m Due to mysql SQL limitations, addDefaultValue will lose primary key/autoincrement/not null/comment settings explicitly redefined in the change. Use <sql> or <modifySql> to re-specify all configuration if this is the case
build	07-Jan-2023 17:38:06	[36martemis-app_1      |[0m [2m2023-01-07 16:38:06.182[0;39m [32m INFO[0;39m [35m1[0;39m [2m---[0;39m [2m[           main][0;39m [36mliquibase.lockservice                   [0;39m [2m:[0;39m Successfully released change log lock
build	07-Jan-2023 17:38:06	[36martemis-app_1      |[0m [2m2023-01-07 16:38:06.188[0;39m [33m WARN[0;39m [35m1[0;39m [2m---[0;39m [2m[           main][0;39m [36mConfigServletWebServerApplicationContext[0;39m [2m:[0;39m Exception encountered during context initialization - cancelling refresh attempt: org.springframework.beans.factory.BeanCreationException: Error creating bean with name 'liquibase' defined in class path resource [de/tum/in/www1/artemis/config/LiquibaseConfiguration.class]: Invocation of init method failed; nested exception is liquibase.exception.ValidationFailedException: Validation Failed:
build	07-Jan-2023 17:38:06	[36martemis-app_1      |[0m      3 changesets check sum
build	07-Jan-2023 17:38:06	[36martemis-app_1      |[0m           config/liquibase/changelog/00000000000000_initial_schema.xml::00000000000001::krusche was: 8:c84263290f6f028dfebcf4cb52624394 but is now: 8:2c9c80db5b45bbf1d85e321f6bd408fd
build	07-Jan-2023 17:38:06	[36martemis-app_1      |[0m           config/liquibase/changelog/20220826000000_changelog.xml::20220826000000-1::stefanwaldhauser was: 8:4688b36642aabe4de395fc3509a417d9 but is now: 8:0254419ff721fa3017ef6a19696f1862
build	07-Jan-2023 17:38:06	[36martemis-app_1      |[0m           config/liquibase/changelog/20221026200000_changelog.xml::20221026200000::manuelmanso was: 8:3d07b29927ba043f414c0e23f4a1057f but is now: 8:4b0be9fa6bcdda7c1d9730ac5cec2f7b
build	07-Jan-2023 17:38:06	[36martemis-app_1      |[0m 
build	07-Jan-2023 17:38:06	[36martemis-app_1      |[0m [2m2023-01-07 16:38:06.347[0;39m [31mERROR[0;39m [35m1[0;39m [2m---[0;39m [2m[           main][0;39m [36mo.s.boot.SpringApplication              [0;39m [2m:[0;39m Application run failed
build	07-Jan-2023 17:38:06	[36martemis-app_1      |[0m 
build	07-Jan-2023 17:38:06	[36martemis-app_1      |[0m org.springframework.beans.factory.BeanCreationException: Error creating bean with name 'liquibase' defined in class path resource [de/tum/in/www1/artemis/config/LiquibaseConfiguration.class]: Invocation of init method failed; nested exception is liquibase.exception.ValidationFailedException: Validation Failed:
build	07-Jan-2023 17:38:06	[36martemis-app_1      |[0m      3 changesets check sum
build	07-Jan-2023 17:38:06	[36martemis-app_1      |[0m           config/liquibase/changelog/00000000000000_initial_schema.xml::00000000000001::krusche was: 8:c84263290f6f028dfebcf4cb52624394 but is now: 8:2c9c80db5b45bbf1d85e321f6bd408fd
build	07-Jan-2023 17:38:06	[36martemis-app_1      |[0m           config/liquibase/changelog/20220826000000_changelog.xml::20220826000000-1::stefanwaldhauser was: 8:4688b36642aabe4de395fc3509a417d9 but is now: 8:0254419ff721fa3017ef6a19696f1862
build	07-Jan-2023 17:38:06	[36martemis-app_1      |[0m           config/liquibase/changelog/20221026200000_changelog.xml::20221026200000::manuelmanso was: 8:3d07b29927ba043f414c0e23f4a1057f but is now: 8:4b0be9fa6bcdda7c1d9730ac5cec2f7b
build	07-Jan-2023 17:38:06	[36martemis-app_1      |[0m 
build	07-Jan-2023 17:38:06	[36martemis-app_1      |[0m 	at org.springframework.beans.factory.support.AbstractAutowireCapableBeanFactory.initializeBean(AbstractAutowireCapableBeanFactory.java:1804)
build	07-Jan-2023 17:38:06	[36martemis-app_1      |[0m 	at org.springframework.beans.factory.support.AbstractAutowireCapableBeanFactory.doCreateBean(AbstractAutowireCapableBeanFactory.java:620)
build	07-Jan-2023 17:38:06	[36martemis-app_1      |[0m 	at org.springframework.beans.factory.support.AbstractAutowireCapableBeanFactory.createBean(AbstractAutowireCapableBeanFactory.java:542)
build	07-Jan-2023 17:38:06	[36martemis-app_1      |[0m 	at org.springframework.beans.factory.support.AbstractBeanFactory.lambda$doGetBean$0(AbstractBeanFactory.java:335)
build	07-Jan-2023 17:38:06	[36martemis-app_1      |[0m 	at org.springframework.beans.factory.support.DefaultSingletonBeanRegistry.getSingleton(DefaultSingletonBeanRegistry.java:234)
build	07-Jan-2023 17:38:06	[36martemis-app_1      |[0m 	at org.springframework.beans.factory.support.AbstractBeanFactory.doGetBean(AbstractBeanFactory.java:333)
build	07-Jan-2023 17:38:06	[36martemis-app_1      |[0m 	at org.springframework.beans.factory.support.AbstractBeanFactory.getBean(AbstractBeanFactory.java:208)
build	07-Jan-2023 17:38:06	[36martemis-app_1      |[0m 	at org.springframework.beans.factory.support.AbstractBeanFactory.doGetBean(AbstractBeanFactory.java:322)
build	07-Jan-2023 17:38:06	[36martemis-app_1      |[0m 	at org.springframework.beans.factory.support.AbstractBeanFactory.getBean(AbstractBeanFactory.java:208)
build	07-Jan-2023 17:38:06	[36martemis-app_1      |[0m 	at org.springframework.context.support.AbstractApplicationContext.getBean(AbstractApplicationContext.java:1154)
build	07-Jan-2023 17:38:06	[36martemis-app_1      |[0m 	at org.springframework.context.support.AbstractApplicationContext.finishBeanFactoryInitialization(AbstractApplicationContext.java:908)
build	07-Jan-2023 17:38:06	[36martemis-app_1      |[0m 	at org.springframework.context.support.AbstractApplicationContext.refresh(AbstractApplicationContext.java:583)
build	07-Jan-2023 17:38:06	[36martemis-app_1      |[0m 	at org.springframework.boot.web.servlet.context.ServletWebServerApplicationContext.refresh(ServletWebServerApplicationContext.java:147)
build	07-Jan-2023 17:38:06	[36martemis-app_1      |[0m 	at org.springframework.boot.SpringApplication.refresh(SpringApplication.java:734)
build	07-Jan-2023 17:38:06	[36martemis-app_1      |[0m 	at org.springframework.boot.SpringApplication.refreshContext(SpringApplication.java:408)
build	07-Jan-2023 17:38:06	[36martemis-app_1      |[0m 	at org.springframework.boot.SpringApplication.run(SpringApplication.java:308)
build	07-Jan-2023 17:38:06	[36martemis-app_1      |[0m 	at de.tum.in.www1.artemis.ArtemisApp.main(ArtemisApp.java:63)
build	07-Jan-2023 17:38:06	[36martemis-app_1      |[0m 	at java.base/jdk.internal.reflect.NativeMethodAccessorImpl.invoke0(Native Method)
build	07-Jan-2023 17:38:06	[36martemis-app_1      |[0m 	at java.base/jdk.internal.reflect.NativeMethodAccessorImpl.invoke(Unknown Source)
build	07-Jan-2023 17:38:06	[36martemis-app_1      |[0m 	at java.base/jdk.internal.reflect.DelegatingMethodAccessorImpl.invoke(Unknown Source)
build	07-Jan-2023 17:38:06	[36martemis-app_1      |[0m 	at java.base/java.lang.reflect.Method.invoke(Unknown Source)
build	07-Jan-2023 17:38:06	[36martemis-app_1      |[0m 	at org.springframework.boot.loader.MainMethodRunner.run(MainMethodRunner.java:49)
build	07-Jan-2023 17:38:06	[36martemis-app_1      |[0m 	at org.springframework.boot.loader.Launcher.launch(Launcher.java:108)
build	07-Jan-2023 17:38:06	[36martemis-app_1      |[0m 	at org.springframework.boot.loader.Launcher.launch(Launcher.java:58)
build	07-Jan-2023 17:38:06	[36martemis-app_1      |[0m 	at org.springframework.boot.loader.WarLauncher.main(WarLauncher.java:59)
build	07-Jan-2023 17:38:06	[36martemis-app_1      |[0m Caused by: liquibase.exception.ValidationFailedException: Validation Failed:
build	07-Jan-2023 17:38:06	[36martemis-app_1      |[0m      3 changesets check sum
build	07-Jan-2023 17:38:06	[36martemis-app_1      |[0m           config/liquibase/changelog/00000000000000_initial_schema.xml::00000000000001::krusche was: 8:c84263290f6f028dfebcf4cb52624394 but is now: 8:2c9c80db5b45bbf1d85e321f6bd408fd
build	07-Jan-2023 17:38:06	[36martemis-app_1      |[0m           config/liquibase/changelog/20220826000000_changelog.xml::20220826000000-1::stefanwaldhauser was: 8:4688b36642aabe4de395fc3509a417d9 but is now: 8:0254419ff721fa3017ef6a19696f1862
build	07-Jan-2023 17:38:06	[36martemis-app_1      |[0m           config/liquibase/changelog/20221026200000_changelog.xml::20221026200000::manuelmanso was: 8:3d07b29927ba043f414c0e23f4a1057f but is now: 8:4b0be9fa6bcdda7c1d9730ac5cec2f7b
build	07-Jan-2023 17:38:06	[36martemis-app_1      |[0m 
build	07-Jan-2023 17:38:06	[36martemis-app_1      |[0m 	at liquibase.changelog.DatabaseChangeLog.validate(DatabaseChangeLog.java:339)
build	07-Jan-2023 17:38:06	[36martemis-app_1      |[0m 	at liquibase.Liquibase.lambda$update$1(Liquibase.java:229)
build	07-Jan-2023 17:38:06	[36martemis-app_1      |[0m 	at liquibase.Scope.lambda$child$0(Scope.java:180)
build	07-Jan-2023 17:38:06	[36martemis-app_1      |[0m 	at liquibase.Scope.child(Scope.java:189)
build	07-Jan-2023 17:38:06	[36martemis-app_1      |[0m 	at liquibase.Scope.child(Scope.java:179)
build	07-Jan-2023 17:38:06	[36martemis-app_1      |[0m 	at liquibase.Scope.child(Scope.java:158)
build	07-Jan-2023 17:38:06	[36martemis-app_1      |[0m 	at liquibase.Liquibase.runInScope(Liquibase.java:2414)
build	07-Jan-2023 17:38:06	[36martemis-app_1      |[0m 	at liquibase.Liquibase.update(Liquibase.java:209)
build	07-Jan-2023 17:38:06	[36martemis-app_1      |[0m 	at liquibase.Liquibase.update(Liquibase.java:195)
build	07-Jan-2023 17:38:06	[36martemis-app_1      |[0m 	at liquibase.integration.spring.SpringLiquibase.performUpdate(SpringLiquibase.java:328)
build	07-Jan-2023 17:38:06	[36martemis-app_1      |[0m 	at liquibase.integration.spring.SpringLiquibase.afterPropertiesSet(SpringLiquibase.java:283)
build	07-Jan-2023 17:38:06	[36martemis-app_1      |[0m 	at org.springframework.beans.factory.support.AbstractAutowireCapableBeanFactory.invokeInitMethods(AbstractAutowireCapableBeanFactory.java:1863)
build	07-Jan-2023 17:38:06	[36martemis-app_1      |[0m 	at org.springframework.beans.factory.support.AbstractAutowireCapableBeanFactory.initializeBean(AbstractAutowireCapableBeanFactory.java:1800)
build	07-Jan-2023 17:38:06	[36martemis-app_1      |[0m 	... 24 common frames omitted
build	07-Jan-2023 17:38:06	[36martemis-app_1      |[0m 
build	07-Jan-2023 17:38:07	[36mcypress_artemis-app_1 exited with code 1
error	07-Jan-2023 17:38:07	[1BStopping cypress_artemis-cypress_1   ... 
error	07-Jan-2023 17:38:07	Stopping cypress_artemis-mysql_1     ... 
error	07-Jan-2023 17:38:17	[2A[2K
error	07-Jan-2023 17:38:17	Stopping cypress_artemis-cypress_1   ... [32mdone[0m
error	07-Jan-2023 17:38:18	[2B[1A[2K
error	07-Jan-2023 17:38:18	Stopping cypress_artemis-mysql_1     ... [32mdone[0m
build	07-Jan-2023 17:38:18	[0mAborting on container exit...
error	07-Jan-2023 17:38:18	[1B
build	07-Jan-2023 17:38:18	Cypress container exit code: 137
build	07-Jan-2023 17:38:18	Not creating success file because the tests failed
simple	07-Jan-2023 17:38:18	Finished task 'Deploy Artemis and run Cypress tests' with result: Success
simple	07-Jan-2023 17:38:18	Starting task 'Parse test results' of type 'com.atlassian.bamboo.plugins.testresultparser:task.testresultparser.junit'
simple	07-Jan-2023 17:38:18	Parsing test results under /opt/bambooagent/bamboo-agent-home/xml-data/build-dir/ARTEMIS-AECF101-DA...
simple	07-Jan-2023 17:38:18	Failing task since test cases were expected but none were found.
simple	07-Jan-2023 17:38:18	Finished task 'Parse test results' with result: Failed
simple	07-Jan-2023 17:38:18	Starting task 'Make sure all docker containers are cleaned up' of type 'com.atlassian.bamboo.plugins.scripttask:task.builder.script'
command	07-Jan-2023 17:38:18	Beginning to execute external process for build 'Artemis - Artemis E2E (Cypress - Docker- Flaky) - flaky-history-build-705 - Cypress E2E flake detection #5 (ARTEMIS-AECF101-DA-5)'\n ... running command line: \n/opt/bambooagent/bamboo-agent-home/temp/ARTEMIS-AECF101-DA-5-ScriptBuildTask-3901014143916362360.sh\n ... in: /opt/bambooagent/bamboo-agent-home/xml-data/build-dir/ARTEMIS-AECF101-DA\n
error	07-Jan-2023 17:38:19	Removing cypress_artemis-cypress_1 ... 
error	07-Jan-2023 17:38:19	Removing cypress_artemis-app_1     ... 
error	07-Jan-2023 17:38:19	Removing cypress_artemis-mysql_1   ... 
error	07-Jan-2023 17:38:19	[2A[2K
error	07-Jan-2023 17:38:19	Removing cypress_artemis-app_1     ... [32mdone[0m
error	07-Jan-2023 17:38:19	[2B[1A[2K
error	07-Jan-2023 17:38:19	Removing cypress_artemis-mysql_1   ... [32mdone[0m
error	07-Jan-2023 17:38:20	[1B[3A[2K
error	07-Jan-2023 17:38:20	Removing cypress_artemis-cypress_1 ... [32mdone[0m
build	07-Jan-2023 17:38:20	Going to remove cypress_artemis-cypress_1, cypress_artemis-app_1, cypress_artemis-mysql_1
error	07-Jan-2023 17:38:20	[3B
simple	07-Jan-2023 17:38:20	Finished task 'Make sure all docker containers are cleaned up' with result: Success
command	07-Jan-2023 17:38:20	Substituting password variable: ${bamboo.GitHubSecret}
command	07-Jan-2023 17:38:20	Substituting variable: ${bamboo.shortJobName} with Cypress E2E flake detection
command	07-Jan-2023 17:38:20	Substituting variable: ${bamboo.buildResultsUrl} with https://bamboo.ase.in.tum.de/browse/ARTEMIS-AECF101-DA-5
command	07-Jan-2023 17:38:20	Substituting variable: ${bamboo.repository.revision.number} with 348c90a8ab567ecca0a08818c1f587169236e3ce
command	07-Jan-2023 17:38:20	Substituting password variable: ${bamboo.GitHubSecret}
command	07-Jan-2023 17:38:20	Substituting variable: ${bamboo.shortJobName} with Cypress E2E flake detection
command	07-Jan-2023 17:38:20	Substituting variable: ${bamboo.buildResultsUrl} with https://bamboo.ase.in.tum.de/browse/ARTEMIS-AECF101-DA-5
command	07-Jan-2023 17:38:20	Substituting variable: ${bamboo.repository.revision.number} with 348c90a8ab567ecca0a08818c1f587169236e3ce
simple	07-Jan-2023 17:38:20	Starting task 'GitHub: Update Build Status' of type 'com.atlassian.bamboo.plugins.scripttask:task.builder.script'
command	07-Jan-2023 17:38:20	Beginning to execute external process for build 'Artemis - Artemis E2E (Cypress - Docker- Flaky) - flaky-history-build-705 - Cypress E2E flake detection #5 (ARTEMIS-AECF101-DA-5)'\n ... running command line: \n/opt/bambooagent/bamboo-agent-home/temp/ARTEMIS-AECF101-DA-5-ScriptBuildTask-8591985746783713780.sh\n ... in: /opt/bambooagent/bamboo-agent-home/xml-data/build-dir/ARTEMIS-AECF101-DA\n
build	07-Jan-2023 17:38:20	Sending failure to github
error	07-Jan-2023 17:38:20	  % Total    % Received % Xferd  Average Speed   Time    Time     Time  Current
error	07-Jan-2023 17:38:20	                                 Dload  Upload   Total   Spent    Left  Speed
error	07-Jan-2023 17:38:20	
error	07-Jan-2023 17:38:20	  0     0    0     0    0     0      0      0 --:--:-- --:--:-- --:--:--     0
error	07-Jan-2023 17:38:21	100   168    0     0  100   168      0    827 --:--:-- --:--:-- --:--:--   827
error	07-Jan-2023 17:38:21	100  1739  100  1571  100   168   3400    363 --:--:-- --:--:-- --:--:--  3755
simple	07-Jan-2023 17:38:21	Finished task 'GitHub: Update Build Status' with result: Success
simple	07-Jan-2023 17:38:21	Running post build plugin 'Docker Container Cleanup'
simple	07-Jan-2023 17:38:21	Running post build plugin 'NCover Results Collector'
simple	07-Jan-2023 17:38:21	Running post build plugin 'Build Results Label Collector'
simple	07-Jan-2023 17:38:21	Running post build plugin 'Clover Results Collector'
simple	07-Jan-2023 17:38:21	Running post build plugin 'npm Cache Cleanup'
simple	07-Jan-2023 17:38:21	Running post build plugin 'Artifact Copier'
simple	07-Jan-2023 17:38:21	Finalising the build...
simple	07-Jan-2023 17:38:21	Stopping timer.
simple	07-Jan-2023 17:38:21	Build ARTEMIS-AECF101-DA-5 completed.
simple	07-Jan-2023 17:38:21	Running on server: post build plugin 'Build Hanging Detection Configuration'
simple	07-Jan-2023 17:38:21	Running on server: post build plugin 'NCover Results Collector'
simple	07-Jan-2023 17:38:21	Running on server: post build plugin 'Build Labeller'
simple	07-Jan-2023 17:38:21	Running on server: post build plugin 'Clover Delta Calculator'
simple	07-Jan-2023 17:38:21	Running on server: post build plugin 'Maven Dependencies Postprocessor'
simple	07-Jan-2023 17:38:21	All post build plugins have finished
simple	07-Jan-2023 17:38:21	Generating build results summary...
simple	07-Jan-2023 17:38:21	Saving build results to disk...
simple	07-Jan-2023 17:38:21	Store variable context...
simple	07-Jan-2023 17:38:21	Finished building ARTEMIS-AECF101-DA-5.
