simple	14-Jan-2023 14:47:56	Build Artemis - Artemis E2E Tests (Cypress in Docker) - flake-check-build-792 - Cypress E2E Tests on Bamboo #2 (ARTEMIS-AETG1262-DA-2) started building on agent ls1Agent-l-3.ase.in.tum.de, bamboo version: 8.2.5
simple	14-Jan-2023 14:47:56	Remote agent on host ls1Agent-l-3.ase.in.tum.de
simple	14-Jan-2023 14:47:56	Build working directory is /opt/bambooagent/bamboo-agent-home/xml-data/build-dir/ARTEMIS-AETG1262-DA
simple	14-Jan-2023 14:47:56	Executing build Artemis - Artemis E2E Tests (Cypress in Docker) - flake-check-build-792 - Cypress E2E Tests on Bamboo #2 (ARTEMIS-AETG1262-DA-2)
simple	14-Jan-2023 14:47:56	Running pre-build action: Build Log Labeller Pre Build Action
simple	14-Jan-2023 14:47:56	Running pre-build action: VCS Version Collector
command	14-Jan-2023 14:47:56	Substituting password variable: ${bamboo.GitHubSecret}
command	14-Jan-2023 14:47:56	Substituting variable: ${bamboo.shortJobName} with Cypress E2E Tests on Bamboo
command	14-Jan-2023 14:47:56	Substituting variable: ${bamboo.buildResultsUrl} with https://bamboo.ase.in.tum.de/browse/ARTEMIS-AETG1262-DA-2
command	14-Jan-2023 14:47:56	Substituting variable: ${bamboo.repository.revision.number} with 87da5c82965c34eee170efb163e1d64e86ed8273
simple	14-Jan-2023 14:47:56	Starting task 'Github: Set build to pending' of type 'com.atlassian.bamboo.plugins.scripttask:task.builder.script'
command	14-Jan-2023 14:47:56	Beginning to execute external process for build 'Artemis - Artemis E2E Tests (Cypress in Docker) - flake-check-build-792 - Cypress E2E Tests on Bamboo #2 (ARTEMIS-AETG1262-DA-2)'\n ... running command line: \n/opt/bambooagent/bamboo-agent-home/temp/ARTEMIS-AETG1262-DA-2-ScriptBuildTask-3361110654429453367.sh\n ... in: /opt/bambooagent/bamboo-agent-home/xml-data/build-dir/ARTEMIS-AETG1262-DA\n
error	14-Jan-2023 14:47:56	  % Total    % Received % Xferd  Average Speed   Time    Time     Time  Current
error	14-Jan-2023 14:47:56	                                 Dload  Upload   Total   Spent    Left  Speed
error	14-Jan-2023 14:47:56	
error	14-Jan-2023 14:47:57	  0     0    0     0    0     0      0      0 --:--:-- --:--:-- --:--:--     0
error	14-Jan-2023 14:47:57	100  1747  100  1575  100   172   3767    411 --:--:-- --:--:-- --:--:--  4179
simple	14-Jan-2023 14:47:57	Finished task 'Github: Set build to pending' with result: Success
simple	14-Jan-2023 14:47:57	Starting task 'Source Code Checkout' of type 'com.atlassian.bamboo.plugins.vcs:task.vcs.checkout'
simple	14-Jan-2023 14:47:57	Checking out into /opt/bambooagent/bamboo-agent-home/xml-data/build-dir/ARTEMIS-AETG1262-DA
simple	14-Jan-2023 14:47:57	Updating source code to revision: 87da5c82965c34eee170efb163e1d64e86ed8273
simple	14-Jan-2023 14:47:57	Creating local git repository in '/opt/bambooagent/bamboo-agent-home/xml-data/build-dir/ARTEMIS-AETG1262-DA/.git'.
simple	14-Jan-2023 14:47:57	Initialized empty Git repository in /opt/bambooagent/bamboo-agent-home/xml-data/build-dir/ARTEMIS-AETG1262-DA/.git/
simple	14-Jan-2023 14:47:57	Fetching 'refs/heads/flake-check/build-792' from 'https://github.com/ls1intum/Artemis.git'. Will try to do a shallow fetch.
simple	14-Jan-2023 14:48:03	From https://github.com/ls1intum/Artemis
simple	14-Jan-2023 14:48:03	 * [new branch]      flake-check/build-792 -> flake-check/build-792
simple	14-Jan-2023 14:48:03	Checking out revision 87da5c82965c34eee170efb163e1d64e86ed8273.
simple	14-Jan-2023 14:48:04	Switched to branch 'flake-check/build-792'
simple	14-Jan-2023 14:48:04	Updated source code to revision: 87da5c82965c34eee170efb163e1d64e86ed8273
simple	14-Jan-2023 14:48:04	Finished task 'Source Code Checkout' with result: Success
simple	14-Jan-2023 14:48:04	Starting task 'Download Artemis Executable' of type 'com.atlassian.bamboo.plugins.bamboo-artifact-downloader-plugin:artifactdownloadertask'
simple	14-Jan-2023 14:48:04	Preparing to download plan result ARTEMIS-WEBAPP4810-1 artifact: Non required shared artifact: [war], pattern: [*.war] anchored at: [build/libs]
simple	14-Jan-2023 14:48:13	Artifact [war] downloaded successfully in 9.551 s to working directory
simple	14-Jan-2023 14:48:13	Finished task 'Download Artemis Executable' with result: Success
command	14-Jan-2023 14:48:13	Substituting variable: ${bamboo.artemis_admin_username} with artemis-cypress-admin
command	14-Jan-2023 14:48:13	Substituting password variable: ${bamboo.artemis_admin_password}
command	14-Jan-2023 14:48:13	Substituting variable: ${bamboo.cypress_username_template} with artemis_test_user_USERID
command	14-Jan-2023 14:48:13	Substituting password variable: ${bamboo.cypress_password_template}
command	14-Jan-2023 14:48:13	Substituting password variable: ${bamboo.ARTEMIS_CONTINUOUS_INTEGRATION_ARTEMIS_AUTHENTICATION_TOKEN_VALUE_SECRET}
command	14-Jan-2023 14:48:13	Substituting password variable: ${bamboo.ARTEMIS_CONTINUOUS_INTEGRATION_TOKEN_SECRET}
simple	14-Jan-2023 14:48:13	Starting task 'Deploy Artemis and run Cypress tests' of type 'com.atlassian.bamboo.plugins.scripttask:task.builder.script'
command	14-Jan-2023 14:48:14	Beginning to execute external process for build 'Artemis - Artemis E2E Tests (Cypress in Docker) - flake-check-build-792 - Cypress E2E Tests on Bamboo #2 (ARTEMIS-AETG1262-DA-2)'\n ... running command line: \n/opt/bambooagent/bamboo-agent-home/temp/ARTEMIS-AETG1262-DA-2-ScriptBuildTask-1742335011908866653.sh\n ... in: /opt/bambooagent/bamboo-agent-home/xml-data/build-dir/ARTEMIS-AETG1262-DA\n
error	14-Jan-2023 14:48:14	Pulling artemis-mysql   ... 
error	14-Jan-2023 14:48:14	Pulling artemis-app     ... 
error	14-Jan-2023 14:48:14	Pulling artemis-cypress ... 
error	14-Jan-2023 14:48:14	[2A[2K
error	14-Jan-2023 14:48:14	Pulling artemis-app     ... [32mdone[0m
error	14-Jan-2023 14:48:16	[2B[1A[2K
error	14-Jan-2023 14:48:16	Pulling artemis-cypress ... pulling from cypress/browsers
error	14-Jan-2023 14:48:16	[1B[3A[2K
error	14-Jan-2023 14:48:16	Pulling artemis-mysql   ... pulling from library/mysql
error	14-Jan-2023 14:48:16	[3B[1A[2K
error	14-Jan-2023 14:48:16	Pulling artemis-cypress ... digest: sha256:bfdbf9b64fdaad364f...
error	14-Jan-2023 14:48:16	[1B[1A[2K
error	14-Jan-2023 14:48:16	Pulling artemis-cypress ... status: downloaded newer image fo...
error	14-Jan-2023 14:48:16	[1B[1A[2K
error	14-Jan-2023 14:48:16	Pulling artemis-cypress ... [32mdone[0m
error	14-Jan-2023 14:48:16	[1B[3A[2K
error	14-Jan-2023 14:48:16	Pulling artemis-mysql   ... digest: sha256:3d7ae561cf6095f6ac...
error	14-Jan-2023 14:48:16	[3B[3A[2K
error	14-Jan-2023 14:48:16	Pulling artemis-mysql   ... status: image is up to date for m...
error	14-Jan-2023 14:48:16	[3B[3A[2K
error	14-Jan-2023 14:48:16	Pulling artemis-mysql   ... [32mdone[0m
error	14-Jan-2023 14:48:17	[3Bartemis-mysql uses an image, skipping
error	14-Jan-2023 14:48:17	artemis-cypress uses an image, skipping
error	14-Jan-2023 14:48:17	Building artemis-app
build	14-Jan-2023 14:48:23	Step 1/23 : FROM docker.io/library/eclipse-temurin:17-jdk
build	14-Jan-2023 14:48:25	17-jdk: Pulling from library/eclipse-temurin
build	14-Jan-2023 14:48:25	Digest: sha256:21364a8c99cadc93ba7b44780fc60f33d97c90227292b63914296e606545ba5a
build	14-Jan-2023 14:48:25	Status: Image is up to date for eclipse-temurin:17-jdk
build	14-Jan-2023 14:48:25	 ---> 9ef86393bfda
build	14-Jan-2023 14:48:25	Step 2/23 : ENV SPRING_OUTPUT_ANSI_ENABLED=ALWAYS     JHIPSTER_SLEEP=0     JAVA_OPTS=""
build	14-Jan-2023 14:48:26	 ---> Running in 16d74352efde
build	14-Jan-2023 14:48:26	Removing intermediate container 16d74352efde
build	14-Jan-2023 14:48:26	 ---> 4819fb09b65e
build	14-Jan-2023 14:48:26	Step 3/23 : ENV spring.profiles.active ""
build	14-Jan-2023 14:48:26	 ---> Running in 28f2d5424715
build	14-Jan-2023 14:48:26	Removing intermediate container 28f2d5424715
build	14-Jan-2023 14:48:26	 ---> cc34b0efbab6
build	14-Jan-2023 14:48:26	Step 4/23 : RUN echo "Installing needed dependencies"   && apt-get update && apt-get install -y --no-install-recommends locales graphviz wget   && apt-get clean   && rm -rf /var/lib/apt/lists/*
build	14-Jan-2023 14:48:26	 ---> Running in 53fd59d35ec0
build	14-Jan-2023 14:48:27	Installing needed dependencies
build	14-Jan-2023 14:48:27	Get:1 http://security.ubuntu.com/ubuntu jammy-security InRelease [110 kB]
build	14-Jan-2023 14:48:27	Get:2 http://archive.ubuntu.com/ubuntu jammy InRelease [270 kB]
build	14-Jan-2023 14:48:27	Get:3 http://security.ubuntu.com/ubuntu jammy-security/main amd64 Packages [720 kB]
build	14-Jan-2023 14:48:27	Get:4 http://archive.ubuntu.com/ubuntu jammy-updates InRelease [114 kB]
build	14-Jan-2023 14:48:27	Get:5 http://archive.ubuntu.com/ubuntu jammy-backports InRelease [99.8 kB]
build	14-Jan-2023 14:48:27	Get:6 http://security.ubuntu.com/ubuntu jammy-security/universe amd64 Packages [786 kB]
build	14-Jan-2023 14:48:27	Get:7 http://security.ubuntu.com/ubuntu jammy-security/multiverse amd64 Packages [4,732 B]
build	14-Jan-2023 14:48:27	Get:8 http://security.ubuntu.com/ubuntu jammy-security/restricted amd64 Packages [659 kB]
build	14-Jan-2023 14:48:27	Get:9 http://archive.ubuntu.com/ubuntu jammy/universe amd64 Packages [17.5 MB]
build	14-Jan-2023 14:48:27	Get:10 http://archive.ubuntu.com/ubuntu jammy/restricted amd64 Packages [164 kB]
build	14-Jan-2023 14:48:27	Get:11 http://archive.ubuntu.com/ubuntu jammy/multiverse amd64 Packages [266 kB]
build	14-Jan-2023 14:48:27	Get:12 http://archive.ubuntu.com/ubuntu jammy/main amd64 Packages [1,792 kB]
build	14-Jan-2023 14:48:27	Get:13 http://archive.ubuntu.com/ubuntu jammy-updates/universe amd64 Packages [990 kB]
build	14-Jan-2023 14:48:27	Get:14 http://archive.ubuntu.com/ubuntu jammy-updates/multiverse amd64 Packages [8,978 B]
build	14-Jan-2023 14:48:27	Get:15 http://archive.ubuntu.com/ubuntu jammy-updates/restricted amd64 Packages [708 kB]
build	14-Jan-2023 14:48:27	Get:16 http://archive.ubuntu.com/ubuntu jammy-updates/main amd64 Packages [1,035 kB]
build	14-Jan-2023 14:48:27	Get:17 http://archive.ubuntu.com/ubuntu jammy-backports/universe amd64 Packages [7,286 B]
build	14-Jan-2023 14:48:27	Get:18 http://archive.ubuntu.com/ubuntu jammy-backports/main amd64 Packages [3,520 B]
build	14-Jan-2023 14:48:29	Fetched 25.2 MB in 2s (12.6 MB/s)
build	14-Jan-2023 14:48:30	Reading package lists...
build	14-Jan-2023 14:48:31	Reading package lists...
build	14-Jan-2023 14:48:31	Building dependency tree...
build	14-Jan-2023 14:48:31	Reading state information...
build	14-Jan-2023 14:48:31	wget is already the newest version (1.21.2-2ubuntu1).
build	14-Jan-2023 14:48:31	locales is already the newest version (2.35-0ubuntu3.1).
build	14-Jan-2023 14:48:31	The following additional packages will be installed:
build	14-Jan-2023 14:48:31	  libann0 libbsd0 libcairo2 libcdt5 libcgraph6 libdatrie1 libdeflate0
build	14-Jan-2023 14:48:31	  libfribidi0 libgd3 libglib2.0-0 libgraphite2-3 libgts-0.7-5 libgvc6 libgvpr2
build	14-Jan-2023 14:48:31	  libharfbuzz0b libice6 libjbig0 libjpeg-turbo8 libjpeg8 liblab-gamut1
build	14-Jan-2023 14:48:31	  libltdl7 libmd0 libpango-1.0-0 libpangocairo-1.0-0 libpangoft2-1.0-0
build	14-Jan-2023 14:48:31	  libpathplan4 libpixman-1-0 libsm6 libthai-data libthai0 libtiff5 libwebp7
build	14-Jan-2023 14:48:31	  libx11-6 libx11-data libxau6 libxaw7 libxcb-render0 libxcb-shm0 libxcb1
build	14-Jan-2023 14:48:31	  libxdmcp6 libxext6 libxmu6 libxpm4 libxrender1 libxt6 x11-common
build	14-Jan-2023 14:48:31	Suggested packages:
build	14-Jan-2023 14:48:31	  gsfonts graphviz-doc libgd-tools
build	14-Jan-2023 14:48:31	Recommended packages:
build	14-Jan-2023 14:48:31	  fonts-liberation libglib2.0-data shared-mime-info xdg-user-dirs libgts-bin
build	14-Jan-2023 14:48:31	The following NEW packages will be installed:
build	14-Jan-2023 14:48:31	  graphviz libann0 libbsd0 libcairo2 libcdt5 libcgraph6 libdatrie1 libdeflate0
build	14-Jan-2023 14:48:31	  libfribidi0 libgd3 libglib2.0-0 libgraphite2-3 libgts-0.7-5 libgvc6 libgvpr2
build	14-Jan-2023 14:48:31	  libharfbuzz0b libice6 libjbig0 libjpeg-turbo8 libjpeg8 liblab-gamut1
build	14-Jan-2023 14:48:31	  libltdl7 libmd0 libpango-1.0-0 libpangocairo-1.0-0 libpangoft2-1.0-0
build	14-Jan-2023 14:48:31	  libpathplan4 libpixman-1-0 libsm6 libthai-data libthai0 libtiff5 libwebp7
build	14-Jan-2023 14:48:31	  libx11-6 libx11-data libxau6 libxaw7 libxcb-render0 libxcb-shm0 libxcb1
build	14-Jan-2023 14:48:31	  libxdmcp6 libxext6 libxmu6 libxpm4 libxrender1 libxt6 x11-common
build	14-Jan-2023 14:48:31	0 upgraded, 47 newly installed, 0 to remove and 5 not upgraded.
build	14-Jan-2023 14:48:31	Need to get 9,464 kB of archives.
build	14-Jan-2023 14:48:31	After this operation, 25.8 MB of additional disk space will be used.
build	14-Jan-2023 14:48:31	Get:1 http://archive.ubuntu.com/ubuntu jammy/main amd64 libmd0 amd64 1.0.4-1build1 [23.0 kB]
build	14-Jan-2023 14:48:32	Get:2 http://archive.ubuntu.com/ubuntu jammy/main amd64 libbsd0 amd64 0.11.5-1 [44.8 kB]
build	14-Jan-2023 14:48:32	Get:3 http://archive.ubuntu.com/ubuntu jammy-updates/main amd64 libfribidi0 amd64 1.0.8-2ubuntu3.1 [26.1 kB]
build	14-Jan-2023 14:48:32	Get:4 http://archive.ubuntu.com/ubuntu jammy-updates/main amd64 libglib2.0-0 amd64 2.72.4-0ubuntu1 [1,461 kB]
build	14-Jan-2023 14:48:32	Get:5 http://archive.ubuntu.com/ubuntu jammy/main amd64 libxau6 amd64 1:1.0.9-1build5 [7,634 B]
build	14-Jan-2023 14:48:32	Get:6 http://archive.ubuntu.com/ubuntu jammy/main amd64 libxdmcp6 amd64 1:1.1.3-0ubuntu5 [10.9 kB]
build	14-Jan-2023 14:48:32	Get:7 http://archive.ubuntu.com/ubuntu jammy/main amd64 libxcb1 amd64 1.14-3ubuntu3 [49.0 kB]
build	14-Jan-2023 14:48:32	Get:8 http://archive.ubuntu.com/ubuntu jammy/main amd64 libx11-data all 2:1.7.5-1 [119 kB]
build	14-Jan-2023 14:48:32	Get:9 http://archive.ubuntu.com/ubuntu jammy/main amd64 libx11-6 amd64 2:1.7.5-1 [666 kB]
build	14-Jan-2023 14:48:32	Get:10 http://archive.ubuntu.com/ubuntu jammy/main amd64 libxext6 amd64 2:1.3.4-1build1 [31.8 kB]
build	14-Jan-2023 14:48:32	Get:11 http://archive.ubuntu.com/ubuntu jammy/universe amd64 libann0 amd64 1.1.2+doc-7build1 [26.0 kB]
build	14-Jan-2023 14:48:32	Get:12 http://archive.ubuntu.com/ubuntu jammy/universe amd64 libcdt5 amd64 2.42.2-6 [21.1 kB]
build	14-Jan-2023 14:48:32	Get:13 http://archive.ubuntu.com/ubuntu jammy/universe amd64 libcgraph6 amd64 2.42.2-6 [45.8 kB]
build	14-Jan-2023 14:48:32	Get:14 http://archive.ubuntu.com/ubuntu jammy/main amd64 libjpeg-turbo8 amd64 2.1.2-0ubuntu1 [134 kB]
build	14-Jan-2023 14:48:32	Get:15 http://archive.ubuntu.com/ubuntu jammy/main amd64 libjpeg8 amd64 8c-2ubuntu10 [2,264 B]
build	14-Jan-2023 14:48:32	Get:16 http://archive.ubuntu.com/ubuntu jammy/main amd64 libdeflate0 amd64 1.10-2 [70.9 kB]
build	14-Jan-2023 14:48:32	Get:17 http://archive.ubuntu.com/ubuntu jammy-updates/main amd64 libjbig0 amd64 2.1-3.1ubuntu0.22.04.1 [29.2 kB]
build	14-Jan-2023 14:48:32	Get:18 http://archive.ubuntu.com/ubuntu jammy/main amd64 libwebp7 amd64 1.2.2-2 [206 kB]
build	14-Jan-2023 14:48:32	Get:19 http://archive.ubuntu.com/ubuntu jammy-updates/main amd64 libtiff5 amd64 4.3.0-6ubuntu0.3 [183 kB]
build	14-Jan-2023 14:48:32	Get:20 http://archive.ubuntu.com/ubuntu jammy/main amd64 libxpm4 amd64 1:3.5.12-1build2 [36.2 kB]
build	14-Jan-2023 14:48:32	Get:21 http://archive.ubuntu.com/ubuntu jammy/main amd64 libgd3 amd64 2.3.0-2ubuntu2 [129 kB]
build	14-Jan-2023 14:48:32	Get:22 http://archive.ubuntu.com/ubuntu jammy/universe amd64 libgts-0.7-5 amd64 0.7.6+darcs121130-5 [164 kB]
build	14-Jan-2023 14:48:32	Get:23 http://archive.ubuntu.com/ubuntu jammy-updates/main amd64 libpixman-1-0 amd64 0.40.0-1ubuntu0.22.04.1 [264 kB]
build	14-Jan-2023 14:48:32	Get:24 http://archive.ubuntu.com/ubuntu jammy/main amd64 libxcb-render0 amd64 1.14-3ubuntu3 [16.4 kB]
build	14-Jan-2023 14:48:32	Get:25 http://archive.ubuntu.com/ubuntu jammy/main amd64 libxcb-shm0 amd64 1.14-3ubuntu3 [5,780 B]
build	14-Jan-2023 14:48:32	Get:26 http://archive.ubuntu.com/ubuntu jammy/main amd64 libxrender1 amd64 1:0.9.10-1build4 [19.7 kB]
build	14-Jan-2023 14:48:32	Get:27 http://archive.ubuntu.com/ubuntu jammy/main amd64 libcairo2 amd64 1.16.0-5ubuntu2 [628 kB]
build	14-Jan-2023 14:48:32	Get:28 http://archive.ubuntu.com/ubuntu jammy/main amd64 libltdl7 amd64 2.4.6-15build2 [39.6 kB]
build	14-Jan-2023 14:48:32	Get:29 http://archive.ubuntu.com/ubuntu jammy/main amd64 libgraphite2-3 amd64 1.3.14-1build2 [71.3 kB]
build	14-Jan-2023 14:48:32	Get:30 http://archive.ubuntu.com/ubuntu jammy-updates/main amd64 libharfbuzz0b amd64 2.7.4-1ubuntu3.1 [352 kB]
build	14-Jan-2023 14:48:32	Get:31 http://archive.ubuntu.com/ubuntu jammy/main amd64 libthai-data all 0.1.29-1build1 [162 kB]
build	14-Jan-2023 14:48:32	Get:32 http://archive.ubuntu.com/ubuntu jammy/main amd64 libdatrie1 amd64 0.2.13-2 [19.9 kB]
build	14-Jan-2023 14:48:32	Get:33 http://archive.ubuntu.com/ubuntu jammy/main amd64 libthai0 amd64 0.1.29-1build1 [19.2 kB]
build	14-Jan-2023 14:48:32	Get:34 http://archive.ubuntu.com/ubuntu jammy/main amd64 libpango-1.0-0 amd64 1.50.6+ds-2 [230 kB]
build	14-Jan-2023 14:48:32	Get:35 http://archive.ubuntu.com/ubuntu jammy/main amd64 libpangoft2-1.0-0 amd64 1.50.6+ds-2 [53.9 kB]
build	14-Jan-2023 14:48:32	Get:36 http://archive.ubuntu.com/ubuntu jammy/main amd64 libpangocairo-1.0-0 amd64 1.50.6+ds-2 [39.8 kB]
build	14-Jan-2023 14:48:32	Get:37 http://archive.ubuntu.com/ubuntu jammy/universe amd64 libpathplan4 amd64 2.42.2-6 [23.5 kB]
build	14-Jan-2023 14:48:32	Get:38 http://archive.ubuntu.com/ubuntu jammy/universe amd64 libgvc6 amd64 2.42.2-6 [726 kB]
build	14-Jan-2023 14:48:32	Get:39 http://archive.ubuntu.com/ubuntu jammy/universe amd64 libgvpr2 amd64 2.42.2-6 [191 kB]
build	14-Jan-2023 14:48:32	Get:40 http://archive.ubuntu.com/ubuntu jammy/universe amd64 liblab-gamut1 amd64 2.42.2-6 [1,964 kB]
build	14-Jan-2023 14:48:32	Get:41 http://archive.ubuntu.com/ubuntu jammy/main amd64 x11-common all 1:7.7+23ubuntu2 [23.4 kB]
build	14-Jan-2023 14:48:32	Get:42 http://archive.ubuntu.com/ubuntu jammy/main amd64 libice6 amd64 2:1.0.10-1build2 [42.6 kB]
build	14-Jan-2023 14:48:32	Get:43 http://archive.ubuntu.com/ubuntu jammy/main amd64 libsm6 amd64 2:1.2.3-1build2 [16.7 kB]
build	14-Jan-2023 14:48:32	Get:44 http://archive.ubuntu.com/ubuntu jammy/main amd64 libxt6 amd64 1:1.2.1-1 [177 kB]
build	14-Jan-2023 14:48:32	Get:45 http://archive.ubuntu.com/ubuntu jammy/main amd64 libxmu6 amd64 2:1.1.3-3 [49.6 kB]
build	14-Jan-2023 14:48:32	Get:46 http://archive.ubuntu.com/ubuntu jammy/main amd64 libxaw7 amd64 2:1.0.14-1 [191 kB]
build	14-Jan-2023 14:48:32	Get:47 http://archive.ubuntu.com/ubuntu jammy/universe amd64 graphviz amd64 2.42.2-6 [650 kB]
build	14-Jan-2023 14:48:32	[91mdebconf: delaying package configuration, since apt-utils is not installed
build	14-Jan-2023 14:48:32	[0mFetched 9,464 kB in 0s (21.9 MB/s)
build	14-Jan-2023 14:48:32	Selecting previously unselected package libmd0:amd64.
build	14-Jan-2023 14:48:32	(Reading database ... 
build	14-Jan-2023 14:48:32	(Reading database ... 5%
build	14-Jan-2023 14:48:32	(Reading database ... 10%
build	14-Jan-2023 14:48:32	(Reading database ... 15%
build	14-Jan-2023 14:48:32	(Reading database ... 20%
build	14-Jan-2023 14:48:32	(Reading database ... 25%
build	14-Jan-2023 14:48:32	(Reading database ... 30%
build	14-Jan-2023 14:48:32	(Reading database ... 35%
build	14-Jan-2023 14:48:32	(Reading database ... 40%
build	14-Jan-2023 14:48:32	(Reading database ... 45%
build	14-Jan-2023 14:48:32	(Reading database ... 50%
build	14-Jan-2023 14:48:32	(Reading database ... 55%
build	14-Jan-2023 14:48:32	(Reading database ... 60%
build	14-Jan-2023 14:48:32	(Reading database ... 65%
build	14-Jan-2023 14:48:32	(Reading database ... 70%
build	14-Jan-2023 14:48:32	(Reading database ... 75%
build	14-Jan-2023 14:48:32	(Reading database ... 80%
build	14-Jan-2023 14:48:32	(Reading database ... 85%
build	14-Jan-2023 14:48:32	(Reading database ... 90%
build	14-Jan-2023 14:48:32	(Reading database ... 95%
build	14-Jan-2023 14:48:32	(Reading database ... 100%
build	14-Jan-2023 14:48:32	(Reading database ... 7916 files and directories currently installed.)
build	14-Jan-2023 14:48:32	Preparing to unpack .../00-libmd0_1.0.4-1build1_amd64.deb ...
build	14-Jan-2023 14:48:32	Unpacking libmd0:amd64 (1.0.4-1build1) ...
build	14-Jan-2023 14:48:32	Selecting previously unselected package libbsd0:amd64.
build	14-Jan-2023 14:48:32	Preparing to unpack .../01-libbsd0_0.11.5-1_amd64.deb ...
build	14-Jan-2023 14:48:32	Unpacking libbsd0:amd64 (0.11.5-1) ...
build	14-Jan-2023 14:48:32	Selecting previously unselected package libfribidi0:amd64.
build	14-Jan-2023 14:48:32	Preparing to unpack .../02-libfribidi0_1.0.8-2ubuntu3.1_amd64.deb ...
build	14-Jan-2023 14:48:32	Unpacking libfribidi0:amd64 (1.0.8-2ubuntu3.1) ...
build	14-Jan-2023 14:48:32	Selecting previously unselected package libglib2.0-0:amd64.
build	14-Jan-2023 14:48:32	Preparing to unpack .../03-libglib2.0-0_2.72.4-0ubuntu1_amd64.deb ...
build	14-Jan-2023 14:48:32	Unpacking libglib2.0-0:amd64 (2.72.4-0ubuntu1) ...
build	14-Jan-2023 14:48:32	Selecting previously unselected package libxau6:amd64.
build	14-Jan-2023 14:48:32	Preparing to unpack .../04-libxau6_1%3a1.0.9-1build5_amd64.deb ...
build	14-Jan-2023 14:48:32	Unpacking libxau6:amd64 (1:1.0.9-1build5) ...
build	14-Jan-2023 14:48:32	Selecting previously unselected package libxdmcp6:amd64.
build	14-Jan-2023 14:48:32	Preparing to unpack .../05-libxdmcp6_1%3a1.1.3-0ubuntu5_amd64.deb ...
build	14-Jan-2023 14:48:32	Unpacking libxdmcp6:amd64 (1:1.1.3-0ubuntu5) ...
build	14-Jan-2023 14:48:32	Selecting previously unselected package libxcb1:amd64.
build	14-Jan-2023 14:48:32	Preparing to unpack .../06-libxcb1_1.14-3ubuntu3_amd64.deb ...
build	14-Jan-2023 14:48:32	Unpacking libxcb1:amd64 (1.14-3ubuntu3) ...
build	14-Jan-2023 14:48:32	Selecting previously unselected package libx11-data.
build	14-Jan-2023 14:48:32	Preparing to unpack .../07-libx11-data_2%3a1.7.5-1_all.deb ...
build	14-Jan-2023 14:48:32	Unpacking libx11-data (2:1.7.5-1) ...
build	14-Jan-2023 14:48:32	Selecting previously unselected package libx11-6:amd64.
build	14-Jan-2023 14:48:32	Preparing to unpack .../08-libx11-6_2%3a1.7.5-1_amd64.deb ...
build	14-Jan-2023 14:48:32	Unpacking libx11-6:amd64 (2:1.7.5-1) ...
build	14-Jan-2023 14:48:33	Selecting previously unselected package libxext6:amd64.
build	14-Jan-2023 14:48:33	Preparing to unpack .../09-libxext6_2%3a1.3.4-1build1_amd64.deb ...
build	14-Jan-2023 14:48:33	Unpacking libxext6:amd64 (2:1.3.4-1build1) ...
build	14-Jan-2023 14:48:33	Selecting previously unselected package libann0.
build	14-Jan-2023 14:48:33	Preparing to unpack .../10-libann0_1.1.2+doc-7build1_amd64.deb ...
build	14-Jan-2023 14:48:33	Unpacking libann0 (1.1.2+doc-7build1) ...
build	14-Jan-2023 14:48:33	Selecting previously unselected package libcdt5:amd64.
build	14-Jan-2023 14:48:33	Preparing to unpack .../11-libcdt5_2.42.2-6_amd64.deb ...
build	14-Jan-2023 14:48:33	Unpacking libcdt5:amd64 (2.42.2-6) ...
build	14-Jan-2023 14:48:33	Selecting previously unselected package libcgraph6:amd64.
build	14-Jan-2023 14:48:33	Preparing to unpack .../12-libcgraph6_2.42.2-6_amd64.deb ...
build	14-Jan-2023 14:48:33	Unpacking libcgraph6:amd64 (2.42.2-6) ...
build	14-Jan-2023 14:48:33	Selecting previously unselected package libjpeg-turbo8:amd64.
build	14-Jan-2023 14:48:33	Preparing to unpack .../13-libjpeg-turbo8_2.1.2-0ubuntu1_amd64.deb ...
build	14-Jan-2023 14:48:33	Unpacking libjpeg-turbo8:amd64 (2.1.2-0ubuntu1) ...
build	14-Jan-2023 14:48:33	Selecting previously unselected package libjpeg8:amd64.
build	14-Jan-2023 14:48:33	Preparing to unpack .../14-libjpeg8_8c-2ubuntu10_amd64.deb ...
build	14-Jan-2023 14:48:33	Unpacking libjpeg8:amd64 (8c-2ubuntu10) ...
build	14-Jan-2023 14:48:33	Selecting previously unselected package libdeflate0:amd64.
build	14-Jan-2023 14:48:33	Preparing to unpack .../15-libdeflate0_1.10-2_amd64.deb ...
build	14-Jan-2023 14:48:33	Unpacking libdeflate0:amd64 (1.10-2) ...
build	14-Jan-2023 14:48:33	Selecting previously unselected package libjbig0:amd64.
build	14-Jan-2023 14:48:33	Preparing to unpack .../16-libjbig0_2.1-3.1ubuntu0.22.04.1_amd64.deb ...
build	14-Jan-2023 14:48:33	Unpacking libjbig0:amd64 (2.1-3.1ubuntu0.22.04.1) ...
build	14-Jan-2023 14:48:33	Selecting previously unselected package libwebp7:amd64.
build	14-Jan-2023 14:48:33	Preparing to unpack .../17-libwebp7_1.2.2-2_amd64.deb ...
build	14-Jan-2023 14:48:33	Unpacking libwebp7:amd64 (1.2.2-2) ...
build	14-Jan-2023 14:48:33	Selecting previously unselected package libtiff5:amd64.
build	14-Jan-2023 14:48:33	Preparing to unpack .../18-libtiff5_4.3.0-6ubuntu0.3_amd64.deb ...
build	14-Jan-2023 14:48:33	Unpacking libtiff5:amd64 (4.3.0-6ubuntu0.3) ...
build	14-Jan-2023 14:48:33	Selecting previously unselected package libxpm4:amd64.
build	14-Jan-2023 14:48:33	Preparing to unpack .../19-libxpm4_1%3a3.5.12-1build2_amd64.deb ...
build	14-Jan-2023 14:48:33	Unpacking libxpm4:amd64 (1:3.5.12-1build2) ...
build	14-Jan-2023 14:48:33	Selecting previously unselected package libgd3:amd64.
build	14-Jan-2023 14:48:33	Preparing to unpack .../20-libgd3_2.3.0-2ubuntu2_amd64.deb ...
build	14-Jan-2023 14:48:33	Unpacking libgd3:amd64 (2.3.0-2ubuntu2) ...
build	14-Jan-2023 14:48:33	Selecting previously unselected package libgts-0.7-5:amd64.
build	14-Jan-2023 14:48:33	Preparing to unpack .../21-libgts-0.7-5_0.7.6+darcs121130-5_amd64.deb ...
build	14-Jan-2023 14:48:33	Unpacking libgts-0.7-5:amd64 (0.7.6+darcs121130-5) ...
build	14-Jan-2023 14:48:33	Selecting previously unselected package libpixman-1-0:amd64.
build	14-Jan-2023 14:48:33	Preparing to unpack .../22-libpixman-1-0_0.40.0-1ubuntu0.22.04.1_amd64.deb ...
build	14-Jan-2023 14:48:33	Unpacking libpixman-1-0:amd64 (0.40.0-1ubuntu0.22.04.1) ...
build	14-Jan-2023 14:48:33	Selecting previously unselected package libxcb-render0:amd64.
build	14-Jan-2023 14:48:33	Preparing to unpack .../23-libxcb-render0_1.14-3ubuntu3_amd64.deb ...
build	14-Jan-2023 14:48:33	Unpacking libxcb-render0:amd64 (1.14-3ubuntu3) ...
build	14-Jan-2023 14:48:33	Selecting previously unselected package libxcb-shm0:amd64.
build	14-Jan-2023 14:48:33	Preparing to unpack .../24-libxcb-shm0_1.14-3ubuntu3_amd64.deb ...
build	14-Jan-2023 14:48:33	Unpacking libxcb-shm0:amd64 (1.14-3ubuntu3) ...
build	14-Jan-2023 14:48:33	Selecting previously unselected package libxrender1:amd64.
build	14-Jan-2023 14:48:33	Preparing to unpack .../25-libxrender1_1%3a0.9.10-1build4_amd64.deb ...
build	14-Jan-2023 14:48:33	Unpacking libxrender1:amd64 (1:0.9.10-1build4) ...
build	14-Jan-2023 14:48:33	Selecting previously unselected package libcairo2:amd64.
build	14-Jan-2023 14:48:33	Preparing to unpack .../26-libcairo2_1.16.0-5ubuntu2_amd64.deb ...
build	14-Jan-2023 14:48:33	Unpacking libcairo2:amd64 (1.16.0-5ubuntu2) ...
build	14-Jan-2023 14:48:33	Selecting previously unselected package libltdl7:amd64.
build	14-Jan-2023 14:48:33	Preparing to unpack .../27-libltdl7_2.4.6-15build2_amd64.deb ...
build	14-Jan-2023 14:48:33	Unpacking libltdl7:amd64 (2.4.6-15build2) ...
build	14-Jan-2023 14:48:33	Selecting previously unselected package libgraphite2-3:amd64.
build	14-Jan-2023 14:48:33	Preparing to unpack .../28-libgraphite2-3_1.3.14-1build2_amd64.deb ...
build	14-Jan-2023 14:48:33	Unpacking libgraphite2-3:amd64 (1.3.14-1build2) ...
build	14-Jan-2023 14:48:33	Selecting previously unselected package libharfbuzz0b:amd64.
build	14-Jan-2023 14:48:33	Preparing to unpack .../29-libharfbuzz0b_2.7.4-1ubuntu3.1_amd64.deb ...
build	14-Jan-2023 14:48:33	Unpacking libharfbuzz0b:amd64 (2.7.4-1ubuntu3.1) ...
build	14-Jan-2023 14:48:33	Selecting previously unselected package libthai-data.
build	14-Jan-2023 14:48:33	Preparing to unpack .../30-libthai-data_0.1.29-1build1_all.deb ...
build	14-Jan-2023 14:48:33	Unpacking libthai-data (0.1.29-1build1) ...
build	14-Jan-2023 14:48:33	Selecting previously unselected package libdatrie1:amd64.
build	14-Jan-2023 14:48:33	Preparing to unpack .../31-libdatrie1_0.2.13-2_amd64.deb ...
build	14-Jan-2023 14:48:33	Unpacking libdatrie1:amd64 (0.2.13-2) ...
build	14-Jan-2023 14:48:33	Selecting previously unselected package libthai0:amd64.
build	14-Jan-2023 14:48:33	Preparing to unpack .../32-libthai0_0.1.29-1build1_amd64.deb ...
build	14-Jan-2023 14:48:33	Unpacking libthai0:amd64 (0.1.29-1build1) ...
build	14-Jan-2023 14:48:33	Selecting previously unselected package libpango-1.0-0:amd64.
build	14-Jan-2023 14:48:33	Preparing to unpack .../33-libpango-1.0-0_1.50.6+ds-2_amd64.deb ...
build	14-Jan-2023 14:48:33	Unpacking libpango-1.0-0:amd64 (1.50.6+ds-2) ...
build	14-Jan-2023 14:48:34	Selecting previously unselected package libpangoft2-1.0-0:amd64.
build	14-Jan-2023 14:48:34	Preparing to unpack .../34-libpangoft2-1.0-0_1.50.6+ds-2_amd64.deb ...
build	14-Jan-2023 14:48:34	Unpacking libpangoft2-1.0-0:amd64 (1.50.6+ds-2) ...
build	14-Jan-2023 14:48:34	Selecting previously unselected package libpangocairo-1.0-0:amd64.
build	14-Jan-2023 14:48:34	Preparing to unpack .../35-libpangocairo-1.0-0_1.50.6+ds-2_amd64.deb ...
build	14-Jan-2023 14:48:34	Unpacking libpangocairo-1.0-0:amd64 (1.50.6+ds-2) ...
build	14-Jan-2023 14:48:34	Selecting previously unselected package libpathplan4:amd64.
build	14-Jan-2023 14:48:34	Preparing to unpack .../36-libpathplan4_2.42.2-6_amd64.deb ...
build	14-Jan-2023 14:48:34	Unpacking libpathplan4:amd64 (2.42.2-6) ...
build	14-Jan-2023 14:48:34	Selecting previously unselected package libgvc6.
build	14-Jan-2023 14:48:34	Preparing to unpack .../37-libgvc6_2.42.2-6_amd64.deb ...
build	14-Jan-2023 14:48:34	Unpacking libgvc6 (2.42.2-6) ...
build	14-Jan-2023 14:48:34	Selecting previously unselected package libgvpr2:amd64.
build	14-Jan-2023 14:48:34	Preparing to unpack .../38-libgvpr2_2.42.2-6_amd64.deb ...
build	14-Jan-2023 14:48:34	Unpacking libgvpr2:amd64 (2.42.2-6) ...
build	14-Jan-2023 14:48:34	Selecting previously unselected package liblab-gamut1:amd64.
build	14-Jan-2023 14:48:34	Preparing to unpack .../39-liblab-gamut1_2.42.2-6_amd64.deb ...
build	14-Jan-2023 14:48:34	Unpacking liblab-gamut1:amd64 (2.42.2-6) ...
build	14-Jan-2023 14:48:34	Selecting previously unselected package x11-common.
build	14-Jan-2023 14:48:34	Preparing to unpack .../40-x11-common_1%3a7.7+23ubuntu2_all.deb ...
build	14-Jan-2023 14:48:34	Unpacking x11-common (1:7.7+23ubuntu2) ...
build	14-Jan-2023 14:48:34	Selecting previously unselected package libice6:amd64.
build	14-Jan-2023 14:48:34	Preparing to unpack .../41-libice6_2%3a1.0.10-1build2_amd64.deb ...
build	14-Jan-2023 14:48:34	Unpacking libice6:amd64 (2:1.0.10-1build2) ...
build	14-Jan-2023 14:48:34	Selecting previously unselected package libsm6:amd64.
build	14-Jan-2023 14:48:34	Preparing to unpack .../42-libsm6_2%3a1.2.3-1build2_amd64.deb ...
build	14-Jan-2023 14:48:34	Unpacking libsm6:amd64 (2:1.2.3-1build2) ...
build	14-Jan-2023 14:48:34	Selecting previously unselected package libxt6:amd64.
build	14-Jan-2023 14:48:34	Preparing to unpack .../43-libxt6_1%3a1.2.1-1_amd64.deb ...
build	14-Jan-2023 14:48:34	Unpacking libxt6:amd64 (1:1.2.1-1) ...
build	14-Jan-2023 14:48:34	Selecting previously unselected package libxmu6:amd64.
build	14-Jan-2023 14:48:34	Preparing to unpack .../44-libxmu6_2%3a1.1.3-3_amd64.deb ...
build	14-Jan-2023 14:48:34	Unpacking libxmu6:amd64 (2:1.1.3-3) ...
build	14-Jan-2023 14:48:34	Selecting previously unselected package libxaw7:amd64.
build	14-Jan-2023 14:48:34	Preparing to unpack .../45-libxaw7_2%3a1.0.14-1_amd64.deb ...
build	14-Jan-2023 14:48:34	Unpacking libxaw7:amd64 (2:1.0.14-1) ...
build	14-Jan-2023 14:48:34	Selecting previously unselected package graphviz.
build	14-Jan-2023 14:48:34	Preparing to unpack .../46-graphviz_2.42.2-6_amd64.deb ...
build	14-Jan-2023 14:48:34	Unpacking graphviz (2.42.2-6) ...
build	14-Jan-2023 14:48:34	Setting up libgraphite2-3:amd64 (1.3.14-1build2) ...
build	14-Jan-2023 14:48:34	Setting up libpixman-1-0:amd64 (0.40.0-1ubuntu0.22.04.1) ...
build	14-Jan-2023 14:48:34	Setting up libxau6:amd64 (1:1.0.9-1build5) ...
build	14-Jan-2023 14:48:34	Setting up libdatrie1:amd64 (0.2.13-2) ...
build	14-Jan-2023 14:48:34	Setting up libglib2.0-0:amd64 (2.72.4-0ubuntu1) ...
build	14-Jan-2023 14:48:34	No schema files found: doing nothing.
build	14-Jan-2023 14:48:34	Setting up liblab-gamut1:amd64 (2.42.2-6) ...
build	14-Jan-2023 14:48:34	Setting up x11-common (1:7.7+23ubuntu2) ...
build	14-Jan-2023 14:48:34	debconf: unable to initialize frontend: Dialog
build	14-Jan-2023 14:48:34	debconf: (TERM is not set, so the dialog frontend is not usable.)
build	14-Jan-2023 14:48:34	debconf: falling back to frontend: Readline
build	14-Jan-2023 14:48:34	debconf: unable to initialize frontend: Readline
build	14-Jan-2023 14:48:34	debconf: (Can't locate Term/ReadLine.pm in @INC (you may need to install the Term::ReadLine module) (@INC contains: /etc/perl /usr/local/lib/x86_64-linux-gnu/perl/5.34.0 /usr/local/share/perl/5.34.0 /usr/lib/x86_64-linux-gnu/perl5/5.34 /usr/share/perl5 /usr/lib/x86_64-linux-gnu/perl-base /usr/lib/x86_64-linux-gnu/perl/5.34 /usr/share/perl/5.34 /usr/local/lib/site_perl) at /usr/share/perl5/Debconf/FrontEnd/Readline.pm line 7.)
build	14-Jan-2023 14:48:34	debconf: falling back to frontend: Teletype
build	14-Jan-2023 14:48:34	invoke-rc.d: could not determine current runlevel
build	14-Jan-2023 14:48:34	invoke-rc.d: policy-rc.d denied execution of start.
build	14-Jan-2023 14:48:34	Setting up libdeflate0:amd64 (1.10-2) ...
build	14-Jan-2023 14:48:34	Setting up libjbig0:amd64 (2.1-3.1ubuntu0.22.04.1) ...
build	14-Jan-2023 14:48:34	Setting up libgts-0.7-5:amd64 (0.7.6+darcs121130-5) ...
build	14-Jan-2023 14:48:34	Setting up libx11-data (2:1.7.5-1) ...
build	14-Jan-2023 14:48:34	Setting up libpathplan4:amd64 (2.42.2-6) ...
build	14-Jan-2023 14:48:34	Setting up libann0 (1.1.2+doc-7build1) ...
build	14-Jan-2023 14:48:34	Setting up libfribidi0:amd64 (1.0.8-2ubuntu3.1) ...
build	14-Jan-2023 14:48:34	Setting up libjpeg-turbo8:amd64 (2.1.2-0ubuntu1) ...
build	14-Jan-2023 14:48:34	Setting up libltdl7:amd64 (2.4.6-15build2) ...
build	14-Jan-2023 14:48:34	Setting up libwebp7:amd64 (1.2.2-2) ...
build	14-Jan-2023 14:48:34	Setting up libmd0:amd64 (1.0.4-1build1) ...
build	14-Jan-2023 14:48:34	Setting up libharfbuzz0b:amd64 (2.7.4-1ubuntu3.1) ...
build	14-Jan-2023 14:48:34	Setting up libthai-data (0.1.29-1build1) ...
build	14-Jan-2023 14:48:34	Setting up libcdt5:amd64 (2.42.2-6) ...
build	14-Jan-2023 14:48:34	Setting up libcgraph6:amd64 (2.42.2-6) ...
build	14-Jan-2023 14:48:34	Setting up libbsd0:amd64 (0.11.5-1) ...
build	14-Jan-2023 14:48:34	Setting up libjpeg8:amd64 (8c-2ubuntu10) ...
build	14-Jan-2023 14:48:34	Setting up libice6:amd64 (2:1.0.10-1build2) ...
build	14-Jan-2023 14:48:34	Setting up libxdmcp6:amd64 (1:1.1.3-0ubuntu5) ...
build	14-Jan-2023 14:48:34	Setting up libxcb1:amd64 (1.14-3ubuntu3) ...
build	14-Jan-2023 14:48:34	Setting up libxcb-render0:amd64 (1.14-3ubuntu3) ...
build	14-Jan-2023 14:48:34	Setting up libxcb-shm0:amd64 (1.14-3ubuntu3) ...
build	14-Jan-2023 14:48:34	Setting up libthai0:amd64 (0.1.29-1build1) ...
build	14-Jan-2023 14:48:34	Setting up libgvpr2:amd64 (2.42.2-6) ...
build	14-Jan-2023 14:48:34	Setting up libx11-6:amd64 (2:1.7.5-1) ...
build	14-Jan-2023 14:48:35	Setting up libtiff5:amd64 (4.3.0-6ubuntu0.3) ...
build	14-Jan-2023 14:48:35	Setting up libsm6:amd64 (2:1.2.3-1build2) ...
build	14-Jan-2023 14:48:35	Setting up libxpm4:amd64 (1:3.5.12-1build2) ...
build	14-Jan-2023 14:48:35	Setting up libxrender1:amd64 (1:0.9.10-1build4) ...
build	14-Jan-2023 14:48:35	Setting up libpango-1.0-0:amd64 (1.50.6+ds-2) ...
build	14-Jan-2023 14:48:35	Setting up libxext6:amd64 (2:1.3.4-1build1) ...
build	14-Jan-2023 14:48:35	Setting up libcairo2:amd64 (1.16.0-5ubuntu2) ...
build	14-Jan-2023 14:48:35	Setting up libgd3:amd64 (2.3.0-2ubuntu2) ...
build	14-Jan-2023 14:48:35	Setting up libxt6:amd64 (1:1.2.1-1) ...
build	14-Jan-2023 14:48:35	Setting up libpangoft2-1.0-0:amd64 (1.50.6+ds-2) ...
build	14-Jan-2023 14:48:35	Setting up libpangocairo-1.0-0:amd64 (1.50.6+ds-2) ...
build	14-Jan-2023 14:48:35	Setting up libxmu6:amd64 (2:1.1.3-3) ...
build	14-Jan-2023 14:48:35	Setting up libxaw7:amd64 (2:1.0.14-1) ...
build	14-Jan-2023 14:48:35	Setting up libgvc6 (2.42.2-6) ...
build	14-Jan-2023 14:48:35	Setting up graphviz (2.42.2-6) ...
build	14-Jan-2023 14:48:35	Processing triggers for libc-bin (2.35-0ubuntu3.1) ...
build	14-Jan-2023 14:48:35	Removing intermediate container 53fd59d35ec0
build	14-Jan-2023 14:48:35	 ---> 6bbe0de06a66
build	14-Jan-2023 14:48:35	Step 5/23 : RUN echo "Fixing locales"   && sed -i -e 's/# en_US.UTF-8 UTF-8/en_US.UTF-8 UTF-8/' /etc/locale.gen   && locale-gen
build	14-Jan-2023 14:48:35	 ---> Running in 4df2960f5df8
build	14-Jan-2023 14:48:36	Fixing locales
build	14-Jan-2023 14:48:36	Generating locales (this might take a while)...
build	14-Jan-2023 14:48:38	  en_US.UTF-8... done
build	14-Jan-2023 14:48:38	Generation complete.
build	14-Jan-2023 14:48:38	Removing intermediate container 4df2960f5df8
build	14-Jan-2023 14:48:38	 ---> 9a2d90ddd80b
build	14-Jan-2023 14:48:38	Step 6/23 : ENV LC_ALL en_US.UTF-8
build	14-Jan-2023 14:48:38	 ---> Running in e677a5704015
build	14-Jan-2023 14:48:38	Removing intermediate container e677a5704015
build	14-Jan-2023 14:48:38	 ---> b401775d821b
build	14-Jan-2023 14:48:38	Step 7/23 : ENV LANG en_US.UTF-8
build	14-Jan-2023 14:48:38	 ---> Running in 2a25c8e04ee2
build	14-Jan-2023 14:48:38	Removing intermediate container 2a25c8e04ee2
build	14-Jan-2023 14:48:38	 ---> cbf90793a497
build	14-Jan-2023 14:48:38	Step 8/23 : ENV LANGUAGE en_US.UTF-8
build	14-Jan-2023 14:48:38	 ---> Running in c6949ea4e91f
build	14-Jan-2023 14:48:39	Removing intermediate container c6949ea4e91f
build	14-Jan-2023 14:48:39	 ---> 87b4ce0127db
build	14-Jan-2023 14:48:39	Step 9/23 : ARG GOSU_VERSION=1.12
build	14-Jan-2023 14:48:39	 ---> Running in fba97fa60212
build	14-Jan-2023 14:48:39	Removing intermediate container fba97fa60212
build	14-Jan-2023 14:48:39	 ---> a70ce847a165
build	14-Jan-2023 14:48:39	Step 10/23 : RUN echo "Installing gosu (needed for bootstrap.sh)"   && dpkgArch="$(dpkg --print-architecture | awk -F- '{ print $NF }')"   && wget -O /usr/local/bin/gosu "https://github.com/tianon/gosu/releases/download/$GOSU_VERSION/gosu-$dpkgArch"   && chmod +x /usr/local/bin/gosu   && gosu nobody true
build	14-Jan-2023 14:48:39	 ---> Running in 869d7e8a4401
build	14-Jan-2023 14:48:39	Installing gosu (needed for bootstrap.sh)
build	14-Jan-2023 14:48:39	[91m--2023-01-14 13:48:39--  https://github.com/tianon/gosu/releases/download/1.12/gosu-amd64
build	14-Jan-2023 14:48:39	[0m[91mResolving github.com (github.com)... [0m[91m140.82.121.4
build	14-Jan-2023 14:48:39	Connecting to github.com (github.com)|140.82.121.4|:443... [0m[91mconnected.
build	14-Jan-2023 14:48:39	[0m[91mHTTP request sent, awaiting response... [0m[91m302 Found
build	14-Jan-2023 14:48:39	Location: https://objects.githubusercontent.com/github-production-release-asset-2e65be/19708981/93269500-7f72-11ea-94c5-37b92917e2b5?X-Amz-Algorithm=AWS4-HMAC-SHA256&X-Amz-Credential=AKIAIWNJYAX4CSVEH53A%2F20230114%2Fus-east-1%2Fs3%2Faws4_request&X-Amz-Date=20230114T134839Z&X-Amz-Expires=300&X-Amz-Signature=52a2fc37c5446b17664b86e20cb72bc1e49282d5a533bd9f0bc6588eb4ae3641&X-Amz-SignedHeaders=host&actor_id=0&key_id=0&repo_id=19708981&response-content-disposition=attachment%3B%20filename%3Dgosu-amd64&response-content-type=application%2Foctet-stream [following]
build	14-Jan-2023 14:48:39	--2023-01-14 13:48:39--  https://objects.githubusercontent.com/github-production-release-asset-2e65be/19708981/93269500-7f72-11ea-94c5-37b92917e2b5?X-Amz-Algorithm=AWS4-HMAC-SHA256&X-Amz-Credential=AKIAIWNJYAX4CSVEH53A%2F20230114%2Fus-east-1%2Fs3%2Faws4_request&X-Amz-Date=20230114T134839Z&X-Amz-Expires=300&X-Amz-Signature=52a2fc37c5446b17664b86e20cb72bc1e49282d5a533bd9f0bc6588eb4ae3641&X-Amz-SignedHeaders=host&actor_id=0&key_id=0&repo_id=19708981&response-content-disposition=attachment%3B%20filename%3Dgosu-amd64&response-content-type=application%2Foctet-stream
build	14-Jan-2023 14:48:39	[0m[91mResolving objects.githubusercontent.com (objects.githubusercontent.com)... [0m[91m185.199.111.133, 185.199.108.133, 185.199.110.133, ...
build	14-Jan-2023 14:48:39	Connecting to objects.githubusercontent.com (objects.githubusercontent.com)|185.199.111.133|:443... [0m[91mconnected.
build	14-Jan-2023 14:48:39	[0m[91mHTTP request sent, awaiting response... [0m[91m200 OK
build	14-Jan-2023 14:48:39	[0m[91mLength: 2404352 (2.3M) [application/octet-stream]
build	14-Jan-2023 14:48:39	[0m[91mSaving to: â€˜/usr/local/bin/gosuâ€™
build	14-Jan-2023 14:48:39	
build	14-Jan-2023 14:48:39	     0K .......... ......[0m[91m....[0m[91m ....[0m[91m...... .[0m[91m........[0m[91m. ..[0m[91m.....[0m[91m...  2% 5.20M 0s
build	14-Jan-2023 14:48:39	    50K .......... ...[0m[91m....... .........[0m[91m. .......... .....[0m[91m.....  4% 6.06M 0s
build	14-Jan-2023 14:48:39	   100K .......... .[0m[91m......... .......[0m[91m... .......... ...[0m[91m.......  6% 22.2M 0s
build	14-Jan-2023 14:48:39	   150K .........[0m[91m. .......... .....[0m[91m..... .......... .[0m[91m.........  8% 33.5M 0s
build	14-Jan-2023 14:48:39	   200K .......... .......... ...[0m[91m....... .......... .......[0m[91m... 10% 9.36M 0s
build	14-Jan-2023 14:48:39	   250K .......... .......... .[0m[91m........[0m[91m. .......[0m[91m... .......... 12% 35.3M 0s
build	14-Jan-2023 14:48:39	   300K .......... .........[0m[91m. .......... .....[0m[91m..... .......... 14% 39.0M 0s
build	14-Jan-2023 14:48:39	   350K .......... .......[0m[91m... .......... ...[0m[91m....... .........[0m[91m. 17% 44.0M 0s
build	14-Jan-2023 14:48:39	   400K .......... .......... ...[0m[91m....... .[0m[91m........[0m[91m. .......... 19%  101M 0s
build	14-Jan-2023 14:48:39	   450K .......... ...[0m[91m....... .........[0m[91m. .......[0m[91m... .......... 21% 10.2M 0s
build	14-Jan-2023 14:48:39	   500K ...[0m[91m....... .......... .......... .......... .......... 23%  130M 0s
build	14-Jan-2023 14:48:39	   550K .......... .......... .......... .......... .[0m[91m......... 25% 57.1M 0s
build	14-Jan-2023 14:48:39	   600K .......[0m[91m... .......... .......... .......... .......... 27%  216M 0s
build	14-Jan-2023 14:48:39	   650K .....[0m[91m..... .......... .[0m[91m......... .......... .......... 29% 80.6M 0s
build	14-Jan-2023 14:48:39	   700K .......... .........[0m[91m. .......... .......... .......... 31% 78.8M 0s
build	14-Jan-2023 14:48:39	   750K .......... .......... .......... .......... .......... 34%  107M 0s
build	14-Jan-2023 14:48:39	   800K .......... .......... .......... .......... .......... 36% 83.1M 0s
build	14-Jan-2023 14:48:39	   850K .......... .......... .......... .......... .......... 38%  202M 0s
build	14-Jan-2023 14:48:39	   900K .......[0m[91m... .......... ...[0m[91m....... .......... .......... 40% 92.8M 0s
build	14-Jan-2023 14:48:39	   950K .......... .......... .[0m[91m......... .......[0m[91m... .......... 42% 10.7M 0s
build	14-Jan-2023 14:48:39	  1000K ...[0m[91m....... .[0m[91m........[0m[91m. .......... .......... .......... 44%  130M 0s
build	14-Jan-2023 14:48:39	  1050K .......... ......[0m[91m...[0m[91m. .......[0m[91m... .......... .......... 46%  129M 0s
build	14-Jan-2023 14:48:39	  1100K .......... .......... .....[0m[91m..... .......... .[0m[91m........[0m[91m. 48%  128M 0s
build	14-Jan-2023 14:48:39	  1150K .......[0m[91m... .......... .[0m[91m..[0m[91m....... .........[0m[91m. .......[0m[91m... 51%  135M 0s
build	14-Jan-2023 14:48:40	  1200K .[0m[91m....[0m[91m..... ...[0m[91m....... .[0m[91m........[0m[91m. .......[0m[91m... .......... 53%[0m[91m  129M 0s
build	14-Jan-2023 14:48:40	  1250K ...[0m[91m....... .[0m[91m........[0m[91m. .......[0m[91m... .....[0m[91m..... ...[0m[91m....... 55%  132M 0s
build	14-Jan-2023 14:48:40	  1300K[0m[91m .[0m[91m......... .[0m[91m........[0m[91m. .......[0m[91m... .....[0m[91m..... ...[0m[91m.......[0m[91m 57%  136M 0s
build	14-Jan-2023 14:48:40	  1350K .........[0m[91m. .......... .....[0m[91m..... ...[0m[91m....... .[0m[91m........[0m[91m. 59%  125M 0s
build	14-Jan-2023 14:48:40	  1400K .......[0m[91m... .....[0m[91m..... ...[0m[91m....... .[0m[91m......... .[0m[91m......... 61%[0m[91m  116M 0s
build	14-Jan-2023 14:48:40	  1450K .....[0m[91m..... .......... .[0m[91m........[0m[91m. .......[0m[91m... .....[0m[91m..... 63%[0m[91m  132M 0s
build	14-Jan-2023 14:48:40	  1500K .[0m[91m..[0m[91m....... .[0m[91m........[0m[91m. .......[0m[91m... .....[0m[91m..... ...[0m[91m....... 66%  141M 0s
build	14-Jan-2023 14:48:40	  1550K .[0m[91m........[0m[91m. .[0m[91m........[0m[91m. .......[0m[91m... .......... ...[0m[91m....... 68%  129M 0s
build	14-Jan-2023 14:48:40	  1600K .[0m[91m........[0m[91m. .......[0m[91m... .....[0m[91m..... .......... .[0m[91m........[0m[91m. 70% 89.6M 0s
build	14-Jan-2023 14:48:40	  1650K .......[0m[91m... ........[0m[91m.. ......[0m[91m.... ....[0m[91m...... ..[0m[91m........ 72%[0m[91m  129M 0s[0m[91m
build	14-Jan-2023 14:48:40	  1700K .......... ......[0m[91m.... .......... ..[0m[91m........ ........[0m[91m.. 74%  119M 0s
build	14-Jan-2023 14:48:40	  1750K ......[0m[91m.... .......... ..[0m[91m........[0m[91m ........[0m[91m.. ......[0m[91m.... 76%  139M 0s
build	14-Jan-2023 14:48:40	  1800K ....[0m[91m...... ..[0m[91m........[0m[91m ........[0m[91m.. .......... ....[0m[91m...... 78%  146M 0s
build	14-Jan-2023 14:48:40	  1850K ..[0m[91m........[0m[91m ........[0m[91m.. ......[0m[91m.... .......... ..[0m[91m........ 80%  153M 0s[0m[91m
build	14-Jan-2023 14:48:40	  1900K ........[0m[91m.. .......[0m[91m... .....[0m[91m..... ...[0m[91m....... .........[0m[91m. 83%  125M 0s
build	14-Jan-2023 14:48:40	  1950K .......[0m[91m... .....[0m[91m..... ...[0m[91m....... .[0m[91m......... .......[0m[91m... 85% 31.5M 0s
build	14-Jan-2023 14:48:40	  2000K .....[0m[91m..... ...[0m[91m....... .........[0m[91m. .......[0m[91m... .....[0m[91m..... 87%  138M 0s
build	14-Jan-2023 14:48:40	  2050K ...[0m[91m....... .[0m[91m.[0m[91m........ .......[0m[91m... .......... ...[0m[91m....... 89%  124M 0s
build	14-Jan-2023 14:48:40	  2100K .[0m[91m........[0m[91m. .......... ...[0m[91m..[0m[91m..... .......... .[0m[91m......... 91%  131M 0s
build	14-Jan-2023 14:48:40	  2150K .......[0m[91m... .....[0m[91m..... ...[0m[91m....... .........[0m[91m. .......[0m[91m... 93%[0m[91m  214M 0s
build	14-Jan-2023 14:48:40	  2200K ...[0m[91m....... ...[0m[91m....... .........[0m[91m. .......[0m[91m... .....[0m[91m..... 95%  259M 0s
build	14-Jan-2023 14:48:40	  2250K ...[0m[91m....... .........[0m[91m. .......... .......... ...[0m[91m....... 97%  247M 0s
build	14-Jan-2023 14:48:40	  2300K .........[0m[91m. .......[0m[91m... .....[0m[91m..... ...[0m[91m....... ........  100%  227M=0.06s
build	14-Jan-2023 14:48:40	
build	14-Jan-2023 14:48:40	[0m[91m2023-01-14 13:48:40 (41.6 MB/s) - â€˜/usr/local/bin/gosuâ€™ saved [2404352/2404352]
build	14-Jan-2023 14:48:40	
build	14-Jan-2023 14:48:40	[0mRemoving intermediate container 869d7e8a4401
build	14-Jan-2023 14:48:40	 ---> 17f750678986
build	14-Jan-2023 14:48:40	Step 11/23 : WORKDIR /defaults/artemis
build	14-Jan-2023 14:48:40	 ---> Running in 9620558e2262
build	14-Jan-2023 14:48:40	Removing intermediate container 9620558e2262
build	14-Jan-2023 14:48:40	 ---> d4976a0c5dc7
build	14-Jan-2023 14:48:40	Step 12/23 : COPY src/main/resources/config/application*.yml ./
build	14-Jan-2023 14:48:41	 ---> 49e365b2f1f3
build	14-Jan-2023 14:48:41	Step 13/23 : WORKDIR /opt/artemis
build	14-Jan-2023 14:48:41	 ---> Running in 426ecd876cea
build	14-Jan-2023 14:48:41	Removing intermediate container 426ecd876cea
build	14-Jan-2023 14:48:41	 ---> 290d7cb60295
build	14-Jan-2023 14:48:41	Step 14/23 : ARG WAR_PATH=build/libs
build	14-Jan-2023 14:48:41	 ---> Running in 442bae1a5f88
build	14-Jan-2023 14:48:41	Removing intermediate container 442bae1a5f88
build	14-Jan-2023 14:48:41	 ---> 0da50e44ac87
build	14-Jan-2023 14:48:41	Step 15/23 : COPY $WAR_PATH/*.war Artemis.war
build	14-Jan-2023 14:48:43	 ---> cfc2e372a938
build	14-Jan-2023 14:48:43	Step 16/23 : COPY bootstrap.sh /bootstrap.sh
build	14-Jan-2023 14:48:44	 ---> 02439d02428d
build	14-Jan-2023 14:48:44	Step 17/23 : RUN chmod +x /bootstrap.sh   && useradd -ms /bin/bash artemis
build	14-Jan-2023 14:48:44	 ---> Running in 45898d762466
build	14-Jan-2023 14:48:44	Removing intermediate container 45898d762466
build	14-Jan-2023 14:48:44	 ---> 0bd8645c4dc4
build	14-Jan-2023 14:48:44	Step 18/23 : RUN mkdir -p /opt/artemis/config /opt/artemis/data /opt/artemis/public/content
build	14-Jan-2023 14:48:44	 ---> Running in 582fae936b31
build	14-Jan-2023 14:48:45	Removing intermediate container 582fae936b31
build	14-Jan-2023 14:48:45	 ---> e35915c0e04c
build	14-Jan-2023 14:48:45	Step 19/23 : VOLUME ["/opt/artemis/config"]
build	14-Jan-2023 14:48:45	 ---> Running in 755534ce9a2e
build	14-Jan-2023 14:48:45	Removing intermediate container 755534ce9a2e
build	14-Jan-2023 14:48:45	 ---> f56c6f4d4622
build	14-Jan-2023 14:48:45	Step 20/23 : VOLUME ["/opt/artemis/data"]
build	14-Jan-2023 14:48:45	 ---> Running in 15b86677ad9a
build	14-Jan-2023 14:48:45	Removing intermediate container 15b86677ad9a
build	14-Jan-2023 14:48:45	 ---> 3fc72466fb01
build	14-Jan-2023 14:48:45	Step 21/23 : VOLUME ["/opt/artemis/public/content"]
build	14-Jan-2023 14:48:45	 ---> Running in b5576885d7b6
build	14-Jan-2023 14:48:45	Removing intermediate container b5576885d7b6
build	14-Jan-2023 14:48:45	 ---> c894d3be128c
build	14-Jan-2023 14:48:45	Step 22/23 : EXPOSE 8080
build	14-Jan-2023 14:48:45	 ---> Running in 4f6feb3214ef
build	14-Jan-2023 14:48:45	Removing intermediate container 4f6feb3214ef
build	14-Jan-2023 14:48:45	 ---> a5388f709ae6
build	14-Jan-2023 14:48:45	Step 23/23 : ENTRYPOINT ["/bin/bash", "/bootstrap.sh"]
build	14-Jan-2023 14:48:45	 ---> Running in 96eaf97ffcf7
build	14-Jan-2023 14:48:45	Removing intermediate container 96eaf97ffcf7
build	14-Jan-2023 14:48:45	 ---> 59f495a7ce61
build	14-Jan-2023 14:48:45	
build	14-Jan-2023 14:48:46	Successfully built 59f495a7ce61
build	14-Jan-2023 14:48:46	Successfully tagged cypress_artemis-app:latest
error	14-Jan-2023 14:48:46	using --exit-code-from implies --abort-on-container-exit
error	14-Jan-2023 14:48:47	cypress_artemis-mysql_1 is up-to-date
error	14-Jan-2023 14:48:47	Recreating cypress_artemis-app_1 ... 
error	14-Jan-2023 14:48:47	[1A[2K
error	14-Jan-2023 14:48:47	Recreating cypress_artemis-app_1 ... [32mdone[0m
error	14-Jan-2023 14:48:47	[1BRecreating cypress_artemis-cypress_1 ... 
error	14-Jan-2023 14:48:48	[1A[2K
error	14-Jan-2023 14:48:48	Recreating cypress_artemis-cypress_1 ... [32mdone[0m
build	14-Jan-2023 14:48:48	Attaching to cypress_artemis-mysql_1, cypress_artemis-app_1, cypress_artemis-cypress_1
build	14-Jan-2023 14:48:48	[36martemis-app_1      |[0m Config is not empty .. not copying default configs ..
build	14-Jan-2023 14:48:48	[36martemis-app_1      |[0m Starting application...
build	14-Jan-2023 14:48:48	[36martemis-app_1      |[0m Picked up _JAVA_OPTIONS: -Xmx5120m -Xms2560m
build	14-Jan-2023 14:48:48	[32martemis-mysql_1    |[0m 2023-01-14 10:56:04+00:00 [Note] [Entrypoint]: Entrypoint script for MySQL Server 8.0.31-1.el8 started.
build	14-Jan-2023 14:48:48	[32martemis-mysql_1    |[0m 2023-01-14 10:56:04+00:00 [Note] [Entrypoint]: Switching to dedicated user 'mysql'
build	14-Jan-2023 14:48:48	[32martemis-mysql_1    |[0m 2023-01-14 10:56:04+00:00 [Note] [Entrypoint]: Entrypoint script for MySQL Server 8.0.31-1.el8 started.
build	14-Jan-2023 14:48:48	[32martemis-mysql_1    |[0m 2023-01-14 10:56:04+00:00 [Note] [Entrypoint]: Initializing database files
build	14-Jan-2023 14:48:48	[32martemis-mysql_1    |[0m 2023-01-14T10:56:04.845586Z 0 [Warning] [MY-011068] [Server] The syntax '--skip-host-cache' is deprecated and will be removed in a future release. Please use SET GLOBAL host_cache_size=0 instead.
build	14-Jan-2023 14:48:48	[32martemis-mysql_1    |[0m 2023-01-14T10:56:04.845617Z 0 [Warning] [MY-011068] [Server] The syntax '--ssl=off' is deprecated and will be removed in a future release. Please use --tls-version='' instead.
build	14-Jan-2023 14:48:48	[32martemis-mysql_1    |[0m 2023-01-14T10:56:04.846230Z 0 [System] [MY-013169] [Server] /usr/sbin/mysqld (mysqld 8.0.31) initializing of server in progress as process 80
build	14-Jan-2023 14:48:48	[32martemis-mysql_1    |[0m 2023-01-14T10:56:04.867442Z 1 [System] [MY-013576] [InnoDB] InnoDB initialization has started.
build	14-Jan-2023 14:48:48	[32martemis-mysql_1    |[0m 2023-01-14T10:56:05.664470Z 1 [System] [MY-013577] [InnoDB] InnoDB initialization has ended.
build	14-Jan-2023 14:48:48	[32martemis-mysql_1    |[0m 2023-01-14T10:56:06.697853Z 6 [Warning] [MY-010453] [Server] root@localhost is created with an empty password ! Please consider switching off the --initialize-insecure option.
build	14-Jan-2023 14:48:48	[32martemis-mysql_1    |[0m 2023-01-14 10:56:10+00:00 [Note] [Entrypoint]: Database files initialized
build	14-Jan-2023 14:48:48	[32martemis-mysql_1    |[0m 2023-01-14 10:56:10+00:00 [Note] [Entrypoint]: Starting temporary server
build	14-Jan-2023 14:48:48	[32martemis-mysql_1    |[0m 2023-01-14T10:56:10.567500Z 0 [Warning] [MY-011068] [Server] The syntax '--skip-host-cache' is deprecated and will be removed in a future release. Please use SET GLOBAL host_cache_size=0 instead.
build	14-Jan-2023 14:48:48	[32martemis-mysql_1    |[0m 2023-01-14T10:56:10.567538Z 0 [Warning] [MY-011068] [Server] The syntax '--ssl=off' is deprecated and will be removed in a future release. Please use --tls-version='' instead.
build	14-Jan-2023 14:48:48	[32martemis-mysql_1    |[0m 2023-01-14T10:56:10.569652Z 0 [System] [MY-010116] [Server] /usr/sbin/mysqld (mysqld 8.0.31) starting as process 162
build	14-Jan-2023 14:48:48	[32martemis-mysql_1    |[0m 2023-01-14T10:56:10.594737Z 1 [System] [MY-013576] [InnoDB] InnoDB initialization has started.
build	14-Jan-2023 14:48:48	[32martemis-mysql_1    |[0m 2023-01-14T10:56:10.803340Z 1 [System] [MY-013577] [InnoDB] InnoDB initialization has ended.
build	14-Jan-2023 14:48:48	[32martemis-mysql_1    |[0m 2023-01-14T10:56:11.182608Z 0 [Warning] [MY-011810] [Server] Insecure configuration for --pid-file: Location '/var/run/mysqld' in the path is accessible to all OS users. Consider choosing a different directory.
build	14-Jan-2023 14:48:48	[32martemis-mysql_1    |[0m 2023-01-14T10:56:11.226378Z 0 [Warning] [MY-011302] [Server] Plugin mysqlx reported: 'Failed at SSL configuration: "SSL context is not usable without certificate and private key"'
build	14-Jan-2023 14:48:48	[32martemis-mysql_1    |[0m 2023-01-14T10:56:11.226832Z 0 [System] [MY-011323] [Server] X Plugin ready for connections. Socket: /var/run/mysqld/mysqlx.sock
build	14-Jan-2023 14:48:48	[32martemis-mysql_1    |[0m 2023-01-14T10:56:11.227173Z 0 [System] [MY-010931] [Server] /usr/sbin/mysqld: ready for connections. Version: '8.0.31'  socket: '/var/run/mysqld/mysqld.sock'  port: 0  MySQL Community Server - GPL.
build	14-Jan-2023 14:48:48	[32martemis-mysql_1    |[0m 2023-01-14 10:56:11+00:00 [Note] [Entrypoint]: Temporary server started.
build	14-Jan-2023 14:48:48	[32martemis-mysql_1    |[0m '/var/lib/mysql/mysql.sock' -> '/var/run/mysqld/mysqld.sock'
build	14-Jan-2023 14:48:48	[32martemis-mysql_1    |[0m Warning: Unable to load '/usr/share/zoneinfo/iso3166.tab' as time zone. Skipping it.
build	14-Jan-2023 14:48:48	[32martemis-mysql_1    |[0m Warning: Unable to load '/usr/share/zoneinfo/leapseconds' as time zone. Skipping it.
build	14-Jan-2023 14:48:48	[32martemis-mysql_1    |[0m Warning: Unable to load '/usr/share/zoneinfo/tzdata.zi' as time zone. Skipping it.
build	14-Jan-2023 14:48:48	[32martemis-mysql_1    |[0m Warning: Unable to load '/usr/share/zoneinfo/zone.tab' as time zone. Skipping it.
build	14-Jan-2023 14:48:48	[32martemis-mysql_1    |[0m Warning: Unable to load '/usr/share/zoneinfo/zone1970.tab' as time zone. Skipping it.
build	14-Jan-2023 14:48:48	[32martemis-mysql_1    |[0m 2023-01-14 10:56:13+00:00 [Note] [Entrypoint]: Creating database Artemis
build	14-Jan-2023 14:48:48	[32martemis-mysql_1    |[0m 
build	14-Jan-2023 14:48:48	[32martemis-mysql_1    |[0m 2023-01-14 10:56:14+00:00 [Note] [Entrypoint]: Stopping temporary server
build	14-Jan-2023 14:48:48	[32martemis-mysql_1    |[0m 2023-01-14T10:56:14.014846Z 13 [System] [MY-013172] [Server] Received SHUTDOWN from user root. Shutting down mysqld (Version: 8.0.31).
build	14-Jan-2023 14:48:48	[32martemis-mysql_1    |[0m 2023-01-14T10:56:15.880176Z 0 [System] [MY-010910] [Server] /usr/sbin/mysqld: Shutdown complete (mysqld 8.0.31)  MySQL Community Server - GPL.
build	14-Jan-2023 14:48:48	[32martemis-mysql_1    |[0m 2023-01-14 10:56:16+00:00 [Note] [Entrypoint]: Temporary server stopped
build	14-Jan-2023 14:48:48	[32martemis-mysql_1    |[0m 
build	14-Jan-2023 14:48:48	[32martemis-mysql_1    |[0m 2023-01-14 10:56:16+00:00 [Note] [Entrypoint]: MySQL init process done. Ready for start up.
build	14-Jan-2023 14:48:48	[32martemis-mysql_1    |[0m 
build	14-Jan-2023 14:48:48	[32martemis-mysql_1    |[0m 2023-01-14T10:56:16.334197Z 0 [Warning] [MY-011068] [Server] The syntax '--skip-host-cache' is deprecated and will be removed in a future release. Please use SET GLOBAL host_cache_size=0 instead.
build	14-Jan-2023 14:48:48	[32martemis-mysql_1    |[0m 2023-01-14T10:56:16.334231Z 0 [Warning] [MY-011068] [Server] The syntax '--ssl=off' is deprecated and will be removed in a future release. Please use --tls-version='' instead.
build	14-Jan-2023 14:48:48	[32martemis-mysql_1    |[0m 2023-01-14T10:56:16.336346Z 0 [System] [MY-010116] [Server] /usr/sbin/mysqld (mysqld 8.0.31) starting as process 1
build	14-Jan-2023 14:48:48	[32martemis-mysql_1    |[0m 2023-01-14T10:56:16.344973Z 1 [System] [MY-013576] [InnoDB] InnoDB initialization has started.
build	14-Jan-2023 14:48:48	[32martemis-mysql_1    |[0m 2023-01-14T10:56:16.652893Z 1 [System] [MY-013577] [InnoDB] InnoDB initialization has ended.
build	14-Jan-2023 14:48:48	[32martemis-mysql_1    |[0m 2023-01-14T10:56:16.947601Z 0 [Warning] [MY-011810] [Server] Insecure configuration for --pid-file: Location '/var/run/mysqld' in the path is accessible to all OS users. Consider choosing a different directory.
build	14-Jan-2023 14:48:48	[32martemis-mysql_1    |[0m 2023-01-14T10:56:16.984551Z 0 [Warning] [MY-011302] [Server] Plugin mysqlx reported: 'Failed at SSL configuration: "SSL context is not usable without certificate and private key"'
build	14-Jan-2023 14:48:48	[32martemis-mysql_1    |[0m 2023-01-14T10:56:16.985563Z 0 [System] [MY-010931] [Server] /usr/sbin/mysqld: ready for connections. Version: '8.0.31'  socket: '/var/run/mysqld/mysqld.sock'  port: 3306  MySQL Community Server - GPL.
build	14-Jan-2023 14:48:48	[32martemis-mysql_1    |[0m 2023-01-14T10:56:16.985740Z 0 [System] [MY-011323] [Server] X Plugin ready for connections. Bind-address: '::' port: 33060, socket: /var/run/mysqld/mysqlx.sock
build	14-Jan-2023 14:48:49	[33martemis-cypress_1  |[0m npm WARN EBADENGINE Unsupported engine {
build	14-Jan-2023 14:48:49	[33martemis-cypress_1  |[0m npm WARN EBADENGINE   package: '@heddendorp/coverage-git-compare@1.6.1',
build	14-Jan-2023 14:48:49	[33martemis-cypress_1  |[0m npm WARN EBADENGINE   required: { node: '^18.12.1' },
build	14-Jan-2023 14:48:49	[33martemis-cypress_1  |[0m npm WARN EBADENGINE   current: { node: 'v18.12.0', npm: '8.19.2' }
build	14-Jan-2023 14:48:49	[33martemis-cypress_1  |[0m npm WARN EBADENGINE }
build	14-Jan-2023 14:48:49	[33martemis-cypress_1  |[0m npm WARN EBADENGINE Unsupported engine {
build	14-Jan-2023 14:48:49	[33martemis-cypress_1  |[0m npm WARN EBADENGINE   package: '@heddendorp/cypress-plugin-multilanguage-coverage@1.6.0',
build	14-Jan-2023 14:48:49	[33martemis-cypress_1  |[0m npm WARN EBADENGINE   required: { node: '^18.12.1' },
build	14-Jan-2023 14:48:49	[33martemis-cypress_1  |[0m npm WARN EBADENGINE   current: { node: 'v18.12.0', npm: '8.19.2' }
build	14-Jan-2023 14:48:49	[33martemis-cypress_1  |[0m npm WARN EBADENGINE }
build	14-Jan-2023 14:48:50	[36martemis-app_1      |[0m 
build	14-Jan-2023 14:48:50	[36martemis-app_1      |[0m   [31m â–ˆâ–ˆâ–ˆâ–ˆâ–ˆâ•— â–ˆâ–ˆâ–ˆâ–ˆâ–ˆâ–ˆâ•— [34mâ–ˆâ–ˆâ–ˆâ–ˆâ–ˆâ–ˆâ–ˆâ–ˆâ•—â–ˆâ–ˆâ–ˆâ–ˆâ–ˆâ–ˆâ–ˆâ•—â–ˆâ–ˆâ–ˆâ•—   â–ˆâ–ˆâ–ˆâ•—[31mâ–ˆâ–ˆâ•—â–ˆâ–ˆâ–ˆâ–ˆâ–ˆâ–ˆâ–ˆâ•—
build	14-Jan-2023 14:48:50	[36martemis-app_1      |[0m   [31mâ–ˆâ–ˆâ•”â•â•â–ˆâ–ˆâ•—â–ˆâ–ˆâ•”â•â•â–ˆâ–ˆâ•—[34mâ•šâ•â•â–ˆâ–ˆâ•”â•â•â•â–ˆâ–ˆâ•”â•â•â•â•â•â–ˆâ–ˆâ–ˆâ–ˆâ•— â–ˆâ–ˆâ–ˆâ–ˆâ•‘[31mâ–ˆâ–ˆâ•‘â–ˆâ–ˆâ•”â•â•â•â•â•
build	14-Jan-2023 14:48:50	[36martemis-app_1      |[0m   [31mâ–ˆâ–ˆâ–ˆâ–ˆâ–ˆâ–ˆâ–ˆâ•‘â–ˆâ–ˆâ–ˆâ–ˆâ–ˆâ–ˆâ•”â•[34m   â–ˆâ–ˆâ•‘   â–ˆâ–ˆâ–ˆâ–ˆâ–ˆâ•—  â–ˆâ–ˆâ•”â–ˆâ–ˆâ–ˆâ–ˆâ•”â–ˆâ–ˆâ•‘[31mâ–ˆâ–ˆâ•‘â–ˆâ–ˆâ–ˆâ–ˆâ–ˆâ–ˆâ–ˆâ•—
build	14-Jan-2023 14:48:50	[36martemis-app_1      |[0m   [31mâ–ˆâ–ˆâ•”â•â•â–ˆâ–ˆâ•‘â–ˆâ–ˆâ•”â•â•â–ˆâ–ˆâ•—[34m   â–ˆâ–ˆâ•‘   â–ˆâ–ˆâ•”â•â•â•  â–ˆâ–ˆâ•‘â•šâ–ˆâ–ˆâ•”â•â–ˆâ–ˆâ•‘[31mâ–ˆâ–ˆâ•‘â•šâ•â•â•â•â–ˆâ–ˆâ•‘
build	14-Jan-2023 14:48:50	[36martemis-app_1      |[0m   [31mâ–ˆâ–ˆâ•‘  â–ˆâ–ˆâ•‘â–ˆâ–ˆâ•‘  â–ˆâ–ˆâ•‘[34m   â–ˆâ–ˆâ•‘   â–ˆâ–ˆâ–ˆâ–ˆâ–ˆâ–ˆâ–ˆâ•—â–ˆâ–ˆâ•‘ â•šâ•â• â–ˆâ–ˆâ•‘[31mâ–ˆâ–ˆâ•‘â–ˆâ–ˆâ–ˆâ–ˆâ–ˆâ–ˆâ–ˆâ•‘
build	14-Jan-2023 14:48:50	[36martemis-app_1      |[0m   [31mâ•šâ•â•  â•šâ•â•â•šâ•â•  â•šâ•â•[34m   â•šâ•â•   â•šâ•â•â•â•â•â•â•â•šâ•â•     â•šâ•â•[31mâ•šâ•â•â•šâ•â•â•â•â•â•â•
build	14-Jan-2023 14:48:50	[36martemis-app_1      |[0m 
build	14-Jan-2023 14:48:50	[36martemis-app_1      |[0m [30m:: Interactive Learning with Individual Feedback ::
build	14-Jan-2023 14:48:50	[36martemis-app_1      |[0m 
build	14-Jan-2023 14:48:50	[36martemis-app_1      |[0m [30m:: Powered by Spring Boot 2.7.6 ::
build	14-Jan-2023 14:48:50	[36martemis-app_1      |[0m 
build	14-Jan-2023 14:48:51	[36martemis-app_1      |[0m [2m2023-01-14 13:48:51.037[0;39m [32m INFO[0;39m [35m1[0;39m [2m---[0;39m [2m[           main][0;39m [36mde.tum.in.www1.artemis.ArtemisApp       [0;39m [2m:[0;39m Starting ArtemisApp v6.0.0 using Java 17.0.5 on 8eb1672f3786 with PID 1 (/opt/artemis/Artemis.war started by artemis in /opt/artemis)
build	14-Jan-2023 14:48:51	[36martemis-app_1      |[0m [2m2023-01-14 13:48:51.043[0;39m [32m INFO[0;39m [35m1[0;39m [2m---[0;39m [2m[           main][0;39m [36mde.tum.in.www1.artemis.ArtemisApp       [0;39m [2m:[0;39m The following 6 profiles are active: "prod", "bamboo", "bitbucket", "jira", "artemis", "cypress"
build	14-Jan-2023 14:49:06	[36martemis-app_1      |[0m [2m2023-01-14 13:49:06.207[0;39m [32m INFO[0;39m [35m1[0;39m [2m---[0;39m [2m[           main][0;39m [36md.t.i.www1.artemis.config.WebConfigurer [0;39m [2m:[0;39m Web application configuration, using profiles: prod
build	14-Jan-2023 14:49:06	[36martemis-app_1      |[0m [2m2023-01-14 13:49:06.209[0;39m [32m INFO[0;39m [35m1[0;39m [2m---[0;39m [2m[           main][0;39m [36md.t.i.www1.artemis.config.WebConfigurer [0;39m [2m:[0;39m Web application fully configured
build	14-Jan-2023 14:49:06	[36martemis-app_1      |[0m [2m2023-01-14 13:49:06.843[0;39m [32m INFO[0;39m [35m1[0;39m [2m---[0;39m [2m[           main][0;39m [36md.t.i.w.a.config.LiquibaseConfiguration [0;39m [2m:[0;39m The previous version was 6.0.0
build	14-Jan-2023 14:49:06	[36martemis-app_1      |[0m [2m2023-01-14 13:49:06.913[0;39m [32m INFO[0;39m [35m1[0;39m [2m---[0;39m [2m[           main][0;39m [36md.t.i.w.a.config.LiquibaseConfiguration [0;39m [2m:[0;39m Liquibase is enabled
build	14-Jan-2023 14:49:07	[36martemis-app_1      |[0m [2m2023-01-14 13:49:07.537[0;39m [32m INFO[0;39m [35m1[0;39m [2m---[0;39m [2m[           main][0;39m [36mliquibase.lockservice                   [0;39m [2m:[0;39m Successfully acquired change log lock
build	14-Jan-2023 14:49:08	[36martemis-app_1      |[0m [2m2023-01-14 13:49:08.828[0;39m [32m INFO[0;39m [35m1[0;39m [2m---[0;39m [2m[           main][0;39m [36mliquibase.changelog                     [0;39m [2m:[0;39m Reading from Artemis.DATABASECHANGELOG
build	14-Jan-2023 14:49:09	[36martemis-app_1      |[0m [2m2023-01-14 13:49:09.164[0;39m [32m INFO[0;39m [35m1[0;39m [2m---[0;39m [2m[           main][0;39m [36mliquibase.lockservice                   [0;39m [2m:[0;39m Successfully released change log lock
build	14-Jan-2023 14:49:09	[36martemis-app_1      |[0m [2m2023-01-14 13:49:09.170[0;39m [33m WARN[0;39m [35m1[0;39m [2m---[0;39m [2m[           main][0;39m [36mConfigServletWebServerApplicationContext[0;39m [2m:[0;39m Exception encountered during context initialization - cancelling refresh attempt: org.springframework.beans.factory.BeanCreationException: Error creating bean with name 'liquibase' defined in class path resource [de/tum/in/www1/artemis/config/LiquibaseConfiguration.class]: Invocation of init method failed; nested exception is liquibase.exception.ValidationFailedException: Validation Failed:
build	14-Jan-2023 14:49:09	[36martemis-app_1      |[0m      1 changesets check sum
build	14-Jan-2023 14:49:09	[36martemis-app_1      |[0m           config/liquibase/changelog/20230102203648_changelog.xml::20230102203648-1::stefanwaldhauser was: 8:9c5cd49ef6e547e248bd2050474b30c6 but is now: 8:6e759c9e9cd432a196b27fe695d5db28
build	14-Jan-2023 14:49:09	[36martemis-app_1      |[0m 
build	14-Jan-2023 14:49:09	[36martemis-app_1      |[0m [2m2023-01-14 13:49:09.343[0;39m [31mERROR[0;39m [35m1[0;39m [2m---[0;39m [2m[           main][0;39m [36mo.s.boot.SpringApplication              [0;39m [2m:[0;39m Application run failed
build	14-Jan-2023 14:49:09	[36martemis-app_1      |[0m 
build	14-Jan-2023 14:49:09	[36martemis-app_1      |[0m org.springframework.beans.factory.BeanCreationException: Error creating bean with name 'liquibase' defined in class path resource [de/tum/in/www1/artemis/config/LiquibaseConfiguration.class]: Invocation of init method failed; nested exception is liquibase.exception.ValidationFailedException: Validation Failed:
build	14-Jan-2023 14:49:09	[36martemis-app_1      |[0m      1 changesets check sum
build	14-Jan-2023 14:49:09	[36martemis-app_1      |[0m           config/liquibase/changelog/20230102203648_changelog.xml::20230102203648-1::stefanwaldhauser was: 8:9c5cd49ef6e547e248bd2050474b30c6 but is now: 8:6e759c9e9cd432a196b27fe695d5db28
build	14-Jan-2023 14:49:09	[36martemis-app_1      |[0m 
build	14-Jan-2023 14:49:09	[36martemis-app_1      |[0m 	at org.springframework.beans.factory.support.AbstractAutowireCapableBeanFactory.initializeBean(AbstractAutowireCapableBeanFactory.java:1804)
build	14-Jan-2023 14:49:09	[36martemis-app_1      |[0m 	at org.springframework.beans.factory.support.AbstractAutowireCapableBeanFactory.doCreateBean(AbstractAutowireCapableBeanFactory.java:620)
build	14-Jan-2023 14:49:09	[36martemis-app_1      |[0m 	at org.springframework.beans.factory.support.AbstractAutowireCapableBeanFactory.createBean(AbstractAutowireCapableBeanFactory.java:542)
build	14-Jan-2023 14:49:09	[36martemis-app_1      |[0m 	at org.springframework.beans.factory.support.AbstractBeanFactory.lambda$doGetBean$0(AbstractBeanFactory.java:335)
build	14-Jan-2023 14:49:09	[36martemis-app_1      |[0m 	at org.springframework.beans.factory.support.DefaultSingletonBeanRegistry.getSingleton(DefaultSingletonBeanRegistry.java:234)
build	14-Jan-2023 14:49:09	[36martemis-app_1      |[0m 	at org.springframework.beans.factory.support.AbstractBeanFactory.doGetBean(AbstractBeanFactory.java:333)
build	14-Jan-2023 14:49:09	[36martemis-app_1      |[0m 	at org.springframework.beans.factory.support.AbstractBeanFactory.getBean(AbstractBeanFactory.java:208)
build	14-Jan-2023 14:49:09	[36martemis-app_1      |[0m 	at org.springframework.beans.factory.support.AbstractBeanFactory.doGetBean(AbstractBeanFactory.java:322)
build	14-Jan-2023 14:49:09	[36martemis-app_1      |[0m 	at org.springframework.beans.factory.support.AbstractBeanFactory.getBean(AbstractBeanFactory.java:208)
build	14-Jan-2023 14:49:09	[36martemis-app_1      |[0m 	at org.springframework.context.support.AbstractApplicationContext.getBean(AbstractApplicationContext.java:1154)
build	14-Jan-2023 14:49:09	[36martemis-app_1      |[0m 	at org.springframework.context.support.AbstractApplicationContext.finishBeanFactoryInitialization(AbstractApplicationContext.java:908)
build	14-Jan-2023 14:49:09	[36martemis-app_1      |[0m 	at org.springframework.context.support.AbstractApplicationContext.refresh(AbstractApplicationContext.java:583)
build	14-Jan-2023 14:49:09	[36martemis-app_1      |[0m 	at org.springframework.boot.web.servlet.context.ServletWebServerApplicationContext.refresh(ServletWebServerApplicationContext.java:147)
build	14-Jan-2023 14:49:09	[36martemis-app_1      |[0m 	at org.springframework.boot.SpringApplication.refresh(SpringApplication.java:731)
build	14-Jan-2023 14:49:09	[36martemis-app_1      |[0m 	at org.springframework.boot.SpringApplication.refreshContext(SpringApplication.java:408)
build	14-Jan-2023 14:49:09	[36martemis-app_1      |[0m 	at org.springframework.boot.SpringApplication.run(SpringApplication.java:307)
build	14-Jan-2023 14:49:09	[36martemis-app_1      |[0m 	at de.tum.in.www1.artemis.ArtemisApp.main(ArtemisApp.java:63)
build	14-Jan-2023 14:49:09	[36martemis-app_1      |[0m 	at java.base/jdk.internal.reflect.NativeMethodAccessorImpl.invoke0(Native Method)
build	14-Jan-2023 14:49:09	[36martemis-app_1      |[0m 	at java.base/jdk.internal.reflect.NativeMethodAccessorImpl.invoke(NativeMethodAccessorImpl.java:77)
build	14-Jan-2023 14:49:09	[36martemis-app_1      |[0m 	at java.base/jdk.internal.reflect.DelegatingMethodAccessorImpl.invoke(DelegatingMethodAccessorImpl.java:43)
build	14-Jan-2023 14:49:09	[36martemis-app_1      |[0m 	at java.base/java.lang.reflect.Method.invoke(Method.java:568)
build	14-Jan-2023 14:49:09	[36martemis-app_1      |[0m 	at org.springframework.boot.loader.MainMethodRunner.run(MainMethodRunner.java:49)
build	14-Jan-2023 14:49:09	[36martemis-app_1      |[0m 	at org.springframework.boot.loader.Launcher.launch(Launcher.java:108)
build	14-Jan-2023 14:49:09	[36martemis-app_1      |[0m 	at org.springframework.boot.loader.Launcher.launch(Launcher.java:58)
build	14-Jan-2023 14:49:09	[36martemis-app_1      |[0m 	at org.springframework.boot.loader.WarLauncher.main(WarLauncher.java:59)
build	14-Jan-2023 14:49:09	[36martemis-app_1      |[0m Caused by: liquibase.exception.ValidationFailedException: Validation Failed:
build	14-Jan-2023 14:49:09	[36martemis-app_1      |[0m      1 changesets check sum
build	14-Jan-2023 14:49:09	[36martemis-app_1      |[0m           config/liquibase/changelog/20230102203648_changelog.xml::20230102203648-1::stefanwaldhauser was: 8:9c5cd49ef6e547e248bd2050474b30c6 but is now: 8:6e759c9e9cd432a196b27fe695d5db28
build	14-Jan-2023 14:49:09	[36martemis-app_1      |[0m 
build	14-Jan-2023 14:49:09	[36martemis-app_1      |[0m 	at liquibase.changelog.DatabaseChangeLog.validate(DatabaseChangeLog.java:345)
build	14-Jan-2023 14:49:09	[36martemis-app_1      |[0m 	at liquibase.Liquibase.lambda$update$1(Liquibase.java:255)
build	14-Jan-2023 14:49:09	[36martemis-app_1      |[0m 	at liquibase.Scope.lambda$child$0(Scope.java:180)
build	14-Jan-2023 14:49:09	[36martemis-app_1      |[0m 	at liquibase.Scope.child(Scope.java:189)
build	14-Jan-2023 14:49:09	[36martemis-app_1      |[0m 	at liquibase.Scope.child(Scope.java:179)
build	14-Jan-2023 14:49:09	[36martemis-app_1      |[0m 	at liquibase.Scope.child(Scope.java:158)
build	14-Jan-2023 14:49:09	[36martemis-app_1      |[0m 	at liquibase.Liquibase.runInScope(Liquibase.java:2445)
build	14-Jan-2023 14:49:09	[36martemis-app_1      |[0m 	at liquibase.Liquibase.update(Liquibase.java:235)
build	14-Jan-2023 14:49:09	[36martemis-app_1      |[0m 	at liquibase.Liquibase.update(Liquibase.java:220)
build	14-Jan-2023 14:49:09	[36martemis-app_1      |[0m 	at liquibase.integration.spring.SpringLiquibase.performUpdate(SpringLiquibase.java:328)
build	14-Jan-2023 14:49:09	[36martemis-app_1      |[0m 	at liquibase.integration.spring.SpringLiquibase.afterPropertiesSet(SpringLiquibase.java:283)
build	14-Jan-2023 14:49:09	[36martemis-app_1      |[0m 	at org.springframework.beans.factory.support.AbstractAutowireCapableBeanFactory.invokeInitMethods(AbstractAutowireCapableBeanFactory.java:1863)
build	14-Jan-2023 14:49:09	[36martemis-app_1      |[0m 	at org.springframework.beans.factory.support.AbstractAutowireCapableBeanFactory.initializeBean(AbstractAutowireCapableBeanFactory.java:1800)
build	14-Jan-2023 14:49:09	[36martemis-app_1      |[0m 	... 24 common frames omitted
build	14-Jan-2023 14:49:09	[36martemis-app_1      |[0m 
build	14-Jan-2023 14:49:10	[36mcypress_artemis-app_1 exited with code 1
error	14-Jan-2023 14:49:10	[1BStopping cypress_artemis-cypress_1   ... 
error	14-Jan-2023 14:49:10	Stopping cypress_artemis-mysql_1     ... 
error	14-Jan-2023 14:49:20	[2A[2K
error	14-Jan-2023 14:49:20	Stopping cypress_artemis-cypress_1   ... [32mdone[0m
error	14-Jan-2023 14:49:22	[2B[1A[2K
error	14-Jan-2023 14:49:22	Stopping cypress_artemis-mysql_1     ... [32mdone[0m
build	14-Jan-2023 14:49:22	[0mAborting on container exit...
error	14-Jan-2023 14:49:23	[1B
build	14-Jan-2023 14:49:23	Cypress container exit code: 137
build	14-Jan-2023 14:49:23	Not creating success file because the tests failed
simple	14-Jan-2023 14:49:23	Finished task 'Deploy Artemis and run Cypress tests' with result: Success
simple	14-Jan-2023 14:49:23	Starting task 'Parse test results' of type 'com.atlassian.bamboo.plugins.testresultparser:task.testresultparser.junit'
simple	14-Jan-2023 14:49:23	Parsing test results under /opt/bambooagent/bamboo-agent-home/xml-data/build-dir/ARTEMIS-AETG1262-DA...
simple	14-Jan-2023 14:49:23	Failing task since test cases were expected but none were found.
simple	14-Jan-2023 14:49:23	Finished task 'Parse test results' with result: Failed
simple	14-Jan-2023 14:49:23	Starting task 'Make sure all docker containers are cleaned up' of type 'com.atlassian.bamboo.plugins.scripttask:task.builder.script'
command	14-Jan-2023 14:49:23	Beginning to execute external process for build 'Artemis - Artemis E2E Tests (Cypress in Docker) - flake-check-build-792 - Cypress E2E Tests on Bamboo #2 (ARTEMIS-AETG1262-DA-2)'\n ... running command line: \n/opt/bambooagent/bamboo-agent-home/temp/ARTEMIS-AETG1262-DA-2-ScriptBuildTask-5065789095219615614.sh\n ... in: /opt/bambooagent/bamboo-agent-home/xml-data/build-dir/ARTEMIS-AETG1262-DA\n
error	14-Jan-2023 14:49:24	Removing cypress_artemis-cypress_1 ... 
error	14-Jan-2023 14:49:24	Removing cypress_artemis-app_1     ... 
error	14-Jan-2023 14:49:24	Removing cypress_artemis-mysql_1   ... 
error	14-Jan-2023 14:49:24	[2A[2K
error	14-Jan-2023 14:49:24	Removing cypress_artemis-app_1     ... [32mdone[0m
error	14-Jan-2023 14:49:24	[2B[1A[2K
error	14-Jan-2023 14:49:24	Removing cypress_artemis-mysql_1   ... [32mdone[0m
error	14-Jan-2023 14:49:25	[1B[3A[2K
error	14-Jan-2023 14:49:25	Removing cypress_artemis-cypress_1 ... [32mdone[0m
build	14-Jan-2023 14:49:25	Going to remove cypress_artemis-cypress_1, cypress_artemis-app_1, cypress_artemis-mysql_1
error	14-Jan-2023 14:49:25	[3B
simple	14-Jan-2023 14:49:25	Finished task 'Make sure all docker containers are cleaned up' with result: Success
command	14-Jan-2023 14:49:25	Substituting password variable: ${bamboo.GitHubSecret}
command	14-Jan-2023 14:49:25	Substituting variable: ${bamboo.shortJobName} with Cypress E2E Tests on Bamboo
command	14-Jan-2023 14:49:25	Substituting variable: ${bamboo.buildResultsUrl} with https://bamboo.ase.in.tum.de/browse/ARTEMIS-AETG1262-DA-2
command	14-Jan-2023 14:49:25	Substituting variable: ${bamboo.repository.revision.number} with 87da5c82965c34eee170efb163e1d64e86ed8273
command	14-Jan-2023 14:49:25	Substituting password variable: ${bamboo.GitHubSecret}
command	14-Jan-2023 14:49:25	Substituting variable: ${bamboo.shortJobName} with Cypress E2E Tests on Bamboo
command	14-Jan-2023 14:49:25	Substituting variable: ${bamboo.buildResultsUrl} with https://bamboo.ase.in.tum.de/browse/ARTEMIS-AETG1262-DA-2
command	14-Jan-2023 14:49:25	Substituting variable: ${bamboo.repository.revision.number} with 87da5c82965c34eee170efb163e1d64e86ed8273
simple	14-Jan-2023 14:49:25	Starting task 'GitHub: Update Build Status' of type 'com.atlassian.bamboo.plugins.scripttask:task.builder.script'
command	14-Jan-2023 14:49:25	Beginning to execute external process for build 'Artemis - Artemis E2E Tests (Cypress in Docker) - flake-check-build-792 - Cypress E2E Tests on Bamboo #2 (ARTEMIS-AETG1262-DA-2)'\n ... running command line: \n/opt/bambooagent/bamboo-agent-home/temp/ARTEMIS-AETG1262-DA-2-ScriptBuildTask-7153035400449604573.sh\n ... in: /opt/bambooagent/bamboo-agent-home/xml-data/build-dir/ARTEMIS-AETG1262-DA\n
build	14-Jan-2023 14:49:25	Sending failure to github
error	14-Jan-2023 14:49:25	  % Total    % Received % Xferd  Average Speed   Time    Time     Time  Current
error	14-Jan-2023 14:49:25	                                 Dload  Upload   Total   Spent    Left  Speed
error	14-Jan-2023 14:49:25	
error	14-Jan-2023 14:49:25	  0     0    0     0    0     0      0      0 --:--:-- --:--:-- --:--:--     0
error	14-Jan-2023 14:49:25	100  1741  100  1572  100   169   3742    402 --:--:-- --:--:-- --:--:--  4145
simple	14-Jan-2023 14:49:25	Finished task 'GitHub: Update Build Status' with result: Success
simple	14-Jan-2023 14:49:25	Running post build plugin 'Docker Container Cleanup'
simple	14-Jan-2023 14:49:25	Running post build plugin 'NCover Results Collector'
simple	14-Jan-2023 14:49:25	Running post build plugin 'Build Results Label Collector'
simple	14-Jan-2023 14:49:25	Running post build plugin 'Clover Results Collector'
simple	14-Jan-2023 14:49:25	Running post build plugin 'npm Cache Cleanup'
simple	14-Jan-2023 14:49:25	Running post build plugin 'Artifact Copier'
simple	14-Jan-2023 14:49:25	Finalising the build...
simple	14-Jan-2023 14:49:25	Stopping timer.
simple	14-Jan-2023 14:49:25	Build ARTEMIS-AETG1262-DA-2 completed.
simple	14-Jan-2023 14:49:25	Running on server: post build plugin 'Build Hanging Detection Configuration'
simple	14-Jan-2023 14:49:25	Running on server: post build plugin 'NCover Results Collector'
simple	14-Jan-2023 14:49:25	Running on server: post build plugin 'Build Labeller'
simple	14-Jan-2023 14:49:25	Running on server: post build plugin 'Clover Delta Calculator'
simple	14-Jan-2023 14:49:25	Running on server: post build plugin 'Maven Dependencies Postprocessor'
simple	14-Jan-2023 14:49:25	All post build plugins have finished
simple	14-Jan-2023 14:49:25	Generating build results summary...
simple	14-Jan-2023 14:49:26	Saving build results to disk...
simple	14-Jan-2023 14:49:26	Store variable context...
simple	14-Jan-2023 14:49:26	Finished building ARTEMIS-AETG1262-DA-2.
