simple	10-Jan-2023 05:21:47	Build Artemis - Artemis E2E Tests (Cypress in Docker) - test-build-792 - Cypress E2E Tests on Bamboo #5 (ARTEMIS-AETG1222-DA-5) started building on agent ls1Agent-l-9.ase.in.tum.de, bamboo version: 8.2.5
simple	10-Jan-2023 05:21:47	Remote agent on host ls1Agent-l-9.ase.in.tum.de
simple	10-Jan-2023 05:21:47	Build working directory is /opt/bambooagent/bamboo-agent-home/xml-data/build-dir/ARTEMIS-AETG1222-DA
simple	10-Jan-2023 05:21:47	Executing build Artemis - Artemis E2E Tests (Cypress in Docker) - test-build-792 - Cypress E2E Tests on Bamboo #5 (ARTEMIS-AETG1222-DA-5)
simple	10-Jan-2023 05:21:47	Running pre-build action: Build Log Labeller Pre Build Action
simple	10-Jan-2023 05:21:47	Running pre-build action: VCS Version Collector
command	10-Jan-2023 05:21:47	Substituting password variable: ${bamboo.GitHubSecret}
command	10-Jan-2023 05:21:47	Substituting variable: ${bamboo.shortJobName} with Cypress E2E Tests on Bamboo
command	10-Jan-2023 05:21:47	Substituting variable: ${bamboo.buildResultsUrl} with https://bamboo.ase.in.tum.de/browse/ARTEMIS-AETG1222-DA-5
command	10-Jan-2023 05:21:47	Substituting variable: ${bamboo.repository.revision.number} with 3925a89c1e404a82a1b9895e3ac2eb76ba362d75
simple	10-Jan-2023 05:21:47	Starting task 'Github: Set build to pending' of type 'com.atlassian.bamboo.plugins.scripttask:task.builder.script'
command	10-Jan-2023 05:21:47	Beginning to execute external process for build 'Artemis - Artemis E2E Tests (Cypress in Docker) - test-build-792 - Cypress E2E Tests on Bamboo #5 (ARTEMIS-AETG1222-DA-5)'\n ... running command line: \n/opt/bambooagent/bamboo-agent-home/temp/ARTEMIS-AETG1222-DA-5-ScriptBuildTask-3310377853010669528.sh\n ... in: /opt/bambooagent/bamboo-agent-home/xml-data/build-dir/ARTEMIS-AETG1222-DA\n
error	10-Jan-2023 05:21:47	  % Total    % Received % Xferd  Average Speed   Time    Time     Time  Current
error	10-Jan-2023 05:21:47	                                 Dload  Upload   Total   Spent    Left  Speed
error	10-Jan-2023 05:21:47	
error	10-Jan-2023 05:21:47	  0     0    0     0    0     0      0      0 --:--:-- --:--:-- --:--:--     0
error	10-Jan-2023 05:21:47	100   172    0     0  100   172      0    847 --:--:-- --:--:-- --:--:--   847
error	10-Jan-2023 05:21:47	100  1747  100  1575  100   172   2949    322 --:--:-- --:--:-- --:--:--  3265
simple	10-Jan-2023 05:21:47	Finished task 'Github: Set build to pending' with result: Success
simple	10-Jan-2023 05:21:47	Starting task 'Source Code Checkout' of type 'com.atlassian.bamboo.plugins.vcs:task.vcs.checkout'
simple	10-Jan-2023 05:21:47	Checking out into /opt/bambooagent/bamboo-agent-home/xml-data/build-dir/ARTEMIS-AETG1222-DA
simple	10-Jan-2023 05:21:47	Updating source code to revision: 3925a89c1e404a82a1b9895e3ac2eb76ba362d75
simple	10-Jan-2023 05:21:47	Creating local git repository in '/opt/bambooagent/bamboo-agent-home/xml-data/build-dir/ARTEMIS-AETG1222-DA/.git'.
simple	10-Jan-2023 05:21:47	Initialized empty Git repository in /opt/bambooagent/bamboo-agent-home/xml-data/build-dir/ARTEMIS-AETG1222-DA/.git/
simple	10-Jan-2023 05:21:48	Fetching 'refs/heads/test/build-792' from 'https://github.com/ls1intum/Artemis.git'. Will try to do a shallow fetch.
simple	10-Jan-2023 05:21:53	From https://github.com/ls1intum/Artemis
simple	10-Jan-2023 05:21:53	 * [new branch]      test/build-792 -> test/build-792
simple	10-Jan-2023 05:21:53	Checking out revision 3925a89c1e404a82a1b9895e3ac2eb76ba362d75.
simple	10-Jan-2023 05:21:54	Switched to branch 'test/build-792'
simple	10-Jan-2023 05:21:54	Updated source code to revision: 3925a89c1e404a82a1b9895e3ac2eb76ba362d75
simple	10-Jan-2023 05:21:54	Finished task 'Source Code Checkout' with result: Success
simple	10-Jan-2023 05:21:54	Starting task 'Download Artemis Executable' of type 'com.atlassian.bamboo.plugins.bamboo-artifact-downloader-plugin:artifactdownloadertask'
simple	10-Jan-2023 05:21:54	Preparing to download plan result ARTEMIS-WEBAPP4769-1 artifact: Non required shared artifact: [war], pattern: [*.war] anchored at: [build/libs]
simple	10-Jan-2023 05:22:04	Artifact [war] downloaded successfully in 9.593 s to working directory
simple	10-Jan-2023 05:22:04	Finished task 'Download Artemis Executable' with result: Success
command	10-Jan-2023 05:22:04	Substituting variable: ${bamboo.artemis_admin_username} with artemis-cypress-admin
command	10-Jan-2023 05:22:04	Substituting password variable: ${bamboo.artemis_admin_password}
command	10-Jan-2023 05:22:04	Substituting variable: ${bamboo.cypress_username_template} with artemis_test_user_USERID
command	10-Jan-2023 05:22:04	Substituting password variable: ${bamboo.cypress_password_template}
command	10-Jan-2023 05:22:04	Substituting password variable: ${bamboo.ARTEMIS_CONTINUOUS_INTEGRATION_ARTEMIS_AUTHENTICATION_TOKEN_VALUE_SECRET}
command	10-Jan-2023 05:22:04	Substituting password variable: ${bamboo.ARTEMIS_CONTINUOUS_INTEGRATION_TOKEN_SECRET}
simple	10-Jan-2023 05:22:04	Starting task 'Deploy Artemis and run Cypress tests' of type 'com.atlassian.bamboo.plugins.scripttask:task.builder.script'
command	10-Jan-2023 05:22:04	Beginning to execute external process for build 'Artemis - Artemis E2E Tests (Cypress in Docker) - test-build-792 - Cypress E2E Tests on Bamboo #5 (ARTEMIS-AETG1222-DA-5)'\n ... running command line: \n/opt/bambooagent/bamboo-agent-home/temp/ARTEMIS-AETG1222-DA-5-ScriptBuildTask-8706406775486802738.sh\n ... in: /opt/bambooagent/bamboo-agent-home/xml-data/build-dir/ARTEMIS-AETG1222-DA\n
error	10-Jan-2023 05:22:05	Pulling artemis-mysql   ... 
error	10-Jan-2023 05:22:05	Pulling artemis-app     ... 
error	10-Jan-2023 05:22:05	Pulling artemis-cypress ... 
error	10-Jan-2023 05:22:05	[2A[2K
error	10-Jan-2023 05:22:05	Pulling artemis-app     ... [32mdone[0m
error	10-Jan-2023 05:22:06	[2B[1A[2K
error	10-Jan-2023 05:22:06	Pulling artemis-cypress ... pulling from cypress/browsers
error	10-Jan-2023 05:22:06	[1B[3A[2K
error	10-Jan-2023 05:22:06	Pulling artemis-mysql   ... pulling from library/mysql
error	10-Jan-2023 05:22:06	[3B[3A[2K
error	10-Jan-2023 05:22:06	Pulling artemis-mysql   ... digest: sha256:3d7ae561cf6095f6ac...
error	10-Jan-2023 05:22:06	[3B[3A[2K
error	10-Jan-2023 05:22:06	Pulling artemis-mysql   ... status: image is up to date for m...
error	10-Jan-2023 05:22:06	[3B[3A[2K
error	10-Jan-2023 05:22:06	Pulling artemis-mysql   ... [32mdone[0m
error	10-Jan-2023 05:22:06	[3B[1A[2K
error	10-Jan-2023 05:22:06	Pulling artemis-cypress ... digest: sha256:bfdbf9b64fdaad364f...
error	10-Jan-2023 05:22:06	[1B[1A[2K
error	10-Jan-2023 05:22:06	Pulling artemis-cypress ... status: downloaded newer image fo...
error	10-Jan-2023 05:22:06	[1B[1A[2K
error	10-Jan-2023 05:22:06	Pulling artemis-cypress ... [32mdone[0m
error	10-Jan-2023 05:22:07	[1Bartemis-mysql uses an image, skipping
error	10-Jan-2023 05:22:07	artemis-cypress uses an image, skipping
error	10-Jan-2023 05:22:07	Building artemis-app
build	10-Jan-2023 05:22:14	Step 1/23 : FROM docker.io/library/eclipse-temurin:17-jdk
build	10-Jan-2023 05:22:15	17-jdk: Pulling from library/eclipse-temurin
build	10-Jan-2023 05:22:15	Digest: sha256:37646e9acfed59dd6de0849b40aedcee4b873ec05722b88b5df47d82e20883e8
build	10-Jan-2023 05:22:15	Status: Image is up to date for eclipse-temurin:17-jdk
build	10-Jan-2023 05:22:15	 ---> 9ef86393bfda
build	10-Jan-2023 05:22:15	Step 2/23 : ENV SPRING_OUTPUT_ANSI_ENABLED=ALWAYS     JHIPSTER_SLEEP=0     JAVA_OPTS=""
build	10-Jan-2023 05:22:16	 ---> Running in dc08e0051486
build	10-Jan-2023 05:22:16	Removing intermediate container dc08e0051486
build	10-Jan-2023 05:22:16	 ---> 7bb01b8548fe
build	10-Jan-2023 05:22:16	Step 3/23 : ENV spring.profiles.active ""
build	10-Jan-2023 05:22:16	 ---> Running in f94ef4085d7f
build	10-Jan-2023 05:22:16	Removing intermediate container f94ef4085d7f
build	10-Jan-2023 05:22:16	 ---> e7705e284de4
build	10-Jan-2023 05:22:16	Step 4/23 : RUN echo "Installing needed dependencies"   && apt-get update && apt-get install -y --no-install-recommends locales graphviz wget   && apt-get clean   && rm -rf /var/lib/apt/lists/*
build	10-Jan-2023 05:22:16	 ---> Running in db6c1b4622ba
build	10-Jan-2023 05:22:16	Installing needed dependencies
build	10-Jan-2023 05:22:17	Get:1 http://security.ubuntu.com/ubuntu jammy-security InRelease [110 kB]
build	10-Jan-2023 05:22:17	Get:2 http://archive.ubuntu.com/ubuntu jammy InRelease [270 kB]
build	10-Jan-2023 05:22:17	Get:3 http://security.ubuntu.com/ubuntu jammy-security/main amd64 Packages [694 kB]
build	10-Jan-2023 05:22:17	Get:4 http://archive.ubuntu.com/ubuntu jammy-updates InRelease [114 kB]
build	10-Jan-2023 05:22:17	Get:5 http://archive.ubuntu.com/ubuntu jammy-backports InRelease [99.8 kB]
build	10-Jan-2023 05:22:17	Get:6 http://archive.ubuntu.com/ubuntu jammy/restricted amd64 Packages [164 kB]
build	10-Jan-2023 05:22:17	Get:7 http://archive.ubuntu.com/ubuntu jammy/multiverse amd64 Packages [266 kB]
build	10-Jan-2023 05:22:17	Get:8 http://archive.ubuntu.com/ubuntu jammy/universe amd64 Packages [17.5 MB]
build	10-Jan-2023 05:22:17	Get:9 http://security.ubuntu.com/ubuntu jammy-security/multiverse amd64 Packages [4,732 B]
build	10-Jan-2023 05:22:17	Get:10 http://security.ubuntu.com/ubuntu jammy-security/universe amd64 Packages [786 kB]
build	10-Jan-2023 05:22:18	Get:11 http://security.ubuntu.com/ubuntu jammy-security/restricted amd64 Packages [624 kB]
build	10-Jan-2023 05:22:18	Get:12 http://archive.ubuntu.com/ubuntu jammy/main amd64 Packages [1,792 kB]
build	10-Jan-2023 05:22:18	Get:13 http://archive.ubuntu.com/ubuntu jammy-updates/restricted amd64 Packages [679 kB]
build	10-Jan-2023 05:22:18	Get:14 http://archive.ubuntu.com/ubuntu jammy-updates/universe amd64 Packages [988 kB]
build	10-Jan-2023 05:22:18	Get:15 http://archive.ubuntu.com/ubuntu jammy-updates/main amd64 Packages [1,010 kB]
build	10-Jan-2023 05:22:18	Get:16 http://archive.ubuntu.com/ubuntu jammy-updates/multiverse amd64 Packages [8,978 B]
build	10-Jan-2023 05:22:18	Get:17 http://archive.ubuntu.com/ubuntu jammy-backports/main amd64 Packages [3,520 B]
build	10-Jan-2023 05:22:18	Get:18 http://archive.ubuntu.com/ubuntu jammy-backports/universe amd64 Packages [7,286 B]
build	10-Jan-2023 05:22:19	Fetched 25.1 MB in 3s (8,078 kB/s)
build	10-Jan-2023 05:22:21	Reading package lists...
build	10-Jan-2023 05:22:22	Reading package lists...
build	10-Jan-2023 05:22:22	Building dependency tree...
build	10-Jan-2023 05:22:22	Reading state information...
build	10-Jan-2023 05:22:22	wget is already the newest version (1.21.2-2ubuntu1).
build	10-Jan-2023 05:22:22	locales is already the newest version (2.35-0ubuntu3.1).
build	10-Jan-2023 05:22:22	The following additional packages will be installed:
build	10-Jan-2023 05:22:22	  libann0 libbsd0 libcairo2 libcdt5 libcgraph6 libdatrie1 libdeflate0
build	10-Jan-2023 05:22:22	  libfribidi0 libgd3 libglib2.0-0 libgraphite2-3 libgts-0.7-5 libgvc6 libgvpr2
build	10-Jan-2023 05:22:22	  libharfbuzz0b libice6 libjbig0 libjpeg-turbo8 libjpeg8 liblab-gamut1
build	10-Jan-2023 05:22:22	  libltdl7 libmd0 libpango-1.0-0 libpangocairo-1.0-0 libpangoft2-1.0-0
build	10-Jan-2023 05:22:22	  libpathplan4 libpixman-1-0 libsm6 libthai-data libthai0 libtiff5 libwebp7
build	10-Jan-2023 05:22:22	  libx11-6 libx11-data libxau6 libxaw7 libxcb-render0 libxcb-shm0 libxcb1
build	10-Jan-2023 05:22:22	  libxdmcp6 libxext6 libxmu6 libxpm4 libxrender1 libxt6 x11-common
build	10-Jan-2023 05:22:22	Suggested packages:
build	10-Jan-2023 05:22:22	  gsfonts graphviz-doc libgd-tools
build	10-Jan-2023 05:22:22	Recommended packages:
build	10-Jan-2023 05:22:22	  fonts-liberation libglib2.0-data shared-mime-info xdg-user-dirs libgts-bin
build	10-Jan-2023 05:22:22	The following NEW packages will be installed:
build	10-Jan-2023 05:22:22	  graphviz libann0 libbsd0 libcairo2 libcdt5 libcgraph6 libdatrie1 libdeflate0
build	10-Jan-2023 05:22:22	  libfribidi0 libgd3 libglib2.0-0 libgraphite2-3 libgts-0.7-5 libgvc6 libgvpr2
build	10-Jan-2023 05:22:22	  libharfbuzz0b libice6 libjbig0 libjpeg-turbo8 libjpeg8 liblab-gamut1
build	10-Jan-2023 05:22:22	  libltdl7 libmd0 libpango-1.0-0 libpangocairo-1.0-0 libpangoft2-1.0-0
build	10-Jan-2023 05:22:22	  libpathplan4 libpixman-1-0 libsm6 libthai-data libthai0 libtiff5 libwebp7
build	10-Jan-2023 05:22:22	  libx11-6 libx11-data libxau6 libxaw7 libxcb-render0 libxcb-shm0 libxcb1
build	10-Jan-2023 05:22:22	  libxdmcp6 libxext6 libxmu6 libxpm4 libxrender1 libxt6 x11-common
build	10-Jan-2023 05:22:22	0 upgraded, 47 newly installed, 0 to remove and 5 not upgraded.
build	10-Jan-2023 05:22:22	Need to get 9,464 kB of archives.
build	10-Jan-2023 05:22:22	After this operation, 25.8 MB of additional disk space will be used.
build	10-Jan-2023 05:22:22	Get:1 http://archive.ubuntu.com/ubuntu jammy/main amd64 libmd0 amd64 1.0.4-1build1 [23.0 kB]
build	10-Jan-2023 05:22:23	Get:2 http://archive.ubuntu.com/ubuntu jammy/main amd64 libbsd0 amd64 0.11.5-1 [44.8 kB]
build	10-Jan-2023 05:22:23	Get:3 http://archive.ubuntu.com/ubuntu jammy-updates/main amd64 libfribidi0 amd64 1.0.8-2ubuntu3.1 [26.1 kB]
build	10-Jan-2023 05:22:23	Get:4 http://archive.ubuntu.com/ubuntu jammy-updates/main amd64 libglib2.0-0 amd64 2.72.4-0ubuntu1 [1,461 kB]
build	10-Jan-2023 05:22:23	Get:5 http://archive.ubuntu.com/ubuntu jammy/main amd64 libxau6 amd64 1:1.0.9-1build5 [7,634 B]
build	10-Jan-2023 05:22:23	Get:6 http://archive.ubuntu.com/ubuntu jammy/main amd64 libxdmcp6 amd64 1:1.1.3-0ubuntu5 [10.9 kB]
build	10-Jan-2023 05:22:23	Get:7 http://archive.ubuntu.com/ubuntu jammy/main amd64 libxcb1 amd64 1.14-3ubuntu3 [49.0 kB]
build	10-Jan-2023 05:22:23	Get:8 http://archive.ubuntu.com/ubuntu jammy/main amd64 libx11-data all 2:1.7.5-1 [119 kB]
build	10-Jan-2023 05:22:23	Get:9 http://archive.ubuntu.com/ubuntu jammy/main amd64 libx11-6 amd64 2:1.7.5-1 [666 kB]
build	10-Jan-2023 05:22:23	Get:10 http://archive.ubuntu.com/ubuntu jammy/main amd64 libxext6 amd64 2:1.3.4-1build1 [31.8 kB]
build	10-Jan-2023 05:22:23	Get:11 http://archive.ubuntu.com/ubuntu jammy/universe amd64 libann0 amd64 1.1.2+doc-7build1 [26.0 kB]
build	10-Jan-2023 05:22:23	Get:12 http://archive.ubuntu.com/ubuntu jammy/universe amd64 libcdt5 amd64 2.42.2-6 [21.1 kB]
build	10-Jan-2023 05:22:23	Get:13 http://archive.ubuntu.com/ubuntu jammy/universe amd64 libcgraph6 amd64 2.42.2-6 [45.8 kB]
build	10-Jan-2023 05:22:23	Get:14 http://archive.ubuntu.com/ubuntu jammy/main amd64 libjpeg-turbo8 amd64 2.1.2-0ubuntu1 [134 kB]
build	10-Jan-2023 05:22:23	Get:15 http://archive.ubuntu.com/ubuntu jammy/main amd64 libjpeg8 amd64 8c-2ubuntu10 [2,264 B]
build	10-Jan-2023 05:22:23	Get:16 http://archive.ubuntu.com/ubuntu jammy/main amd64 libdeflate0 amd64 1.10-2 [70.9 kB]
build	10-Jan-2023 05:22:23	Get:17 http://archive.ubuntu.com/ubuntu jammy-updates/main amd64 libjbig0 amd64 2.1-3.1ubuntu0.22.04.1 [29.2 kB]
build	10-Jan-2023 05:22:23	Get:18 http://archive.ubuntu.com/ubuntu jammy/main amd64 libwebp7 amd64 1.2.2-2 [206 kB]
build	10-Jan-2023 05:22:23	Get:19 http://archive.ubuntu.com/ubuntu jammy-updates/main amd64 libtiff5 amd64 4.3.0-6ubuntu0.3 [183 kB]
build	10-Jan-2023 05:22:23	Get:20 http://archive.ubuntu.com/ubuntu jammy/main amd64 libxpm4 amd64 1:3.5.12-1build2 [36.2 kB]
build	10-Jan-2023 05:22:23	Get:21 http://archive.ubuntu.com/ubuntu jammy/main amd64 libgd3 amd64 2.3.0-2ubuntu2 [129 kB]
build	10-Jan-2023 05:22:23	Get:22 http://archive.ubuntu.com/ubuntu jammy/universe amd64 libgts-0.7-5 amd64 0.7.6+darcs121130-5 [164 kB]
build	10-Jan-2023 05:22:23	Get:23 http://archive.ubuntu.com/ubuntu jammy-updates/main amd64 libpixman-1-0 amd64 0.40.0-1ubuntu0.22.04.1 [264 kB]
build	10-Jan-2023 05:22:23	Get:24 http://archive.ubuntu.com/ubuntu jammy/main amd64 libxcb-render0 amd64 1.14-3ubuntu3 [16.4 kB]
build	10-Jan-2023 05:22:24	Get:25 http://archive.ubuntu.com/ubuntu jammy/main amd64 libxcb-shm0 amd64 1.14-3ubuntu3 [5,780 B]
build	10-Jan-2023 05:22:24	Get:26 http://archive.ubuntu.com/ubuntu jammy/main amd64 libxrender1 amd64 1:0.9.10-1build4 [19.7 kB]
build	10-Jan-2023 05:22:24	Get:27 http://archive.ubuntu.com/ubuntu jammy/main amd64 libcairo2 amd64 1.16.0-5ubuntu2 [628 kB]
build	10-Jan-2023 05:22:24	Get:28 http://archive.ubuntu.com/ubuntu jammy/main amd64 libltdl7 amd64 2.4.6-15build2 [39.6 kB]
build	10-Jan-2023 05:22:24	Get:29 http://archive.ubuntu.com/ubuntu jammy/main amd64 libgraphite2-3 amd64 1.3.14-1build2 [71.3 kB]
build	10-Jan-2023 05:22:24	Get:30 http://archive.ubuntu.com/ubuntu jammy-updates/main amd64 libharfbuzz0b amd64 2.7.4-1ubuntu3.1 [352 kB]
build	10-Jan-2023 05:22:24	Get:31 http://archive.ubuntu.com/ubuntu jammy/main amd64 libthai-data all 0.1.29-1build1 [162 kB]
build	10-Jan-2023 05:22:24	Get:32 http://archive.ubuntu.com/ubuntu jammy/main amd64 libdatrie1 amd64 0.2.13-2 [19.9 kB]
build	10-Jan-2023 05:22:24	Get:33 http://archive.ubuntu.com/ubuntu jammy/main amd64 libthai0 amd64 0.1.29-1build1 [19.2 kB]
build	10-Jan-2023 05:22:24	Get:34 http://archive.ubuntu.com/ubuntu jammy/main amd64 libpango-1.0-0 amd64 1.50.6+ds-2 [230 kB]
build	10-Jan-2023 05:22:24	Get:35 http://archive.ubuntu.com/ubuntu jammy/main amd64 libpangoft2-1.0-0 amd64 1.50.6+ds-2 [53.9 kB]
build	10-Jan-2023 05:22:24	Get:36 http://archive.ubuntu.com/ubuntu jammy/main amd64 libpangocairo-1.0-0 amd64 1.50.6+ds-2 [39.8 kB]
build	10-Jan-2023 05:22:24	Get:37 http://archive.ubuntu.com/ubuntu jammy/universe amd64 libpathplan4 amd64 2.42.2-6 [23.5 kB]
build	10-Jan-2023 05:22:24	Get:38 http://archive.ubuntu.com/ubuntu jammy/universe amd64 libgvc6 amd64 2.42.2-6 [726 kB]
build	10-Jan-2023 05:22:24	Get:39 http://archive.ubuntu.com/ubuntu jammy/universe amd64 libgvpr2 amd64 2.42.2-6 [191 kB]
build	10-Jan-2023 05:22:24	Get:40 http://archive.ubuntu.com/ubuntu jammy/universe amd64 liblab-gamut1 amd64 2.42.2-6 [1,964 kB]
build	10-Jan-2023 05:22:24	Get:41 http://archive.ubuntu.com/ubuntu jammy/main amd64 x11-common all 1:7.7+23ubuntu2 [23.4 kB]
build	10-Jan-2023 05:22:24	Get:42 http://archive.ubuntu.com/ubuntu jammy/main amd64 libice6 amd64 2:1.0.10-1build2 [42.6 kB]
build	10-Jan-2023 05:22:24	Get:43 http://archive.ubuntu.com/ubuntu jammy/main amd64 libsm6 amd64 2:1.2.3-1build2 [16.7 kB]
build	10-Jan-2023 05:22:24	Get:44 http://archive.ubuntu.com/ubuntu jammy/main amd64 libxt6 amd64 1:1.2.1-1 [177 kB]
build	10-Jan-2023 05:22:24	Get:45 http://archive.ubuntu.com/ubuntu jammy/main amd64 libxmu6 amd64 2:1.1.3-3 [49.6 kB]
build	10-Jan-2023 05:22:24	Get:46 http://archive.ubuntu.com/ubuntu jammy/main amd64 libxaw7 amd64 2:1.0.14-1 [191 kB]
build	10-Jan-2023 05:22:24	Get:47 http://archive.ubuntu.com/ubuntu jammy/universe amd64 graphviz amd64 2.42.2-6 [650 kB]
build	10-Jan-2023 05:22:24	[91mdebconf: delaying package configuration, since apt-utils is not installed
build	10-Jan-2023 05:22:24	[0mFetched 9,464 kB in 2s (5,483 kB/s)
build	10-Jan-2023 05:22:24	Selecting previously unselected package libmd0:amd64.
build	10-Jan-2023 05:22:24	(Reading database ... 
build	10-Jan-2023 05:22:24	(Reading database ... 5%
build	10-Jan-2023 05:22:24	(Reading database ... 10%
build	10-Jan-2023 05:22:24	(Reading database ... 15%
build	10-Jan-2023 05:22:24	(Reading database ... 20%
build	10-Jan-2023 05:22:24	(Reading database ... 25%
build	10-Jan-2023 05:22:24	(Reading database ... 30%
build	10-Jan-2023 05:22:24	(Reading database ... 35%
build	10-Jan-2023 05:22:24	(Reading database ... 40%
build	10-Jan-2023 05:22:24	(Reading database ... 45%
build	10-Jan-2023 05:22:24	(Reading database ... 50%
build	10-Jan-2023 05:22:24	(Reading database ... 55%
build	10-Jan-2023 05:22:24	(Reading database ... 60%
build	10-Jan-2023 05:22:24	(Reading database ... 65%
build	10-Jan-2023 05:22:24	(Reading database ... 70%
build	10-Jan-2023 05:22:24	(Reading database ... 75%
build	10-Jan-2023 05:22:24	(Reading database ... 80%
build	10-Jan-2023 05:22:24	(Reading database ... 85%
build	10-Jan-2023 05:22:24	(Reading database ... 90%
build	10-Jan-2023 05:22:24	(Reading database ... 95%
build	10-Jan-2023 05:22:24	(Reading database ... 100%
build	10-Jan-2023 05:22:24	(Reading database ... 7916 files and directories currently installed.)
build	10-Jan-2023 05:22:24	Preparing to unpack .../00-libmd0_1.0.4-1build1_amd64.deb ...
build	10-Jan-2023 05:22:24	Unpacking libmd0:amd64 (1.0.4-1build1) ...
build	10-Jan-2023 05:22:24	Selecting previously unselected package libbsd0:amd64.
build	10-Jan-2023 05:22:24	Preparing to unpack .../01-libbsd0_0.11.5-1_amd64.deb ...
build	10-Jan-2023 05:22:24	Unpacking libbsd0:amd64 (0.11.5-1) ...
build	10-Jan-2023 05:22:24	Selecting previously unselected package libfribidi0:amd64.
build	10-Jan-2023 05:22:24	Preparing to unpack .../02-libfribidi0_1.0.8-2ubuntu3.1_amd64.deb ...
build	10-Jan-2023 05:22:24	Unpacking libfribidi0:amd64 (1.0.8-2ubuntu3.1) ...
build	10-Jan-2023 05:22:24	Selecting previously unselected package libglib2.0-0:amd64.
build	10-Jan-2023 05:22:24	Preparing to unpack .../03-libglib2.0-0_2.72.4-0ubuntu1_amd64.deb ...
build	10-Jan-2023 05:22:24	Unpacking libglib2.0-0:amd64 (2.72.4-0ubuntu1) ...
build	10-Jan-2023 05:22:24	Selecting previously unselected package libxau6:amd64.
build	10-Jan-2023 05:22:24	Preparing to unpack .../04-libxau6_1%3a1.0.9-1build5_amd64.deb ...
build	10-Jan-2023 05:22:24	Unpacking libxau6:amd64 (1:1.0.9-1build5) ...
build	10-Jan-2023 05:22:24	Selecting previously unselected package libxdmcp6:amd64.
build	10-Jan-2023 05:22:24	Preparing to unpack .../05-libxdmcp6_1%3a1.1.3-0ubuntu5_amd64.deb ...
build	10-Jan-2023 05:22:24	Unpacking libxdmcp6:amd64 (1:1.1.3-0ubuntu5) ...
build	10-Jan-2023 05:22:24	Selecting previously unselected package libxcb1:amd64.
build	10-Jan-2023 05:22:24	Preparing to unpack .../06-libxcb1_1.14-3ubuntu3_amd64.deb ...
build	10-Jan-2023 05:22:24	Unpacking libxcb1:amd64 (1.14-3ubuntu3) ...
build	10-Jan-2023 05:22:24	Selecting previously unselected package libx11-data.
build	10-Jan-2023 05:22:24	Preparing to unpack .../07-libx11-data_2%3a1.7.5-1_all.deb ...
build	10-Jan-2023 05:22:24	Unpacking libx11-data (2:1.7.5-1) ...
build	10-Jan-2023 05:22:25	Selecting previously unselected package libx11-6:amd64.
build	10-Jan-2023 05:22:25	Preparing to unpack .../08-libx11-6_2%3a1.7.5-1_amd64.deb ...
build	10-Jan-2023 05:22:25	Unpacking libx11-6:amd64 (2:1.7.5-1) ...
build	10-Jan-2023 05:22:25	Selecting previously unselected package libxext6:amd64.
build	10-Jan-2023 05:22:25	Preparing to unpack .../09-libxext6_2%3a1.3.4-1build1_amd64.deb ...
build	10-Jan-2023 05:22:25	Unpacking libxext6:amd64 (2:1.3.4-1build1) ...
build	10-Jan-2023 05:22:25	Selecting previously unselected package libann0.
build	10-Jan-2023 05:22:25	Preparing to unpack .../10-libann0_1.1.2+doc-7build1_amd64.deb ...
build	10-Jan-2023 05:22:25	Unpacking libann0 (1.1.2+doc-7build1) ...
build	10-Jan-2023 05:22:25	Selecting previously unselected package libcdt5:amd64.
build	10-Jan-2023 05:22:25	Preparing to unpack .../11-libcdt5_2.42.2-6_amd64.deb ...
build	10-Jan-2023 05:22:25	Unpacking libcdt5:amd64 (2.42.2-6) ...
build	10-Jan-2023 05:22:25	Selecting previously unselected package libcgraph6:amd64.
build	10-Jan-2023 05:22:25	Preparing to unpack .../12-libcgraph6_2.42.2-6_amd64.deb ...
build	10-Jan-2023 05:22:25	Unpacking libcgraph6:amd64 (2.42.2-6) ...
build	10-Jan-2023 05:22:25	Selecting previously unselected package libjpeg-turbo8:amd64.
build	10-Jan-2023 05:22:25	Preparing to unpack .../13-libjpeg-turbo8_2.1.2-0ubuntu1_amd64.deb ...
build	10-Jan-2023 05:22:25	Unpacking libjpeg-turbo8:amd64 (2.1.2-0ubuntu1) ...
build	10-Jan-2023 05:22:25	Selecting previously unselected package libjpeg8:amd64.
build	10-Jan-2023 05:22:25	Preparing to unpack .../14-libjpeg8_8c-2ubuntu10_amd64.deb ...
build	10-Jan-2023 05:22:25	Unpacking libjpeg8:amd64 (8c-2ubuntu10) ...
build	10-Jan-2023 05:22:25	Selecting previously unselected package libdeflate0:amd64.
build	10-Jan-2023 05:22:25	Preparing to unpack .../15-libdeflate0_1.10-2_amd64.deb ...
build	10-Jan-2023 05:22:25	Unpacking libdeflate0:amd64 (1.10-2) ...
build	10-Jan-2023 05:22:25	Selecting previously unselected package libjbig0:amd64.
build	10-Jan-2023 05:22:25	Preparing to unpack .../16-libjbig0_2.1-3.1ubuntu0.22.04.1_amd64.deb ...
build	10-Jan-2023 05:22:25	Unpacking libjbig0:amd64 (2.1-3.1ubuntu0.22.04.1) ...
build	10-Jan-2023 05:22:25	Selecting previously unselected package libwebp7:amd64.
build	10-Jan-2023 05:22:25	Preparing to unpack .../17-libwebp7_1.2.2-2_amd64.deb ...
build	10-Jan-2023 05:22:25	Unpacking libwebp7:amd64 (1.2.2-2) ...
build	10-Jan-2023 05:22:25	Selecting previously unselected package libtiff5:amd64.
build	10-Jan-2023 05:22:25	Preparing to unpack .../18-libtiff5_4.3.0-6ubuntu0.3_amd64.deb ...
build	10-Jan-2023 05:22:25	Unpacking libtiff5:amd64 (4.3.0-6ubuntu0.3) ...
build	10-Jan-2023 05:22:25	Selecting previously unselected package libxpm4:amd64.
build	10-Jan-2023 05:22:25	Preparing to unpack .../19-libxpm4_1%3a3.5.12-1build2_amd64.deb ...
build	10-Jan-2023 05:22:25	Unpacking libxpm4:amd64 (1:3.5.12-1build2) ...
build	10-Jan-2023 05:22:25	Selecting previously unselected package libgd3:amd64.
build	10-Jan-2023 05:22:25	Preparing to unpack .../20-libgd3_2.3.0-2ubuntu2_amd64.deb ...
build	10-Jan-2023 05:22:25	Unpacking libgd3:amd64 (2.3.0-2ubuntu2) ...
build	10-Jan-2023 05:22:25	Selecting previously unselected package libgts-0.7-5:amd64.
build	10-Jan-2023 05:22:25	Preparing to unpack .../21-libgts-0.7-5_0.7.6+darcs121130-5_amd64.deb ...
build	10-Jan-2023 05:22:25	Unpacking libgts-0.7-5:amd64 (0.7.6+darcs121130-5) ...
build	10-Jan-2023 05:22:25	Selecting previously unselected package libpixman-1-0:amd64.
build	10-Jan-2023 05:22:25	Preparing to unpack .../22-libpixman-1-0_0.40.0-1ubuntu0.22.04.1_amd64.deb ...
build	10-Jan-2023 05:22:25	Unpacking libpixman-1-0:amd64 (0.40.0-1ubuntu0.22.04.1) ...
build	10-Jan-2023 05:22:25	Selecting previously unselected package libxcb-render0:amd64.
build	10-Jan-2023 05:22:25	Preparing to unpack .../23-libxcb-render0_1.14-3ubuntu3_amd64.deb ...
build	10-Jan-2023 05:22:25	Unpacking libxcb-render0:amd64 (1.14-3ubuntu3) ...
build	10-Jan-2023 05:22:25	Selecting previously unselected package libxcb-shm0:amd64.
build	10-Jan-2023 05:22:25	Preparing to unpack .../24-libxcb-shm0_1.14-3ubuntu3_amd64.deb ...
build	10-Jan-2023 05:22:25	Unpacking libxcb-shm0:amd64 (1.14-3ubuntu3) ...
build	10-Jan-2023 05:22:25	Selecting previously unselected package libxrender1:amd64.
build	10-Jan-2023 05:22:25	Preparing to unpack .../25-libxrender1_1%3a0.9.10-1build4_amd64.deb ...
build	10-Jan-2023 05:22:25	Unpacking libxrender1:amd64 (1:0.9.10-1build4) ...
build	10-Jan-2023 05:22:25	Selecting previously unselected package libcairo2:amd64.
build	10-Jan-2023 05:22:25	Preparing to unpack .../26-libcairo2_1.16.0-5ubuntu2_amd64.deb ...
build	10-Jan-2023 05:22:25	Unpacking libcairo2:amd64 (1.16.0-5ubuntu2) ...
build	10-Jan-2023 05:22:25	Selecting previously unselected package libltdl7:amd64.
build	10-Jan-2023 05:22:25	Preparing to unpack .../27-libltdl7_2.4.6-15build2_amd64.deb ...
build	10-Jan-2023 05:22:25	Unpacking libltdl7:amd64 (2.4.6-15build2) ...
build	10-Jan-2023 05:22:25	Selecting previously unselected package libgraphite2-3:amd64.
build	10-Jan-2023 05:22:25	Preparing to unpack .../28-libgraphite2-3_1.3.14-1build2_amd64.deb ...
build	10-Jan-2023 05:22:26	Unpacking libgraphite2-3:amd64 (1.3.14-1build2) ...
build	10-Jan-2023 05:22:26	Selecting previously unselected package libharfbuzz0b:amd64.
build	10-Jan-2023 05:22:26	Preparing to unpack .../29-libharfbuzz0b_2.7.4-1ubuntu3.1_amd64.deb ...
build	10-Jan-2023 05:22:26	Unpacking libharfbuzz0b:amd64 (2.7.4-1ubuntu3.1) ...
build	10-Jan-2023 05:22:26	Selecting previously unselected package libthai-data.
build	10-Jan-2023 05:22:26	Preparing to unpack .../30-libthai-data_0.1.29-1build1_all.deb ...
build	10-Jan-2023 05:22:26	Unpacking libthai-data (0.1.29-1build1) ...
build	10-Jan-2023 05:22:26	Selecting previously unselected package libdatrie1:amd64.
build	10-Jan-2023 05:22:26	Preparing to unpack .../31-libdatrie1_0.2.13-2_amd64.deb ...
build	10-Jan-2023 05:22:26	Unpacking libdatrie1:amd64 (0.2.13-2) ...
build	10-Jan-2023 05:22:26	Selecting previously unselected package libthai0:amd64.
build	10-Jan-2023 05:22:26	Preparing to unpack .../32-libthai0_0.1.29-1build1_amd64.deb ...
build	10-Jan-2023 05:22:26	Unpacking libthai0:amd64 (0.1.29-1build1) ...
build	10-Jan-2023 05:22:26	Selecting previously unselected package libpango-1.0-0:amd64.
build	10-Jan-2023 05:22:26	Preparing to unpack .../33-libpango-1.0-0_1.50.6+ds-2_amd64.deb ...
build	10-Jan-2023 05:22:26	Unpacking libpango-1.0-0:amd64 (1.50.6+ds-2) ...
build	10-Jan-2023 05:22:26	Selecting previously unselected package libpangoft2-1.0-0:amd64.
build	10-Jan-2023 05:22:26	Preparing to unpack .../34-libpangoft2-1.0-0_1.50.6+ds-2_amd64.deb ...
build	10-Jan-2023 05:22:26	Unpacking libpangoft2-1.0-0:amd64 (1.50.6+ds-2) ...
build	10-Jan-2023 05:22:26	Selecting previously unselected package libpangocairo-1.0-0:amd64.
build	10-Jan-2023 05:22:26	Preparing to unpack .../35-libpangocairo-1.0-0_1.50.6+ds-2_amd64.deb ...
build	10-Jan-2023 05:22:26	Unpacking libpangocairo-1.0-0:amd64 (1.50.6+ds-2) ...
build	10-Jan-2023 05:22:26	Selecting previously unselected package libpathplan4:amd64.
build	10-Jan-2023 05:22:26	Preparing to unpack .../36-libpathplan4_2.42.2-6_amd64.deb ...
build	10-Jan-2023 05:22:26	Unpacking libpathplan4:amd64 (2.42.2-6) ...
build	10-Jan-2023 05:22:26	Selecting previously unselected package libgvc6.
build	10-Jan-2023 05:22:26	Preparing to unpack .../37-libgvc6_2.42.2-6_amd64.deb ...
build	10-Jan-2023 05:22:26	Unpacking libgvc6 (2.42.2-6) ...
build	10-Jan-2023 05:22:26	Selecting previously unselected package libgvpr2:amd64.
build	10-Jan-2023 05:22:26	Preparing to unpack .../38-libgvpr2_2.42.2-6_amd64.deb ...
build	10-Jan-2023 05:22:26	Unpacking libgvpr2:amd64 (2.42.2-6) ...
build	10-Jan-2023 05:22:26	Selecting previously unselected package liblab-gamut1:amd64.
build	10-Jan-2023 05:22:26	Preparing to unpack .../39-liblab-gamut1_2.42.2-6_amd64.deb ...
build	10-Jan-2023 05:22:26	Unpacking liblab-gamut1:amd64 (2.42.2-6) ...
build	10-Jan-2023 05:22:26	Selecting previously unselected package x11-common.
build	10-Jan-2023 05:22:26	Preparing to unpack .../40-x11-common_1%3a7.7+23ubuntu2_all.deb ...
build	10-Jan-2023 05:22:26	Unpacking x11-common (1:7.7+23ubuntu2) ...
build	10-Jan-2023 05:22:26	Selecting previously unselected package libice6:amd64.
build	10-Jan-2023 05:22:26	Preparing to unpack .../41-libice6_2%3a1.0.10-1build2_amd64.deb ...
build	10-Jan-2023 05:22:26	Unpacking libice6:amd64 (2:1.0.10-1build2) ...
build	10-Jan-2023 05:22:26	Selecting previously unselected package libsm6:amd64.
build	10-Jan-2023 05:22:26	Preparing to unpack .../42-libsm6_2%3a1.2.3-1build2_amd64.deb ...
build	10-Jan-2023 05:22:26	Unpacking libsm6:amd64 (2:1.2.3-1build2) ...
build	10-Jan-2023 05:22:26	Selecting previously unselected package libxt6:amd64.
build	10-Jan-2023 05:22:26	Preparing to unpack .../43-libxt6_1%3a1.2.1-1_amd64.deb ...
build	10-Jan-2023 05:22:26	Unpacking libxt6:amd64 (1:1.2.1-1) ...
build	10-Jan-2023 05:22:26	Selecting previously unselected package libxmu6:amd64.
build	10-Jan-2023 05:22:26	Preparing to unpack .../44-libxmu6_2%3a1.1.3-3_amd64.deb ...
build	10-Jan-2023 05:22:26	Unpacking libxmu6:amd64 (2:1.1.3-3) ...
build	10-Jan-2023 05:22:26	Selecting previously unselected package libxaw7:amd64.
build	10-Jan-2023 05:22:26	Preparing to unpack .../45-libxaw7_2%3a1.0.14-1_amd64.deb ...
build	10-Jan-2023 05:22:26	Unpacking libxaw7:amd64 (2:1.0.14-1) ...
build	10-Jan-2023 05:22:26	Selecting previously unselected package graphviz.
build	10-Jan-2023 05:22:26	Preparing to unpack .../46-graphviz_2.42.2-6_amd64.deb ...
build	10-Jan-2023 05:22:26	Unpacking graphviz (2.42.2-6) ...
build	10-Jan-2023 05:22:26	Setting up libgraphite2-3:amd64 (1.3.14-1build2) ...
build	10-Jan-2023 05:22:26	Setting up libpixman-1-0:amd64 (0.40.0-1ubuntu0.22.04.1) ...
build	10-Jan-2023 05:22:26	Setting up libxau6:amd64 (1:1.0.9-1build5) ...
build	10-Jan-2023 05:22:27	Setting up libdatrie1:amd64 (0.2.13-2) ...
build	10-Jan-2023 05:22:27	Setting up libglib2.0-0:amd64 (2.72.4-0ubuntu1) ...
build	10-Jan-2023 05:22:27	No schema files found: doing nothing.
build	10-Jan-2023 05:22:27	Setting up liblab-gamut1:amd64 (2.42.2-6) ...
build	10-Jan-2023 05:22:27	Setting up x11-common (1:7.7+23ubuntu2) ...
build	10-Jan-2023 05:22:27	debconf: unable to initialize frontend: Dialog
build	10-Jan-2023 05:22:27	debconf: (TERM is not set, so the dialog frontend is not usable.)
build	10-Jan-2023 05:22:27	debconf: falling back to frontend: Readline
build	10-Jan-2023 05:22:27	debconf: unable to initialize frontend: Readline
build	10-Jan-2023 05:22:27	debconf: (Can't locate Term/ReadLine.pm in @INC (you may need to install the Term::ReadLine module) (@INC contains: /etc/perl /usr/local/lib/x86_64-linux-gnu/perl/5.34.0 /usr/local/share/perl/5.34.0 /usr/lib/x86_64-linux-gnu/perl5/5.34 /usr/share/perl5 /usr/lib/x86_64-linux-gnu/perl-base /usr/lib/x86_64-linux-gnu/perl/5.34 /usr/share/perl/5.34 /usr/local/lib/site_perl) at /usr/share/perl5/Debconf/FrontEnd/Readline.pm line 7.)
build	10-Jan-2023 05:22:27	debconf: falling back to frontend: Teletype
build	10-Jan-2023 05:22:27	invoke-rc.d: could not determine current runlevel
build	10-Jan-2023 05:22:27	invoke-rc.d: policy-rc.d denied execution of start.
build	10-Jan-2023 05:22:27	Setting up libdeflate0:amd64 (1.10-2) ...
build	10-Jan-2023 05:22:27	Setting up libjbig0:amd64 (2.1-3.1ubuntu0.22.04.1) ...
build	10-Jan-2023 05:22:27	Setting up libgts-0.7-5:amd64 (0.7.6+darcs121130-5) ...
build	10-Jan-2023 05:22:27	Setting up libx11-data (2:1.7.5-1) ...
build	10-Jan-2023 05:22:27	Setting up libpathplan4:amd64 (2.42.2-6) ...
build	10-Jan-2023 05:22:27	Setting up libann0 (1.1.2+doc-7build1) ...
build	10-Jan-2023 05:22:27	Setting up libfribidi0:amd64 (1.0.8-2ubuntu3.1) ...
build	10-Jan-2023 05:22:27	Setting up libjpeg-turbo8:amd64 (2.1.2-0ubuntu1) ...
build	10-Jan-2023 05:22:27	Setting up libltdl7:amd64 (2.4.6-15build2) ...
build	10-Jan-2023 05:22:27	Setting up libwebp7:amd64 (1.2.2-2) ...
build	10-Jan-2023 05:22:27	Setting up libmd0:amd64 (1.0.4-1build1) ...
build	10-Jan-2023 05:22:27	Setting up libharfbuzz0b:amd64 (2.7.4-1ubuntu3.1) ...
build	10-Jan-2023 05:22:27	Setting up libthai-data (0.1.29-1build1) ...
build	10-Jan-2023 05:22:27	Setting up libcdt5:amd64 (2.42.2-6) ...
build	10-Jan-2023 05:22:27	Setting up libcgraph6:amd64 (2.42.2-6) ...
build	10-Jan-2023 05:22:27	Setting up libbsd0:amd64 (0.11.5-1) ...
build	10-Jan-2023 05:22:27	Setting up libjpeg8:amd64 (8c-2ubuntu10) ...
build	10-Jan-2023 05:22:27	Setting up libice6:amd64 (2:1.0.10-1build2) ...
build	10-Jan-2023 05:22:28	Setting up libxdmcp6:amd64 (1:1.1.3-0ubuntu5) ...
build	10-Jan-2023 05:22:28	Setting up libxcb1:amd64 (1.14-3ubuntu3) ...
build	10-Jan-2023 05:22:28	Setting up libxcb-render0:amd64 (1.14-3ubuntu3) ...
build	10-Jan-2023 05:22:28	Setting up libxcb-shm0:amd64 (1.14-3ubuntu3) ...
build	10-Jan-2023 05:22:28	Setting up libthai0:amd64 (0.1.29-1build1) ...
build	10-Jan-2023 05:22:28	Setting up libgvpr2:amd64 (2.42.2-6) ...
build	10-Jan-2023 05:22:28	Setting up libx11-6:amd64 (2:1.7.5-1) ...
build	10-Jan-2023 05:22:28	Setting up libtiff5:amd64 (4.3.0-6ubuntu0.3) ...
build	10-Jan-2023 05:22:28	Setting up libsm6:amd64 (2:1.2.3-1build2) ...
build	10-Jan-2023 05:22:28	Setting up libxpm4:amd64 (1:3.5.12-1build2) ...
build	10-Jan-2023 05:22:28	Setting up libxrender1:amd64 (1:0.9.10-1build4) ...
build	10-Jan-2023 05:22:28	Setting up libpango-1.0-0:amd64 (1.50.6+ds-2) ...
build	10-Jan-2023 05:22:28	Setting up libxext6:amd64 (2:1.3.4-1build1) ...
build	10-Jan-2023 05:22:28	Setting up libcairo2:amd64 (1.16.0-5ubuntu2) ...
build	10-Jan-2023 05:22:28	Setting up libgd3:amd64 (2.3.0-2ubuntu2) ...
build	10-Jan-2023 05:22:28	Setting up libxt6:amd64 (1:1.2.1-1) ...
build	10-Jan-2023 05:22:28	Setting up libpangoft2-1.0-0:amd64 (1.50.6+ds-2) ...
build	10-Jan-2023 05:22:28	Setting up libpangocairo-1.0-0:amd64 (1.50.6+ds-2) ...
build	10-Jan-2023 05:22:28	Setting up libxmu6:amd64 (2:1.1.3-3) ...
build	10-Jan-2023 05:22:28	Setting up libxaw7:amd64 (2:1.0.14-1) ...
build	10-Jan-2023 05:22:28	Setting up libgvc6 (2.42.2-6) ...
build	10-Jan-2023 05:22:28	Setting up graphviz (2.42.2-6) ...
build	10-Jan-2023 05:22:28	Processing triggers for libc-bin (2.35-0ubuntu3.1) ...
build	10-Jan-2023 05:22:29	Removing intermediate container db6c1b4622ba
build	10-Jan-2023 05:22:29	 ---> 081965c841e8
build	10-Jan-2023 05:22:29	Step 5/23 : RUN echo "Fixing locales"   && sed -i -e 's/# en_US.UTF-8 UTF-8/en_US.UTF-8 UTF-8/' /etc/locale.gen   && locale-gen
build	10-Jan-2023 05:22:29	 ---> Running in 08b7de6f0a17
build	10-Jan-2023 05:22:29	Fixing locales
build	10-Jan-2023 05:22:29	Generating locales (this might take a while)...
build	10-Jan-2023 05:22:31	  en_US.UTF-8... done
build	10-Jan-2023 05:22:31	Generation complete.
build	10-Jan-2023 05:22:32	Removing intermediate container 08b7de6f0a17
build	10-Jan-2023 05:22:32	 ---> d12651036f56
build	10-Jan-2023 05:22:32	Step 6/23 : ENV LC_ALL en_US.UTF-8
build	10-Jan-2023 05:22:32	 ---> Running in c9f55e5d78d1
build	10-Jan-2023 05:22:32	Removing intermediate container c9f55e5d78d1
build	10-Jan-2023 05:22:32	 ---> 81761e8f1e66
build	10-Jan-2023 05:22:32	Step 7/23 : ENV LANG en_US.UTF-8
build	10-Jan-2023 05:22:32	 ---> Running in 64c808a10d7b
build	10-Jan-2023 05:22:32	Removing intermediate container 64c808a10d7b
build	10-Jan-2023 05:22:32	 ---> dd795c1c6d61
build	10-Jan-2023 05:22:32	Step 8/23 : ENV LANGUAGE en_US.UTF-8
build	10-Jan-2023 05:22:32	 ---> Running in 8524ce9b447c
build	10-Jan-2023 05:22:32	Removing intermediate container 8524ce9b447c
build	10-Jan-2023 05:22:32	 ---> a829dd3605f2
build	10-Jan-2023 05:22:32	Step 9/23 : ARG GOSU_VERSION=1.12
build	10-Jan-2023 05:22:32	 ---> Running in 1d6c64bd78d6
build	10-Jan-2023 05:22:32	Removing intermediate container 1d6c64bd78d6
build	10-Jan-2023 05:22:32	 ---> 4c2a34fbda47
build	10-Jan-2023 05:22:32	Step 10/23 : RUN echo "Installing gosu (needed for bootstrap.sh)"   && dpkgArch="$(dpkg --print-architecture | awk -F- '{ print $NF }')"   && wget -O /usr/local/bin/gosu "https://github.com/tianon/gosu/releases/download/$GOSU_VERSION/gosu-$dpkgArch"   && chmod +x /usr/local/bin/gosu   && gosu nobody true
build	10-Jan-2023 05:22:32	 ---> Running in f592af69ac65
build	10-Jan-2023 05:22:33	Installing gosu (needed for bootstrap.sh)
build	10-Jan-2023 05:22:33	[91m--2023-01-10 04:22:33--  https://github.com/tianon/gosu/releases/download/1.12/gosu-amd64
build	10-Jan-2023 05:22:33	[0m[91mResolving github.com (github.com)... [0m[91m140.82.121.3
build	10-Jan-2023 05:22:33	Connecting to github.com (github.com)|140.82.121.3|:443... [0m[91mconnected.
build	10-Jan-2023 05:22:33	[0m[91mHTTP request sent, awaiting response... [0m[91m302 Found
build	10-Jan-2023 05:22:33	Location: https://objects.githubusercontent.com/github-production-release-asset-2e65be/19708981/93269500-7f72-11ea-94c5-37b92917e2b5?X-Amz-Algorithm=AWS4-HMAC-SHA256&X-Amz-Credential=AKIAIWNJYAX4CSVEH53A%2F20230110%2Fus-east-1%2Fs3%2Faws4_request&X-Amz-Date=20230110T042233Z&X-Amz-Expires=300&X-Amz-Signature=bd309b4e4413fc105883df41731a2084e40d9d67c391bfbfb3db43321db108c1&X-Amz-SignedHeaders=host&actor_id=0&key_id=0&repo_id=19708981&response-content-disposition=attachment%3B%20filename%3Dgosu-amd64&response-content-type=application%2Foctet-stream [following]
build	10-Jan-2023 05:22:33	--2023-01-10 04:22:33--  https://objects.githubusercontent.com/github-production-release-asset-2e65be/19708981/93269500-7f72-11ea-94c5-37b92917e2b5?X-Amz-Algorithm=AWS4-HMAC-SHA256&X-Amz-Credential=AKIAIWNJYAX4CSVEH53A%2F20230110%2Fus-east-1%2Fs3%2Faws4_request&X-Amz-Date=20230110T042233Z&X-Amz-Expires=300&X-Amz-Signature=bd309b4e4413fc105883df41731a2084e40d9d67c391bfbfb3db43321db108c1&X-Amz-SignedHeaders=host&actor_id=0&key_id=0&repo_id=19708981&response-content-disposition=attachment%3B%20filename%3Dgosu-amd64&response-content-type=application%2Foctet-stream
build	10-Jan-2023 05:22:33	[0m[91mResolving objects.githubusercontent.com (objects.githubusercontent.com)... [0m[91m185.199.109.133, 185.199.111.133, 185.199.110.133, ...
build	10-Jan-2023 05:22:33	Connecting to objects.githubusercontent.com (objects.githubusercontent.com)|185.199.109.133|:443... [0m[91mconnected.
build	10-Jan-2023 05:22:33	[0m[91mHTTP request sent, awaiting response... [0m[91m200 OK
build	10-Jan-2023 05:22:33	Length: 2404352 (2.3M) [application/octet-stream]
build	10-Jan-2023 05:22:33	[0m[91mSaving to: â€˜/usr/local/bin/gosuâ€™
build	10-Jan-2023 05:22:33	
build	10-Jan-2023 05:22:33	     0K ........[0m[91m.. ...[0m[91m...[0m[91m.... ....[0m[91m...... ........[0m[91m.. ........[0m[91m..  2% 4.43M 1s
build	10-Jan-2023 05:22:33	    50K .......... .......... ..........[0m[91m .......... ......[0m[91m....  4% 8.28M 0s
build	10-Jan-2023 05:22:33	   100K .......... ..[0m[91m........ ........[0m[91m.. .......... ....[0m[91m......  6% 15.7M 0s
build	10-Jan-2023 05:22:33	   150K ..........[0m[91m .......... ......[0m[91m.... .......... ..[0m[91m........  8% 31.2M 0s
build	10-Jan-2023 05:22:33	   200K .......... .......... ....[0m[91m...... .......... .......... 10% 11.8M 0s
build	10-Jan-2023 05:22:33	   250K .......... .......... ..[0m[91m........ .......... .......... 12% 18.2M 0s
build	10-Jan-2023 05:22:33	   300K .......... ..........[0m[91m .......... .......... .......... 14% 73.8M 0s
build	10-Jan-2023 05:22:33	   350K ..[0m[91m........ .......... .......... ....[0m[91m...... .......... 17% 36.4M 0s[0m[91m
build	10-Jan-2023 05:22:33	   400K .......... ......[0m[91m.... .......... ..[0m[91m........ .......... 19% 57.6M 0s
build	10-Jan-2023 05:22:33	   450K .......... .......... ..........[0m[91m .......... ......[0m[91m.... 21% 16.9M 0s
build	10-Jan-2023 05:22:33	   500K .......... ..[0m[91m........[0m[91m ........[0m[91m.. .......... .......... 23%[0m[91m  113M 0s
build	10-Jan-2023 05:22:33	   550K ..[0m[91m........[0m[91m ........[0m[91m.. ......[0m[91m.... .......... ..[0m[91m........ 25% 18.3M 0s[0m[91m
build	10-Jan-2023 05:22:33	   600K ...[0m[91m.....[0m[91m.. ......[0m[91m.... .......... .......... .......... 27% 95.0M 0s
build	10-Jan-2023 05:22:33	   650K .......... .......... .......... ........[0m[91m.. .......... 29%  123M 0s
build	10-Jan-2023 05:22:33	   700K .......... .......... .......... .......... .......... 31%  132M 0s
build	10-Jan-2023 05:22:33	   750K ..[0m[91m........ .......... .......... .......... .......... 34% 87.8M 0s
build	10-Jan-2023 05:22:33	   800K .......... .......... .......... .......... .......... 36%  111M 0s
build	10-Jan-2023 05:22:33	   850K .......... ..........[0m[91m .......... ......[0m[91m.... ....[0m[91m...... 38%  117M 0s
build	10-Jan-2023 05:22:33	   900K .......... ........[0m[91m.. .......... ....[0m[91m...... .......... 40% 96.3M 0s[0m[91m
build	10-Jan-2023 05:22:33	   950K .......... ......[0m[91m.... .......... .......... ........[0m[91m.. 42% 99.6M 0s
build	10-Jan-2023 05:22:33	  1000K .......... ....[0m[91m...... .......... .......... .......... 44% 16.7M 0s
build	10-Jan-2023 05:22:33	  1050K .......... .......... .......... .......... .......... 46%  278M 0s
build	10-Jan-2023 05:22:33	  1100K .......... .......... .......... .....[0m[91m..... .......... 48% 29.4M 0s
build	10-Jan-2023 05:22:33	  1150K .......... .......... .......... .......... .......... 51%  125M 0s
build	10-Jan-2023 05:22:33	  1200K .......... .......... .......... .......... .......... 53%  242M 0s
build	10-Jan-2023 05:22:33	  1250K .......... .......... .......... .......... .......... 55%  123M 0s
build	10-Jan-2023 05:22:33	  1300K .......... .......... .......... .......... .......... 57%  202M 0s
build	10-Jan-2023 05:22:33	  1350K .......... .......... .......... .......... .......... 59%  162M 0s
build	10-Jan-2023 05:22:33	  1400K .......... .......... .......... .......... .......... 61%  150M 0s
build	10-Jan-2023 05:22:33	  1450K .......... .......... .......... .......... .......... 63%  202M 0s
build	10-Jan-2023 05:22:33	  1500K .......... .......... .......... .......... .......... 66%  179M 0s
build	10-Jan-2023 05:22:33	  1550K .......... .......... .......... .......... .......... 68%  180M 0s
build	10-Jan-2023 05:22:33	  1600K .......... .......... .......... .......... .......... 70%  130M 0s
build	10-Jan-2023 05:22:33	  1650K .......... .......... .......... .......... .......... 72%  150M 0s
build	10-Jan-2023 05:22:33	  1700K .......... .......... .......... .......... .......... 74%  169M 0s
build	10-Jan-2023 05:22:33	  1750K .......... .......... .......... .......... .......... 76%  181M 0s
build	10-Jan-2023 05:22:33	  1800K .......... .......... .......... .......... .......... 78%  164M 0s
build	10-Jan-2023 05:22:33	  1850K .......... .......... .......... .......... .......... 80%  230M 0s
build	10-Jan-2023 05:22:33	  1900K .......... .......... .......... .......... .[0m[91m........[0m[91m. 83%  136M 0s
build	10-Jan-2023 05:22:33	  1950K .......... .....[0m[91m..... .......... .[0m[91m......... .......[0m[91m... 85%  163M 0s
build	10-Jan-2023 05:22:33	  2000K .....[0m[91m..... ...[0m[91m....... .........[0m[91m. .......... .....[0m[91m..... 87% 25.4M 0s
build	10-Jan-2023 05:22:33	  2050K ...[0m[91m....... .[0m[91m......... .......[0m[91m... .....[0m[91m..... ...[0m[91m....... 89%  103M 0s
build	10-Jan-2023 05:22:33	  2100K .[0m[91m........[0m[91m. .......... .....[0m[91m..... ...[0m[91m....... .[0m[91m......... 91%  136M 0s
build	10-Jan-2023 05:22:33	  2150K .......... .....[0m[91m..... .......... .......... .......... 93%  166M 0s
build	10-Jan-2023 05:22:33	  2200K .....[0m[91m..... .......... .......... .......[0m[91m... .......... 95%  119M 0s
build	10-Jan-2023 05:22:33	  2250K .......... ..[0m[91m........ ........[0m[91m.. ......[0m[91m.... .......... 97%  119M 0s
build	10-Jan-2023 05:22:33	  2300K ..[0m[91m........[0m[91m ........[0m[91m.. ......[0m[91m.... ....[0m[91m...... ........  100%  158M=0.05s
build	10-Jan-2023 05:22:33	
build	10-Jan-2023 05:22:33	2023-01-10 04:22:33 (41.7 MB/s) - â€˜/usr/local/bin/gosuâ€™ saved [2404352/2404352]
build	10-Jan-2023 05:22:33	
build	10-Jan-2023 05:22:33	[0mRemoving intermediate container f592af69ac65
build	10-Jan-2023 05:22:33	 ---> 63c02cb2000d
build	10-Jan-2023 05:22:33	Step 11/23 : WORKDIR /defaults/artemis
build	10-Jan-2023 05:22:33	 ---> Running in 406d9a7698ef
build	10-Jan-2023 05:22:34	Removing intermediate container 406d9a7698ef
build	10-Jan-2023 05:22:34	 ---> b4116f101ed7
build	10-Jan-2023 05:22:34	Step 12/23 : COPY src/main/resources/config/application*.yml ./
build	10-Jan-2023 05:22:34	 ---> cdc8b4562ea7
build	10-Jan-2023 05:22:34	Step 13/23 : WORKDIR /opt/artemis
build	10-Jan-2023 05:22:34	 ---> Running in bfe5f265afd6
build	10-Jan-2023 05:22:34	Removing intermediate container bfe5f265afd6
build	10-Jan-2023 05:22:34	 ---> 472e07435ca7
build	10-Jan-2023 05:22:34	Step 14/23 : ARG WAR_PATH=build/libs
build	10-Jan-2023 05:22:34	 ---> Running in 1e304c86c7a3
build	10-Jan-2023 05:22:34	Removing intermediate container 1e304c86c7a3
build	10-Jan-2023 05:22:34	 ---> ce873e491270
build	10-Jan-2023 05:22:34	Step 15/23 : COPY $WAR_PATH/*.war Artemis.war
build	10-Jan-2023 05:22:38	 ---> bb909e9244d5
build	10-Jan-2023 05:22:38	Step 16/23 : COPY bootstrap.sh /bootstrap.sh
build	10-Jan-2023 05:22:38	 ---> a7554a395804
build	10-Jan-2023 05:22:38	Step 17/23 : RUN chmod +x /bootstrap.sh   && useradd -ms /bin/bash artemis
build	10-Jan-2023 05:22:38	 ---> Running in d29807ce1a90
build	10-Jan-2023 05:22:39	Removing intermediate container d29807ce1a90
build	10-Jan-2023 05:22:39	 ---> 92d66dd9e6f6
build	10-Jan-2023 05:22:39	Step 18/23 : RUN mkdir -p /opt/artemis/config /opt/artemis/data /opt/artemis/public/content
build	10-Jan-2023 05:22:39	 ---> Running in b822169ad737
build	10-Jan-2023 05:22:40	Removing intermediate container b822169ad737
build	10-Jan-2023 05:22:40	 ---> 876eb015ad27
build	10-Jan-2023 05:22:40	Step 19/23 : VOLUME ["/opt/artemis/config"]
build	10-Jan-2023 05:22:40	 ---> Running in 257a776431de
build	10-Jan-2023 05:22:40	Removing intermediate container 257a776431de
build	10-Jan-2023 05:22:40	 ---> eb50b8c23442
build	10-Jan-2023 05:22:40	Step 20/23 : VOLUME ["/opt/artemis/data"]
build	10-Jan-2023 05:22:40	 ---> Running in 6ea3d089de51
build	10-Jan-2023 05:22:40	Removing intermediate container 6ea3d089de51
build	10-Jan-2023 05:22:40	 ---> 0dd62bf80e1c
build	10-Jan-2023 05:22:40	Step 21/23 : VOLUME ["/opt/artemis/public/content"]
build	10-Jan-2023 05:22:41	 ---> Running in 8ef35f275105
build	10-Jan-2023 05:22:43	Removing intermediate container 8ef35f275105
build	10-Jan-2023 05:22:43	 ---> 24a274712471
build	10-Jan-2023 05:22:43	Step 22/23 : EXPOSE 8080
build	10-Jan-2023 05:22:43	 ---> Running in ed5a42d3d623
build	10-Jan-2023 05:22:43	Removing intermediate container ed5a42d3d623
build	10-Jan-2023 05:22:43	 ---> b13c85580d55
build	10-Jan-2023 05:22:43	Step 23/23 : ENTRYPOINT ["/bin/bash", "/bootstrap.sh"]
build	10-Jan-2023 05:22:43	 ---> Running in 097a6dc9807a
build	10-Jan-2023 05:22:43	Removing intermediate container 097a6dc9807a
build	10-Jan-2023 05:22:43	 ---> 5900f528e4b3
build	10-Jan-2023 05:22:43	
build	10-Jan-2023 05:22:44	Successfully built 5900f528e4b3
build	10-Jan-2023 05:22:44	Successfully tagged cypress_artemis-app:latest
error	10-Jan-2023 05:22:44	using --exit-code-from implies --abort-on-container-exit
error	10-Jan-2023 05:22:45	Starting cypress_artemis-mysql_1 ... 
error	10-Jan-2023 05:22:45	[1A[2K
error	10-Jan-2023 05:22:45	Starting cypress_artemis-mysql_1 ... [32mdone[0m
error	10-Jan-2023 05:22:50	[1BRecreating cypress_artemis-app_1 ... 
error	10-Jan-2023 05:22:51	[1A[2K
error	10-Jan-2023 05:22:51	Recreating cypress_artemis-app_1 ... [32mdone[0m
error	10-Jan-2023 05:22:51	[1BRecreating cypress_artemis-cypress_1 ... 
error	10-Jan-2023 05:22:52	[1A[2K
error	10-Jan-2023 05:22:52	Recreating cypress_artemis-cypress_1 ... [32mdone[0m
build	10-Jan-2023 05:22:52	Attaching to cypress_artemis-mysql_1, cypress_artemis-app_1, cypress_artemis-cypress_1
build	10-Jan-2023 05:22:52	[36martemis-app_1      |[0m Config is not empty .. not copying default configs ..
build	10-Jan-2023 05:22:52	[36martemis-app_1      |[0m Starting application...
build	10-Jan-2023 05:22:52	[36martemis-app_1      |[0m Picked up _JAVA_OPTIONS: -Xmx5120m -Xms2560m
build	10-Jan-2023 05:22:52	[32martemis-mysql_1    |[0m 2023-01-10 04:22:45+00:00 [Note] [Entrypoint]: Entrypoint script for MySQL Server 8.0.31-1.el8 started.
build	10-Jan-2023 05:22:52	[32martemis-mysql_1    |[0m 2023-01-10 04:22:45+00:00 [Note] [Entrypoint]: Switching to dedicated user 'mysql'
build	10-Jan-2023 05:22:52	[32martemis-mysql_1    |[0m 2023-01-10 04:22:45+00:00 [Note] [Entrypoint]: Entrypoint script for MySQL Server 8.0.31-1.el8 started.
build	10-Jan-2023 05:22:52	[32martemis-mysql_1    |[0m '/var/lib/mysql/mysql.sock' -> '/var/run/mysqld/mysqld.sock'
build	10-Jan-2023 05:22:52	[32martemis-mysql_1    |[0m 2023-01-10T04:22:46.546585Z 0 [Warning] [MY-011068] [Server] The syntax '--skip-host-cache' is deprecated and will be removed in a future release. Please use SET GLOBAL host_cache_size=0 instead.
build	10-Jan-2023 05:22:52	[32martemis-mysql_1    |[0m 2023-01-10T04:22:46.546622Z 0 [Warning] [MY-011068] [Server] The syntax '--ssl=off' is deprecated and will be removed in a future release. Please use --tls-version='' instead.
build	10-Jan-2023 05:22:52	[32martemis-mysql_1    |[0m 2023-01-10T04:22:46.549108Z 0 [System] [MY-010116] [Server] /usr/sbin/mysqld (mysqld 8.0.31) starting as process 1
build	10-Jan-2023 05:22:52	[32martemis-mysql_1    |[0m 2023-01-10T04:22:46.559709Z 1 [System] [MY-013576] [InnoDB] InnoDB initialization has started.
build	10-Jan-2023 05:22:52	[32martemis-mysql_1    |[0m 2023-01-10T04:22:49.381692Z 1 [System] [MY-013577] [InnoDB] InnoDB initialization has ended.
build	10-Jan-2023 05:22:52	[32martemis-mysql_1    |[0m 2023-01-10T04:22:49.863074Z 0 [Warning] [MY-011810] [Server] Insecure configuration for --pid-file: Location '/var/run/mysqld' in the path is accessible to all OS users. Consider choosing a different directory.
build	10-Jan-2023 05:22:52	[32martemis-mysql_1    |[0m 2023-01-10T04:22:49.905803Z 0 [Warning] [MY-011302] [Server] Plugin mysqlx reported: 'Failed at SSL configuration: "SSL context is not usable without certificate and private key"'
build	10-Jan-2023 05:22:52	[32martemis-mysql_1    |[0m 2023-01-10T04:22:49.906081Z 0 [System] [MY-011323] [Server] X Plugin ready for connections. Bind-address: '::' port: 33060, socket: /var/run/mysqld/mysqlx.sock
build	10-Jan-2023 05:22:52	[32martemis-mysql_1    |[0m 2023-01-10T04:22:49.906255Z 0 [System] [MY-010931] [Server] /usr/sbin/mysqld: ready for connections. Version: '8.0.31'  socket: '/var/run/mysqld/mysqld.sock'  port: 3306  MySQL Community Server - GPL.
build	10-Jan-2023 05:22:53	[33martemis-cypress_1  |[0m npm WARN EBADENGINE Unsupported engine {
build	10-Jan-2023 05:22:53	[33martemis-cypress_1  |[0m npm WARN EBADENGINE   package: '@heddendorp/coverage-git-compare@1.5.0',
build	10-Jan-2023 05:22:53	[33martemis-cypress_1  |[0m npm WARN EBADENGINE   required: { node: '^18.12.1' },
build	10-Jan-2023 05:22:53	[33martemis-cypress_1  |[0m npm WARN EBADENGINE   current: { node: 'v18.12.0', npm: '8.19.2' }
build	10-Jan-2023 05:22:53	[33martemis-cypress_1  |[0m npm WARN EBADENGINE }
build	10-Jan-2023 05:22:54	[36martemis-app_1      |[0m 
build	10-Jan-2023 05:22:54	[36martemis-app_1      |[0m   [31m â–ˆâ–ˆâ–ˆâ–ˆâ–ˆâ•— â–ˆâ–ˆâ–ˆâ–ˆâ–ˆâ–ˆâ•— [34mâ–ˆâ–ˆâ–ˆâ–ˆâ–ˆâ–ˆâ–ˆâ–ˆâ•—â–ˆâ–ˆâ–ˆâ–ˆâ–ˆâ–ˆâ–ˆâ•—â–ˆâ–ˆâ–ˆâ•—   â–ˆâ–ˆâ–ˆâ•—[31mâ–ˆâ–ˆâ•—â–ˆâ–ˆâ–ˆâ–ˆâ–ˆâ–ˆâ–ˆâ•—
build	10-Jan-2023 05:22:54	[36martemis-app_1      |[0m   [31mâ–ˆâ–ˆâ•”â•â•â–ˆâ–ˆâ•—â–ˆâ–ˆâ•”â•â•â–ˆâ–ˆâ•—[34mâ•šâ•â•â–ˆâ–ˆâ•”â•â•â•â–ˆâ–ˆâ•”â•â•â•â•â•â–ˆâ–ˆâ–ˆâ–ˆâ•— â–ˆâ–ˆâ–ˆâ–ˆâ•‘[31mâ–ˆâ–ˆâ•‘â–ˆâ–ˆâ•”â•â•â•â•â•
build	10-Jan-2023 05:22:54	[36martemis-app_1      |[0m   [31mâ–ˆâ–ˆâ–ˆâ–ˆâ–ˆâ–ˆâ–ˆâ•‘â–ˆâ–ˆâ–ˆâ–ˆâ–ˆâ–ˆâ•”â•[34m   â–ˆâ–ˆâ•‘   â–ˆâ–ˆâ–ˆâ–ˆâ–ˆâ•—  â–ˆâ–ˆâ•”â–ˆâ–ˆâ–ˆâ–ˆâ•”â–ˆâ–ˆâ•‘[31mâ–ˆâ–ˆâ•‘â–ˆâ–ˆâ–ˆâ–ˆâ–ˆâ–ˆâ–ˆâ•—
build	10-Jan-2023 05:22:54	[36martemis-app_1      |[0m   [31mâ–ˆâ–ˆâ•”â•â•â–ˆâ–ˆâ•‘â–ˆâ–ˆâ•”â•â•â–ˆâ–ˆâ•—[34m   â–ˆâ–ˆâ•‘   â–ˆâ–ˆâ•”â•â•â•  â–ˆâ–ˆâ•‘â•šâ–ˆâ–ˆâ•”â•â–ˆâ–ˆâ•‘[31mâ–ˆâ–ˆâ•‘â•šâ•â•â•â•â–ˆâ–ˆâ•‘
build	10-Jan-2023 05:22:54	[36martemis-app_1      |[0m   [31mâ–ˆâ–ˆâ•‘  â–ˆâ–ˆâ•‘â–ˆâ–ˆâ•‘  â–ˆâ–ˆâ•‘[34m   â–ˆâ–ˆâ•‘   â–ˆâ–ˆâ–ˆâ–ˆâ–ˆâ–ˆâ–ˆâ•—â–ˆâ–ˆâ•‘ â•šâ•â• â–ˆâ–ˆâ•‘[31mâ–ˆâ–ˆâ•‘â–ˆâ–ˆâ–ˆâ–ˆâ–ˆâ–ˆâ–ˆâ•‘
build	10-Jan-2023 05:22:54	[36martemis-app_1      |[0m   [31mâ•šâ•â•  â•šâ•â•â•šâ•â•  â•šâ•â•[34m   â•šâ•â•   â•šâ•â•â•â•â•â•â•â•šâ•â•     â•šâ•â•[31mâ•šâ•â•â•šâ•â•â•â•â•â•â•
build	10-Jan-2023 05:22:54	[36martemis-app_1      |[0m 
build	10-Jan-2023 05:22:54	[36martemis-app_1      |[0m [30m:: Interactive Learning with Individual Feedback ::
build	10-Jan-2023 05:22:54	[36martemis-app_1      |[0m 
build	10-Jan-2023 05:22:54	[36martemis-app_1      |[0m [30m:: Powered by Spring Boot 2.7.6 ::
build	10-Jan-2023 05:22:54	[36martemis-app_1      |[0m 
build	10-Jan-2023 05:22:54	[36martemis-app_1      |[0m [2m2023-01-10 04:22:54.937[0;39m [32m INFO[0;39m [35m1[0;39m [2m---[0;39m [2m[           main][0;39m [36mde.tum.in.www1.artemis.ArtemisApp       [0;39m [2m:[0;39m Starting ArtemisApp v6.0.0 using Java 17.0.5 on ad1c6a6c3b55 with PID 1 (/opt/artemis/Artemis.war started by artemis in /opt/artemis)
build	10-Jan-2023 05:22:54	[36martemis-app_1      |[0m [2m2023-01-10 04:22:54.959[0;39m [32m INFO[0;39m [35m1[0;39m [2m---[0;39m [2m[           main][0;39m [36mde.tum.in.www1.artemis.ArtemisApp       [0;39m [2m:[0;39m The following 6 profiles are active: "prod", "bamboo", "bitbucket", "jira", "artemis", "cypress"
build	10-Jan-2023 05:23:00	[33martemis-cypress_1  |[0m npm WARN deprecated mkdirp@0.5.1: Legacy versions of mkdirp are no longer supported. Please update to mkdirp 1.x. (Note that the API surface has changed to use Promises in 1.x.)
build	10-Jan-2023 05:23:10	[36martemis-app_1      |[0m [2m2023-01-10 04:23:10.879[0;39m [32m INFO[0;39m [35m1[0;39m [2m---[0;39m [2m[           main][0;39m [36md.t.i.www1.artemis.config.WebConfigurer [0;39m [2m:[0;39m Web application configuration, using profiles: prod
build	10-Jan-2023 05:23:10	[36martemis-app_1      |[0m [2m2023-01-10 04:23:10.885[0;39m [32m INFO[0;39m [35m1[0;39m [2m---[0;39m [2m[           main][0;39m [36md.t.i.www1.artemis.config.WebConfigurer [0;39m [2m:[0;39m Web application fully configured
build	10-Jan-2023 05:23:11	[36martemis-app_1      |[0m [2m2023-01-10 04:23:11.491[0;39m [32m INFO[0;39m [35m1[0;39m [2m---[0;39m [2m[           main][0;39m [36md.t.i.w.a.config.LiquibaseConfiguration [0;39m [2m:[0;39m The previous version was 6.0.0
build	10-Jan-2023 05:23:11	[36martemis-app_1      |[0m [2m2023-01-10 04:23:11.557[0;39m [32m INFO[0;39m [35m1[0;39m [2m---[0;39m [2m[           main][0;39m [36md.t.i.w.a.config.LiquibaseConfiguration [0;39m [2m:[0;39m Liquibase is enabled
build	10-Jan-2023 05:23:12	[36martemis-app_1      |[0m [2m2023-01-10 04:23:12.181[0;39m [32m INFO[0;39m [35m1[0;39m [2m---[0;39m [2m[           main][0;39m [36mliquibase.lockservice                   [0;39m [2m:[0;39m Successfully acquired change log lock
build	10-Jan-2023 05:23:13	[36martemis-app_1      |[0m [2m2023-01-10 04:23:13.527[0;39m [32m INFO[0;39m [35m1[0;39m [2m---[0;39m [2m[           main][0;39m [36mliquibase.changelog                     [0;39m [2m:[0;39m Reading from Artemis.DATABASECHANGELOG
build	10-Jan-2023 05:23:14	[36martemis-app_1      |[0m [2m2023-01-10 04:23:14.309[0;39m [32m INFO[0;39m [35m1[0;39m [2m---[0;39m [2m[           main][0;39m [36mliquibase.lockservice                   [0;39m [2m:[0;39m Successfully released change log lock
build	10-Jan-2023 05:23:14	[36martemis-app_1      |[0m [2m2023-01-10 04:23:14.317[0;39m [33m WARN[0;39m [35m1[0;39m [2m---[0;39m [2m[           main][0;39m [36mConfigServletWebServerApplicationContext[0;39m [2m:[0;39m Exception encountered during context initialization - cancelling refresh attempt: org.springframework.beans.factory.BeanCreationException: Error creating bean with name 'liquibase' defined in class path resource [de/tum/in/www1/artemis/config/LiquibaseConfiguration.class]: Invocation of init method failed; nested exception is liquibase.exception.ValidationFailedException: Validation Failed:
build	10-Jan-2023 05:23:14	[36martemis-app_1      |[0m      1 changesets check sum
build	10-Jan-2023 05:23:14	[36martemis-app_1      |[0m           config/liquibase/changelog/00000000000000_initial_schema.xml::00000000000001::krusche was: 8:7884709e0b740114526b209c0f2ca6d2 but is now: 8:c84263290f6f028dfebcf4cb52624394
build	10-Jan-2023 05:23:14	[36martemis-app_1      |[0m 
build	10-Jan-2023 05:23:14	[36martemis-app_1      |[0m [2m2023-01-10 04:23:14.523[0;39m [31mERROR[0;39m [35m1[0;39m [2m---[0;39m [2m[           main][0;39m [36mo.s.boot.SpringApplication              [0;39m [2m:[0;39m Application run failed
build	10-Jan-2023 05:23:14	[36martemis-app_1      |[0m 
build	10-Jan-2023 05:23:14	[36martemis-app_1      |[0m org.springframework.beans.factory.BeanCreationException: Error creating bean with name 'liquibase' defined in class path resource [de/tum/in/www1/artemis/config/LiquibaseConfiguration.class]: Invocation of init method failed; nested exception is liquibase.exception.ValidationFailedException: Validation Failed:
build	10-Jan-2023 05:23:14	[36martemis-app_1      |[0m      1 changesets check sum
build	10-Jan-2023 05:23:14	[36martemis-app_1      |[0m           config/liquibase/changelog/00000000000000_initial_schema.xml::00000000000001::krusche was: 8:7884709e0b740114526b209c0f2ca6d2 but is now: 8:c84263290f6f028dfebcf4cb52624394
build	10-Jan-2023 05:23:14	[36martemis-app_1      |[0m 
build	10-Jan-2023 05:23:14	[36martemis-app_1      |[0m 	at org.springframework.beans.factory.support.AbstractAutowireCapableBeanFactory.initializeBean(AbstractAutowireCapableBeanFactory.java:1804)
build	10-Jan-2023 05:23:14	[36martemis-app_1      |[0m 	at org.springframework.beans.factory.support.AbstractAutowireCapableBeanFactory.doCreateBean(AbstractAutowireCapableBeanFactory.java:620)
build	10-Jan-2023 05:23:14	[36martemis-app_1      |[0m 	at org.springframework.beans.factory.support.AbstractAutowireCapableBeanFactory.createBean(AbstractAutowireCapableBeanFactory.java:542)
build	10-Jan-2023 05:23:14	[36martemis-app_1      |[0m 	at org.springframework.beans.factory.support.AbstractBeanFactory.lambda$doGetBean$0(AbstractBeanFactory.java:335)
build	10-Jan-2023 05:23:14	[36martemis-app_1      |[0m 	at org.springframework.beans.factory.support.DefaultSingletonBeanRegistry.getSingleton(DefaultSingletonBeanRegistry.java:234)
build	10-Jan-2023 05:23:14	[36martemis-app_1      |[0m 	at org.springframework.beans.factory.support.AbstractBeanFactory.doGetBean(AbstractBeanFactory.java:333)
build	10-Jan-2023 05:23:14	[36martemis-app_1      |[0m 	at org.springframework.beans.factory.support.AbstractBeanFactory.getBean(AbstractBeanFactory.java:208)
build	10-Jan-2023 05:23:14	[36martemis-app_1      |[0m 	at org.springframework.beans.factory.support.AbstractBeanFactory.doGetBean(AbstractBeanFactory.java:322)
build	10-Jan-2023 05:23:14	[36martemis-app_1      |[0m 	at org.springframework.beans.factory.support.AbstractBeanFactory.getBean(AbstractBeanFactory.java:208)
build	10-Jan-2023 05:23:14	[36martemis-app_1      |[0m 	at org.springframework.context.support.AbstractApplicationContext.getBean(AbstractApplicationContext.java:1154)
build	10-Jan-2023 05:23:14	[36martemis-app_1      |[0m 	at org.springframework.context.support.AbstractApplicationContext.finishBeanFactoryInitialization(AbstractApplicationContext.java:908)
build	10-Jan-2023 05:23:14	[36martemis-app_1      |[0m 	at org.springframework.context.support.AbstractApplicationContext.refresh(AbstractApplicationContext.java:583)
build	10-Jan-2023 05:23:14	[36martemis-app_1      |[0m 	at org.springframework.boot.web.servlet.context.ServletWebServerApplicationContext.refresh(ServletWebServerApplicationContext.java:147)
build	10-Jan-2023 05:23:14	[36martemis-app_1      |[0m 	at org.springframework.boot.SpringApplication.refresh(SpringApplication.java:731)
build	10-Jan-2023 05:23:14	[36martemis-app_1      |[0m 	at org.springframework.boot.SpringApplication.refreshContext(SpringApplication.java:408)
build	10-Jan-2023 05:23:14	[36martemis-app_1      |[0m 	at org.springframework.boot.SpringApplication.run(SpringApplication.java:307)
build	10-Jan-2023 05:23:14	[36martemis-app_1      |[0m 	at de.tum.in.www1.artemis.ArtemisApp.main(ArtemisApp.java:63)
build	10-Jan-2023 05:23:14	[36martemis-app_1      |[0m 	at java.base/jdk.internal.reflect.NativeMethodAccessorImpl.invoke0(Native Method)
build	10-Jan-2023 05:23:14	[36martemis-app_1      |[0m 	at java.base/jdk.internal.reflect.NativeMethodAccessorImpl.invoke(NativeMethodAccessorImpl.java:77)
build	10-Jan-2023 05:23:14	[36martemis-app_1      |[0m 	at java.base/jdk.internal.reflect.DelegatingMethodAccessorImpl.invoke(DelegatingMethodAccessorImpl.java:43)
build	10-Jan-2023 05:23:14	[36martemis-app_1      |[0m 	at java.base/java.lang.reflect.Method.invoke(Method.java:568)
build	10-Jan-2023 05:23:14	[36martemis-app_1      |[0m 	at org.springframework.boot.loader.MainMethodRunner.run(MainMethodRunner.java:49)
build	10-Jan-2023 05:23:14	[36martemis-app_1      |[0m 	at org.springframework.boot.loader.Launcher.launch(Launcher.java:108)
build	10-Jan-2023 05:23:14	[36martemis-app_1      |[0m 	at org.springframework.boot.loader.Launcher.launch(Launcher.java:58)
build	10-Jan-2023 05:23:14	[36martemis-app_1      |[0m 	at org.springframework.boot.loader.WarLauncher.main(WarLauncher.java:59)
build	10-Jan-2023 05:23:14	[36martemis-app_1      |[0m Caused by: liquibase.exception.ValidationFailedException: Validation Failed:
build	10-Jan-2023 05:23:14	[36martemis-app_1      |[0m      1 changesets check sum
build	10-Jan-2023 05:23:14	[36martemis-app_1      |[0m           config/liquibase/changelog/00000000000000_initial_schema.xml::00000000000001::krusche was: 8:7884709e0b740114526b209c0f2ca6d2 but is now: 8:c84263290f6f028dfebcf4cb52624394
build	10-Jan-2023 05:23:14	[36martemis-app_1      |[0m 
build	10-Jan-2023 05:23:14	[36martemis-app_1      |[0m 	at liquibase.changelog.DatabaseChangeLog.validate(DatabaseChangeLog.java:345)
build	10-Jan-2023 05:23:14	[36martemis-app_1      |[0m 	at liquibase.Liquibase.lambda$update$1(Liquibase.java:255)
build	10-Jan-2023 05:23:14	[36martemis-app_1      |[0m 	at liquibase.Scope.lambda$child$0(Scope.java:180)
build	10-Jan-2023 05:23:14	[36martemis-app_1      |[0m 	at liquibase.Scope.child(Scope.java:189)
build	10-Jan-2023 05:23:14	[36martemis-app_1      |[0m 	at liquibase.Scope.child(Scope.java:179)
build	10-Jan-2023 05:23:14	[36martemis-app_1      |[0m 	at liquibase.Scope.child(Scope.java:158)
build	10-Jan-2023 05:23:14	[36martemis-app_1      |[0m 	at liquibase.Liquibase.runInScope(Liquibase.java:2445)
build	10-Jan-2023 05:23:14	[36martemis-app_1      |[0m 	at liquibase.Liquibase.update(Liquibase.java:235)
build	10-Jan-2023 05:23:14	[36martemis-app_1      |[0m 	at liquibase.Liquibase.update(Liquibase.java:220)
build	10-Jan-2023 05:23:14	[36martemis-app_1      |[0m 	at liquibase.integration.spring.SpringLiquibase.performUpdate(SpringLiquibase.java:328)
build	10-Jan-2023 05:23:14	[36martemis-app_1      |[0m 	at liquibase.integration.spring.SpringLiquibase.afterPropertiesSet(SpringLiquibase.java:283)
build	10-Jan-2023 05:23:14	[36martemis-app_1      |[0m 	at org.springframework.beans.factory.support.AbstractAutowireCapableBeanFactory.invokeInitMethods(AbstractAutowireCapableBeanFactory.java:1863)
build	10-Jan-2023 05:23:14	[36martemis-app_1      |[0m 	at org.springframework.beans.factory.support.AbstractAutowireCapableBeanFactory.initializeBean(AbstractAutowireCapableBeanFactory.java:1800)
build	10-Jan-2023 05:23:14	[36martemis-app_1      |[0m 	... 24 common frames omitted
build	10-Jan-2023 05:23:14	[36martemis-app_1      |[0m 
build	10-Jan-2023 05:23:16	[36mcypress_artemis-app_1 exited with code 1
error	10-Jan-2023 05:23:16	[1BStopping cypress_artemis-cypress_1   ... 
error	10-Jan-2023 05:23:16	Stopping cypress_artemis-mysql_1     ... 
error	10-Jan-2023 05:23:27	[2A[2K
error	10-Jan-2023 05:23:27	Stopping cypress_artemis-cypress_1   ... [32mdone[0m
error	10-Jan-2023 05:23:28	[2B[1A[2K
error	10-Jan-2023 05:23:28	Stopping cypress_artemis-mysql_1     ... [32mdone[0m
build	10-Jan-2023 05:23:28	[0mAborting on container exit...
error	10-Jan-2023 05:23:28	[1B
build	10-Jan-2023 05:23:28	Cypress container exit code: 137
build	10-Jan-2023 05:23:28	Not creating success file because the tests failed
simple	10-Jan-2023 05:23:28	Finished task 'Deploy Artemis and run Cypress tests' with result: Success
simple	10-Jan-2023 05:23:28	Starting task 'Parse test results' of type 'com.atlassian.bamboo.plugins.testresultparser:task.testresultparser.junit'
simple	10-Jan-2023 05:23:28	Parsing test results under /opt/bambooagent/bamboo-agent-home/xml-data/build-dir/ARTEMIS-AETG1222-DA...
simple	10-Jan-2023 05:23:28	Failing task since test cases were expected but none were found.
simple	10-Jan-2023 05:23:28	Finished task 'Parse test results' with result: Failed
simple	10-Jan-2023 05:23:28	Starting task 'Make sure all docker containers are cleaned up' of type 'com.atlassian.bamboo.plugins.scripttask:task.builder.script'
command	10-Jan-2023 05:23:28	Beginning to execute external process for build 'Artemis - Artemis E2E Tests (Cypress in Docker) - test-build-792 - Cypress E2E Tests on Bamboo #5 (ARTEMIS-AETG1222-DA-5)'\n ... running command line: \n/opt/bambooagent/bamboo-agent-home/temp/ARTEMIS-AETG1222-DA-5-ScriptBuildTask-3150657927335578412.sh\n ... in: /opt/bambooagent/bamboo-agent-home/xml-data/build-dir/ARTEMIS-AETG1222-DA\n
error	10-Jan-2023 05:23:30	Removing cypress_artemis-cypress_1 ... 
error	10-Jan-2023 05:23:30	Removing cypress_artemis-app_1     ... 
error	10-Jan-2023 05:23:30	Removing cypress_artemis-mysql_1   ... 
error	10-Jan-2023 05:23:30	[2A[2K
error	10-Jan-2023 05:23:30	Removing cypress_artemis-app_1     ... [32mdone[0m
error	10-Jan-2023 05:23:30	[2B[1A[2K
error	10-Jan-2023 05:23:30	Removing cypress_artemis-mysql_1   ... [32mdone[0m
error	10-Jan-2023 05:23:30	[1B[3A[2K
error	10-Jan-2023 05:23:30	Removing cypress_artemis-cypress_1 ... [32mdone[0m
build	10-Jan-2023 05:23:30	Going to remove cypress_artemis-cypress_1, cypress_artemis-app_1, cypress_artemis-mysql_1
error	10-Jan-2023 05:23:30	[3B
simple	10-Jan-2023 05:23:30	Finished task 'Make sure all docker containers are cleaned up' with result: Success
command	10-Jan-2023 05:23:30	Substituting password variable: ${bamboo.GitHubSecret}
command	10-Jan-2023 05:23:30	Substituting variable: ${bamboo.shortJobName} with Cypress E2E Tests on Bamboo
command	10-Jan-2023 05:23:30	Substituting variable: ${bamboo.buildResultsUrl} with https://bamboo.ase.in.tum.de/browse/ARTEMIS-AETG1222-DA-5
command	10-Jan-2023 05:23:30	Substituting variable: ${bamboo.repository.revision.number} with 3925a89c1e404a82a1b9895e3ac2eb76ba362d75
command	10-Jan-2023 05:23:30	Substituting password variable: ${bamboo.GitHubSecret}
command	10-Jan-2023 05:23:30	Substituting variable: ${bamboo.shortJobName} with Cypress E2E Tests on Bamboo
command	10-Jan-2023 05:23:30	Substituting variable: ${bamboo.buildResultsUrl} with https://bamboo.ase.in.tum.de/browse/ARTEMIS-AETG1222-DA-5
command	10-Jan-2023 05:23:30	Substituting variable: ${bamboo.repository.revision.number} with 3925a89c1e404a82a1b9895e3ac2eb76ba362d75
simple	10-Jan-2023 05:23:30	Starting task 'GitHub: Update Build Status' of type 'com.atlassian.bamboo.plugins.scripttask:task.builder.script'
command	10-Jan-2023 05:23:30	Beginning to execute external process for build 'Artemis - Artemis E2E Tests (Cypress in Docker) - test-build-792 - Cypress E2E Tests on Bamboo #5 (ARTEMIS-AETG1222-DA-5)'\n ... running command line: \n/opt/bambooagent/bamboo-agent-home/temp/ARTEMIS-AETG1222-DA-5-ScriptBuildTask-797683408064141943.sh\n ... in: /opt/bambooagent/bamboo-agent-home/xml-data/build-dir/ARTEMIS-AETG1222-DA\n
build	10-Jan-2023 05:23:30	Sending failure to github
error	10-Jan-2023 05:23:30	  % Total    % Received % Xferd  Average Speed   Time    Time     Time  Current
error	10-Jan-2023 05:23:30	                                 Dload  Upload   Total   Spent    Left  Speed
error	10-Jan-2023 05:23:30	
error	10-Jan-2023 05:23:31	  0     0    0     0    0     0      0      0 --:--:-- --:--:-- --:--:--     0
error	10-Jan-2023 05:23:31	100  1741  100  1572  100   169   4041    434 --:--:-- --:--:-- --:--:--  4487
simple	10-Jan-2023 05:23:31	Finished task 'GitHub: Update Build Status' with result: Success
simple	10-Jan-2023 05:23:31	Running post build plugin 'Docker Container Cleanup'
simple	10-Jan-2023 05:23:31	Running post build plugin 'NCover Results Collector'
simple	10-Jan-2023 05:23:31	Running post build plugin 'Build Results Label Collector'
simple	10-Jan-2023 05:23:31	Running post build plugin 'Clover Results Collector'
simple	10-Jan-2023 05:23:31	Running post build plugin 'npm Cache Cleanup'
simple	10-Jan-2023 05:23:31	Running post build plugin 'Artifact Copier'
simple	10-Jan-2023 05:23:31	Finalising the build...
simple	10-Jan-2023 05:23:31	Stopping timer.
simple	10-Jan-2023 05:23:31	Build ARTEMIS-AETG1222-DA-5 completed.
simple	10-Jan-2023 05:23:31	Running on server: post build plugin 'Build Hanging Detection Configuration'
simple	10-Jan-2023 05:23:31	Running on server: post build plugin 'NCover Results Collector'
simple	10-Jan-2023 05:23:31	Running on server: post build plugin 'Build Labeller'
simple	10-Jan-2023 05:23:31	Running on server: post build plugin 'Clover Delta Calculator'
simple	10-Jan-2023 05:23:31	Running on server: post build plugin 'Maven Dependencies Postprocessor'
simple	10-Jan-2023 05:23:31	All post build plugins have finished
simple	10-Jan-2023 05:23:31	Generating build results summary...
simple	10-Jan-2023 05:23:31	Saving build results to disk...
simple	10-Jan-2023 05:23:31	Store variable context...
simple	10-Jan-2023 05:23:31	Finished building ARTEMIS-AETG1222-DA-5.
