simple	10-Jan-2023 03:22:01	Build Artemis - Artemis E2E (Cypress - Docker- Flaky) - test-build-788 - Cypress E2E flake detection #7 (ARTEMIS-AECF112-DA-7) started building on agent ls1Agent-l-15.ase.in.tum.de, bamboo version: 8.2.5
simple	10-Jan-2023 03:22:01	Remote agent on host ls1Agent-l-15.ase.in.tum.de
simple	10-Jan-2023 03:22:01	Build working directory is /opt/bambooagent/bamboo-agent-home/xml-data/build-dir/ARTEMIS-AECF112-DA
simple	10-Jan-2023 03:22:01	Executing build Artemis - Artemis E2E (Cypress - Docker- Flaky) - test-build-788 - Cypress E2E flake detection #7 (ARTEMIS-AECF112-DA-7)
simple	10-Jan-2023 03:22:01	Running pre-build action: Build Log Labeller Pre Build Action
simple	10-Jan-2023 03:22:01	Running pre-build action: VCS Version Collector
command	10-Jan-2023 03:22:01	Substituting password variable: ${bamboo.GitHubSecret}
command	10-Jan-2023 03:22:01	Substituting variable: ${bamboo.shortJobName} with Cypress E2E flake detection
command	10-Jan-2023 03:22:01	Substituting variable: ${bamboo.buildResultsUrl} with https://bamboo.ase.in.tum.de/browse/ARTEMIS-AECF112-DA-7
command	10-Jan-2023 03:22:01	Substituting variable: ${bamboo.repository.revision.number} with 90ef8d3ef6f5da3d952edb85fe373a27b14417e8
simple	10-Jan-2023 03:22:01	Starting task 'Github: Set build to pending' of type 'com.atlassian.bamboo.plugins.scripttask:task.builder.script'
command	10-Jan-2023 03:22:01	Beginning to execute external process for build 'Artemis - Artemis E2E (Cypress - Docker- Flaky) - test-build-788 - Cypress E2E flake detection #7 (ARTEMIS-AECF112-DA-7)'\n ... running command line: \n/opt/bambooagent/bamboo-agent-home/temp/ARTEMIS-AECF112-DA-7-ScriptBuildTask-4959011285882828986.sh\n ... in: /opt/bambooagent/bamboo-agent-home/xml-data/build-dir/ARTEMIS-AECF112-DA\n
error	10-Jan-2023 03:22:01	  % Total    % Received % Xferd  Average Speed   Time    Time     Time  Current
error	10-Jan-2023 03:22:01	                                 Dload  Upload   Total   Spent    Left  Speed
error	10-Jan-2023 03:22:01	
error	10-Jan-2023 03:22:02	  0     0    0     0    0     0      0      0 --:--:-- --:--:-- --:--:--     0
error	10-Jan-2023 03:22:02	100  1745  100  1574  100   171   3356    364 --:--:-- --:--:-- --:--:--  3720
simple	10-Jan-2023 03:22:02	Finished task 'Github: Set build to pending' with result: Success
simple	10-Jan-2023 03:22:02	Starting task 'Source Code Checkout' of type 'com.atlassian.bamboo.plugins.vcs:task.vcs.checkout'
simple	10-Jan-2023 03:22:02	Checking out into /opt/bambooagent/bamboo-agent-home/xml-data/build-dir/ARTEMIS-AECF112-DA
simple	10-Jan-2023 03:22:02	Updating source code to revision: 90ef8d3ef6f5da3d952edb85fe373a27b14417e8
simple	10-Jan-2023 03:22:02	Creating local git repository in '/opt/bambooagent/bamboo-agent-home/xml-data/build-dir/ARTEMIS-AECF112-DA/.git'.
simple	10-Jan-2023 03:22:02	Initialized empty Git repository in /opt/bambooagent/bamboo-agent-home/xml-data/build-dir/ARTEMIS-AECF112-DA/.git/
simple	10-Jan-2023 03:22:02	Fetching 'refs/heads/test/build-788' from 'https://github.com/ls1intum/Artemis.git'. Will try to do a shallow fetch.
simple	10-Jan-2023 03:22:08	From https://github.com/ls1intum/Artemis
simple	10-Jan-2023 03:22:08	 * [new branch]      test/build-788 -> test/build-788
simple	10-Jan-2023 03:22:09	Checking out revision 90ef8d3ef6f5da3d952edb85fe373a27b14417e8.
simple	10-Jan-2023 03:22:09	Switched to branch 'test/build-788'
simple	10-Jan-2023 03:22:09	Updated source code to revision: 90ef8d3ef6f5da3d952edb85fe373a27b14417e8
simple	10-Jan-2023 03:22:09	Finished task 'Source Code Checkout' with result: Success
simple	10-Jan-2023 03:22:09	Starting task 'Download Artemis Executable' of type 'com.atlassian.bamboo.plugins.bamboo-artifact-downloader-plugin:artifactdownloadertask'
simple	10-Jan-2023 03:22:09	Preparing to download plan result ARTEMIS-WEBAPP4771-1 artifact: Non required shared artifact: [war], pattern: [*.war] anchored at: [build/libs]
simple	10-Jan-2023 03:22:19	Artifact [war] downloaded successfully in 9.962 s to working directory
simple	10-Jan-2023 03:22:19	Finished task 'Download Artemis Executable' with result: Success
command	10-Jan-2023 03:22:19	Substituting variable: ${bamboo.artemis_admin_username} with artemis-cypress-admin
command	10-Jan-2023 03:22:19	Substituting password variable: ${bamboo.artemis_admin_password}
command	10-Jan-2023 03:22:19	Substituting variable: ${bamboo.cypress_username_template} with artemis_test_user_USERID
command	10-Jan-2023 03:22:19	Substituting password variable: ${bamboo.cypress_password_template}
command	10-Jan-2023 03:22:19	Substituting variable: ${bamboo.planKey} with ARTEMIS-AECF112
command	10-Jan-2023 03:22:19	Substituting password variable: ${bamboo.BAMBOO_PERSONAL_SECRET}
command	10-Jan-2023 03:22:19	Substituting password variable: ${bamboo.ARTEMIS_CONTINUOUS_INTEGRATION_ARTEMIS_AUTHENTICATION_TOKEN_VALUE_SECRET}
command	10-Jan-2023 03:22:19	Substituting password variable: ${bamboo.ARTEMIS_CONTINUOUS_INTEGRATION_TOKEN_SECRET}
command	10-Jan-2023 03:22:19	Substituting variable: ${bamboo.GH_REGISTRY_TOKEN} with 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
simple	10-Jan-2023 03:22:19	Starting task 'Deploy Artemis and run Cypress tests' of type 'com.atlassian.bamboo.plugins.scripttask:task.builder.script'
command	10-Jan-2023 03:22:19	Beginning to execute external process for build 'Artemis - Artemis E2E (Cypress - Docker- Flaky) - test-build-788 - Cypress E2E flake detection #7 (ARTEMIS-AECF112-DA-7)'\n ... running command line: \n/opt/bambooagent/bamboo-agent-home/temp/ARTEMIS-AECF112-DA-7-ScriptBuildTask-3951337860026643615.sh\n ... in: /opt/bambooagent/bamboo-agent-home/xml-data/build-dir/ARTEMIS-AECF112-DA\n
error	10-Jan-2023 03:22:42	From https://github.com/ls1intum/Artemis
error	10-Jan-2023 03:22:42	 * [new branch]      3486-better-names-for-weight-bonus-multiplier-bonus-points -> origin/3486-better-names-for-weight-bonus-multiplier-bonus-points
error	10-Jan-2023 03:22:42	 * [new branch]      New-filter-and-LDAP-feature-on-user-administration-view -> origin/New-filter-and-LDAP-feature-on-user-administration-view
error	10-Jan-2023 03:22:42	 * [new branch]      add-build-agent-to-atlassian -> origin/add-build-agent-to-atlassian
error	10-Jan-2023 03:22:42	 * [new branch]      basic-git-server-resource -> origin/basic-git-server-resource
error	10-Jan-2023 03:22:42	 * [new branch]      before-new-e2e-tests   -> origin/before-new-e2e-tests
error	10-Jan-2023 03:22:42	 * [new branch]      bugfix/complaint/align_text_boxes -> origin/bugfix/complaint/align_text_boxes
error	10-Jan-2023 03:22:42	 * [new branch]      bugfix/course-management-overview -> origin/bugfix/course-management-overview
error	10-Jan-2023 03:22:42	 * [new branch]      bugfix/course-scores   -> origin/bugfix/course-scores
error	10-Jan-2023 03:22:42	 * [new branch]      bugfix/creating-example-results -> origin/bugfix/creating-example-results
error	10-Jan-2023 03:22:42	 * [new branch]      bugfix/default-branch  -> origin/bugfix/default-branch
error	10-Jan-2023 03:22:42	 * [new branch]      bugfix/different-npm-version -> origin/bugfix/different-npm-version
error	10-Jan-2023 03:22:42	 * [new branch]      bugfix/dockerfile-swiftlint -> origin/bugfix/dockerfile-swiftlint
error	10-Jan-2023 03:22:42	 * [new branch]      bugfix/emojis-not-matching-darkmode -> origin/bugfix/emojis-not-matching-darkmode
error	10-Jan-2023 03:22:42	 * [new branch]      bugfix/exercise-assessment-exam-legend -> origin/bugfix/exercise-assessment-exam-legend
error	10-Jan-2023 03:22:42	 * [new branch]      bugfix/exercise-dashboard -> origin/bugfix/exercise-dashboard
error	10-Jan-2023 03:22:42	 * [new branch]      bugfix/feedbacks-not-grouped-correctly -> origin/bugfix/feedbacks-not-grouped-correctly
error	10-Jan-2023 03:22:42	 * [new branch]      bugfix/fix-example-test-submission -> origin/bugfix/fix-example-test-submission
error	10-Jan-2023 03:22:42	 * [new branch]      bugfix/fix-guided-tutorial-step -> origin/bugfix/fix-guided-tutorial-step
error	10-Jan-2023 03:22:42	 * [new branch]      bugfix/fix-hanging-test-student-exams -> origin/bugfix/fix-hanging-test-student-exams
error	10-Jan-2023 03:22:42	 * [new branch]      bugfix/fix-programming-exercise-timeline-styling-overflow -> origin/bugfix/fix-programming-exercise-timeline-styling-overflow
error	10-Jan-2023 03:22:42	 * [new branch]      bugfix/fix-referenced-feedback-for-code -> origin/bugfix/fix-referenced-feedback-for-code
error	10-Jan-2023 03:22:42	 * [new branch]      bugfix/header-points   -> origin/bugfix/header-points
error	10-Jan-2023 03:22:42	 * [new branch]      bugfix/hibernate-validation -> origin/bugfix/hibernate-validation
error	10-Jan-2023 03:22:42	 * [new branch]      bugfix/hide-email-address -> origin/bugfix/hide-email-address
error	10-Jan-2023 03:22:42	 * [new branch]      bugfix/inconsistent-categories-tooltip -> origin/bugfix/inconsistent-categories-tooltip
error	10-Jan-2023 03:22:42	 * [new branch]      bugfix/iphone/notification-sidebar -> origin/bugfix/iphone/notification-sidebar
error	10-Jan-2023 03:22:42	 * [new branch]      bugfix/jenkins-user-management/various-issues -> origin/bugfix/jenkins-user-management/various-issues
error	10-Jan-2023 03:22:42	 * [new branch]      bugfix/k6-programming-simulation -> origin/bugfix/k6-programming-simulation
error	10-Jan-2023 03:22:42	 * [new branch]      bugfix/k6-quiz-tests   -> origin/bugfix/k6-quiz-tests
error	10-Jan-2023 03:22:42	 * [new branch]      bugfix/k6-sca          -> origin/bugfix/k6-sca
error	10-Jan-2023 03:22:42	 * [new branch]      bugfix/k6-tests        -> origin/bugfix/k6-tests
error	10-Jan-2023 03:22:42	 * [new branch]      bugfix/localize-ngx-datatable -> origin/bugfix/localize-ngx-datatable
error	10-Jan-2023 03:22:42	 * [new branch]      bugfix/login-css-test  -> origin/bugfix/login-css-test
error	10-Jan-2023 03:22:42	 * [new branch]      bugfix/notification-white-space -> origin/bugfix/notification-white-space
error	10-Jan-2023 03:22:42	 * [new branch]      bugfix/participation-table-spacing -> origin/bugfix/participation-table-spacing
error	10-Jan-2023 03:22:42	 * [new branch]      bugfix/performance-monitoring -> origin/bugfix/performance-monitoring
error	10-Jan-2023 03:22:42	 * [new branch]      bugfix/plagiarism-ui   -> origin/bugfix/plagiarism-ui
error	10-Jan-2023 03:22:42	 * [new branch]      bugfix/plagiarism/disregard-test-runs -> origin/bugfix/plagiarism/disregard-test-runs
error	10-Jan-2023 03:22:42	 * [new branch]      bugfix/programming-exercises/fix-task-with-zero-tests -> origin/bugfix/programming-exercises/fix-task-with-zero-tests
error	10-Jan-2023 03:22:42	 * [new branch]      bugfix/programming-exercises/read-permissions -> origin/bugfix/programming-exercises/read-permissions
error	10-Jan-2023 03:22:42	 * [new branch]      bugfix/quiz/add-missing-translations -> origin/bugfix/quiz/add-missing-translations
error	10-Jan-2023 03:22:42	 * [new branch]      bugfix/quiz/added-batch-edit -> origin/bugfix/quiz/added-batch-edit
error	10-Jan-2023 03:22:42	 * [new branch]      bugfix/quiz/remove-release-date-for-exam-exercises -> origin/bugfix/quiz/remove-release-date-for-exam-exercises
error	10-Jan-2023 03:22:42	 * [new branch]      bugfix/set-min-test-execution-date-in-exam-mode -> origin/bugfix/set-min-test-execution-date-in-exam-mode
error	10-Jan-2023 03:22:42	 * [new branch]      bugfix/structured-grading-instructions/edit-instructions-after-assessment -> origin/bugfix/structured-grading-instructions/edit-instructions-after-assessment
error	10-Jan-2023 03:22:42	 * [new branch]      bugfix/student-exam-instructor-rights -> origin/bugfix/student-exam-instructor-rights
error	10-Jan-2023 03:22:42	 * [new branch]      bugfix/team-add-students -> origin/bugfix/team-add-students
error	10-Jan-2023 03:22:42	 * [new branch]      bugfix/teams-add-students -> origin/bugfix/teams-add-students
error	10-Jan-2023 03:22:42	 * [new branch]      bugfix/tutor-complaint-handling -> origin/bugfix/tutor-complaint-handling
error	10-Jan-2023 03:22:42	 * [new branch]      bugfix/tutorial-group-issues-jan-2023 -> origin/bugfix/tutorial-group-issues-jan-2023
error	10-Jan-2023 03:22:42	 * [new branch]      bugfix/webpack-reload  -> origin/bugfix/webpack-reload
error	10-Jan-2023 03:22:42	 * [new branch]      bugfix/websocket       -> origin/bugfix/websocket
error	10-Jan-2023 03:22:42	 * [new branch]      chore-chartjs-update-2 -> origin/chore-chartjs-update-2
error	10-Jan-2023 03:22:42	 * [new branch]      chore-improve-client-test-programming-update-component -> origin/chore-improve-client-test-programming-update-component
error	10-Jan-2023 03:22:42	 * [new branch]      chore/adapt-security   -> origin/chore/adapt-security
error	10-Jan-2023 03:22:42	 * [new branch]      chore/change-websocket-path -> origin/chore/change-websocket-path
error	10-Jan-2023 03:22:42	 * [new branch]      chore/client-test-ci   -> origin/chore/client-test-ci
error	10-Jan-2023 03:22:42	 * [new branch]      chore/db-util-prefix   -> origin/chore/db-util-prefix
error	10-Jan-2023 03:22:42	 * [new branch]      chore/dependencies-july27 -> origin/chore/dependencies-july27
error	10-Jan-2023 03:22:42	 * [new branch]      chore/duplication-branch-check -> origin/chore/duplication-branch-check
error	10-Jan-2023 03:22:42	 * [new branch]      chore/enhancement/metis-filter-sens -> origin/chore/enhancement/metis-filter-sens
error	10-Jan-2023 03:22:42	 * [new branch]      chore/exercise-has-ended -> origin/chore/exercise-has-ended
error	10-Jan-2023 03:22:42	 * [new branch]      chore/exercises/remove-participation-status -> origin/chore/exercises/remove-participation-status
error	10-Jan-2023 03:22:42	 * [new branch]      chore/jhipster-7.1.0   -> origin/chore/jhipster-7.1.0
error	10-Jan-2023 03:22:42	 * [new branch]      chore/orphan-delete-service -> origin/chore/orphan-delete-service
error	10-Jan-2023 03:22:42	 * [new branch]      chore/postgres-fixes   -> origin/chore/postgres-fixes
error	10-Jan-2023 03:22:42	 * [new branch]      chore/refactor-tutor-complaint-side -> origin/chore/refactor-tutor-complaint-side
error	10-Jan-2023 03:22:42	 * [new branch]      chore/replace-wrong-icon-text-usages -> origin/chore/replace-wrong-icon-text-usages
error	10-Jan-2023 03:22:42	 * [new branch]      chore/spring-boot-3    -> origin/chore/spring-boot-3
error	10-Jan-2023 03:22:42	 * [new branch]      chore/spring-boot-3-hibernate -> origin/chore/spring-boot-3-hibernate
error	10-Jan-2023 03:22:42	 * [new branch]      chore/spring-profile-constants -> origin/chore/spring-profile-constants
error	10-Jan-2023 03:22:42	 * [new branch]      chore/teardown-client-tests -> origin/chore/teardown-client-tests
error	10-Jan-2023 03:22:42	 * [new branch]      chore/test-speedups    -> origin/chore/test-speedups
error	10-Jan-2023 03:22:42	 * [new branch]      chore/test/improve-jenkins-user-management-coverage -> origin/chore/test/improve-jenkins-user-management-coverage
error	10-Jan-2023 03:22:42	 * [new branch]      chore/test/k6-modeling-exercise-logs -> origin/chore/test/k6-modeling-exercise-logs
error	10-Jan-2023 03:22:42	 * [new branch]      chore/tests/increase-gitlab-coverage -> origin/chore/tests/increase-gitlab-coverage
error	10-Jan-2023 03:22:42	 * [new branch]      chore/update-client-tests -> origin/chore/update-client-tests
error	10-Jan-2023 03:22:42	 * [new branch]      chore/update-dependencies-august4 -> origin/chore/update-dependencies-august4
error	10-Jan-2023 03:22:42	 * [new branch]      chore/update-test-build-online-editor-fix -> origin/chore/update-test-build-online-editor-fix
error	10-Jan-2023 03:22:42	 * [new branch]      ci/add-action-db-team-auto-assign -> origin/ci/add-action-db-team-auto-assign
error	10-Jan-2023 03:22:42	 * [new branch]      client/darkmode        -> origin/client/darkmode
error	10-Jan-2023 03:22:42	 * [new branch]      communication/private_messages -> origin/communication/private_messages
error	10-Jan-2023 03:22:42	 * [new branch]      database/migrate_feedback_reference_to_feedback_id_of_text_blocks -> origin/database/migrate_feedback_reference_to_feedback_id_of_text_blocks
error	10-Jan-2023 03:22:42	 * [new branch]      database/migration-merge -> origin/database/migration-merge
error	10-Jan-2023 03:22:42	 * [new branch]      decoupling/lecture     -> origin/decoupling/lecture
error	10-Jan-2023 03:22:42	 * [new branch]      decoupling/quiz        -> origin/decoupling/quiz
error	10-Jan-2023 03:22:42	 * [new branch]      develop                -> origin/develop
error	10-Jan-2023 03:22:42	 * [new branch]      develop-achievements   -> origin/develop-achievements
error	10-Jan-2023 03:22:42	 * [new branch]      develop-deployment-wg  -> origin/develop-deployment-wg
error	10-Jan-2023 03:22:42	 * [new branch]      develop-gitlab-ci      -> origin/develop-gitlab-ci
error	10-Jan-2023 03:22:42	 * [new branch]      develop-microservices  -> origin/develop-microservices
error	10-Jan-2023 03:22:42	 * [new branch]      development/add-git-commit-header -> origin/development/add-git-commit-header
error	10-Jan-2023 03:22:42	 * [new branch]      development/add-sphinx-gradle-plugin -> origin/development/add-sphinx-gradle-plugin
error	10-Jan-2023 03:22:42	 * [new branch]      development/charts/bugfix/fix-active-students-line-charts -> origin/development/charts/bugfix/fix-active-students-line-charts
error	10-Jan-2023 03:22:42	 * [new branch]      development/danger-js  -> origin/development/danger-js
error	10-Jan-2023 03:22:42	 * [new branch]      development/tests/programming-exercise-instruction-analysis -> origin/development/tests/programming-exercise-instruction-analysis
error	10-Jan-2023 03:22:42	 * [new branch]      discussion/reference_lectures -> origin/discussion/reference_lectures
error	10-Jan-2023 03:22:42	 * [new branch]      docker-compose-restructuring -> origin/docker-compose-restructuring
error	10-Jan-2023 03:22:42	 * [new branch]      docs/extend-ux-docs    -> origin/docs/extend-ux-docs
error	10-Jan-2023 03:22:42	 * [new branch]      documentation/textual  -> origin/documentation/textual
error	10-Jan-2023 03:22:42	 * [new branch]      draft/simple-user-mgmt-filter -> origin/draft/simple-user-mgmt-filter
error	10-Jan-2023 03:22:42	 * [new branch]      enhancement/FileServer/use-path-instead-of-string -> origin/enhancement/FileServer/use-path-instead-of-string
error	10-Jan-2023 03:22:42	 * [new branch]      enhancement/client/improve-displayed-buttons-consistency -> origin/enhancement/client/improve-displayed-buttons-consistency
error	10-Jan-2023 03:22:42	 * [new branch]      enhancement/course-management/exercises-list -> origin/enhancement/course-management/exercises-list
error	10-Jan-2023 03:22:42	 * [new branch]      enhancement/error-page -> origin/enhancement/error-page
error	10-Jan-2023 03:22:43	 * [new branch]      enhancement/exam-live-statistics/adapt-subscriptions -> origin/enhancement/exam-live-statistics/adapt-subscriptions
error	10-Jan-2023 03:22:43	 * [new branch]      enhancement/exam-routes-improvements -> origin/enhancement/exam-routes-improvements
error	10-Jan-2023 03:22:43	 * [new branch]      enhancement/exam/fix-exercise-selection -> origin/enhancement/exam/fix-exercise-selection
error	10-Jan-2023 03:22:43	 * [new branch]      enhancement/hestia-smaller-improvements -> origin/enhancement/hestia-smaller-improvements
error	10-Jan-2023 03:22:43	 * [new branch]      enhancement/pe-log-removal-gradle -> origin/enhancement/pe-log-removal-gradle
error	10-Jan-2023 03:22:43	 * [new branch]      enhancement/programming-exercise-details/aux-click-for-buildplan-links -> origin/enhancement/programming-exercise-details/aux-click-for-buildplan-links
error	10-Jan-2023 03:22:43	 * [new branch]      enhancement/programming-exercises/always-access-submissions -> origin/enhancement/programming-exercises/always-access-submissions
error	10-Jan-2023 03:22:43	 * [new branch]      enhancement/programming-exercises/switch-tutorial-to-intellij -> origin/enhancement/programming-exercises/switch-tutorial-to-intellij
error	10-Jan-2023 03:22:43	 * [new branch]      enhancement/publish-build-plan -> origin/enhancement/publish-build-plan
error	10-Jan-2023 03:22:43	 * [new branch]      enhancement/result-string-missing-result -> origin/enhancement/result-string-missing-result
error	10-Jan-2023 03:22:43	 * [new branch]      enhancement/slow-test-removal -> origin/enhancement/slow-test-removal
error	10-Jan-2023 03:22:43	 * [new branch]      enhancement/slow-tests-fix-2 -> origin/enhancement/slow-tests-fix-2
error	10-Jan-2023 03:22:43	 * [new branch]      enhancement/spring-configuration-cleanup -> origin/enhancement/spring-configuration-cleanup
error	10-Jan-2023 03:22:43	 * [new branch]      enhancement/statistic-page-css-fixes -> origin/enhancement/statistic-page-css-fixes
error	10-Jan-2023 03:22:43	 * [new branch]      enhancement/statistics-performance-improvements -> origin/enhancement/statistics-performance-improvements
error	10-Jan-2023 03:22:43	 * [new branch]      enhancement/structured-grading-criteria/display-infinity-for-undefined-usage-count-move-scss -> origin/enhancement/structured-grading-criteria/display-infinity-for-undefined-usage-count-move-scss
error	10-Jan-2023 03:22:43	 * [new branch]      enhancement/ui-bonus-grading-key -> origin/enhancement/ui-bonus-grading-key
error	10-Jan-2023 03:22:43	 * [new branch]      enhancement/user       -> origin/enhancement/user
error	10-Jan-2023 03:22:43	 * [new branch]      enhancement/user-role/extending-editor-access-rights -> origin/enhancement/user-role/extending-editor-access-rights
error	10-Jan-2023 03:22:43	 * [new branch]      exp-branch             -> origin/exp-branch
error	10-Jan-2023 03:22:43	 * [new branch]      feature/add-access-complaint-button-for-submissions-page -> origin/feature/add-access-complaint-button-for-submissions-page
error	10-Jan-2023 03:22:43	 * [new branch]      feature/add-api-versioning -> origin/feature/add-api-versioning
error	10-Jan-2023 03:22:43	 * [new branch]      feature/add-api-versioning-upgrade -> origin/feature/add-api-versioning-upgrade
error	10-Jan-2023 03:22:43	 * [new branch]      feature/add-authorization-test-2 -> origin/feature/add-authorization-test-2
error	10-Jan-2023 03:22:43	 * [new branch]      feature/add-information-to-feedback-view -> origin/feature/add-information-to-feedback-view
error	10-Jan-2023 03:22:43	 * [new branch]      feature/basic-lecture-unit-interaction -> origin/feature/basic-lecture-unit-interaction
error	10-Jan-2023 03:22:43	 * [new branch]      feature/course-archive-second-iteration -> origin/feature/course-archive-second-iteration
error	10-Jan-2023 03:22:43	 * [new branch]      feature/course-discussion-overview-page/pagination-and-server-side-filtering-2 -> origin/feature/course-discussion-overview-page/pagination-and-server-side-filtering-2
error	10-Jan-2023 03:22:43	 * [new branch]      feature/cypress-with-nginx-and-test-certificate -> origin/feature/cypress-with-nginx-and-test-certificate
error	10-Jan-2023 03:22:43	 * [new branch]      feature/delete-assessments -> origin/feature/delete-assessments
error	10-Jan-2023 03:22:43	 * [new branch]      feature/deployment/monitoring -> origin/feature/deployment/monitoring
error	10-Jan-2023 03:22:43	 * [new branch]      feature/disable-override-assessment-button-when-no-change -> origin/feature/disable-override-assessment-button-when-no-change
error	10-Jan-2023 03:22:43	 * [new branch]      feature/docker-java-non-root -> origin/feature/docker-java-non-root
error	10-Jan-2023 03:22:43	 * [new branch]      feature/documentation-links -> origin/feature/documentation-links
error	10-Jan-2023 03:22:43	 * [new branch]      feature/e2e-test/add-cypress-support -> origin/feature/e2e-test/add-cypress-support
error	10-Jan-2023 03:22:43	 * [new branch]      feature/e2e-test/add-selenium-support -> origin/feature/e2e-test/add-selenium-support
error	10-Jan-2023 03:22:43	 * [new branch]      feature/exam-live-statistics/database -> origin/feature/exam-live-statistics/database
error	10-Jan-2023 03:22:43	 * [new branch]      feature/exam-live-statistics/timeline -> origin/feature/exam-live-statistics/timeline
error	10-Jan-2023 03:22:43	 * [new branch]      feature/exam/file-upload-exercises -> origin/feature/exam/file-upload-exercises
error	10-Jan-2023 03:22:43	 * [new branch]      feature/exam/refactor-next-exam-component -> origin/feature/exam/refactor-next-exam-component
error	10-Jan-2023 03:22:43	 * [new branch]      feature/exercise-import-course-exam-filter -> origin/feature/exercise-import-course-exam-filter
error	10-Jan-2023 03:22:43	 * [new branch]      feature/export-cluster-hierarchy -> origin/feature/export-cluster-hierarchy
error	10-Jan-2023 03:22:43	 * [new branch]      feature/export-results-with-test-case-info -> origin/feature/export-results-with-test-case-info
error	10-Jan-2023 03:22:43	 * [new branch]      feature/flaky-test-detection -> origin/feature/flaky-test-detection
error	10-Jan-2023 03:22:43	 * [new branch]      feature/gitlab-lrz     -> origin/feature/gitlab-lrz
error	10-Jan-2023 03:22:43	 * [new branch]      feature/hazelcast-multicast -> origin/feature/hazelcast-multicast
error	10-Jan-2023 03:22:43	 * [new branch]      feature/jenkins/docker-flags -> origin/feature/jenkins/docker-flags
error	10-Jan-2023 03:22:43	 * [new branch]      feature/kubernetes-deployment -> origin/feature/kubernetes-deployment
error	10-Jan-2023 03:22:43	 * [new branch]      feature/leaderboards/student-leaderboard -> origin/feature/leaderboards/student-leaderboard
error	10-Jan-2023 03:22:43	 * [new branch]      feature/learning-goal-progress -> origin/feature/learning-goal-progress
error	10-Jan-2023 03:22:43	 * [new branch]      feature/learning-goal-redesign -> origin/feature/learning-goal-redesign
error	10-Jan-2023 03:22:43	 * [new branch]      feature/learning-goals-redesign -> origin/feature/learning-goals-redesign
error	10-Jan-2023 03:22:43	 * [new branch]      feature/limit-docker-resources-via-config -> origin/feature/limit-docker-resources-via-config
error	10-Jan-2023 03:22:43	 * [new branch]      feature/local-git-service -> origin/feature/local-git-service
error	10-Jan-2023 03:22:43	 * [new branch]      feature/messages-page/ui-improvements -> origin/feature/messages-page/ui-improvements
error	10-Jan-2023 03:22:43	 * [new branch]      feature/metrics-exercises-exams -> origin/feature/metrics-exercises-exams
error	10-Jan-2023 03:22:43	 * [new branch]      feature/new-instructor-buttons-student-exam-detail-page -> origin/feature/new-instructor-buttons-student-exam-detail-page
error	10-Jan-2023 03:22:43	 * [new branch]      feature/new-score-calculation-mathod -> origin/feature/new-score-calculation-mathod
error	10-Jan-2023 03:22:43	 * [new branch]      feature/online-editor/open-student-submission-in-online-editor -> origin/feature/online-editor/open-student-submission-in-online-editor
error	10-Jan-2023 03:22:43	 * [new branch]      feature/plagiarism-management-and-notifications -> origin/feature/plagiarism-management-and-notifications
error	10-Jan-2023 03:22:43	 * [new branch]      feature/plagiarism-reduce-data-load -> origin/feature/plagiarism-reduce-data-load
error	10-Jan-2023 03:22:43	 * [new branch]      feature/plagiarism/auditing-and-exam -> origin/feature/plagiarism/auditing-and-exam
error	10-Jan-2023 03:22:43	 * [new branch]      feature/plagiarism/rework-data-model -> origin/feature/plagiarism/rework-data-model
error	10-Jan-2023 03:22:43	 * [new branch]      feature/process-lecture-file-units -> origin/feature/process-lecture-file-units
error	10-Jan-2023 03:22:43	 * [new branch]      feature/programing-exercises/bamboo-add-custom-feedback-support -> origin/feature/programing-exercises/bamboo-add-custom-feedback-support
error	10-Jan-2023 03:22:43	 * [new branch]      feature/programming-assessment/inline-feedback-in-code-editor -> origin/feature/programming-assessment/inline-feedback-in-code-editor
error	10-Jan-2023 03:22:43	 * [new branch]      feature/programming-exercise/submission-policies -> origin/feature/programming-exercise/submission-policies
error	10-Jan-2023 03:22:43	 * [new branch]      feature/prorgramming-exercise-wizard-mode -> origin/feature/prorgramming-exercise-wizard-mode
error	10-Jan-2023 03:22:43	 * [new branch]      feature/quiz/short-answer-number-spot -> origin/feature/quiz/short-answer-number-spot
error	10-Jan-2023 03:22:43	 * [new branch]      feature/sca-import     -> origin/feature/sca-import
error	10-Jan-2023 03:22:43	 * [new branch]      feature/service-decoupling -> origin/feature/service-decoupling
error	10-Jan-2023 03:22:43	 * [new branch]      feature/student-link-buttons -> origin/feature/student-link-buttons
error	10-Jan-2023 03:22:43	 * [new branch]      feature/teamCreationByStudents -> origin/feature/teamCreationByStudents
error	10-Jan-2023 03:22:43	 * [new branch]      feature/transformation-modeling-exercise -> origin/feature/transformation-modeling-exercise
error	10-Jan-2023 03:22:43	 * [new branch]      feature/traverse-cluster-tree-for-feedback -> origin/feature/traverse-cluster-tree-for-feedback
error	10-Jan-2023 03:22:43	 * [new branch]      feature/update-jhipster-7 -> origin/feature/update-jhipster-7
error	10-Jan-2023 03:22:43	 * [new branch]      feature/visual-multiple-choice-editor -> origin/feature/visual-multiple-choice-editor
error	10-Jan-2023 03:22:43	 * [new branch]      fix/footer-mobile      -> origin/fix/footer-mobile
error	10-Jan-2023 03:22:43	 * [new branch]      fix/footer-space       -> origin/fix/footer-space
error	10-Jan-2023 03:22:43	 * [new branch]      fix/temporarily-disable-some-tests -> origin/fix/temporarily-disable-some-tests
error	10-Jan-2023 03:22:43	 * [new branch]      fix/test/cypress/user-selection -> origin/fix/test/cypress/user-selection
error	10-Jan-2023 03:22:43	 * [new branch]      guided-tutorial        -> origin/guided-tutorial
error	10-Jan-2023 03:22:43	 * [new branch]      hest                   -> origin/hest
error	10-Jan-2023 03:22:43	 * [new branch]      hotfix/jenkins-docs-push-token-workaround -> origin/hotfix/jenkins-docs-push-token-workaround
error	10-Jan-2023 03:22:43	 * [new branch]      improvement/add-copy-button-to-lti-configuration -> origin/improvement/add-copy-button-to-lti-configuration
error	10-Jan-2023 03:22:43	 * [new branch]      improvement/course-exericses-grace-period -> origin/improvement/course-exericses-grace-period
error	10-Jan-2023 03:22:43	 * [new branch]      improvement/programming-exercises/hide-student-information-for-TAs -> origin/improvement/programming-exercises/hide-student-information-for-TAs
error	10-Jan-2023 03:22:43	 * [new branch]      improvement/programming-exercises/improve-feedback-preview-for-python-exercises -> origin/improvement/programming-exercises/improve-feedback-preview-for-python-exercises
error	10-Jan-2023 03:22:43	 * [new branch]      improvement/remove-lti-user-id -> origin/improvement/remove-lti-user-id
error	10-Jan-2023 03:22:43	 * [new branch]      jhipster_upgrade       -> origin/jhipster_upgrade
error	10-Jan-2023 03:22:43	 * [new branch]      main                   -> origin/main
error	10-Jan-2023 03:22:43	 * [new branch]      manyToOne_to_manyToMany_textBlock_textCluster_relationship -> origin/manyToOne_to_manyToMany_textBlock_textCluster_relationship
error	10-Jan-2023 03:22:43	 * [new branch]      microservices/remove-lecture-microservice-features-from-artemis -> origin/microservices/remove-lecture-microservice-features-from-artemis
error	10-Jan-2023 03:22:43	 * [new branch]      microservices/remove-moved-lecture-features-from-artemis -> origin/microservices/remove-moved-lecture-features-from-artemis
error	10-Jan-2023 03:22:43	 * [new branch]      microservices/user-management-service-remove-from-artemis -> origin/microservices/user-management-service-remove-from-artemis
error	10-Jan-2023 03:22:43	 * [new branch]      migrate_feedback_reference_to_textblock_feedback_id -> origin/migrate_feedback_reference_to_textblock_feedback_id
error	10-Jan-2023 03:22:43	 * [new branch]      origin/sentry/nan-when-computing-score -> origin/origin/sentry/nan-when-computing-score
error	10-Jan-2023 03:22:43	 * [new branch]      pat-testing            -> origin/pat-testing
error	10-Jan-2023 03:22:43	 * [new branch]      plagiarism-management-backup -> origin/plagiarism-management-backup
error	10-Jan-2023 03:22:43	 * [new branch]      plagiarism/plagiarism-case-data-model -> origin/plagiarism/plagiarism-case-data-model
error	10-Jan-2023 03:22:43	 * [new branch]      refactor/5741-move-course-score-calculation-to-the-server -> origin/refactor/5741-move-course-score-calculation-to-the-server
error	10-Jan-2023 03:22:43	 * [new branch]      refactor/feedback-view -> origin/refactor/feedback-view
error	10-Jan-2023 03:22:43	 * [new branch]      refactor/improve-fileupload-assessment-resource -> origin/refactor/improve-fileupload-assessment-resource
error	10-Jan-2023 03:22:43	 * [new branch]      refactor/improve-fileupload-submission-resource -> origin/refactor/improve-fileupload-submission-resource
error	10-Jan-2023 03:22:43	 * [new branch]      refactor/max-compassScore-to-max-points -> origin/refactor/max-compassScore-to-max-points
error	10-Jan-2023 03:22:43	 * [new branch]      refactor/programming-exercise-grading-service -> origin/refactor/programming-exercise-grading-service
error	10-Jan-2023 03:22:43	 * [new branch]      refactor/programming-exercises/repository-service -> origin/refactor/programming-exercises/repository-service
error	10-Jan-2023 03:22:43	 * [new branch]      refactor/submissions-dashboards-to-one-dashboard -> origin/refactor/submissions-dashboards-to-one-dashboard
error	10-Jan-2023 03:22:43	 * [new branch]      releases/5.12.x        -> origin/releases/5.12.x
error	10-Jan-2023 03:22:43	 * [new branch]      send_existing_text_block_to_athene -> origin/send_existing_text_block_to_athene
error	10-Jan-2023 03:22:43	 * [new branch]      test-cypress-update    -> origin/test-cypress-update
error	10-Jan-2023 03:22:43	 * [new branch]      test-flakiness         -> origin/test-flakiness
error	10-Jan-2023 03:22:43	 * [new branch]      test/build-771         -> origin/test/build-771
error	10-Jan-2023 03:22:43	 * [new branch]      test/build-773         -> origin/test/build-773
error	10-Jan-2023 03:22:43	 * [new branch]      test/build-775         -> origin/test/build-775
error	10-Jan-2023 03:22:43	 * [new branch]      test/build-776         -> origin/test/build-776
error	10-Jan-2023 03:22:43	 * [new branch]      test/build-777         -> origin/test/build-777
error	10-Jan-2023 03:22:43	 * [new branch]      test/build-778         -> origin/test/build-778
error	10-Jan-2023 03:22:43	 * [new branch]      test/build-781         -> origin/test/build-781
error	10-Jan-2023 03:22:43	 * [new branch]      test/build-782         -> origin/test/build-782
error	10-Jan-2023 03:22:43	 * [new branch]      test/build-788         -> origin/test/build-788
error	10-Jan-2023 03:22:43	 * [new branch]      test/build-789         -> origin/test/build-789
error	10-Jan-2023 03:22:43	 * [new branch]      test/build-792         -> origin/test/build-792
error	10-Jan-2023 03:22:43	 * [new branch]      test/cypress/add-exam-participation-tests -> origin/test/cypress/add-exam-participation-tests
error	10-Jan-2023 03:22:43	 * [new branch]      test/cypress/add-file-upload-exercise-tests -> origin/test/cypress/add-file-upload-exercise-tests
error	10-Jan-2023 03:22:43	 * [new branch]      test/cypress/add-manage-exam-exercise-tests -> origin/test/cypress/add-manage-exam-exercise-tests
error	10-Jan-2023 03:22:43	 * [new branch]      test/cypress/add-manage-exam-tests -> origin/test/cypress/add-manage-exam-tests
error	10-Jan-2023 03:22:43	 * [new branch]      test/cypress/manage-exam-exercise-tests -> origin/test/cypress/manage-exam-exercise-tests
error	10-Jan-2023 03:22:43	 * [new branch]      test/fix-exam-p-c-leak -> origin/test/fix-exam-p-c-leak
error	10-Jan-2023 03:22:43	 * [new branch]      test/improve-coverage/example-modeling-submission-component -> origin/test/improve-coverage/example-modeling-submission-component
error	10-Jan-2023 03:22:43	 * [new branch]      test/test-ci           -> origin/test/test-ci
error	10-Jan-2023 03:22:43	 * [new branch]      test/test-runtime      -> origin/test/test-runtime
error	10-Jan-2023 03:22:43	 * [new branch]      test_s1                -> origin/test_s1
error	10-Jan-2023 03:22:43	 * [new branch]      testing-session-exam-mode-20220728 -> origin/testing-session-exam-mode-20220728
error	10-Jan-2023 03:22:43	 * [new branch]      testing/apollon-scaling-fix -> origin/testing/apollon-scaling-fix
error	10-Jan-2023 03:22:43	 * [new branch]      testing/exam-live-statistics/decentralized -> origin/testing/exam-live-statistics/decentralized
error	10-Jan-2023 03:22:43	 * [new branch]      tests/file-upload-and-guided-tour-improvements -> origin/tests/file-upload-and-guided-tour-improvements
error	10-Jan-2023 03:22:43	 * [new branch]      tests/file-upload-exercise-assessment-dashboard-tests -> origin/tests/file-upload-exercise-assessment-dashboard-tests
error	10-Jan-2023 03:22:43	 * [new branch]      tests/modeling-assessment-integration-test-fix -> origin/tests/modeling-assessment-integration-test-fix
error	10-Jan-2023 03:22:43	 * [new branch]      tests/team-student-search-component -> origin/tests/team-student-search-component
error	10-Jan-2023 03:22:43	 * [new branch]      update-c-template      -> origin/update-c-template
error	10-Jan-2023 03:22:43	 * [new branch]      update-docker-compose-file -> origin/update-docker-compose-file
error	10-Jan-2023 03:22:43	 * [new branch]      update-docker-compose-with-yml-values -> origin/update-docker-compose-with-yml-values
error	10-Jan-2023 03:22:43	 * [new branch]      update-test-build      -> origin/update-test-build
error	10-Jan-2023 03:22:43	 * [new tag]         5.12.4                 -> 5.12.4
error	10-Jan-2023 03:22:43	 * [new tag]         5.12.9                 -> 5.12.9
error	10-Jan-2023 03:22:43	 * [new tag]         5.4.1                  -> 5.4.1
error	10-Jan-2023 03:22:43	 * [new tag]             4.0.4                  -> 4.0.4
error	10-Jan-2023 03:22:43	 * [new tag]             4.0.5                  -> 4.0.5
error	10-Jan-2023 03:22:43	 * [new tag]             4.0.6                  -> 4.0.6
error	10-Jan-2023 03:22:43	 * [new tag]             4.1.0                  -> 4.1.0
error	10-Jan-2023 03:22:43	 * [new tag]             4.1.1                  -> 4.1.1
error	10-Jan-2023 03:22:43	 * [new tag]             4.1.2                  -> 4.1.2
error	10-Jan-2023 03:22:43	 * [new tag]             4.1.3                  -> 4.1.3
error	10-Jan-2023 03:22:43	 * [new tag]             4.10.0                 -> 4.10.0
error	10-Jan-2023 03:22:43	 * [new tag]             4.10.1                 -> 4.10.1
error	10-Jan-2023 03:22:43	 * [new tag]             4.10.2                 -> 4.10.2
error	10-Jan-2023 03:22:43	 * [new tag]             4.10.3                 -> 4.10.3
error	10-Jan-2023 03:22:43	 * [new tag]             4.10.4                 -> 4.10.4
error	10-Jan-2023 03:22:43	 * [new tag]             4.10.5                 -> 4.10.5
error	10-Jan-2023 03:22:43	 * [new tag]             4.10.6                 -> 4.10.6
error	10-Jan-2023 03:22:43	 * [new tag]             4.11.0                 -> 4.11.0
error	10-Jan-2023 03:22:43	 * [new tag]             4.11.1                 -> 4.11.1
error	10-Jan-2023 03:22:43	 * [new tag]             4.11.2                 -> 4.11.2
error	10-Jan-2023 03:22:43	 * [new tag]             4.11.3                 -> 4.11.3
error	10-Jan-2023 03:22:43	 * [new tag]             4.11.4                 -> 4.11.4
error	10-Jan-2023 03:22:43	 * [new tag]             4.11.5                 -> 4.11.5
error	10-Jan-2023 03:22:43	 * [new tag]             4.11.6                 -> 4.11.6
error	10-Jan-2023 03:22:43	 * [new tag]             4.11.8                 -> 4.11.8
error	10-Jan-2023 03:22:43	 * [new tag]             4.11.9                 -> 4.11.9
error	10-Jan-2023 03:22:43	 * [new tag]             4.12.0                 -> 4.12.0
error	10-Jan-2023 03:22:43	 * [new tag]             4.12.1                 -> 4.12.1
error	10-Jan-2023 03:22:43	 * [new tag]             4.12.2                 -> 4.12.2
error	10-Jan-2023 03:22:43	 * [new tag]             4.12.3                 -> 4.12.3
error	10-Jan-2023 03:22:43	 * [new tag]             4.12.4                 -> 4.12.4
error	10-Jan-2023 03:22:43	 * [new tag]             4.12.5                 -> 4.12.5
error	10-Jan-2023 03:22:43	 * [new tag]             4.2.0                  -> 4.2.0
error	10-Jan-2023 03:22:43	 * [new tag]             4.2.1                  -> 4.2.1
error	10-Jan-2023 03:22:43	 * [new tag]             4.2.10                 -> 4.2.10
error	10-Jan-2023 03:22:43	 * [new tag]             4.2.11                 -> 4.2.11
error	10-Jan-2023 03:22:43	 * [new tag]             4.2.12                 -> 4.2.12
error	10-Jan-2023 03:22:43	 * [new tag]             4.2.2                  -> 4.2.2
error	10-Jan-2023 03:22:43	 * [new tag]             4.2.3                  -> 4.2.3
error	10-Jan-2023 03:22:43	 * [new tag]             4.2.4                  -> 4.2.4
error	10-Jan-2023 03:22:43	 * [new tag]             4.2.5                  -> 4.2.5
error	10-Jan-2023 03:22:43	 * [new tag]             4.2.6                  -> 4.2.6
error	10-Jan-2023 03:22:43	 * [new tag]             4.2.7                  -> 4.2.7
error	10-Jan-2023 03:22:43	 * [new tag]             4.2.8                  -> 4.2.8
error	10-Jan-2023 03:22:43	 * [new tag]             4.2.9                  -> 4.2.9
error	10-Jan-2023 03:22:43	 * [new tag]             4.3.0                  -> 4.3.0
error	10-Jan-2023 03:22:43	 * [new tag]             4.3.1                  -> 4.3.1
error	10-Jan-2023 03:22:43	 * [new tag]             4.3.10                 -> 4.3.10
error	10-Jan-2023 03:22:43	 * [new tag]             4.3.2                  -> 4.3.2
error	10-Jan-2023 03:22:43	 * [new tag]             4.3.3                  -> 4.3.3
error	10-Jan-2023 03:22:43	 * [new tag]             4.3.4                  -> 4.3.4
error	10-Jan-2023 03:22:43	 * [new tag]             4.3.5                  -> 4.3.5
error	10-Jan-2023 03:22:43	 * [new tag]             4.3.6                  -> 4.3.6
error	10-Jan-2023 03:22:43	 * [new tag]             4.3.7                  -> 4.3.7
error	10-Jan-2023 03:22:43	 * [new tag]             4.3.8                  -> 4.3.8
error	10-Jan-2023 03:22:43	 * [new tag]             4.3.9                  -> 4.3.9
error	10-Jan-2023 03:22:43	 * [new tag]             4.4.0                  -> 4.4.0
error	10-Jan-2023 03:22:43	 * [new tag]             4.4.1                  -> 4.4.1
error	10-Jan-2023 03:22:43	 * [new tag]             4.4.2                  -> 4.4.2
error	10-Jan-2023 03:22:43	 * [new tag]             4.4.3                  -> 4.4.3
error	10-Jan-2023 03:22:43	 * [new tag]             4.4.4                  -> 4.4.4
error	10-Jan-2023 03:22:43	 * [new tag]             4.4.5                  -> 4.4.5
error	10-Jan-2023 03:22:43	 * [new tag]             4.4.6                  -> 4.4.6
error	10-Jan-2023 03:22:43	 * [new tag]             4.5.0                  -> 4.5.0
error	10-Jan-2023 03:22:43	 * [new tag]             4.5.1                  -> 4.5.1
error	10-Jan-2023 03:22:43	 * [new tag]             4.5.2                  -> 4.5.2
error	10-Jan-2023 03:22:43	 * [new tag]             4.6.0                  -> 4.6.0
error	10-Jan-2023 03:22:43	 * [new tag]             4.6.1                  -> 4.6.1
error	10-Jan-2023 03:22:43	 * [new tag]             4.6.2                  -> 4.6.2
error	10-Jan-2023 03:22:43	 * [new tag]             4.6.3                  -> 4.6.3
error	10-Jan-2023 03:22:43	 * [new tag]             4.6.4                  -> 4.6.4
error	10-Jan-2023 03:22:43	 * [new tag]             4.7.0                  -> 4.7.0
error	10-Jan-2023 03:22:43	 * [new tag]             4.7.1                  -> 4.7.1
error	10-Jan-2023 03:22:43	 * [new tag]             4.7.2                  -> 4.7.2
error	10-Jan-2023 03:22:43	 * [new tag]             4.7.3                  -> 4.7.3
error	10-Jan-2023 03:22:43	 * [new tag]             4.7.4                  -> 4.7.4
error	10-Jan-2023 03:22:43	 * [new tag]             4.7.5                  -> 4.7.5
error	10-Jan-2023 03:22:43	 * [new tag]             4.7.6                  -> 4.7.6
error	10-Jan-2023 03:22:43	 * [new tag]             4.8.0                  -> 4.8.0
error	10-Jan-2023 03:22:43	 * [new tag]             4.8.1                  -> 4.8.1
error	10-Jan-2023 03:22:43	 * [new tag]             4.8.2                  -> 4.8.2
error	10-Jan-2023 03:22:43	 * [new tag]             4.8.3                  -> 4.8.3
error	10-Jan-2023 03:22:43	 * [new tag]             4.8.4                  -> 4.8.4
error	10-Jan-2023 03:22:43	 * [new tag]             4.8.5                  -> 4.8.5
error	10-Jan-2023 03:22:43	 * [new tag]             4.8.6                  -> 4.8.6
error	10-Jan-2023 03:22:43	 * [new tag]             4.9.0                  -> 4.9.0
error	10-Jan-2023 03:22:43	 * [new tag]             4.9.1                  -> 4.9.1
error	10-Jan-2023 03:22:43	 * [new tag]             4.9.2                  -> 4.9.2
error	10-Jan-2023 03:22:43	 * [new tag]             4.9.3                  -> 4.9.3
error	10-Jan-2023 03:22:43	 * [new tag]             4.9.4                  -> 4.9.4
error	10-Jan-2023 03:22:43	 * [new tag]             4.9.5                  -> 4.9.5
error	10-Jan-2023 03:22:43	 * [new tag]             4.9.6                  -> 4.9.6
error	10-Jan-2023 03:22:43	 * [new tag]             5.0.0                  -> 5.0.0
error	10-Jan-2023 03:22:43	 * [new tag]             5.0.0.rc1              -> 5.0.0.rc1
error	10-Jan-2023 03:22:43	 * [new tag]             5.0.0.rc2              -> 5.0.0.rc2
error	10-Jan-2023 03:22:43	 * [new tag]             5.0.1                  -> 5.0.1
error	10-Jan-2023 03:22:43	 * [new tag]             5.0.2                  -> 5.0.2
error	10-Jan-2023 03:22:43	 * [new tag]             5.0.3                  -> 5.0.3
error	10-Jan-2023 03:22:43	 * [new tag]             5.0.4                  -> 5.0.4
error	10-Jan-2023 03:22:43	 * [new tag]             5.0.5                  -> 5.0.5
error	10-Jan-2023 03:22:43	 * [new tag]             5.0.6                  -> 5.0.6
error	10-Jan-2023 03:22:43	 * [new tag]             5.0.7                  -> 5.0.7
error	10-Jan-2023 03:22:43	 * [new tag]             5.0.8                  -> 5.0.8
error	10-Jan-2023 03:22:43	 * [new tag]             5.0.9                  -> 5.0.9
error	10-Jan-2023 03:22:43	 * [new tag]             5.1.0                  -> 5.1.0
error	10-Jan-2023 03:22:43	 * [new tag]             5.1.1                  -> 5.1.1
error	10-Jan-2023 03:22:43	 * [new tag]             5.1.2                  -> 5.1.2
error	10-Jan-2023 03:22:43	 * [new tag]             5.1.3                  -> 5.1.3
error	10-Jan-2023 03:22:43	 * [new tag]             5.1.4                  -> 5.1.4
error	10-Jan-2023 03:22:43	 * [new tag]             5.1.5                  -> 5.1.5
error	10-Jan-2023 03:22:43	 * [new tag]             5.1.6                  -> 5.1.6
error	10-Jan-2023 03:22:43	 * [new tag]             5.10.0                 -> 5.10.0
error	10-Jan-2023 03:22:43	 * [new tag]             5.10.1                 -> 5.10.1
error	10-Jan-2023 03:22:43	 * [new tag]             5.10.2                 -> 5.10.2
error	10-Jan-2023 03:22:43	 * [new tag]             5.11.0                 -> 5.11.0
error	10-Jan-2023 03:22:43	 * [new tag]             5.11.1                 -> 5.11.1
error	10-Jan-2023 03:22:43	 * [new tag]             5.11.2                 -> 5.11.2
error	10-Jan-2023 03:22:43	 * [new tag]             5.11.3                 -> 5.11.3
error	10-Jan-2023 03:22:43	 * [new tag]             5.11.4                 -> 5.11.4
error	10-Jan-2023 03:22:43	 * [new tag]             5.12.0                 -> 5.12.0
error	10-Jan-2023 03:22:43	 * [new tag]             5.12.1                 -> 5.12.1
error	10-Jan-2023 03:22:43	 * [new tag]             5.12.2                 -> 5.12.2
error	10-Jan-2023 03:22:43	 * [new tag]             5.12.3                 -> 5.12.3
error	10-Jan-2023 03:22:43	 * [new tag]             5.12.5                 -> 5.12.5
error	10-Jan-2023 03:22:43	 * [new tag]             5.12.6                 -> 5.12.6
error	10-Jan-2023 03:22:43	 * [new tag]             5.12.7                 -> 5.12.7
error	10-Jan-2023 03:22:43	 * [new tag]             5.12.8                 -> 5.12.8
error	10-Jan-2023 03:22:43	 * [new tag]             5.2.0                  -> 5.2.0
error	10-Jan-2023 03:22:43	 * [new tag]             5.2.1                  -> 5.2.1
error	10-Jan-2023 03:22:43	 * [new tag]             5.2.2                  -> 5.2.2
error	10-Jan-2023 03:22:43	 * [new tag]             5.2.3                  -> 5.2.3
error	10-Jan-2023 03:22:43	 * [new tag]             5.2.4                  -> 5.2.4
error	10-Jan-2023 03:22:43	 * [new tag]             5.2.5                  -> 5.2.5
error	10-Jan-2023 03:22:43	 * [new tag]             5.2.6                  -> 5.2.6
error	10-Jan-2023 03:22:43	 * [new tag]             5.2.7                  -> 5.2.7
error	10-Jan-2023 03:22:43	 * [new tag]             5.3.0                  -> 5.3.0
error	10-Jan-2023 03:22:43	 * [new tag]             5.3.1                  -> 5.3.1
error	10-Jan-2023 03:22:43	 * [new tag]             5.3.2                  -> 5.3.2
error	10-Jan-2023 03:22:43	 * [new tag]             5.3.3                  -> 5.3.3
error	10-Jan-2023 03:22:43	 * [new tag]             5.3.4                  -> 5.3.4
error	10-Jan-2023 03:22:43	 * [new tag]             5.3.5                  -> 5.3.5
error	10-Jan-2023 03:22:43	 * [new tag]             5.4.0                  -> 5.4.0
error	10-Jan-2023 03:22:43	 * [new tag]             5.4.2                  -> 5.4.2
error	10-Jan-2023 03:22:43	 * [new tag]             5.4.3                  -> 5.4.3
error	10-Jan-2023 03:22:43	 * [new tag]             5.4.4                  -> 5.4.4
error	10-Jan-2023 03:22:43	 * [new tag]             5.5.0                  -> 5.5.0
error	10-Jan-2023 03:22:43	 * [new tag]             5.5.1                  -> 5.5.1
error	10-Jan-2023 03:22:43	 * [new tag]             5.5.2                  -> 5.5.2
error	10-Jan-2023 03:22:43	 * [new tag]             5.5.3                  -> 5.5.3
error	10-Jan-2023 03:22:43	 * [new tag]             5.5.4                  -> 5.5.4
error	10-Jan-2023 03:22:43	 * [new tag]             5.5.5                  -> 5.5.5
error	10-Jan-2023 03:22:43	 * [new tag]             5.6.0                  -> 5.6.0
error	10-Jan-2023 03:22:43	 * [new tag]             5.6.1                  -> 5.6.1
error	10-Jan-2023 03:22:43	 * [new tag]             5.7.0                  -> 5.7.0
error	10-Jan-2023 03:22:43	 * [new tag]             5.7.1                  -> 5.7.1
error	10-Jan-2023 03:22:43	 * [new tag]             5.7.2                  -> 5.7.2
error	10-Jan-2023 03:22:43	 * [new tag]             5.7.3                  -> 5.7.3
error	10-Jan-2023 03:22:43	 * [new tag]             5.7.4                  -> 5.7.4
error	10-Jan-2023 03:22:43	 * [new tag]             5.7.5                  -> 5.7.5
error	10-Jan-2023 03:22:43	 * [new tag]             5.8.0                  -> 5.8.0
error	10-Jan-2023 03:22:43	 * [new tag]             5.8.1                  -> 5.8.1
error	10-Jan-2023 03:22:43	 * [new tag]             5.8.2                  -> 5.8.2
error	10-Jan-2023 03:22:43	 * [new tag]             5.8.3                  -> 5.8.3
error	10-Jan-2023 03:22:43	 * [new tag]             5.8.4                  -> 5.8.4
error	10-Jan-2023 03:22:43	 * [new tag]             5.8.5                  -> 5.8.5
error	10-Jan-2023 03:22:43	 * [new tag]             5.8.6                  -> 5.8.6
error	10-Jan-2023 03:22:43	 * [new tag]             5.8.7                  -> 5.8.7
error	10-Jan-2023 03:22:43	 * [new tag]             5.9.0                  -> 5.9.0
error	10-Jan-2023 03:22:43	 * [new tag]             5.9.1                  -> 5.9.1
error	10-Jan-2023 03:22:43	 * [new tag]             5.9.2                  -> 5.9.2
error	10-Jan-2023 03:22:43	 * [new tag]             5.9.3                  -> 5.9.3
error	10-Jan-2023 03:22:43	 * [new tag]             5.9.4                  -> 5.9.4
error	10-Jan-2023 03:22:43	 * [new tag]             5.9.5                  -> 5.9.5
error	10-Jan-2023 03:22:43	 * [new tag]             5.9.6                  -> 5.9.6
error	10-Jan-2023 03:22:43	 * [new tag]             5.9.7                  -> 5.9.7
error	10-Jan-2023 03:22:43	 * [new tag]             5.9.8                  -> 5.9.8
error	10-Jan-2023 03:22:46	There is no tracking information for the current branch.
error	10-Jan-2023 03:22:46	Please specify which branch you want to merge with.
error	10-Jan-2023 03:22:46	See git-pull(1) for details.
error	10-Jan-2023 03:22:46	
error	10-Jan-2023 03:22:46	    git pull <remote> <branch>
error	10-Jan-2023 03:22:46	
error	10-Jan-2023 03:22:46	If you wish to set tracking information for this branch you can do so with:
error	10-Jan-2023 03:22:46	
error	10-Jan-2023 03:22:46	    git branch --set-upstream-to=origin/<branch> test/build-788
error	10-Jan-2023 03:22:46	
build	10-Jan-2023 03:22:50	Sending build context to Docker daemon  598.5MB
build	10-Jan-2023 03:22:50	
build	10-Jan-2023 03:22:50	Step 1/23 : FROM docker.io/library/eclipse-temurin:17-jdk
build	10-Jan-2023 03:22:50	 ---> 9ef86393bfda
build	10-Jan-2023 03:22:50	Step 2/23 : ENV SPRING_OUTPUT_ANSI_ENABLED=ALWAYS     JHIPSTER_SLEEP=0     JAVA_OPTS=""
build	10-Jan-2023 03:22:50	 ---> Using cache
build	10-Jan-2023 03:22:50	 ---> 6df48a438f4e
build	10-Jan-2023 03:22:50	Step 3/23 : ENV spring.profiles.active ""
build	10-Jan-2023 03:22:50	 ---> Using cache
build	10-Jan-2023 03:22:50	 ---> f9f7fc391f9c
build	10-Jan-2023 03:22:50	Step 4/23 : RUN echo "Installing needed dependencies"   && apt-get update && apt-get install -y --no-install-recommends locales graphviz wget   && apt-get clean   && rm -rf /var/lib/apt/lists/*
build	10-Jan-2023 03:22:50	 ---> Using cache
build	10-Jan-2023 03:22:50	 ---> 8e4342c45a8b
build	10-Jan-2023 03:22:50	Step 5/23 : RUN echo "Fixing locales"   && sed -i -e 's/# en_US.UTF-8 UTF-8/en_US.UTF-8 UTF-8/' /etc/locale.gen   && locale-gen
build	10-Jan-2023 03:22:50	 ---> Using cache
build	10-Jan-2023 03:22:50	 ---> 6af06164ca9e
build	10-Jan-2023 03:22:50	Step 6/23 : ENV LC_ALL en_US.UTF-8
build	10-Jan-2023 03:22:50	 ---> Using cache
build	10-Jan-2023 03:22:50	 ---> e6260d07b78d
build	10-Jan-2023 03:22:50	Step 7/23 : ENV LANG en_US.UTF-8
build	10-Jan-2023 03:22:50	 ---> Using cache
build	10-Jan-2023 03:22:50	 ---> f98e3b1fedde
build	10-Jan-2023 03:22:50	Step 8/23 : ENV LANGUAGE en_US.UTF-8
build	10-Jan-2023 03:22:50	 ---> Using cache
build	10-Jan-2023 03:22:50	 ---> 829065e2cc17
build	10-Jan-2023 03:22:50	Step 9/23 : ARG GOSU_VERSION=1.12
build	10-Jan-2023 03:22:50	 ---> Using cache
build	10-Jan-2023 03:22:50	 ---> cb1990c3d33b
build	10-Jan-2023 03:22:50	Step 10/23 : RUN echo "Installing gosu (needed for bootstrap.sh)"   && dpkgArch="$(dpkg --print-architecture | awk -F- '{ print $NF }')"   && wget -O /usr/local/bin/gosu "https://github.com/tianon/gosu/releases/download/$GOSU_VERSION/gosu-$dpkgArch"   && chmod +x /usr/local/bin/gosu   && gosu nobody true
build	10-Jan-2023 03:22:50	 ---> Using cache
build	10-Jan-2023 03:22:50	 ---> fa87b4d06994
build	10-Jan-2023 03:22:50	Step 11/23 : WORKDIR /defaults/artemis
build	10-Jan-2023 03:22:50	 ---> Using cache
build	10-Jan-2023 03:22:50	 ---> e5992b4200c9
build	10-Jan-2023 03:22:50	Step 12/23 : COPY src/main/resources/config/application*.yml ./
build	10-Jan-2023 03:22:52	 ---> 3f6914a7355c
build	10-Jan-2023 03:22:52	Step 13/23 : WORKDIR /opt/artemis
build	10-Jan-2023 03:22:52	 ---> Running in 7c99b263f189
build	10-Jan-2023 03:22:53	Removing intermediate container 7c99b263f189
build	10-Jan-2023 03:22:53	 ---> d2534385575b
build	10-Jan-2023 03:22:53	Step 14/23 : ARG WAR_PATH=build/libs
build	10-Jan-2023 03:22:53	 ---> Running in 3e521c53f851
build	10-Jan-2023 03:22:53	Removing intermediate container 3e521c53f851
build	10-Jan-2023 03:22:53	 ---> e594bd5a07cf
build	10-Jan-2023 03:22:53	Step 15/23 : COPY $WAR_PATH/*.war Artemis.war
build	10-Jan-2023 03:22:56	 ---> a626f0362b04
build	10-Jan-2023 03:22:56	Step 16/23 : COPY bootstrap.sh /bootstrap.sh
build	10-Jan-2023 03:22:57	 ---> f5fca365ecee
build	10-Jan-2023 03:22:57	Step 17/23 : RUN chmod +x /bootstrap.sh   && useradd -ms /bin/bash artemis
build	10-Jan-2023 03:22:57	 ---> Running in 882fa917e018
build	10-Jan-2023 03:22:58	Removing intermediate container 882fa917e018
build	10-Jan-2023 03:22:58	 ---> cd68a5772dcd
build	10-Jan-2023 03:22:58	Step 18/23 : RUN mkdir -p /opt/artemis/config /opt/artemis/data /opt/artemis/public/content
build	10-Jan-2023 03:22:58	 ---> Running in a9cf3c6bb861
build	10-Jan-2023 03:23:00	Removing intermediate container a9cf3c6bb861
build	10-Jan-2023 03:23:00	 ---> d87557164772
build	10-Jan-2023 03:23:00	Step 19/23 : VOLUME ["/opt/artemis/config"]
build	10-Jan-2023 03:23:00	 ---> Running in f2effe7affd6
build	10-Jan-2023 03:23:00	Removing intermediate container f2effe7affd6
build	10-Jan-2023 03:23:00	 ---> 15daad1cb031
build	10-Jan-2023 03:23:00	Step 20/23 : VOLUME ["/opt/artemis/data"]
build	10-Jan-2023 03:23:00	 ---> Running in bb4ef169019b
build	10-Jan-2023 03:23:00	Removing intermediate container bb4ef169019b
build	10-Jan-2023 03:23:00	 ---> 749ffed96da7
build	10-Jan-2023 03:23:00	Step 21/23 : VOLUME ["/opt/artemis/public/content"]
build	10-Jan-2023 03:23:01	 ---> Running in d0e469dedf76
build	10-Jan-2023 03:23:01	Removing intermediate container d0e469dedf76
build	10-Jan-2023 03:23:01	 ---> 682c2bce7334
build	10-Jan-2023 03:23:01	Step 22/23 : EXPOSE 8080
build	10-Jan-2023 03:23:01	 ---> Running in d586a3840cc7
build	10-Jan-2023 03:23:01	Removing intermediate container d586a3840cc7
build	10-Jan-2023 03:23:01	 ---> 2f98ed52da0d
build	10-Jan-2023 03:23:01	Step 23/23 : ENTRYPOINT ["/bin/bash", "/bootstrap.sh"]
build	10-Jan-2023 03:23:02	 ---> Running in d64f61a9d2f8
build	10-Jan-2023 03:23:02	Removing intermediate container d64f61a9d2f8
build	10-Jan-2023 03:23:02	 ---> 268b695da323
build	10-Jan-2023 03:23:02	Successfully built 268b695da323
build	10-Jan-2023 03:23:02	Successfully tagged artemis:coverage-latest
error	10-Jan-2023 03:23:02	/opt/bambooagent/bamboo-agent-home/temp/ARTEMIS-AECF112-DA-7-ScriptBuildTask-3951337860026643615.sh: 17: npm: not found
error	10-Jan-2023 03:23:03	Pulling artemis-mysql   ... 
error	10-Jan-2023 03:23:03	Pulling artemis-app     ... 
error	10-Jan-2023 03:23:03	Pulling artemis-cypress ... 
error	10-Jan-2023 03:23:03	[2A[2K
error	10-Jan-2023 03:23:03	Pulling artemis-app     ... [32mdone[0m
error	10-Jan-2023 03:23:04	[2B[3A[2K
error	10-Jan-2023 03:23:04	Pulling artemis-mysql   ... pulling from library/mysql
error	10-Jan-2023 03:23:04	[3B[3A[2K
error	10-Jan-2023 03:23:04	Pulling artemis-mysql   ... digest: sha256:3d7ae561cf6095f6ac...
error	10-Jan-2023 03:23:04	[3B[3A[2K
error	10-Jan-2023 03:23:04	Pulling artemis-mysql   ... status: image is up to date for m...
error	10-Jan-2023 03:23:04	[3B[3A[2K
error	10-Jan-2023 03:23:04	Pulling artemis-mysql   ... [32mdone[0m
error	10-Jan-2023 03:23:04	[3B[1A[2K
error	10-Jan-2023 03:23:04	Pulling artemis-cypress ... pulling from cypress/browsers
error	10-Jan-2023 03:23:04	[1B[1A[2K
error	10-Jan-2023 03:23:04	Pulling artemis-cypress ... digest: sha256:bfdbf9b64fdaad364f...
error	10-Jan-2023 03:23:04	[1B[1A[2K
error	10-Jan-2023 03:23:04	Pulling artemis-cypress ... status: image is up to date for c...
error	10-Jan-2023 03:23:04	[1B[1A[2K
error	10-Jan-2023 03:23:04	Pulling artemis-cypress ... [32mdone[0m
error	10-Jan-2023 03:23:04	[1Bartemis-mysql uses an image, skipping
error	10-Jan-2023 03:23:04	Building artemis-app
build	10-Jan-2023 03:23:11	Step 1/4 : FROM artemis:coverage-latest
build	10-Jan-2023 03:23:11	 ---> 268b695da323
build	10-Jan-2023 03:23:11	Step 2/4 : RUN echo "Installing needed dependencies"   && apt-get update && apt-get install -y --no-install-recommends unzip   && apt-get clean   && rm -rf /var/lib/apt/lists/*
build	10-Jan-2023 03:23:12	 ---> Running in 59c3134d5c5c
build	10-Jan-2023 03:23:12	Installing needed dependencies
build	10-Jan-2023 03:23:12	Get:1 http://security.ubuntu.com/ubuntu jammy-security InRelease [110 kB]
build	10-Jan-2023 03:23:12	Get:2 http://archive.ubuntu.com/ubuntu jammy InRelease [270 kB]
build	10-Jan-2023 03:23:12	Get:3 http://archive.ubuntu.com/ubuntu jammy-updates InRelease [114 kB]
build	10-Jan-2023 03:23:12	Get:4 http://archive.ubuntu.com/ubuntu jammy-backports InRelease [99.8 kB]
build	10-Jan-2023 03:23:12	Get:5 http://security.ubuntu.com/ubuntu jammy-security/universe amd64 Packages [786 kB]
build	10-Jan-2023 03:23:13	Get:6 http://archive.ubuntu.com/ubuntu jammy/universe amd64 Packages [17.5 MB]
build	10-Jan-2023 03:23:13	Get:7 http://security.ubuntu.com/ubuntu jammy-security/multiverse amd64 Packages [4,732 B]
build	10-Jan-2023 03:23:13	Get:8 http://security.ubuntu.com/ubuntu jammy-security/restricted amd64 Packages [624 kB]
build	10-Jan-2023 03:23:13	Get:9 http://archive.ubuntu.com/ubuntu jammy/multiverse amd64 Packages [266 kB]
build	10-Jan-2023 03:23:13	Get:10 http://archive.ubuntu.com/ubuntu jammy/restricted amd64 Packages [164 kB]
build	10-Jan-2023 03:23:13	Get:11 http://archive.ubuntu.com/ubuntu jammy/main amd64 Packages [1,792 kB]
build	10-Jan-2023 03:23:13	Get:12 http://archive.ubuntu.com/ubuntu jammy-updates/main amd64 Packages [1,010 kB]
build	10-Jan-2023 03:23:13	Get:13 http://archive.ubuntu.com/ubuntu jammy-updates/multiverse amd64 Packages [8,978 B]
build	10-Jan-2023 03:23:13	Get:14 http://archive.ubuntu.com/ubuntu jammy-updates/universe amd64 Packages [988 kB]
build	10-Jan-2023 03:23:13	Get:15 http://archive.ubuntu.com/ubuntu jammy-updates/restricted amd64 Packages [679 kB]
build	10-Jan-2023 03:23:13	Get:16 http://archive.ubuntu.com/ubuntu jammy-backports/universe amd64 Packages [7,286 B]
build	10-Jan-2023 03:23:13	Get:17 http://archive.ubuntu.com/ubuntu jammy-backports/main amd64 Packages [3,520 B]
build	10-Jan-2023 03:23:13	Get:18 http://security.ubuntu.com/ubuntu jammy-security/main amd64 Packages [694 kB]
build	10-Jan-2023 03:23:14	Fetched 25.1 MB in 2s (15.5 MB/s)
build	10-Jan-2023 03:23:14	Reading package lists...
build	10-Jan-2023 03:23:15	Reading package lists...
build	10-Jan-2023 03:23:16	Building dependency tree...
build	10-Jan-2023 03:23:16	Reading state information...
build	10-Jan-2023 03:23:16	Suggested packages:
build	10-Jan-2023 03:23:16	  zip
build	10-Jan-2023 03:23:16	The following NEW packages will be installed:
build	10-Jan-2023 03:23:16	  unzip
build	10-Jan-2023 03:23:16	0 upgraded, 1 newly installed, 0 to remove and 5 not upgraded.
build	10-Jan-2023 03:23:16	Need to get 174 kB of archives.
build	10-Jan-2023 03:23:16	After this operation, 385 kB of additional disk space will be used.
build	10-Jan-2023 03:23:16	Get:1 http://archive.ubuntu.com/ubuntu jammy-updates/main amd64 unzip amd64 6.0-26ubuntu3.1 [174 kB]
build	10-Jan-2023 03:23:16	[91mdebconf: delaying package configuration, since apt-utils is not installed
build	10-Jan-2023 03:23:17	[0mFetched 174 kB in 1s (305 kB/s)
build	10-Jan-2023 03:23:17	Selecting previously unselected package unzip.
build	10-Jan-2023 03:23:17	(Reading database ... 
build	10-Jan-2023 03:23:17	(Reading database ... 5%
build	10-Jan-2023 03:23:17	(Reading database ... 10%
build	10-Jan-2023 03:23:17	(Reading database ... 15%
build	10-Jan-2023 03:23:17	(Reading database ... 20%
build	10-Jan-2023 03:23:17	(Reading database ... 25%
build	10-Jan-2023 03:23:17	(Reading database ... 30%
build	10-Jan-2023 03:23:17	(Reading database ... 35%
build	10-Jan-2023 03:23:17	(Reading database ... 40%
build	10-Jan-2023 03:23:17	(Reading database ... 45%
build	10-Jan-2023 03:23:17	(Reading database ... 50%
build	10-Jan-2023 03:23:17	(Reading database ... 55%
build	10-Jan-2023 03:23:17	(Reading database ... 60%
build	10-Jan-2023 03:23:17	(Reading database ... 65%
build	10-Jan-2023 03:23:17	(Reading database ... 70%
build	10-Jan-2023 03:23:17	(Reading database ... 75%
build	10-Jan-2023 03:23:17	(Reading database ... 80%
build	10-Jan-2023 03:23:17	(Reading database ... 85%
build	10-Jan-2023 03:23:17	(Reading database ... 90%
build	10-Jan-2023 03:23:17	(Reading database ... 95%
build	10-Jan-2023 03:23:17	(Reading database ... 100%
build	10-Jan-2023 03:23:17	(Reading database ... 8590 files and directories currently installed.)
build	10-Jan-2023 03:23:17	Preparing to unpack .../unzip_6.0-26ubuntu3.1_amd64.deb ...
build	10-Jan-2023 03:23:17	Unpacking unzip (6.0-26ubuntu3.1) ...
build	10-Jan-2023 03:23:17	Setting up unzip (6.0-26ubuntu3.1) ...
build	10-Jan-2023 03:23:18	Removing intermediate container 59c3134d5c5c
build	10-Jan-2023 03:23:18	 ---> 3a6da07e2248
build	10-Jan-2023 03:23:18	Step 3/4 : COPY src/main/docker/cypress/bootstrap-coverage.sh /bootstrap.sh
build	10-Jan-2023 03:23:18	 ---> 6d75da5bcc1d
build	10-Jan-2023 03:23:18	Step 4/4 : RUN chmod +x /bootstrap.sh
build	10-Jan-2023 03:23:18	 ---> Running in 5711d2850e00
build	10-Jan-2023 03:23:19	Removing intermediate container 5711d2850e00
build	10-Jan-2023 03:23:19	 ---> e15245cad84b
build	10-Jan-2023 03:23:19	
build	10-Jan-2023 03:23:20	Successfully built e15245cad84b
error	10-Jan-2023 03:23:20	Building artemis-cypress
build	10-Jan-2023 03:23:20	Successfully tagged cypress_artemis-app:latest
build	10-Jan-2023 03:23:20	Step 1/3 : ARG CYPRESS_BROWSER=node18.6.0-chrome105-ff104
build	10-Jan-2023 03:23:20	Step 2/3 : FROM cypress/browsers:${CYPRESS_BROWSER}
build	10-Jan-2023 03:23:20	 ---> f72e0260bf9d
build	10-Jan-2023 03:23:20	Step 3/3 : RUN export DEBIAN_FRONTEND=noninteractive &&     apt update &&         apt -y install openjdk-17-jdk
build	10-Jan-2023 03:23:20	 ---> Running in 0b000fea79fb
build	10-Jan-2023 03:23:20	[91m
build	10-Jan-2023 03:23:20	WARNING: apt does not have a stable CLI interface. Use with caution in scripts.
build	10-Jan-2023 03:23:20	
build	10-Jan-2023 03:23:20	[0mGet:1 http://deb.debian.org/debian bullseye InRelease [116 kB]
build	10-Jan-2023 03:23:20	Get:2 http://deb.debian.org/debian-security bullseye-security InRelease [48.4 kB]
build	10-Jan-2023 03:23:20	Get:3 http://deb.debian.org/debian bullseye-updates InRelease [44.1 kB]
build	10-Jan-2023 03:23:20	Get:4 https://dl.google.com/linux/chrome/deb stable InRelease [1811 B]
build	10-Jan-2023 03:23:21	Get:5 http://deb.debian.org/debian bullseye/main amd64 Packages [8183 kB]
build	10-Jan-2023 03:23:21	Get:6 http://deb.debian.org/debian-security bullseye-security/main amd64 Packages [210 kB]
build	10-Jan-2023 03:23:21	Get:7 http://deb.debian.org/debian bullseye-updates/main amd64 Packages [14.6 kB]
build	10-Jan-2023 03:23:21	Get:8 https://dl.google.com/linux/chrome/deb stable/main amd64 Packages [1094 B]
build	10-Jan-2023 03:23:22	Fetched 8619 kB in 1s (6993 kB/s)
build	10-Jan-2023 03:23:22	Reading package lists...
build	10-Jan-2023 03:23:22	Building dependency tree...
build	10-Jan-2023 03:23:22	Reading state information...
build	10-Jan-2023 03:23:22	15 packages can be upgraded. Run 'apt list --upgradable' to see them.
build	10-Jan-2023 03:23:22	[91m
build	10-Jan-2023 03:23:22	WARNING: apt does not have a stable CLI interface. Use with caution in scripts.
build	10-Jan-2023 03:23:22	
build	10-Jan-2023 03:23:23	[0mReading package lists...
build	10-Jan-2023 03:23:23	Building dependency tree...
build	10-Jan-2023 03:23:23	Reading state information...
build	10-Jan-2023 03:23:23	The following additional packages will be installed:
build	10-Jan-2023 03:23:23	  ca-certificates-java fonts-dejavu-extra java-common libatk-wrapper-java
build	10-Jan-2023 03:23:23	  libatk-wrapper-java-jni libgif7 libice-dev libpcsclite1
build	10-Jan-2023 03:23:23	  libpthread-stubs0-dev libsm-dev libx11-dev libxau-dev libxcb1-dev
build	10-Jan-2023 03:23:23	  libxdmcp-dev libxt-dev openjdk-17-jdk-headless openjdk-17-jre
build	10-Jan-2023 03:23:23	  openjdk-17-jre-headless x11proto-dev xorg-sgml-doctools xtrans-dev
build	10-Jan-2023 03:23:23	Suggested packages:
build	10-Jan-2023 03:23:23	  default-jre libice-doc pcscd libsm-doc libx11-doc libxcb-doc libxt-doc
build	10-Jan-2023 03:23:23	  openjdk-17-demo openjdk-17-source visualvm libnss-mdns fonts-ipafont-gothic
build	10-Jan-2023 03:23:23	  fonts-ipafont-mincho fonts-indic
build	10-Jan-2023 03:23:23	The following NEW packages will be installed:
build	10-Jan-2023 03:23:23	  ca-certificates-java fonts-dejavu-extra java-common libatk-wrapper-java
build	10-Jan-2023 03:23:23	  libatk-wrapper-java-jni libgif7 libice-dev libpcsclite1
build	10-Jan-2023 03:23:23	  libpthread-stubs0-dev libsm-dev libx11-dev libxau-dev libxcb1-dev
build	10-Jan-2023 03:23:23	  libxdmcp-dev libxt-dev openjdk-17-jdk openjdk-17-jdk-headless openjdk-17-jre
build	10-Jan-2023 03:23:23	  openjdk-17-jre-headless x11proto-dev xorg-sgml-doctools xtrans-dev
build	10-Jan-2023 03:23:23	0 upgraded, 22 newly installed, 0 to remove and 15 not upgraded.
build	10-Jan-2023 03:23:23	Need to get 283 MB of archives.
build	10-Jan-2023 03:23:23	After this operation, 452 MB of additional disk space will be used.
build	10-Jan-2023 03:23:23	Get:1 http://deb.debian.org/debian bullseye/main amd64 java-common all 0.72 [14.5 kB]
build	10-Jan-2023 03:23:23	Get:2 http://deb.debian.org/debian bullseye/main amd64 libpcsclite1 amd64 1.9.1-1 [60.2 kB]
build	10-Jan-2023 03:23:23	Get:3 http://deb.debian.org/debian bullseye/main amd64 openjdk-17-jre-headless amd64 17.0.4+8-1~deb11u1 [43.5 MB]
build	10-Jan-2023 03:23:24	Get:4 http://deb.debian.org/debian bullseye/main amd64 ca-certificates-java all 20190909 [15.7 kB]
build	10-Jan-2023 03:23:24	Get:5 http://deb.debian.org/debian bullseye/main amd64 fonts-dejavu-extra all 2.37-2 [2070 kB]
build	10-Jan-2023 03:23:24	Get:6 http://deb.debian.org/debian bullseye/main amd64 libatk-wrapper-java all 0.38.0-2+deb11u1 [64.7 kB]
build	10-Jan-2023 03:23:24	Get:7 http://deb.debian.org/debian bullseye/main amd64 libatk-wrapper-java-jni amd64 0.38.0-2+deb11u1 [56.2 kB]
build	10-Jan-2023 03:23:24	Get:8 http://deb.debian.org/debian bullseye/main amd64 libgif7 amd64 5.1.9-2 [45.1 kB]
build	10-Jan-2023 03:23:24	Get:9 http://deb.debian.org/debian bullseye/main amd64 xorg-sgml-doctools all 1:1.11-1.1 [22.1 kB]
build	10-Jan-2023 03:23:24	Get:10 http://deb.debian.org/debian bullseye/main amd64 x11proto-dev all 2020.1-1 [594 kB]
build	10-Jan-2023 03:23:24	Get:11 http://deb.debian.org/debian bullseye/main amd64 libice-dev amd64 2:1.0.10-1 [67.1 kB]
build	10-Jan-2023 03:23:24	Get:12 http://deb.debian.org/debian bullseye/main amd64 libpthread-stubs0-dev amd64 0.4-1 [5344 B]
build	10-Jan-2023 03:23:24	Get:13 http://deb.debian.org/debian bullseye/main amd64 libsm-dev amd64 2:1.2.3-1 [38.0 kB]
build	10-Jan-2023 03:23:24	Get:14 http://deb.debian.org/debian bullseye/main amd64 libxau-dev amd64 1:1.0.9-1 [22.9 kB]
build	10-Jan-2023 03:23:24	Get:15 http://deb.debian.org/debian bullseye/main amd64 libxdmcp-dev amd64 1:1.1.2-3 [42.2 kB]
build	10-Jan-2023 03:23:24	Get:16 http://deb.debian.org/debian bullseye/main amd64 xtrans-dev all 1.4.0-1 [98.7 kB]
build	10-Jan-2023 03:23:24	Get:17 http://deb.debian.org/debian bullseye/main amd64 libxcb1-dev amd64 1.14-3 [176 kB]
build	10-Jan-2023 03:23:24	Get:18 http://deb.debian.org/debian bullseye/main amd64 libx11-dev amd64 2:1.7.2-1 [841 kB]
build	10-Jan-2023 03:23:24	Get:19 http://deb.debian.org/debian bullseye/main amd64 libxt-dev amd64 1:1.2.0-1 [407 kB]
build	10-Jan-2023 03:23:24	Get:20 http://deb.debian.org/debian bullseye/main amd64 openjdk-17-jre amd64 17.0.4+8-1~deb11u1 [167 kB]
build	10-Jan-2023 03:23:24	Get:21 http://deb.debian.org/debian bullseye/main amd64 openjdk-17-jdk-headless amd64 17.0.4+8-1~deb11u1 [234 MB]
build	10-Jan-2023 03:23:26	Get:22 http://deb.debian.org/debian bullseye/main amd64 openjdk-17-jdk amd64 17.0.4+8-1~deb11u1 [10.5 kB]
build	10-Jan-2023 03:23:26	[91mdebconf: delaying package configuration, since apt-utils is not installed
build	10-Jan-2023 03:23:26	[0mFetched 283 MB in 2s (133 MB/s)
build	10-Jan-2023 03:23:26	Selecting previously unselected package java-common.
build	10-Jan-2023 03:23:26	(Reading database ... 
build	10-Jan-2023 03:23:26	(Reading database ... 5%
build	10-Jan-2023 03:23:26	(Reading database ... 10%
build	10-Jan-2023 03:23:26	(Reading database ... 15%
build	10-Jan-2023 03:23:26	(Reading database ... 20%
build	10-Jan-2023 03:23:26	(Reading database ... 25%
build	10-Jan-2023 03:23:26	(Reading database ... 30%
build	10-Jan-2023 03:23:26	(Reading database ... 35%
build	10-Jan-2023 03:23:26	(Reading database ... 40%
build	10-Jan-2023 03:23:26	(Reading database ... 45%
build	10-Jan-2023 03:23:26	(Reading database ... 50%
build	10-Jan-2023 03:23:26	(Reading database ... 55%
build	10-Jan-2023 03:23:26	(Reading database ... 60%
build	10-Jan-2023 03:23:26	(Reading database ... 65%
build	10-Jan-2023 03:23:26	(Reading database ... 70%
build	10-Jan-2023 03:23:26	(Reading database ... 75%
build	10-Jan-2023 03:23:26	(Reading database ... 80%
build	10-Jan-2023 03:23:26	(Reading database ... 85%
build	10-Jan-2023 03:23:26	(Reading database ... 90%
build	10-Jan-2023 03:23:26	(Reading database ... 95%
build	10-Jan-2023 03:23:26	(Reading database ... 100%
build	10-Jan-2023 03:23:26	(Reading database ... 26897 files and directories currently installed.)
build	10-Jan-2023 03:23:26	Preparing to unpack .../00-java-common_0.72_all.deb ...
build	10-Jan-2023 03:23:26	Unpacking java-common (0.72) ...
build	10-Jan-2023 03:23:26	Selecting previously unselected package libpcsclite1:amd64.
build	10-Jan-2023 03:23:26	Preparing to unpack .../01-libpcsclite1_1.9.1-1_amd64.deb ...
build	10-Jan-2023 03:23:26	Unpacking libpcsclite1:amd64 (1.9.1-1) ...
build	10-Jan-2023 03:23:26	Selecting previously unselected package openjdk-17-jre-headless:amd64.
build	10-Jan-2023 03:23:26	Preparing to unpack .../02-openjdk-17-jre-headless_17.0.4+8-1~deb11u1_amd64.deb ...
build	10-Jan-2023 03:23:26	Unpacking openjdk-17-jre-headless:amd64 (17.0.4+8-1~deb11u1) ...
build	10-Jan-2023 03:23:30	Selecting previously unselected package ca-certificates-java.
build	10-Jan-2023 03:23:30	Preparing to unpack .../03-ca-certificates-java_20190909_all.deb ...
build	10-Jan-2023 03:23:30	Unpacking ca-certificates-java (20190909) ...
build	10-Jan-2023 03:23:30	Selecting previously unselected package fonts-dejavu-extra.
build	10-Jan-2023 03:23:30	Preparing to unpack .../04-fonts-dejavu-extra_2.37-2_all.deb ...
build	10-Jan-2023 03:23:30	Unpacking fonts-dejavu-extra (2.37-2) ...
build	10-Jan-2023 03:23:31	Selecting previously unselected package libatk-wrapper-java.
build	10-Jan-2023 03:23:31	Preparing to unpack .../05-libatk-wrapper-java_0.38.0-2+deb11u1_all.deb ...
build	10-Jan-2023 03:23:31	Unpacking libatk-wrapper-java (0.38.0-2+deb11u1) ...
build	10-Jan-2023 03:23:31	Selecting previously unselected package libatk-wrapper-java-jni:amd64.
build	10-Jan-2023 03:23:31	Preparing to unpack .../06-libatk-wrapper-java-jni_0.38.0-2+deb11u1_amd64.deb ...
build	10-Jan-2023 03:23:31	Unpacking libatk-wrapper-java-jni:amd64 (0.38.0-2+deb11u1) ...
build	10-Jan-2023 03:23:31	Selecting previously unselected package libgif7:amd64.
build	10-Jan-2023 03:23:31	Preparing to unpack .../07-libgif7_5.1.9-2_amd64.deb ...
build	10-Jan-2023 03:23:31	Unpacking libgif7:amd64 (5.1.9-2) ...
build	10-Jan-2023 03:23:31	Selecting previously unselected package xorg-sgml-doctools.
build	10-Jan-2023 03:23:31	Preparing to unpack .../08-xorg-sgml-doctools_1%3a1.11-1.1_all.deb ...
build	10-Jan-2023 03:23:31	Unpacking xorg-sgml-doctools (1:1.11-1.1) ...
build	10-Jan-2023 03:23:31	Selecting previously unselected package x11proto-dev.
build	10-Jan-2023 03:23:31	Preparing to unpack .../09-x11proto-dev_2020.1-1_all.deb ...
build	10-Jan-2023 03:23:31	Unpacking x11proto-dev (2020.1-1) ...
build	10-Jan-2023 03:23:32	Selecting previously unselected package libice-dev:amd64.
build	10-Jan-2023 03:23:32	Preparing to unpack .../10-libice-dev_2%3a1.0.10-1_amd64.deb ...
build	10-Jan-2023 03:23:32	Unpacking libice-dev:amd64 (2:1.0.10-1) ...
build	10-Jan-2023 03:23:32	Selecting previously unselected package libpthread-stubs0-dev:amd64.
build	10-Jan-2023 03:23:32	Preparing to unpack .../11-libpthread-stubs0-dev_0.4-1_amd64.deb ...
build	10-Jan-2023 03:23:32	Unpacking libpthread-stubs0-dev:amd64 (0.4-1) ...
build	10-Jan-2023 03:23:32	Selecting previously unselected package libsm-dev:amd64.
build	10-Jan-2023 03:23:32	Preparing to unpack .../12-libsm-dev_2%3a1.2.3-1_amd64.deb ...
build	10-Jan-2023 03:23:32	Unpacking libsm-dev:amd64 (2:1.2.3-1) ...
build	10-Jan-2023 03:23:32	Selecting previously unselected package libxau-dev:amd64.
build	10-Jan-2023 03:23:32	Preparing to unpack .../13-libxau-dev_1%3a1.0.9-1_amd64.deb ...
build	10-Jan-2023 03:23:32	Unpacking libxau-dev:amd64 (1:1.0.9-1) ...
build	10-Jan-2023 03:23:32	Selecting previously unselected package libxdmcp-dev:amd64.
build	10-Jan-2023 03:23:32	Preparing to unpack .../14-libxdmcp-dev_1%3a1.1.2-3_amd64.deb ...
build	10-Jan-2023 03:23:32	Unpacking libxdmcp-dev:amd64 (1:1.1.2-3) ...
build	10-Jan-2023 03:23:32	Selecting previously unselected package xtrans-dev.
build	10-Jan-2023 03:23:32	Preparing to unpack .../15-xtrans-dev_1.4.0-1_all.deb ...
build	10-Jan-2023 03:23:32	Unpacking xtrans-dev (1.4.0-1) ...
build	10-Jan-2023 03:23:33	Selecting previously unselected package libxcb1-dev:amd64.
build	10-Jan-2023 03:23:33	Preparing to unpack .../16-libxcb1-dev_1.14-3_amd64.deb ...
build	10-Jan-2023 03:23:33	Unpacking libxcb1-dev:amd64 (1.14-3) ...
build	10-Jan-2023 03:23:33	Selecting previously unselected package libx11-dev:amd64.
build	10-Jan-2023 03:23:33	Preparing to unpack .../17-libx11-dev_2%3a1.7.2-1_amd64.deb ...
build	10-Jan-2023 03:23:33	Unpacking libx11-dev:amd64 (2:1.7.2-1) ...
build	10-Jan-2023 03:23:33	Selecting previously unselected package libxt-dev:amd64.
build	10-Jan-2023 03:23:33	Preparing to unpack .../18-libxt-dev_1%3a1.2.0-1_amd64.deb ...
build	10-Jan-2023 03:23:33	Unpacking libxt-dev:amd64 (1:1.2.0-1) ...
build	10-Jan-2023 03:23:33	Selecting previously unselected package openjdk-17-jre:amd64.
build	10-Jan-2023 03:23:33	Preparing to unpack .../19-openjdk-17-jre_17.0.4+8-1~deb11u1_amd64.deb ...
build	10-Jan-2023 03:23:33	Unpacking openjdk-17-jre:amd64 (17.0.4+8-1~deb11u1) ...
build	10-Jan-2023 03:23:34	Selecting previously unselected package openjdk-17-jdk-headless:amd64.
build	10-Jan-2023 03:23:34	Preparing to unpack .../20-openjdk-17-jdk-headless_17.0.4+8-1~deb11u1_amd64.deb ...
build	10-Jan-2023 03:23:34	Unpacking openjdk-17-jdk-headless:amd64 (17.0.4+8-1~deb11u1) ...
build	10-Jan-2023 03:23:42	Selecting previously unselected package openjdk-17-jdk:amd64.
build	10-Jan-2023 03:23:42	Preparing to unpack .../21-openjdk-17-jdk_17.0.4+8-1~deb11u1_amd64.deb ...
build	10-Jan-2023 03:23:42	Unpacking openjdk-17-jdk:amd64 (17.0.4+8-1~deb11u1) ...
build	10-Jan-2023 03:23:42	Setting up java-common (0.72) ...
build	10-Jan-2023 03:23:42	Setting up libpthread-stubs0-dev:amd64 (0.4-1) ...
build	10-Jan-2023 03:23:42	Setting up xtrans-dev (1.4.0-1) ...
build	10-Jan-2023 03:23:42	Setting up libpcsclite1:amd64 (1.9.1-1) ...
build	10-Jan-2023 03:23:43	Setting up libgif7:amd64 (5.1.9-2) ...
build	10-Jan-2023 03:23:43	Setting up fonts-dejavu-extra (2.37-2) ...
build	10-Jan-2023 03:23:43	Setting up xorg-sgml-doctools (1:1.11-1.1) ...
build	10-Jan-2023 03:23:43	Setting up libatk-wrapper-java (0.38.0-2+deb11u1) ...
build	10-Jan-2023 03:23:43	Setting up x11proto-dev (2020.1-1) ...
build	10-Jan-2023 03:23:43	Setting up libxau-dev:amd64 (1:1.0.9-1) ...
build	10-Jan-2023 03:23:43	Setting up libice-dev:amd64 (2:1.0.10-1) ...
build	10-Jan-2023 03:23:43	Setting up libsm-dev:amd64 (2:1.2.3-1) ...
build	10-Jan-2023 03:23:43	Setting up libatk-wrapper-java-jni:amd64 (0.38.0-2+deb11u1) ...
build	10-Jan-2023 03:23:43	Setting up libxdmcp-dev:amd64 (1:1.1.2-3) ...
build	10-Jan-2023 03:23:43	Setting up libxcb1-dev:amd64 (1.14-3) ...
build	10-Jan-2023 03:23:43	Setting up libx11-dev:amd64 (2:1.7.2-1) ...
build	10-Jan-2023 03:23:43	Setting up libxt-dev:amd64 (1:1.2.0-1) ...
build	10-Jan-2023 03:23:43	Setting up ca-certificates-java (20190909) ...
build	10-Jan-2023 03:23:44	head: cannot open '/etc/ssl/certs/java/cacerts' for reading: No such file or directory
build	10-Jan-2023 03:23:44	Adding debian:certSIGN_Root_CA_G2.pem
build	10-Jan-2023 03:23:44	Adding debian:D-TRUST_Root_Class_3_CA_2_2009.pem
build	10-Jan-2023 03:23:44	Adding debian:IdenTrust_Commercial_Root_CA_1.pem
build	10-Jan-2023 03:23:44	Adding debian:Network_Solutions_Certificate_Authority.pem
build	10-Jan-2023 03:23:44	Adding debian:Global_Chambersign_Root_-_2008.pem
build	10-Jan-2023 03:23:44	Adding debian:T-TeleSec_GlobalRoot_Class_3.pem
build	10-Jan-2023 03:23:44	Adding debian:DigiCert_Global_Root_G3.pem
build	10-Jan-2023 03:23:44	Adding debian:Security_Communication_RootCA2.pem
build	10-Jan-2023 03:23:44	Adding debian:GDCA_TrustAUTH_R5_ROOT.pem
build	10-Jan-2023 03:23:44	Adding debian:SSL.com_Root_Certification_Authority_RSA.pem
build	10-Jan-2023 03:23:44	Adding debian:COMODO_Certification_Authority.pem
build	10-Jan-2023 03:23:44	Adding debian:T-TeleSec_GlobalRoot_Class_2.pem
build	10-Jan-2023 03:23:44	Adding debian:Autoridad_de_Certificacion_Firmaprofesional_CIF_A62634068.pem
build	10-Jan-2023 03:23:44	Adding debian:Certigna.pem
build	10-Jan-2023 03:23:44	Adding debian:OISTE_WISeKey_Global_Root_GB_CA.pem
build	10-Jan-2023 03:23:44	Adding debian:GlobalSign_Root_CA_-_R3.pem
build	10-Jan-2023 03:23:44	Adding debian:GlobalSign_ECC_Root_CA_-_R5.pem
build	10-Jan-2023 03:23:44	Adding debian:IdenTrust_Public_Sector_Root_CA_1.pem
build	10-Jan-2023 03:23:44	Adding debian:NetLock_Arany_=Class_Gold=_Ftanstvny.pem
build	10-Jan-2023 03:23:44	Adding debian:Entrust.net_Premium_2048_Secure_Server_CA.pem
build	10-Jan-2023 03:23:44	Adding debian:DigiCert_Global_Root_G2.pem
build	10-Jan-2023 03:23:44	Adding debian:Chambers_of_Commerce_Root_-_2008.pem
build	10-Jan-2023 03:23:44	Adding debian:Trustwave_Global_ECC_P384_Certification_Authority.pem
build	10-Jan-2023 03:23:44	Adding debian:QuoVadis_Root_CA.pem
build	10-Jan-2023 03:23:44	Adding debian:Comodo_AAA_Services_root.pem
build	10-Jan-2023 03:23:44	Adding debian:DigiCert_Trusted_Root_G4.pem
build	10-Jan-2023 03:23:44	Adding debian:SwissSign_Silver_CA_-_G2.pem
build	10-Jan-2023 03:23:44	Adding debian:TeliaSonera_Root_CA_v1.pem
build	10-Jan-2023 03:23:44	Adding debian:Amazon_Root_CA_4.pem
build	10-Jan-2023 03:23:44	Adding debian:Hongkong_Post_Root_CA_1.pem
build	10-Jan-2023 03:23:44	Adding debian:QuoVadis_Root_CA_3.pem
build	10-Jan-2023 03:23:44	Adding debian:certSIGN_ROOT_CA.pem
build	10-Jan-2023 03:23:44	Adding debian:Entrust_Root_Certification_Authority_-_G4.pem
build	10-Jan-2023 03:23:44	Adding debian:USERTrust_ECC_Certification_Authority.pem
build	10-Jan-2023 03:23:44	Adding debian:DigiCert_Global_Root_CA.pem
build	10-Jan-2023 03:23:44	Adding debian:emSign_Root_CA_-_G1.pem
build	10-Jan-2023 03:23:44	Adding debian:Izenpe.com.pem
build	10-Jan-2023 03:23:44	Adding debian:GTS_Root_R3.pem
build	10-Jan-2023 03:23:44	Adding debian:ACCVRAIZ1.pem
build	10-Jan-2023 03:23:44	Adding debian:Secure_Global_CA.pem
build	10-Jan-2023 03:23:44	Adding debian:TrustCor_RootCert_CA-2.pem
build	10-Jan-2023 03:23:44	Adding debian:SSL.com_EV_Root_Certification_Authority_ECC.pem
build	10-Jan-2023 03:23:44	Adding debian:COMODO_ECC_Certification_Authority.pem
build	10-Jan-2023 03:23:44	Adding debian:SwissSign_Gold_CA_-_G2.pem
build	10-Jan-2023 03:23:44	Adding debian:Trustwave_Global_Certification_Authority.pem
build	10-Jan-2023 03:23:44	Adding debian:Microsec_e-Szigno_Root_CA_2009.pem
build	10-Jan-2023 03:23:44	Adding debian:GTS_Root_R2.pem
build	10-Jan-2023 03:23:44	Adding debian:SSL.com_EV_Root_Certification_Authority_RSA_R2.pem
build	10-Jan-2023 03:23:44	Adding debian:DigiCert_Assured_ID_Root_CA.pem
build	10-Jan-2023 03:23:44	Adding debian:GlobalSign_ECC_Root_CA_-_R4.pem
build	10-Jan-2023 03:23:44	Adding debian:Cybertrust_Global_Root.pem
build	10-Jan-2023 03:23:44	Adding debian:DigiCert_Assured_ID_Root_G3.pem
build	10-Jan-2023 03:23:44	Adding debian:Buypass_Class_3_Root_CA.pem
build	10-Jan-2023 03:23:44	Adding debian:QuoVadis_Root_CA_1_G3.pem
build	10-Jan-2023 03:23:44	Adding debian:emSign_Root_CA_-_C1.pem
build	10-Jan-2023 03:23:44	Adding debian:Certum_Trusted_Network_CA_2.pem
build	10-Jan-2023 03:23:44	Adding debian:Amazon_Root_CA_3.pem
build	10-Jan-2023 03:23:44	Adding debian:Starfield_Services_Root_Certificate_Authority_-_G2.pem
build	10-Jan-2023 03:23:44	Adding debian:SZAFIR_ROOT_CA2.pem
build	10-Jan-2023 03:23:44	Adding debian:Entrust_Root_Certification_Authority.pem
build	10-Jan-2023 03:23:44	Adding debian:Microsoft_ECC_Root_Certificate_Authority_2017.pem
build	10-Jan-2023 03:23:44	Adding debian:GlobalSign_Root_CA_-_R2.pem
build	10-Jan-2023 03:23:44	Adding debian:SecureTrust_CA.pem
build	10-Jan-2023 03:23:44	Adding debian:Buypass_Class_2_Root_CA.pem
build	10-Jan-2023 03:23:44	Adding debian:AffirmTrust_Commercial.pem
build	10-Jan-2023 03:23:44	Adding debian:Certum_Trusted_Network_CA.pem
build	10-Jan-2023 03:23:44	Adding debian:TrustCor_ECA-1.pem
build	10-Jan-2023 03:23:44	Adding debian:Amazon_Root_CA_1.pem
build	10-Jan-2023 03:23:44	Adding debian:Starfield_Class_2_CA.pem
build	10-Jan-2023 03:23:44	Adding debian:QuoVadis_Root_CA_2_G3.pem
build	10-Jan-2023 03:23:44	Adding debian:emSign_ECC_Root_CA_-_C3.pem
build	10-Jan-2023 03:23:44	Adding debian:Hellenic_Academic_and_Research_Institutions_RootCA_2011.pem
build	10-Jan-2023 03:23:44	Adding debian:NAVER_Global_Root_Certification_Authority.pem
build	10-Jan-2023 03:23:44	Adding debian:TUBITAK_Kamu_SM_SSL_Kok_Sertifikasi_-_Surum_1.pem
build	10-Jan-2023 03:23:44	Adding debian:AffirmTrust_Networking.pem
build	10-Jan-2023 03:23:44	Adding debian:Trustwave_Global_ECC_P256_Certification_Authority.pem
build	10-Jan-2023 03:23:44	Adding debian:e-Szigno_Root_CA_2017.pem
build	10-Jan-2023 03:23:44	Adding debian:TrustCor_RootCert_CA-1.pem
build	10-Jan-2023 03:23:44	Adding debian:UCA_Global_G2_Root.pem
build	10-Jan-2023 03:23:44	Adding debian:Certigna_Root_CA.pem
build	10-Jan-2023 03:23:44	Adding debian:Entrust_Root_Certification_Authority_-_G2.pem
build	10-Jan-2023 03:23:44	Adding debian:GTS_Root_R4.pem
build	10-Jan-2023 03:23:44	Adding debian:TWCA_Root_Certification_Authority.pem
build	10-Jan-2023 03:23:44	Adding debian:UCA_Extended_Validation_Root.pem
build	10-Jan-2023 03:23:44	Adding debian:CFCA_EV_ROOT.pem
build	10-Jan-2023 03:23:44	Adding debian:ISRG_Root_X1.pem
build	10-Jan-2023 03:23:44	Adding debian:Actalis_Authentication_Root_CA.pem
build	10-Jan-2023 03:23:44	Adding debian:Starfield_Root_Certificate_Authority_-_G2.pem
build	10-Jan-2023 03:23:44	Adding debian:XRamp_Global_CA_Root.pem
build	10-Jan-2023 03:23:44	Adding debian:GlobalSign_Root_CA_-_R6.pem
build	10-Jan-2023 03:23:44	Adding debian:Staat_der_Nederlanden_EV_Root_CA.pem
build	10-Jan-2023 03:23:44	Adding debian:Amazon_Root_CA_2.pem
build	10-Jan-2023 03:23:44	Adding debian:SecureSign_RootCA11.pem
build	10-Jan-2023 03:23:44	Adding debian:Hongkong_Post_Root_CA_3.pem
build	10-Jan-2023 03:23:44	Adding debian:VeriSign_Universal_Root_Certification_Authority.pem
build	10-Jan-2023 03:23:44	Adding debian:D-TRUST_Root_Class_3_CA_2_EV_2009.pem
build	10-Jan-2023 03:23:44	Adding debian:Hellenic_Academic_and_Research_Institutions_ECC_RootCA_2015.pem
build	10-Jan-2023 03:23:44	Adding debian:Go_Daddy_Class_2_CA.pem
build	10-Jan-2023 03:23:44	Adding debian:ePKI_Root_Certification_Authority.pem
build	10-Jan-2023 03:23:44	Adding debian:Sonera_Class_2_Root_CA.pem
build	10-Jan-2023 03:23:44	Adding debian:AffirmTrust_Premium_ECC.pem
build	10-Jan-2023 03:23:44	Adding debian:DigiCert_High_Assurance_EV_Root_CA.pem
build	10-Jan-2023 03:23:44	Adding debian:QuoVadis_Root_CA_2.pem
build	10-Jan-2023 03:23:44	Adding debian:Security_Communication_Root_CA.pem
build	10-Jan-2023 03:23:44	Adding debian:AC_RAIZ_FNMT-RCM.pem
build	10-Jan-2023 03:23:44	Adding debian:USERTrust_RSA_Certification_Authority.pem
build	10-Jan-2023 03:23:44	Adding debian:TWCA_Global_Root_CA.pem
build	10-Jan-2023 03:23:44	Adding debian:Staat_der_Nederlanden_Root_CA_-_G3.pem
build	10-Jan-2023 03:23:44	Adding debian:SSL.com_Root_Certification_Authority_ECC.pem
build	10-Jan-2023 03:23:44	Adding debian:Atos_TrustedRoot_2011.pem
build	10-Jan-2023 03:23:44	Adding debian:EC-ACC.pem
build	10-Jan-2023 03:23:44	Adding debian:CA_Disig_Root_R2.pem
build	10-Jan-2023 03:23:44	Adding debian:COMODO_RSA_Certification_Authority.pem
build	10-Jan-2023 03:23:44	Adding debian:Trustis_FPS_Root_CA.pem
build	10-Jan-2023 03:23:44	Adding debian:E-Tugra_Certification_Authority.pem
build	10-Jan-2023 03:23:44	Adding debian:Go_Daddy_Root_Certificate_Authority_-_G2.pem
build	10-Jan-2023 03:23:44	Adding debian:Microsoft_RSA_Root_Certificate_Authority_2017.pem
build	10-Jan-2023 03:23:44	Adding debian:DigiCert_Assured_ID_Root_G2.pem
build	10-Jan-2023 03:23:44	Adding debian:emSign_ECC_Root_CA_-_G3.pem
build	10-Jan-2023 03:23:44	Adding debian:QuoVadis_Root_CA_3_G3.pem
build	10-Jan-2023 03:23:44	Adding debian:GlobalSign_Root_CA.pem
build	10-Jan-2023 03:23:44	Adding debian:OISTE_WISeKey_Global_Root_GC_CA.pem
build	10-Jan-2023 03:23:44	Adding debian:Entrust_Root_Certification_Authority_-_EC1.pem
build	10-Jan-2023 03:23:44	Adding debian:Baltimore_CyberTrust_Root.pem
build	10-Jan-2023 03:23:44	Adding debian:GTS_Root_R1.pem
build	10-Jan-2023 03:23:44	Adding debian:AffirmTrust_Premium.pem
build	10-Jan-2023 03:23:44	Adding debian:GeoTrust_Primary_Certification_Authority_-_G2.pem
build	10-Jan-2023 03:23:44	Adding debian:DST_Root_CA_X3.pem
build	10-Jan-2023 03:23:44	Adding debian:Hellenic_Academic_and_Research_Institutions_RootCA_2015.pem
build	10-Jan-2023 03:23:44	done.
build	10-Jan-2023 03:23:44	Processing triggers for fontconfig (2.13.1-4.2) ...
build	10-Jan-2023 03:23:44	Processing triggers for hicolor-icon-theme (0.17-2) ...
build	10-Jan-2023 03:23:44	Processing triggers for libc-bin (2.31-13+deb11u5) ...
build	10-Jan-2023 03:23:45	Processing triggers for ca-certificates (20210119) ...
build	10-Jan-2023 03:23:45	Updating certificates in /etc/ssl/certs...
build	10-Jan-2023 03:23:45	0 added, 0 removed; done.
build	10-Jan-2023 03:23:45	Running hooks in /etc/ca-certificates/update.d...
build	10-Jan-2023 03:23:45	
build	10-Jan-2023 03:23:45	/etc/ca-certificates/update.d/jks-keystore: 82: java: not found
build	10-Jan-2023 03:23:45	E: /etc/ca-certificates/update.d/jks-keystore exited with code 1.
build	10-Jan-2023 03:23:45	done.
build	10-Jan-2023 03:23:45	Setting up openjdk-17-jre-headless:amd64 (17.0.4+8-1~deb11u1) ...
build	10-Jan-2023 03:23:46	update-alternatives: using /usr/lib/jvm/java-17-openjdk-amd64/bin/java to provide /usr/bin/java (java) in auto mode
build	10-Jan-2023 03:23:46	update-alternatives: using /usr/lib/jvm/java-17-openjdk-amd64/bin/jpackage to provide /usr/bin/jpackage (jpackage) in auto mode
build	10-Jan-2023 03:23:46	update-alternatives: using /usr/lib/jvm/java-17-openjdk-amd64/bin/keytool to provide /usr/bin/keytool (keytool) in auto mode
build	10-Jan-2023 03:23:46	update-alternatives: using /usr/lib/jvm/java-17-openjdk-amd64/bin/rmiregistry to provide /usr/bin/rmiregistry (rmiregistry) in auto mode
build	10-Jan-2023 03:23:46	update-alternatives: using /usr/lib/jvm/java-17-openjdk-amd64/lib/jexec to provide /usr/bin/jexec (jexec) in auto mode
build	10-Jan-2023 03:23:46	Setting up openjdk-17-jre:amd64 (17.0.4+8-1~deb11u1) ...
build	10-Jan-2023 03:23:46	Setting up openjdk-17-jdk-headless:amd64 (17.0.4+8-1~deb11u1) ...
build	10-Jan-2023 03:23:46	update-alternatives: using /usr/lib/jvm/java-17-openjdk-amd64/bin/jar to provide /usr/bin/jar (jar) in auto mode
build	10-Jan-2023 03:23:46	update-alternatives: using /usr/lib/jvm/java-17-openjdk-amd64/bin/jarsigner to provide /usr/bin/jarsigner (jarsigner) in auto mode
build	10-Jan-2023 03:23:46	update-alternatives: using /usr/lib/jvm/java-17-openjdk-amd64/bin/javac to provide /usr/bin/javac (javac) in auto mode
build	10-Jan-2023 03:23:46	update-alternatives: using /usr/lib/jvm/java-17-openjdk-amd64/bin/javadoc to provide /usr/bin/javadoc (javadoc) in auto mode
build	10-Jan-2023 03:23:46	update-alternatives: using /usr/lib/jvm/java-17-openjdk-amd64/bin/javap to provide /usr/bin/javap (javap) in auto mode
build	10-Jan-2023 03:23:46	update-alternatives: using /usr/lib/jvm/java-17-openjdk-amd64/bin/jcmd to provide /usr/bin/jcmd (jcmd) in auto mode
build	10-Jan-2023 03:23:46	update-alternatives: using /usr/lib/jvm/java-17-openjdk-amd64/bin/jdb to provide /usr/bin/jdb (jdb) in auto mode
build	10-Jan-2023 03:23:46	update-alternatives: using /usr/lib/jvm/java-17-openjdk-amd64/bin/jdeprscan to provide /usr/bin/jdeprscan (jdeprscan) in auto mode
build	10-Jan-2023 03:23:46	update-alternatives: using /usr/lib/jvm/java-17-openjdk-amd64/bin/jdeps to provide /usr/bin/jdeps (jdeps) in auto mode
build	10-Jan-2023 03:23:46	update-alternatives: using /usr/lib/jvm/java-17-openjdk-amd64/bin/jfr to provide /usr/bin/jfr (jfr) in auto mode
build	10-Jan-2023 03:23:46	update-alternatives: using /usr/lib/jvm/java-17-openjdk-amd64/bin/jimage to provide /usr/bin/jimage (jimage) in auto mode
build	10-Jan-2023 03:23:46	update-alternatives: using /usr/lib/jvm/java-17-openjdk-amd64/bin/jinfo to provide /usr/bin/jinfo (jinfo) in auto mode
build	10-Jan-2023 03:23:46	update-alternatives: using /usr/lib/jvm/java-17-openjdk-amd64/bin/jlink to provide /usr/bin/jlink (jlink) in auto mode
build	10-Jan-2023 03:23:46	update-alternatives: using /usr/lib/jvm/java-17-openjdk-amd64/bin/jmap to provide /usr/bin/jmap (jmap) in auto mode
build	10-Jan-2023 03:23:46	update-alternatives: using /usr/lib/jvm/java-17-openjdk-amd64/bin/jmod to provide /usr/bin/jmod (jmod) in auto mode
build	10-Jan-2023 03:23:46	update-alternatives: using /usr/lib/jvm/java-17-openjdk-amd64/bin/jps to provide /usr/bin/jps (jps) in auto mode
build	10-Jan-2023 03:23:46	update-alternatives: using /usr/lib/jvm/java-17-openjdk-amd64/bin/jrunscript to provide /usr/bin/jrunscript (jrunscript) in auto mode
build	10-Jan-2023 03:23:46	update-alternatives: using /usr/lib/jvm/java-17-openjdk-amd64/bin/jshell to provide /usr/bin/jshell (jshell) in auto mode
build	10-Jan-2023 03:23:46	update-alternatives: using /usr/lib/jvm/java-17-openjdk-amd64/bin/jstack to provide /usr/bin/jstack (jstack) in auto mode
build	10-Jan-2023 03:23:46	update-alternatives: using /usr/lib/jvm/java-17-openjdk-amd64/bin/jstat to provide /usr/bin/jstat (jstat) in auto mode
build	10-Jan-2023 03:23:46	update-alternatives: using /usr/lib/jvm/java-17-openjdk-amd64/bin/jstatd to provide /usr/bin/jstatd (jstatd) in auto mode
build	10-Jan-2023 03:23:46	update-alternatives: using /usr/lib/jvm/java-17-openjdk-amd64/bin/serialver to provide /usr/bin/serialver (serialver) in auto mode
build	10-Jan-2023 03:23:46	update-alternatives: using /usr/lib/jvm/java-17-openjdk-amd64/bin/jhsdb to provide /usr/bin/jhsdb (jhsdb) in auto mode
build	10-Jan-2023 03:23:46	Setting up openjdk-17-jdk:amd64 (17.0.4+8-1~deb11u1) ...
build	10-Jan-2023 03:23:47	update-alternatives: using /usr/lib/jvm/java-17-openjdk-amd64/bin/jconsole to provide /usr/bin/jconsole (jconsole) in auto mode
build	10-Jan-2023 03:23:52	Removing intermediate container 0b000fea79fb
build	10-Jan-2023 03:23:52	 ---> 913e070735ad
build	10-Jan-2023 03:23:52	
build	10-Jan-2023 03:23:52	Successfully built 913e070735ad
build	10-Jan-2023 03:23:52	Successfully tagged cypress/browsers:node18.12.0-chrome107
error	10-Jan-2023 03:23:52	using --exit-code-from implies --abort-on-container-exit
error	10-Jan-2023 03:23:53	Starting cypress_artemis-mysql_1 ... 
error	10-Jan-2023 03:23:53	[1A[2K
error	10-Jan-2023 03:23:53	Starting cypress_artemis-mysql_1 ... [32mdone[0m
error	10-Jan-2023 03:23:56	[1BRecreating cypress_artemis-app_1 ... 
error	10-Jan-2023 03:23:57	[1A[2K
error	10-Jan-2023 03:23:57	Recreating cypress_artemis-app_1 ... [32mdone[0m
error	10-Jan-2023 03:23:57	[1BRecreating cypress_artemis-cypress_1 ... 
error	10-Jan-2023 03:23:59	[1A[2K
error	10-Jan-2023 03:23:59	Recreating cypress_artemis-cypress_1 ... [32mdone[0m
build	10-Jan-2023 03:23:59	Attaching to cypress_artemis-mysql_1, cypress_artemis-app_1, cypress_artemis-cypress_1
build	10-Jan-2023 03:23:59	[36martemis-app_1      |[0m Config is not empty .. not copying default configs ..
build	10-Jan-2023 03:23:59	[36martemis-app_1      |[0m Archive:  Artemis.war
build	10-Jan-2023 03:23:59	[36martemis-app_1      |[0m  extracting: ./WEB-INF/lib/org.jacoco.agent-0.8.8.jar  
build	10-Jan-2023 03:23:59	[36martemis-app_1      |[0m Archive:  WEB-INF/lib/org.jacoco.agent-0.8.8.jar
build	10-Jan-2023 03:23:59	[36martemis-app_1      |[0m   inflating: jacocoagent.jar         
build	10-Jan-2023 03:23:59	[36martemis-app_1      |[0m Starting application...
build	10-Jan-2023 03:23:59	[36martemis-app_1      |[0m Picked up _JAVA_OPTIONS: -Xmx5120m -Xms2560m
build	10-Jan-2023 03:23:59	[32martemis-mysql_1    |[0m 2023-01-10 02:23:53+00:00 [Note] [Entrypoint]: Entrypoint script for MySQL Server 8.0.31-1.el8 started.
build	10-Jan-2023 03:23:59	[32martemis-mysql_1    |[0m 2023-01-10 02:23:53+00:00 [Note] [Entrypoint]: Switching to dedicated user 'mysql'
build	10-Jan-2023 03:23:59	[32martemis-mysql_1    |[0m 2023-01-10 02:23:53+00:00 [Note] [Entrypoint]: Entrypoint script for MySQL Server 8.0.31-1.el8 started.
build	10-Jan-2023 03:23:59	[32martemis-mysql_1    |[0m '/var/lib/mysql/mysql.sock' -> '/var/run/mysqld/mysqld.sock'
build	10-Jan-2023 03:23:59	[32martemis-mysql_1    |[0m 2023-01-10T02:23:54.725020Z 0 [Warning] [MY-011068] [Server] The syntax '--skip-host-cache' is deprecated and will be removed in a future release. Please use SET GLOBAL host_cache_size=0 instead.
build	10-Jan-2023 03:23:59	[32martemis-mysql_1    |[0m 2023-01-10T02:23:54.725058Z 0 [Warning] [MY-011068] [Server] The syntax '--ssl=off' is deprecated and will be removed in a future release. Please use --tls-version='' instead.
build	10-Jan-2023 03:23:59	[32martemis-mysql_1    |[0m 2023-01-10T02:23:54.727301Z 0 [System] [MY-010116] [Server] /usr/sbin/mysqld (mysqld 8.0.31) starting as process 1
build	10-Jan-2023 03:23:59	[32martemis-mysql_1    |[0m 2023-01-10T02:23:54.749649Z 1 [System] [MY-013576] [InnoDB] InnoDB initialization has started.
build	10-Jan-2023 03:23:59	[32martemis-mysql_1    |[0m 2023-01-10T02:23:55.152749Z 1 [System] [MY-013577] [InnoDB] InnoDB initialization has ended.
build	10-Jan-2023 03:23:59	[32martemis-mysql_1    |[0m 2023-01-10T02:23:55.681767Z 0 [Warning] [MY-011810] [Server] Insecure configuration for --pid-file: Location '/var/run/mysqld' in the path is accessible to all OS users. Consider choosing a different directory.
build	10-Jan-2023 03:23:59	[32martemis-mysql_1    |[0m 2023-01-10T02:23:55.712515Z 0 [Warning] [MY-011302] [Server] Plugin mysqlx reported: 'Failed at SSL configuration: "SSL context is not usable without certificate and private key"'
build	10-Jan-2023 03:23:59	[32martemis-mysql_1    |[0m 2023-01-10T02:23:55.712711Z 0 [System] [MY-011323] [Server] X Plugin ready for connections. Bind-address: '::' port: 33060, socket: /var/run/mysqld/mysqlx.sock
build	10-Jan-2023 03:23:59	[32martemis-mysql_1    |[0m 2023-01-10T02:23:55.713037Z 0 [System] [MY-010931] [Server] /usr/sbin/mysqld: ready for connections. Version: '8.0.31'  socket: '/var/run/mysqld/mysqld.sock'  port: 3306  MySQL Community Server - GPL.
build	10-Jan-2023 03:23:59	[33martemis-cypress_1  |[0m npm WARN EBADENGINE Unsupported engine {
build	10-Jan-2023 03:23:59	[33martemis-cypress_1  |[0m npm WARN EBADENGINE   package: '@heddendorp/coverage-git-compare@1.5.0',
build	10-Jan-2023 03:23:59	[33martemis-cypress_1  |[0m npm WARN EBADENGINE   required: { node: '^18.12.1' },
build	10-Jan-2023 03:23:59	[33martemis-cypress_1  |[0m npm WARN EBADENGINE   current: { node: 'v18.12.0', npm: '8.19.2' }
build	10-Jan-2023 03:23:59	[33martemis-cypress_1  |[0m npm WARN EBADENGINE }
build	10-Jan-2023 03:24:01	[36martemis-app_1      |[0m 
build	10-Jan-2023 03:24:01	[36martemis-app_1      |[0m   [31m   [34m   [31m
build	10-Jan-2023 03:24:01	[36martemis-app_1      |[0m   [31m[34m [31m
build	10-Jan-2023 03:24:01	[36martemis-app_1      |[0m   [31m[34m        [31m
build	10-Jan-2023 03:24:01	[36martemis-app_1      |[0m   [31m[34m        [31m
build	10-Jan-2023 03:24:01	[36martemis-app_1      |[0m   [31m    [34m        [31m
build	10-Jan-2023 03:24:01	[36martemis-app_1      |[0m   [31m    [34m           [31m
build	10-Jan-2023 03:24:01	[36martemis-app_1      |[0m 
build	10-Jan-2023 03:24:01	[36martemis-app_1      |[0m [30m:: Interactive Learning with Individual Feedback ::
build	10-Jan-2023 03:24:01	[36martemis-app_1      |[0m 
build	10-Jan-2023 03:24:01	[36martemis-app_1      |[0m [30m:: Powered by Spring Boot 2.7.6 ::
build	10-Jan-2023 03:24:01	[36martemis-app_1      |[0m 
build	10-Jan-2023 03:24:02	[36martemis-app_1      |[0m [2m2023-01-10 02:24:02.037[0;39m [32m INFO[0;39m [35m1[0;39m [2m---[0;39m [2m[           main][0;39m [36mde.tum.in.www1.artemis.ArtemisApp       [0;39m [2m:[0;39m Starting ArtemisApp v6.0.0 using Java 17.0.5 on ee80733e1a92 with PID 1 (/opt/artemis/Artemis.war started by artemis in /opt/artemis)
build	10-Jan-2023 03:24:02	[36martemis-app_1      |[0m [2m2023-01-10 02:24:02.042[0;39m [32m INFO[0;39m [35m1[0;39m [2m---[0;39m [2m[           main][0;39m [36mde.tum.in.www1.artemis.ArtemisApp       [0;39m [2m:[0;39m The following 6 profiles are active: "prod", "bamboo", "bitbucket", "jira", "artemis", "cypress"
build	10-Jan-2023 03:24:05	[33martemis-cypress_1  |[0m npm WARN deprecated mkdirp@0.5.1: Legacy versions of mkdirp are no longer supported. Please update to mkdirp 1.x. (Note that the API surface has changed to use Promises in 1.x.)
build	10-Jan-2023 03:24:18	[36martemis-app_1      |[0m [2m2023-01-10 02:24:18.334[0;39m [32m INFO[0;39m [35m1[0;39m [2m---[0;39m [2m[           main][0;39m [36md.t.i.www1.artemis.config.WebConfigurer [0;39m [2m:[0;39m Web application configuration, using profiles: prod
build	10-Jan-2023 03:24:18	[36martemis-app_1      |[0m [2m2023-01-10 02:24:18.337[0;39m [32m INFO[0;39m [35m1[0;39m [2m---[0;39m [2m[           main][0;39m [36md.t.i.www1.artemis.config.WebConfigurer [0;39m [2m:[0;39m Web application fully configured
build	10-Jan-2023 03:24:19	[36martemis-app_1      |[0m [2m2023-01-10 02:24:19.038[0;39m [32m INFO[0;39m [35m1[0;39m [2m---[0;39m [2m[           main][0;39m [36md.t.i.w.a.config.LiquibaseConfiguration [0;39m [2m:[0;39m The previous version was 6.0.0
build	10-Jan-2023 03:24:19	[36martemis-app_1      |[0m [2m2023-01-10 02:24:19.095[0;39m [32m INFO[0;39m [35m1[0;39m [2m---[0;39m [2m[           main][0;39m [36md.t.i.w.a.config.LiquibaseConfiguration [0;39m [2m:[0;39m Liquibase is enabled
build	10-Jan-2023 03:24:19	[36martemis-app_1      |[0m [2m2023-01-10 02:24:19.684[0;39m [32m INFO[0;39m [35m1[0;39m [2m---[0;39m [2m[           main][0;39m [36mliquibase.lockservice                   [0;39m [2m:[0;39m Successfully acquired change log lock
build	10-Jan-2023 03:24:20	[36martemis-app_1      |[0m [2m2023-01-10 02:24:20.846[0;39m [32m INFO[0;39m [35m1[0;39m [2m---[0;39m [2m[           main][0;39m [36mliquibase.changelog                     [0;39m [2m:[0;39m Reading from Artemis.DATABASECHANGELOG
build	10-Jan-2023 03:24:21	[36martemis-app_1      |[0m [2m2023-01-10 02:24:21.124[0;39m [32m INFO[0;39m [35m1[0;39m [2m---[0;39m [2m[           main][0;39m [36mliquibase.lockservice                   [0;39m [2m:[0;39m Successfully released change log lock
build	10-Jan-2023 03:24:21	[36martemis-app_1      |[0m [2m2023-01-10 02:24:21.132[0;39m [33m WARN[0;39m [35m1[0;39m [2m---[0;39m [2m[           main][0;39m [36mConfigServletWebServerApplicationContext[0;39m [2m:[0;39m Exception encountered during context initialization - cancelling refresh attempt: org.springframework.beans.factory.BeanCreationException: Error creating bean with name 'liquibase' defined in class path resource [de/tum/in/www1/artemis/config/LiquibaseConfiguration.class]: Invocation of init method failed; nested exception is liquibase.exception.ValidationFailedException: Validation Failed:
build	10-Jan-2023 03:24:21	[36martemis-app_1      |[0m      1 changesets check sum
build	10-Jan-2023 03:24:21	[36martemis-app_1      |[0m           config/liquibase/changelog/20230102203648_changelog.xml::20230102203648-1::stefanwaldhauser was: 8:9c5cd49ef6e547e248bd2050474b30c6 but is now: 8:6e759c9e9cd432a196b27fe695d5db28
build	10-Jan-2023 03:24:21	[36martemis-app_1      |[0m 
build	10-Jan-2023 03:24:21	[36martemis-app_1      |[0m [2m2023-01-10 02:24:21.307[0;39m [31mERROR[0;39m [35m1[0;39m [2m---[0;39m [2m[           main][0;39m [36mo.s.boot.SpringApplication              [0;39m [2m:[0;39m Application run failed
build	10-Jan-2023 03:24:21	[36martemis-app_1      |[0m 
build	10-Jan-2023 03:24:21	[36martemis-app_1      |[0m org.springframework.beans.factory.BeanCreationException: Error creating bean with name 'liquibase' defined in class path resource [de/tum/in/www1/artemis/config/LiquibaseConfiguration.class]: Invocation of init method failed; nested exception is liquibase.exception.ValidationFailedException: Validation Failed:
build	10-Jan-2023 03:24:21	[36martemis-app_1      |[0m      1 changesets check sum
build	10-Jan-2023 03:24:21	[36martemis-app_1      |[0m           config/liquibase/changelog/20230102203648_changelog.xml::20230102203648-1::stefanwaldhauser was: 8:9c5cd49ef6e547e248bd2050474b30c6 but is now: 8:6e759c9e9cd432a196b27fe695d5db28
build	10-Jan-2023 03:24:21	[36martemis-app_1      |[0m 
build	10-Jan-2023 03:24:21	[36martemis-app_1      |[0m 	at org.springframework.beans.factory.support.AbstractAutowireCapableBeanFactory.initializeBean(AbstractAutowireCapableBeanFactory.java:1804)
build	10-Jan-2023 03:24:21	[36martemis-app_1      |[0m 	at org.springframework.beans.factory.support.AbstractAutowireCapableBeanFactory.doCreateBean(AbstractAutowireCapableBeanFactory.java:620)
build	10-Jan-2023 03:24:21	[36martemis-app_1      |[0m 	at org.springframework.beans.factory.support.AbstractAutowireCapableBeanFactory.createBean(AbstractAutowireCapableBeanFactory.java:542)
build	10-Jan-2023 03:24:21	[36martemis-app_1      |[0m 	at org.springframework.beans.factory.support.AbstractBeanFactory.lambda$doGetBean$0(AbstractBeanFactory.java:335)
build	10-Jan-2023 03:24:21	[36martemis-app_1      |[0m 	at org.springframework.beans.factory.support.DefaultSingletonBeanRegistry.getSingleton(DefaultSingletonBeanRegistry.java:234)
build	10-Jan-2023 03:24:21	[36martemis-app_1      |[0m 	at org.springframework.beans.factory.support.AbstractBeanFactory.doGetBean(AbstractBeanFactory.java:333)
build	10-Jan-2023 03:24:21	[36martemis-app_1      |[0m 	at org.springframework.beans.factory.support.AbstractBeanFactory.getBean(AbstractBeanFactory.java:208)
build	10-Jan-2023 03:24:21	[36martemis-app_1      |[0m 	at org.springframework.beans.factory.support.AbstractBeanFactory.doGetBean(AbstractBeanFactory.java:322)
build	10-Jan-2023 03:24:21	[36martemis-app_1      |[0m 	at org.springframework.beans.factory.support.AbstractBeanFactory.getBean(AbstractBeanFactory.java:208)
build	10-Jan-2023 03:24:21	[36martemis-app_1      |[0m 	at org.springframework.context.support.AbstractApplicationContext.getBean(AbstractApplicationContext.java:1154)
build	10-Jan-2023 03:24:21	[36martemis-app_1      |[0m 	at org.springframework.context.support.AbstractApplicationContext.finishBeanFactoryInitialization(AbstractApplicationContext.java:908)
build	10-Jan-2023 03:24:21	[36martemis-app_1      |[0m 	at org.springframework.context.support.AbstractApplicationContext.refresh(AbstractApplicationContext.java:583)
build	10-Jan-2023 03:24:21	[36martemis-app_1      |[0m 	at org.springframework.boot.web.servlet.context.ServletWebServerApplicationContext.refresh(ServletWebServerApplicationContext.java:147)
build	10-Jan-2023 03:24:21	[36martemis-app_1      |[0m 	at org.springframework.boot.SpringApplication.refresh(SpringApplication.java:731)
build	10-Jan-2023 03:24:21	[36martemis-app_1      |[0m 	at org.springframework.boot.SpringApplication.refreshContext(SpringApplication.java:408)
build	10-Jan-2023 03:24:21	[36martemis-app_1      |[0m 	at org.springframework.boot.SpringApplication.run(SpringApplication.java:307)
build	10-Jan-2023 03:24:21	[36martemis-app_1      |[0m 	at de.tum.in.www1.artemis.ArtemisApp.main(ArtemisApp.java:63)
build	10-Jan-2023 03:24:21	[36martemis-app_1      |[0m 	at java.base/jdk.internal.reflect.NativeMethodAccessorImpl.invoke0(Native Method)
build	10-Jan-2023 03:24:21	[36martemis-app_1      |[0m 	at java.base/jdk.internal.reflect.NativeMethodAccessorImpl.invoke(NativeMethodAccessorImpl.java:77)
build	10-Jan-2023 03:24:21	[36martemis-app_1      |[0m 	at java.base/jdk.internal.reflect.DelegatingMethodAccessorImpl.invoke(DelegatingMethodAccessorImpl.java:43)
build	10-Jan-2023 03:24:21	[36martemis-app_1      |[0m 	at java.base/java.lang.reflect.Method.invoke(Method.java:568)
build	10-Jan-2023 03:24:21	[36martemis-app_1      |[0m 	at org.springframework.boot.loader.MainMethodRunner.run(MainMethodRunner.java:49)
build	10-Jan-2023 03:24:21	[36martemis-app_1      |[0m 	at org.springframework.boot.loader.Launcher.launch(Launcher.java:108)
build	10-Jan-2023 03:24:21	[36martemis-app_1      |[0m 	at org.springframework.boot.loader.Launcher.launch(Launcher.java:58)
build	10-Jan-2023 03:24:21	[36martemis-app_1      |[0m 	at org.springframework.boot.loader.WarLauncher.main(WarLauncher.java:59)
build	10-Jan-2023 03:24:21	[36martemis-app_1      |[0m Caused by: liquibase.exception.ValidationFailedException: Validation Failed:
build	10-Jan-2023 03:24:21	[36martemis-app_1      |[0m      1 changesets check sum
build	10-Jan-2023 03:24:21	[36martemis-app_1      |[0m           config/liquibase/changelog/20230102203648_changelog.xml::20230102203648-1::stefanwaldhauser was: 8:9c5cd49ef6e547e248bd2050474b30c6 but is now: 8:6e759c9e9cd432a196b27fe695d5db28
build	10-Jan-2023 03:24:21	[36martemis-app_1      |[0m 
build	10-Jan-2023 03:24:21	[36martemis-app_1      |[0m 	at liquibase.changelog.DatabaseChangeLog.validate(DatabaseChangeLog.java:345)
build	10-Jan-2023 03:24:21	[36martemis-app_1      |[0m 	at liquibase.Liquibase.lambda$update$1(Liquibase.java:255)
build	10-Jan-2023 03:24:21	[36martemis-app_1      |[0m 	at liquibase.Scope.lambda$child$0(Scope.java:180)
build	10-Jan-2023 03:24:21	[36martemis-app_1      |[0m 	at liquibase.Scope.child(Scope.java:189)
build	10-Jan-2023 03:24:21	[36martemis-app_1      |[0m 	at liquibase.Scope.child(Scope.java:179)
build	10-Jan-2023 03:24:21	[36martemis-app_1      |[0m 	at liquibase.Scope.child(Scope.java:158)
build	10-Jan-2023 03:24:21	[36martemis-app_1      |[0m 	at liquibase.Liquibase.runInScope(Liquibase.java:2445)
build	10-Jan-2023 03:24:21	[36martemis-app_1      |[0m 	at liquibase.Liquibase.update(Liquibase.java:235)
build	10-Jan-2023 03:24:21	[36martemis-app_1      |[0m 	at liquibase.Liquibase.update(Liquibase.java:220)
build	10-Jan-2023 03:24:21	[36martemis-app_1      |[0m 	at liquibase.integration.spring.SpringLiquibase.performUpdate(SpringLiquibase.java:328)
build	10-Jan-2023 03:24:21	[36martemis-app_1      |[0m 	at liquibase.integration.spring.SpringLiquibase.afterPropertiesSet(SpringLiquibase.java:283)
build	10-Jan-2023 03:24:21	[36martemis-app_1      |[0m 	at org.springframework.beans.factory.support.AbstractAutowireCapableBeanFactory.invokeInitMethods(AbstractAutowireCapableBeanFactory.java:1863)
build	10-Jan-2023 03:24:21	[36martemis-app_1      |[0m 	at org.springframework.beans.factory.support.AbstractAutowireCapableBeanFactory.initializeBean(AbstractAutowireCapableBeanFactory.java:1800)
build	10-Jan-2023 03:24:21	[36martemis-app_1      |[0m 	... 24 common frames omitted
build	10-Jan-2023 03:24:21	[36martemis-app_1      |[0m 
build	10-Jan-2023 03:24:21	[36martemis-app_1      |[0m Exception in thread "SpringApplicationShutdownHook" java.util.ConcurrentModificationException
build	10-Jan-2023 03:24:21	[36martemis-app_1      |[0m 	at java.base/java.util.ArrayList$Itr.checkForComodification(ArrayList.java:1013)
build	10-Jan-2023 03:24:21	[36martemis-app_1      |[0m 	at java.base/java.util.ArrayList$Itr.next(ArrayList.java:967)
build	10-Jan-2023 03:24:21	[36martemis-app_1      |[0m 	at ch.qos.logback.classic.LoggerContext.fireOnReset(LoggerContext.java:323)
build	10-Jan-2023 03:24:21	[36martemis-app_1      |[0m 	at ch.qos.logback.classic.LoggerContext.reset(LoggerContext.java:226)
build	10-Jan-2023 03:24:21	[36martemis-app_1      |[0m 	at ch.qos.logback.classic.LoggerContext.stop(LoggerContext.java:348)
build	10-Jan-2023 03:24:21	[36martemis-app_1      |[0m 	at org.springframework.boot.logging.logback.LogbackLoggingSystem.lambda$getShutdownHandler$0(LogbackLoggingSystem.java:284)
build	10-Jan-2023 03:24:21	[36martemis-app_1      |[0m 	at java.base/java.lang.Iterable.forEach(Iterable.java:75)
build	10-Jan-2023 03:24:21	[36martemis-app_1      |[0m 	at org.springframework.boot.SpringApplicationShutdownHook.run(SpringApplicationShutdownHook.java:116)
build	10-Jan-2023 03:24:21	[36martemis-app_1      |[0m 	at java.base/java.lang.Thread.run(Thread.java:833)
build	10-Jan-2023 03:24:23	[36mcypress_artemis-app_1 exited with code 1
error	10-Jan-2023 03:24:23	[1BStopping cypress_artemis-cypress_1   ... 
error	10-Jan-2023 03:24:23	Stopping cypress_artemis-mysql_1     ... 
error	10-Jan-2023 03:24:34	[2A[2K
error	10-Jan-2023 03:24:34	Stopping cypress_artemis-cypress_1   ... [32mdone[0m
error	10-Jan-2023 03:24:35	[2B[1A[2K
error	10-Jan-2023 03:24:35	Stopping cypress_artemis-mysql_1     ... [32mdone[0m
build	10-Jan-2023 03:24:35	[0mAborting on container exit...
error	10-Jan-2023 03:24:35	[1B
build	10-Jan-2023 03:24:35	Cypress container exit code: 137
build	10-Jan-2023 03:24:35	Not creating success file because the tests failed
simple	10-Jan-2023 03:24:35	Finished task 'Deploy Artemis and run Cypress tests' with result: Success
simple	10-Jan-2023 03:24:35	Starting task 'Parse test results' of type 'com.atlassian.bamboo.plugins.testresultparser:task.testresultparser.junit'
simple	10-Jan-2023 03:24:35	Parsing test results under /opt/bambooagent/bamboo-agent-home/xml-data/build-dir/ARTEMIS-AECF112-DA...
simple	10-Jan-2023 03:24:35	Failing task since test cases were expected but none were found.
simple	10-Jan-2023 03:24:35	Finished task 'Parse test results' with result: Failed
simple	10-Jan-2023 03:24:35	Starting task 'Make sure all docker containers are cleaned up' of type 'com.atlassian.bamboo.plugins.scripttask:task.builder.script'
command	10-Jan-2023 03:24:35	Beginning to execute external process for build 'Artemis - Artemis E2E (Cypress - Docker- Flaky) - test-build-788 - Cypress E2E flake detection #7 (ARTEMIS-AECF112-DA-7)'\n ... running command line: \n/opt/bambooagent/bamboo-agent-home/temp/ARTEMIS-AECF112-DA-7-ScriptBuildTask-3409788992388722141.sh\n ... in: /opt/bambooagent/bamboo-agent-home/xml-data/build-dir/ARTEMIS-AECF112-DA\n
error	10-Jan-2023 03:24:37	Removing cypress_artemis-cypress_1 ... 
error	10-Jan-2023 03:24:37	Removing cypress_artemis-app_1     ... 
error	10-Jan-2023 03:24:37	Removing cypress_artemis-mysql_1   ... 
error	10-Jan-2023 03:24:37	[1A[2K
error	10-Jan-2023 03:24:37	Removing cypress_artemis-mysql_1   ... [32mdone[0m
error	10-Jan-2023 03:24:37	[1B[2A[2K
error	10-Jan-2023 03:24:37	Removing cypress_artemis-app_1     ... [32mdone[0m
error	10-Jan-2023 03:24:37	[2B[3A[2K
error	10-Jan-2023 03:24:37	Removing cypress_artemis-cypress_1 ... [32mdone[0m
build	10-Jan-2023 03:24:37	Going to remove cypress_artemis-cypress_1, cypress_artemis-app_1, cypress_artemis-mysql_1
error	10-Jan-2023 03:24:37	[3B
simple	10-Jan-2023 03:24:37	Finished task 'Make sure all docker containers are cleaned up' with result: Success
command	10-Jan-2023 03:24:37	Substituting password variable: ${bamboo.GitHubSecret}
command	10-Jan-2023 03:24:37	Substituting variable: ${bamboo.shortJobName} with Cypress E2E flake detection
command	10-Jan-2023 03:24:37	Substituting variable: ${bamboo.buildResultsUrl} with https://bamboo.ase.in.tum.de/browse/ARTEMIS-AECF112-DA-7
command	10-Jan-2023 03:24:37	Substituting variable: ${bamboo.repository.revision.number} with 90ef8d3ef6f5da3d952edb85fe373a27b14417e8
command	10-Jan-2023 03:24:37	Substituting password variable: ${bamboo.GitHubSecret}
command	10-Jan-2023 03:24:37	Substituting variable: ${bamboo.shortJobName} with Cypress E2E flake detection
command	10-Jan-2023 03:24:37	Substituting variable: ${bamboo.buildResultsUrl} with https://bamboo.ase.in.tum.de/browse/ARTEMIS-AECF112-DA-7
command	10-Jan-2023 03:24:37	Substituting variable: ${bamboo.repository.revision.number} with 90ef8d3ef6f5da3d952edb85fe373a27b14417e8
simple	10-Jan-2023 03:24:37	Starting task 'GitHub: Update Build Status' of type 'com.atlassian.bamboo.plugins.scripttask:task.builder.script'
command	10-Jan-2023 03:24:37	Beginning to execute external process for build 'Artemis - Artemis E2E (Cypress - Docker- Flaky) - test-build-788 - Cypress E2E flake detection #7 (ARTEMIS-AECF112-DA-7)'\n ... running command line: \n/opt/bambooagent/bamboo-agent-home/temp/ARTEMIS-AECF112-DA-7-ScriptBuildTask-7079548874561801983.sh\n ... in: /opt/bambooagent/bamboo-agent-home/xml-data/build-dir/ARTEMIS-AECF112-DA\n
build	10-Jan-2023 03:24:37	Sending failure to github
error	10-Jan-2023 03:24:37	  % Total    % Received % Xferd  Average Speed   Time    Time     Time  Current
error	10-Jan-2023 03:24:37	                                 Dload  Upload   Total   Spent    Left  Speed
error	10-Jan-2023 03:24:37	
error	10-Jan-2023 03:24:38	  0     0    0     0    0     0      0      0 --:--:-- --:--:-- --:--:--     0
error	10-Jan-2023 03:24:38	100  1739  100  1571  100   168   1775    189 --:--:-- --:--:-- --:--:--  1962
error	10-Jan-2023 03:24:38	100  1739  100  1571  100   168   1771    189 --:--:-- --:--:-- --:--:--  1958
simple	10-Jan-2023 03:24:38	Finished task 'GitHub: Update Build Status' with result: Success
simple	10-Jan-2023 03:24:38	Running post build plugin 'Docker Container Cleanup'
simple	10-Jan-2023 03:24:38	Running post build plugin 'NCover Results Collector'
simple	10-Jan-2023 03:24:38	Running post build plugin 'Build Results Label Collector'
simple	10-Jan-2023 03:24:38	Running post build plugin 'Clover Results Collector'
simple	10-Jan-2023 03:24:38	Running post build plugin 'npm Cache Cleanup'
simple	10-Jan-2023 03:24:38	Running post build plugin 'Artifact Copier'
simple	10-Jan-2023 03:24:38	Finalising the build...
simple	10-Jan-2023 03:24:38	Stopping timer.
simple	10-Jan-2023 03:24:38	Build ARTEMIS-AECF112-DA-7 completed.
simple	10-Jan-2023 03:24:38	Running on server: post build plugin 'Build Hanging Detection Configuration'
simple	10-Jan-2023 03:24:38	Running on server: post build plugin 'NCover Results Collector'
simple	10-Jan-2023 03:24:38	Running on server: post build plugin 'Build Labeller'
simple	10-Jan-2023 03:24:38	Running on server: post build plugin 'Clover Delta Calculator'
simple	10-Jan-2023 03:24:38	Running on server: post build plugin 'Maven Dependencies Postprocessor'
simple	10-Jan-2023 03:24:38	All post build plugins have finished
simple	10-Jan-2023 03:24:38	Generating build results summary...
simple	10-Jan-2023 03:24:38	Saving build results to disk...
simple	10-Jan-2023 03:24:38	Store variable context...
simple	10-Jan-2023 03:24:38	Finished building ARTEMIS-AECF112-DA-7.
